            --------------------------------------------------------
                             AMBER SQM VERSION 19
 
                                     By
              Ross C. Walker, Michael F. Crowley, Scott Brozell,
                         Tim Giese, Andreas W. Goetz,
                        Tai-Sung Lee and David A. Case
 
            --------------------------------------------------------
 

--------------------------------------------------------------------------------
  QM CALCULATION INFO
--------------------------------------------------------------------------------

| QMMM: Citation for AMBER QMMM Run:
| QMMM: R.C. Walker, M.F. Crowley and D.A. Case, J. COMP. CHEM. 29:1019, 2008

QMMM: SINGLET STATE CALCULATION
QMMM: RHF CALCULATION, NO. OF DOUBLY OCCUPIED LEVELS = 38

| QMMM: *** Selected Hamiltonian *** 
| QMMM: AM1         

| QMMM: *** Parameter sets in use ***
| QMMM: N : M.J.S.DEWAR et al. JACS, 107, 3902, (1985)
| QMMM: C : M.J.S.DEWAR et al. JACS, 107, 3902, (1985)
| QMMM: O : M.J.S.DEWAR et al. JACS, 107, 3902, (1985)
| QMMM: H : M.J.S.DEWAR et al. JACS, 107, 3902, (1985)

| QMMM: *** SCF convergence criteria ***
| QMMM: Energy change                :  0.1D-09 kcal/mol
| QMMM: Error matrix |FP-PF|         :  0.1D+00 au
| QMMM: Density matrix change        :  0.5D-06
| QMMM: Maximum number of SCF cycles :     1000

| QMMM: *** Diagonalization Routine Information ***
| QMMM: Pseudo diagonalizations are allowed.
| QMMM: Auto diagonalization routine selection is in use.
| QMMM:
| QMMM: Timing diagonalization routines:
| QMMM:                              norbs =       66
| QMMM:    diag iterations used for timing =       15
| QMMM:
| QMMM:              Internal diag routine = 0.007549 seconds
| QMMM:                 Dspev diag routine = 0.004953 seconds
| QMMM:                Dspevd diag routine = 0.003797 seconds
| QMMM:                Dspevx diag routine = 0.029311 seconds
| QMMM:                 Dsyev diag routine = 0.005863 seconds
| QMMM:                Dsyevd diag routine = 0.003778 seconds
| QMMM:                Dsyevr diag routine = 0.005767 seconds
| QMMM:
| QMMM:                Pseudo diag routine = 0.002006 seconds
| QMMM:
| QMMM: Using dsyevd routine (diag_routine=6).

  QMMM: QM Region Cartesian Coordinates (*=link atom) 
  QMMM: QM_NO.   MM_NO.  ATOM         X         Y         Z
  QMMM:     1        1      N        2.9000    1.7780   -0.2310
  QMMM:     2        2      C        2.8690    0.4420    0.3810
  QMMM:     3        3      C        1.6640   -0.3350   -0.1540
  QMMM:     4        4      C        0.3730    0.3490    0.3010
  QMMM:     5        5      C       -0.8310   -0.4280   -0.2330
  QMMM:     6        6      C       -2.1220    0.2560    0.2210
  QMMM:     7        7      N       -3.2760   -0.4890   -0.2900
  QMMM:     8        8      C        4.1360   -0.2980    0.0380
  QMMM:     9        9      O        4.8030    0.0520   -0.9070
  QMMM:    10       10      C       -4.5260   -0.0680   -0.0140
  QMMM:    11       11      O        4.5240   -1.3450    0.7820
  QMMM:    12       12      O       -4.6960    0.9290    0.6600
  QMMM:    13       13      O       -5.5860   -0.7520   -0.4840
  QMMM:    14       14      H        2.9760    1.7140   -1.2350
  QMMM:    15       15      H        2.0910    2.3170    0.0370
  QMMM:    16       16      H        2.7870    0.5400    1.4630
  QMMM:    17       17      H        1.7000   -0.3570   -1.2430
  QMMM:    18       18      H        1.6900   -1.3550    0.2310
  QMMM:    19       19      H        0.3380    0.3700    1.3900
  QMMM:    20       20      H        0.3470    1.3680   -0.0830
  QMMM:    21       21      H       -0.7960   -0.4500   -1.3220
  QMMM:    22       22      H       -0.8060   -1.4480    0.1510
  QMMM:    23       23      H       -2.1580    0.2770    1.3110
  QMMM:    24       24      H       -2.1480    1.2750   -0.1630
  QMMM:    25       25      H       -3.1400   -1.2840   -0.8280
  QMMM:    26       26      H        5.3440   -1.7880    0.5240
  QMMM:    27       27      H       -6.4630   -0.4120   -0.2590

--------------------------------------------------------------------------------
  RESULTS
--------------------------------------------------------------------------------

      iter         sqm energy              rms gradient
      ----    -------------------    -----------------------
xmin    10     -206.2126 kcal/mol        1.0259 kcal/(mol*A)
xmin    20     -206.4242 kcal/mol        0.2459 kcal/(mol*A)
xmin    30     -206.4979 kcal/mol        0.1370 kcal/(mol*A)
xmin    40     -206.5637 kcal/mol        0.1390 kcal/(mol*A)
xmin    50     -206.6729 kcal/mol        0.1281 kcal/(mol*A)
xmin    60     -206.7501 kcal/mol        0.1287 kcal/(mol*A)
xmin    70     -206.8812 kcal/mol        0.9499 kcal/(mol*A)
xmin    80     -206.9909 kcal/mol        0.8328 kcal/(mol*A)
xmin    90     -207.2605 kcal/mol        0.6970 kcal/(mol*A)
xmin   100     -207.4239 kcal/mol        0.3317 kcal/(mol*A)
xmin   110     -207.4826 kcal/mol        0.1594 kcal/(mol*A)
xmin   120     -207.5467 kcal/mol        0.2802 kcal/(mol*A)
xmin   130     -207.5671 kcal/mol        0.3030 kcal/(mol*A)
xmin   140     -207.5820 kcal/mol        0.0549 kcal/(mol*A)
xmin   150     -207.5898 kcal/mol        0.0643 kcal/(mol*A)
xmin   160     -207.5990 kcal/mol        0.1228 kcal/(mol*A)
xmin   170     -207.6036 kcal/mol        0.0477 kcal/(mol*A)
xmin   180     -207.6068 kcal/mol        0.0274 kcal/(mol*A)
xmin   190     -207.6084 kcal/mol        0.0108 kcal/(mol*A)
xmin   200     -207.6091 kcal/mol        0.0153 kcal/(mol*A)
xmin   210     -207.6098 kcal/mol        0.0336 kcal/(mol*A)
xmin   220     -207.6108 kcal/mol        0.0142 kcal/(mol*A)
xmin   230     -207.6121 kcal/mol        0.0101 kcal/(mol*A)
xmin   240     -207.6122 kcal/mol        0.0047 kcal/(mol*A)
xmin   250     -207.6122 kcal/mol        0.0066 kcal/(mol*A)
xmin   260     -207.6123 kcal/mol        0.0024 kcal/(mol*A)
xmin   270     -207.6123 kcal/mol        0.0034 kcal/(mol*A)
xmin   280     -207.6123 kcal/mol        0.0008 kcal/(mol*A)
xmin   290     -207.6123 kcal/mol        0.0012 kcal/(mol*A)
  ... geometry converged !
 
 Final MO eigenvalues (eV):
 -41.0665  -40.7606  -38.3500  -37.1478  -36.6507  -36.2087  -34.2962  -30.4494
 -27.6684  -24.8354  -22.6402  -22.2037  -21.4663  -19.7907  -19.2876  -18.4741
 -18.2034  -17.0811  -16.9339  -16.6791  -16.2017  -15.9074  -15.5255  -15.2928
 -14.9735  -14.4453  -14.2278  -13.5358  -13.3132  -12.8914  -12.5349  -12.5053
 -12.4401  -11.9446  -11.7493  -11.5537  -10.6378  -10.3465    0.8955    1.2125
   1.4429    1.8902    2.9913    3.0824    3.1575    3.2939    3.4212    3.5221
   3.6814    3.7282    3.9119    3.9499    4.0736    4.1247    4.1733    4.3161
   4.4605    4.5555    4.8168    5.0218    5.0795    5.5596    5.7637    5.8371
   6.5187    6.9268

 Heat of formation   =       -207.61232900 kcal/mol  (       -9.00274615 eV)

 Total SCF energy    =     -64273.55359522 kcal/mol  (    -2787.11042866 eV)
 Electronic energy   =    -311727.27212173 kcal/mol  (   -13517.50887306 eV)
 Core-core repulsion =     247453.71852651 kcal/mol  (    10730.39844441 eV)
 
    Atomic Charges for Step       1 :
  Atom    Element       Mulliken Charge
     1      N                 -0.336
     2      C                 -0.015
     3      C                 -0.199
     4      C                 -0.154
     5      C                 -0.193
     6      C                 -0.035
     7      N                 -0.325
     8      C                  0.308
     9      O                 -0.356
    10      C                  0.380
    11      O                 -0.312
    12      O                 -0.402
    13      O                 -0.322
    14      H                  0.164
    15      H                  0.159
    16      H                  0.134
    17      H                  0.099
    18      H                  0.100
    19      H                  0.087
    20      H                  0.084
    21      H                  0.096
    22      H                  0.085
    23      H                  0.097
    24      H                  0.124
    25      H                  0.230
    26      H                  0.245
    27      H                  0.258
 Total Mulliken Charge =      -0.000
 
                  X        Y        Z     TOTAL  
  QM DIPOLE    -0.916   -2.385    1.290    2.862
 
 Final Structure

  QMMM: QM Region Cartesian Coordinates (*=link atom) 
  QMMM: QM_NO.   MM_NO.  ATOM         X         Y         Z
  QMMM:     1        1      N        2.9612    1.8984    0.0767
  QMMM:     2        2      C        2.8127    0.4704    0.2573
  QMMM:     3        3      C        1.5167   -0.1641   -0.2788
  QMMM:     4        4      C        0.3043    0.3176    0.4861
  QMMM:     5        5      C       -0.9377   -0.4299    0.0489
  QMMM:     6        6      C       -2.1524    0.0809    0.8259
  QMMM:     7        7      N       -3.3967   -0.5766    0.5192
  QMMM:     8        8      C        3.9661   -0.2643   -0.4078
  QMMM:     9        9      O        4.4681   -0.0789   -1.5180
  QMMM:    10       10      C       -4.2202   -0.0497   -0.4588
  QMMM:    11       11      O        4.4718   -1.2757    0.3486
  QMMM:    12       12      O       -4.2431    1.1032   -0.9252
  QMMM:    13       13      O       -5.1834   -0.9234   -0.9104
  QMMM:    14       14      H        3.1371    2.1261   -0.8832
  QMMM:    15       15      H        2.1375    2.3722    0.3910
  QMMM:    16       16      H        2.8697    0.2721    1.3717
  QMMM:    17       17      H        1.4003    0.0682   -1.3696
  QMMM:    18       18      H        1.6048   -1.2784   -0.1781
  QMMM:    19       19      H        0.4671    0.1685    1.5866
  QMMM:    20       20      H        0.1511    1.4165    0.3173
  QMMM:    21       21      H       -1.0971   -0.2840   -1.0517
  QMMM:    22       22      H       -0.7991   -1.5287    0.2259
  QMMM:    23       23      H       -1.9706   -0.0710    1.9291
  QMMM:    24       24      H       -2.2753    1.1862    0.6349
  QMMM:    25       25      H       -3.4250   -1.5659    0.6309
  QMMM:    26       26      H        5.2034   -1.7041   -0.1266
  QMMM:    27       27      H       -5.7774   -0.4275   -1.4979

           --------- Calculation Completed ----------

