                      :-) GROMACS - gmx mdrun, 2023.2 (-:

Copyright 1991-2023 The GROMACS Authors.
GROMACS is free software; you can redistribute it and/or modify it
under the terms of the GNU Lesser General Public License
as published by the Free Software Foundation; either version 2.1
of the License, or (at your option) any later version.

                         Current GROMACS contributors:
       Mark Abraham           Andrey Alekseenko           Cathrine Bergh      
      Christian Blau            Eliane Briand             Mahesh Doijade      
    Stefan Fleischmann           Vytas Gapsys              Gaurav Garg        
      Sergey Gorelov         Gilles Gouaillardet            Alan Gray         
     M. Eric Irrgang         Farzaneh Jalalypour            Joe Jordan        
    Christoph Junghans        Prashanth Kanduri          Sebastian Keller     
     Carsten Kutzner           Justin A. Lemkul          Magnus Lundborg      
       Pascal Merz              Vedran Miletic            Dmitry Morozov      
       Szilard Pall             Roland Schulz             Michael Shirts      
     Alexey Shvetsov            Balint Soproni         David van der Spoel    
      Philip Turner             Carsten Uphoff           Alessandra Villa     
 Sebastian Wingbermuehle        Artem Zhmurov       

                         Previous GROMACS contributors:
        Emile Apol             Rossen Apostolov           James Barnett       
  Herman J.C. Berendsen          Par Bjelkmar           Viacheslav Bolnykh    
        Kevin Boyd            Aldert van Buuren          Carlo Camilloni      
     Rudi van Drunen            Anton Feenstra           Oliver Fleetwood     
     Gerrit Groenhof            Bert de Groot             Anca Hamuraru       
    Vincent Hindriksen          Victor Holanda           Aleksei Iupinov      
   Dimitrios Karkoulis           Peter Kasson             Sebastian Kehl      
        Jiri Kraus               Per Larsson              Viveca Lindahl      
      Erik Marklund           Pieter Meulenhoff           Teemu Murtola       
       Sander Pronk             Alfons Sijbers            Peter Tieleman      
       Jon Vincent             Teemu Virolainen         Christian Wennberg    
       Maarten Wolf       

                  Coordinated by the GROMACS project leaders:
                    Paul Bauer, Berk Hess, and Erik Lindahl

GROMACS:      gmx mdrun, version 2023.2
Executable:   /usr/local/gromacs/bin/gmx
Data prefix:  /usr/local/gromacs
Working dir:  /home/alexi/Documents/SBL_MD_CovDock
Process ID:   947869
Command line:
  gmx mdrun -deffnm prod_structures/APO/APO_6T3D_md -v

GROMACS version:    2023.2
Precision:          mixed
Memory model:       64 bit
MPI library:        thread_mpi
OpenMP support:     enabled (GMX_OPENMP_MAX_THREADS = 128)
GPU support:        CUDA
NB cluster size:    8
SIMD instructions:  AVX2_256
CPU FFT library:    fftw-3.3.8-sse2-avx-avx2-avx2_128
GPU FFT library:    cuFFT
Multi-GPU FFT:      none
RDTSCP usage:       enabled
TNG support:        enabled
Hwloc support:      disabled
Tracing support:    disabled
C compiler:         /usr/bin/cc GNU 11.3.0
C compiler flags:   -fexcess-precision=fast -funroll-all-loops -mavx2 -mfma -Wno-missing-field-initializers -O3 -DNDEBUG
C++ compiler:       /usr/bin/c++ GNU 11.3.0
C++ compiler flags: -fexcess-precision=fast -funroll-all-loops -mavx2 -mfma -Wno-missing-field-initializers -Wno-cast-function-type-strict -fopenmp -O3 -DNDEBUG
BLAS library:       
LAPACK library:     
CUDA compiler:      /home/alexi/miniconda3/envs/cuda_martini/bin/nvcc nvcc: NVIDIA (R) Cuda compiler driver;Copyright (c) 2005-2022 NVIDIA Corporation;Built on Wed_Sep_21_10:33:58_PDT_2022;Cuda compilation tools, release 11.8, V11.8.89;Build cuda_11.8.r11.8/compiler.31833905_0
CUDA compiler flags:-std=c++17;--generate-code=arch=compute_35,code=sm_35;--generate-code=arch=compute_37,code=sm_37;--generate-code=arch=compute_50,code=sm_50;--generate-code=arch=compute_52,code=sm_52;--generate-code=arch=compute_60,code=sm_60;--generate-code=arch=compute_61,code=sm_61;--generate-code=arch=compute_70,code=sm_70;--generate-code=arch=compute_75,code=sm_75;--generate-code=arch=compute_80,code=sm_80;--generate-code=arch=compute_86,code=sm_86;--generate-code=arch=compute_89,code=sm_89;--generate-code=arch=compute_90,code=sm_90;-Wno-deprecated-gpu-targets;--generate-code=arch=compute_53,code=sm_53;--generate-code=arch=compute_80,code=sm_80;-use_fast_math;-Xptxas;-warn-double-usage;-Xptxas;-Werror;-D_FORCE_INLINES;-fexcess-precision=fast -funroll-all-loops -mavx2 -mfma -Wno-missing-field-initializers -Wno-cast-function-type-strict -fopenmp -O3 -DNDEBUG
CUDA driver:        12.10
CUDA runtime:       11.80


Running on 1 node with total 12 cores, 20 processing units, 1 compatible GPU
Hardware detected on host Celeste:
  CPU info:
    Vendor: Intel
    Brand:  12th Gen Intel(R) Core(TM) i7-12700KF
    Family: 6   Model: 151   Stepping: 2
    Features: aes apic avx avx2 clfsh cmov cx8 cx16 f16c fma htt intel lahf mmx msr nonstop_tsc pcid pclmuldq pdcm pdpe1gb popcnt pse rdrnd rdtscp sha sse2 sse3 sse4.1 sse4.2 ssse3 tdt x2apic
  Hardware topology: Basic
    Packages, cores, and logical processors:
    [indices refer to OS logical processors]
      Package  0: [   0   1] [   2   3] [   4   5] [   6   7] [   8   9] [  10  11] [  12  13] [  14  15] [  16] [  17] [  18] [  19]
    CPU limit set by OS: -1   Recommended max number of threads: 20
  GPU info:
    Number of GPUs detected: 1
    #0: NVIDIA NVIDIA GeForce RTX 3060, compute cap.: 8.6, ECC:  no, stat: compatible


++++ PLEASE READ AND CITE THE FOLLOWING REFERENCE ++++
M. J. Abraham, T. Murtola, R. Schulz, S. Páll, J. C. Smith, B. Hess, E.
Lindahl
GROMACS: High performance molecular simulations through multi-level
parallelism from laptops to supercomputers
SoftwareX 1 (2015) pp. 19-25
-------- -------- --- Thank You --- -------- --------


++++ PLEASE READ AND CITE THE FOLLOWING REFERENCE ++++
S. Páll, M. J. Abraham, C. Kutzner, B. Hess, E. Lindahl
Tackling Exascale Software Challenges in Molecular Dynamics Simulations with
GROMACS
In S. Markidis & E. Laure (Eds.), Solving Software Challenges for Exascale 8759 (2015) pp. 3-27
-------- -------- --- Thank You --- -------- --------


++++ PLEASE READ AND CITE THE FOLLOWING REFERENCE ++++
S. Pronk, S. Páll, R. Schulz, P. Larsson, P. Bjelkmar, R. Apostolov, M. R.
Shirts, J. C. Smith, P. M. Kasson, D. van der Spoel, B. Hess, and E. Lindahl
GROMACS 4.5: a high-throughput and highly parallel open source molecular
simulation toolkit
Bioinformatics 29 (2013) pp. 845-54
-------- -------- --- Thank You --- -------- --------


++++ PLEASE READ AND CITE THE FOLLOWING REFERENCE ++++
B. Hess and C. Kutzner and D. van der Spoel and E. Lindahl
GROMACS 4: Algorithms for highly efficient, load-balanced, and scalable
molecular simulation
J. Chem. Theory Comput. 4 (2008) pp. 435-447
-------- -------- --- Thank You --- -------- --------


++++ PLEASE READ AND CITE THE FOLLOWING REFERENCE ++++
D. van der Spoel, E. Lindahl, B. Hess, G. Groenhof, A. E. Mark and H. J. C.
Berendsen
GROMACS: Fast, Flexible and Free
J. Comp. Chem. 26 (2005) pp. 1701-1719
-------- -------- --- Thank You --- -------- --------


++++ PLEASE READ AND CITE THE FOLLOWING REFERENCE ++++
E. Lindahl and B. Hess and D. van der Spoel
GROMACS 3.0: A package for molecular simulation and trajectory analysis
J. Mol. Mod. 7 (2001) pp. 306-317
-------- -------- --- Thank You --- -------- --------


++++ PLEASE READ AND CITE THE FOLLOWING REFERENCE ++++
H. J. C. Berendsen, D. van der Spoel and R. van Drunen
GROMACS: A message-passing parallel molecular dynamics implementation
Comp. Phys. Comm. 91 (1995) pp. 43-56
-------- -------- --- Thank You --- -------- --------


++++ PLEASE CITE THE DOI FOR THIS VERSION OF GROMACS ++++
https://doi.org/10.5281/zenodo.8134397
-------- -------- --- Thank You --- -------- --------

Input Parameters:
   integrator                     = md
   tinit                          = 0
   dt                             = 0.002
   nsteps                         = 500000
   init-step                      = 0
   simulation-part                = 1
   mts                            = false
   comm-mode                      = Linear
   nstcomm                        = 100
   bd-fric                        = 0
   ld-seed                        = -1145045573
   emtol                          = 10
   emstep                         = 0.01
   niter                          = 20
   fcstep                         = 0
   nstcgsteep                     = 1000
   nbfgscorr                      = 10
   rtpi                           = 0.05
   nstxout                        = 0
   nstvout                        = 0
   nstfout                        = 0
   nstlog                         = 5000
   nstcalcenergy                  = 100
   nstenergy                      = 5000
   nstxout-compressed             = 5000
   compressed-x-precision         = 1000
   cutoff-scheme                  = Verlet
   nstlist                        = 10
   pbc                            = xyz
   periodic-molecules             = false
   verlet-buffer-tolerance        = 0.005
   rlist                          = 1
   coulombtype                    = PME
   coulomb-modifier               = Potential-shift
   rcoulomb-switch                = 0
   rcoulomb                       = 1
   epsilon-r                      = 1
   epsilon-rf                     = inf
   vdw-type                       = Cut-off
   vdw-modifier                   = Potential-shift
   rvdw-switch                    = 0
   rvdw                           = 1
   DispCorr                       = EnerPres
   table-extension                = 1
   fourierspacing                 = 0.16
   fourier-nx                     = 56
   fourier-ny                     = 56
   fourier-nz                     = 56
   pme-order                      = 4
   ewald-rtol                     = 1e-05
   ewald-rtol-lj                  = 0.001
   lj-pme-comb-rule               = Geometric
   ewald-geometry                 = 3d
   epsilon-surface                = 0
   ensemble-temperature-setting   = constant
   ensemble-temperature           = 300
   tcoupl                         = V-rescale
   nsttcouple                     = 10
   nh-chain-length                = 0
   print-nose-hoover-chain-variables = false
   pcoupl                         = Parrinello-Rahman
   pcoupltype                     = Isotropic
   nstpcouple                     = 50
   tau-p                          = 2
   compressibility (3x3):
      compressibility[    0]={ 4.50000e-05,  0.00000e+00,  0.00000e+00}
      compressibility[    1]={ 0.00000e+00,  4.50000e-05,  0.00000e+00}
      compressibility[    2]={ 0.00000e+00,  0.00000e+00,  4.50000e-05}
   ref-p (3x3):
      ref-p[    0]={ 1.00000e+00,  0.00000e+00,  0.00000e+00}
      ref-p[    1]={ 0.00000e+00,  1.00000e+00,  0.00000e+00}
      ref-p[    2]={ 0.00000e+00,  0.00000e+00,  1.00000e+00}
   refcoord-scaling               = No
   posres-com (3):
      posres-com[0]= 0.00000e+00
      posres-com[1]= 0.00000e+00
      posres-com[2]= 0.00000e+00
   posres-comB (3):
      posres-comB[0]= 0.00000e+00
      posres-comB[1]= 0.00000e+00
      posres-comB[2]= 0.00000e+00
   QMMM                           = false
qm-opts:
   ngQM                           = 0
   constraint-algorithm           = Lincs
   continuation                   = true
   Shake-SOR                      = false
   shake-tol                      = 0.0001
   lincs-order                    = 4
   lincs-iter                     = 1
   lincs-warnangle                = 30
   nwall                          = 0
   wall-type                      = 9-3
   wall-r-linpot                  = -1
   wall-atomtype[0]               = -1
   wall-atomtype[1]               = -1
   wall-density[0]                = 0
   wall-density[1]                = 0
   wall-ewald-zfac                = 3
   pull                           = false
   awh                            = false
   rotation                       = false
   interactiveMD                  = false
   disre                          = No
   disre-weighting                = Conservative
   disre-mixed                    = false
   dr-fc                          = 1000
   dr-tau                         = 0
   nstdisreout                    = 100
   orire-fc                       = 0
   orire-tau                      = 0
   nstorireout                    = 100
   free-energy                    = no
   cos-acceleration               = 0
   deform (3x3):
      deform[    0]={ 0.00000e+00,  0.00000e+00,  0.00000e+00}
      deform[    1]={ 0.00000e+00,  0.00000e+00,  0.00000e+00}
      deform[    2]={ 0.00000e+00,  0.00000e+00,  0.00000e+00}
   simulated-tempering            = false
   swapcoords                     = no
   userint1                       = 0
   userint2                       = 0
   userint3                       = 0
   userint4                       = 0
   userreal1                      = 0
   userreal2                      = 0
   userreal3                      = 0
   userreal4                      = 0
   applied-forces:
     electric-field:
       x:
         E0                       = 0
         omega                    = 0
         t0                       = 0
         sigma                    = 0
       y:
         E0                       = 0
         omega                    = 0
         t0                       = 0
         sigma                    = 0
       z:
         E0                       = 0
         omega                    = 0
         t0                       = 0
         sigma                    = 0
     density-guided-simulation:
       active                     = false
       group                      = protein
       similarity-measure         = inner-product
       atom-spreading-weight      = unity
       force-constant             = 1e+09
       gaussian-transform-spreading-width = 0.2
       gaussian-transform-spreading-range-in-multiples-of-width = 4
       reference-density-filename = reference.mrc
       nst                        = 1
       normalize-densities        = true
       adaptive-force-scaling     = false
       adaptive-force-scaling-time-constant = 4
       shift-vector               = 
       transformation-matrix      = 
     qmmm-cp2k:
       active                     = false
       qmgroup                    = System
       qmmethod                   = PBE
       qmfilenames                = 
       qmcharge                   = 0
       qmmultiplicity             = 1
grpopts:
   nrdf:     13961.7      122010
   ref-t:         300         300
   tau-t:         0.1         0.1
annealing:          No          No
annealing-npoints:           0           0
   acc:	           0           0           0
   nfreeze:           N           N           N
   energygrp-flags[  0]: 0

Changing nstlist from 10 to 100, rlist from 1 to 1.156

When checking whether update groups are usable:
  Domain decomposition is not active, so there is no need for update groups
1 GPU selected for this run.
Mapping of GPU IDs to the 2 GPU tasks in the 1 rank on this node:
  PP:0,PME:0
PP tasks will do (non-perturbed) short-ranged interactions on the GPU
PP task will update and constrain coordinates on the GPU
PME tasks will do all aspects on the GPU
Using 1 MPI thread
Using 20 OpenMP threads 

System total charge: 0.000
Will do PME sum in reciprocal space for electrostatic interactions.

++++ PLEASE READ AND CITE THE FOLLOWING REFERENCE ++++
U. Essmann, L. Perera, M. L. Berkowitz, T. Darden, H. Lee and L. G. Pedersen 
A smooth particle mesh Ewald method
J. Chem. Phys. 103 (1995) pp. 8577-8592
-------- -------- --- Thank You --- -------- --------

Using a Gaussian width (1/beta) of 0.320163 nm for Ewald
Potential shift: LJ r^-12: -1.000e+00 r^-6: -1.000e+00, Ewald -1.000e-05
Initialized non-bonded Coulomb Ewald tables, spacing: 9.33e-04 size: 1073

Generated table with 1078 data points for 1-4 COUL.
Tabscale = 500 points/nm
Generated table with 1078 data points for 1-4 LJ6.
Tabscale = 500 points/nm
Generated table with 1078 data points for 1-4 LJ12.
Tabscale = 500 points/nm
Long Range LJ corr.: <C6> 3.1787e-04


Using GPU 8x8 nonbonded short-range kernels

Using a dual 8x8 pair-list setup updated with dynamic, rolling pruning:
  outer list: updated every 100 steps, buffer 0.156 nm, rlist 1.156 nm
  inner list: updated every  12 steps, buffer 0.006 nm, rlist 1.006 nm
At tolerance 0.005 kJ/mol/ps per atom, equivalent classical 1x1 list would be:
  outer list: updated every 100 steps, buffer 0.305 nm, rlist 1.305 nm
  inner list: updated every  12 steps, buffer 0.054 nm, rlist 1.054 nm

Using Lorentz-Berthelot Lennard-Jones combination rule

Pinning threads with an auto-selected logical cpu stride of 1

Initializing LINear Constraint Solver

++++ PLEASE READ AND CITE THE FOLLOWING REFERENCE ++++
B. Hess and H. Bekker and H. J. C. Berendsen and J. G. E. M. Fraaije
LINCS: A Linear Constraint Solver for molecular simulations
J. Comp. Chem. 18 (1997) pp. 1463-1472
-------- -------- --- Thank You --- -------- --------

The number of constraints is 2781

++++ PLEASE READ AND CITE THE FOLLOWING REFERENCE ++++
S. Miyamoto and P. A. Kollman
SETTLE: An Analytical Version of the SHAKE and RATTLE Algorithms for Rigid
Water Models
J. Comp. Chem. 13 (1992) pp. 952-962
-------- -------- --- Thank You --- -------- --------


++++ PLEASE READ AND CITE THE FOLLOWING REFERENCE ++++
G. Bussi, D. Donadio and M. Parrinello
Canonical sampling through velocity rescaling
J. Chem. Phys. 126 (2007) pp. 014101
-------- -------- --- Thank You --- -------- --------

There are: 66524 Atoms

Updating coordinates and applying constraints on the GPU.
Center of mass motion removal mode is Linear
We have the following groups for center of mass motion removal:
  0:  rest

Started mdrun on rank 0 Tue Aug  1 17:06:15 2023

           Step           Time
              0        0.00000

   Energies (kJ/mol)
           Bond          Angle    Proper Dih. Per. Imp. Dih.          LJ-14
    4.35520e+03    1.11522e+04    1.50125e+04    7.24455e+02    5.27240e+03
     Coulomb-14        LJ (SR)  Disper. corr.   Coulomb (SR)   Coul. recip.
    6.65317e+04    1.18167e+05   -8.89682e+03   -1.11656e+06    6.37879e+03
      Potential    Kinetic En.   Total Energy  Conserved En.    Temperature
   -8.97862e+05    1.69964e+05   -7.27898e+05   -7.27858e+05    3.00679e+02
 Pres. DC (bar) Pressure (bar)   Constr. rmsd
   -2.23591e+02   -4.81808e+00    0.00000e+00

           Step           Time
           5000       10.00000

   Energies (kJ/mol)
           Bond          Angle    Proper Dih. Per. Imp. Dih.          LJ-14
    4.19842e+03    1.13225e+04    1.50062e+04    6.75707e+02    5.37386e+03
     Coulomb-14        LJ (SR)  Disper. corr.   Coulomb (SR)   Coul. recip.
    6.64445e+04    1.19438e+05   -8.88457e+03   -1.11892e+06    6.45993e+03
      Potential    Kinetic En.   Total Energy  Conserved En.    Temperature
   -8.98883e+05    1.69427e+05   -7.29456e+05   -7.28024e+05    2.99729e+02
 Pres. DC (bar) Pressure (bar)   Constr. rmsd
   -2.22976e+02    2.00157e+02    0.00000e+00

step 6300: timed with pme grid 56 56 56, coulomb cutoff 1.000: 276.1 M-cycles
step 6500: timed with pme grid 48 48 48, coulomb cutoff 1.135: 357.9 M-cycles
step 6700: timed with pme grid 52 52 52, coulomb cutoff 1.047: 635.4 M-cycles
step 6900: timed with pme grid 56 56 56, coulomb cutoff 1.000: 276.9 M-cycles
              optimal pme grid 56 56 56, coulomb cutoff 1.000
           Step           Time
          10000       20.00000

   Energies (kJ/mol)
           Bond          Angle    Proper Dih. Per. Imp. Dih.          LJ-14
    4.10181e+03    1.15136e+04    1.50998e+04    7.00457e+02    5.42612e+03
     Coulomb-14        LJ (SR)  Disper. corr.   Coulomb (SR)   Coul. recip.
    6.64059e+04    1.17859e+05   -8.85408e+03   -1.11445e+06    6.45955e+03
      Potential    Kinetic En.   Total Energy  Conserved En.    Temperature
   -8.95735e+05    1.70578e+05   -7.25157e+05   -7.27571e+05    3.01766e+02
 Pres. DC (bar) Pressure (bar)   Constr. rmsd
   -2.21450e+02    1.22580e+02    0.00000e+00

           Step           Time
          15000       30.00000

   Energies (kJ/mol)
           Bond          Angle    Proper Dih. Per. Imp. Dih.          LJ-14
    4.31335e+03    1.13198e+04    1.51083e+04    6.92194e+02    5.51742e+03
     Coulomb-14        LJ (SR)  Disper. corr.   Coulomb (SR)   Coul. recip.
    6.63270e+04    1.17646e+05   -8.78017e+03   -1.11247e+06    6.45892e+03
      Potential    Kinetic En.   Total Energy  Conserved En.    Temperature
   -8.93867e+05    1.69572e+05   -7.24295e+05   -7.27069e+05    2.99986e+02
 Pres. DC (bar) Pressure (bar)   Constr. rmsd
   -2.17773e+02    2.82765e+01    0.00000e+00

           Step           Time
          20000       40.00000

   Energies (kJ/mol)
           Bond          Angle    Proper Dih. Per. Imp. Dih.          LJ-14
    4.51230e+03    1.15632e+04    1.51536e+04    6.50550e+02    5.34083e+03
     Coulomb-14        LJ (SR)  Disper. corr.   Coulomb (SR)   Coul. recip.
    6.59671e+04    1.17058e+05   -8.81036e+03   -1.11211e+06    6.55373e+03
      Potential    Kinetic En.   Total Energy  Conserved En.    Temperature
   -8.94121e+05    1.71442e+05   -7.22679e+05   -7.26805e+05    3.03294e+02
 Pres. DC (bar) Pressure (bar)   Constr. rmsd
   -2.19271e+02   -7.14058e+01    0.00000e+00

           Step           Time
          25000       50.00000

   Energies (kJ/mol)
           Bond          Angle    Proper Dih. Per. Imp. Dih.          LJ-14
    4.26645e+03    1.16214e+04    1.51308e+04    6.93922e+02    5.40719e+03
     Coulomb-14        LJ (SR)  Disper. corr.   Coulomb (SR)   Coul. recip.
    6.61686e+04    1.18890e+05   -8.84924e+03   -1.11647e+06    6.44687e+03
      Potential    Kinetic En.   Total Energy  Conserved En.    Temperature
   -8.96692e+05    1.71189e+05   -7.25503e+05   -7.26368e+05    3.02846e+02
 Pres. DC (bar) Pressure (bar)   Constr. rmsd
   -2.21208e+02    7.70899e+01    0.00000e+00

           Step           Time
          30000       60.00000

   Energies (kJ/mol)
           Bond          Angle    Proper Dih. Per. Imp. Dih.          LJ-14
    4.32279e+03    1.15823e+04    1.49418e+04    6.19621e+02    5.36011e+03
     Coulomb-14        LJ (SR)  Disper. corr.   Coulomb (SR)   Coul. recip.
    6.61603e+04    1.18772e+05   -8.85110e+03   -1.11630e+06    6.37712e+03
      Potential    Kinetic En.   Total Energy  Conserved En.    Temperature
   -8.97016e+05    1.69353e+05   -7.27663e+05   -7.25866e+05    2.99597e+02
 Pres. DC (bar) Pressure (bar)   Constr. rmsd
   -2.21301e+02    4.01746e+01    0.00000e+00

           Step           Time
          35000       70.00000

   Energies (kJ/mol)
           Bond          Angle    Proper Dih. Per. Imp. Dih.          LJ-14
    4.24976e+03    1.14864e+04    1.51414e+04    6.68537e+02    5.36523e+03
     Coulomb-14        LJ (SR)  Disper. corr.   Coulomb (SR)   Coul. recip.
    6.60843e+04    1.16341e+05   -8.80156e+03   -1.11287e+06    6.46768e+03
      Potential    Kinetic En.   Total Energy  Conserved En.    Temperature
   -8.95870e+05    1.69048e+05   -7.26822e+05   -7.25634e+05    2.99058e+02
 Pres. DC (bar) Pressure (bar)   Constr. rmsd
   -2.18833e+02   -1.77674e+02    0.00000e+00

           Step           Time
          40000       80.00000

   Energies (kJ/mol)
           Bond          Angle    Proper Dih. Per. Imp. Dih.          LJ-14
    4.49733e+03    1.12245e+04    1.51409e+04    7.30297e+02    5.35347e+03
     Coulomb-14        LJ (SR)  Disper. corr.   Coulomb (SR)   Coul. recip.
    6.61845e+04    1.16894e+05   -8.85064e+03   -1.11402e+06    6.54235e+03
      Potential    Kinetic En.   Total Energy  Conserved En.    Temperature
   -8.96300e+05    1.70626e+05   -7.25675e+05   -7.25403e+05    3.01850e+02
 Pres. DC (bar) Pressure (bar)   Constr. rmsd
   -2.21278e+02   -1.86831e+02    0.00000e+00

           Step           Time
          45000       90.00000

   Energies (kJ/mol)
           Bond          Angle    Proper Dih. Per. Imp. Dih.          LJ-14
    4.18340e+03    1.14413e+04    1.50089e+04    6.63338e+02    5.35633e+03
     Coulomb-14        LJ (SR)  Disper. corr.   Coulomb (SR)   Coul. recip.
    6.62602e+04    1.19764e+05   -8.82215e+03   -1.11688e+06    6.44971e+03
      Potential    Kinetic En.   Total Energy  Conserved En.    Temperature
   -8.96573e+05    1.69442e+05   -7.27131e+05   -7.25154e+05    2.99756e+02
 Pres. DC (bar) Pressure (bar)   Constr. rmsd
   -2.19857e+02    8.94108e+01    0.00000e+00

           Step           Time
          50000      100.00000

   Energies (kJ/mol)
           Bond          Angle    Proper Dih. Per. Imp. Dih.          LJ-14
    4.33589e+03    1.14471e+04    1.49099e+04    6.88906e+02    5.33489e+03
     Coulomb-14        LJ (SR)  Disper. corr.   Coulomb (SR)   Coul. recip.
    6.63574e+04    1.18474e+05   -8.76670e+03   -1.11605e+06    6.59793e+03
      Potential    Kinetic En.   Total Energy  Conserved En.    Temperature
   -8.96675e+05    1.69316e+05   -7.27359e+05   -7.24962e+05    2.99532e+02
 Pres. DC (bar) Pressure (bar)   Constr. rmsd
   -2.17105e+02   -1.40965e+02    0.00000e+00

           Step           Time
          55000      110.00000

   Energies (kJ/mol)
           Bond          Angle    Proper Dih. Per. Imp. Dih.          LJ-14
    4.25173e+03    1.16164e+04    1.50393e+04    7.07777e+02    5.34757e+03
     Coulomb-14        LJ (SR)  Disper. corr.   Coulomb (SR)   Coul. recip.
    6.62323e+04    1.19350e+05   -8.84316e+03   -1.11676e+06    6.36777e+03
      Potential    Kinetic En.   Total Energy  Conserved En.    Temperature
   -8.96686e+05    1.68561e+05   -7.28126e+05   -7.24556e+05    2.98196e+02
 Pres. DC (bar) Pressure (bar)   Constr. rmsd
   -2.20905e+02    1.15708e+02    0.00000e+00

           Step           Time
          60000      120.00000

   Energies (kJ/mol)
           Bond          Angle    Proper Dih. Per. Imp. Dih.          LJ-14
    4.40843e+03    1.13861e+04    1.51860e+04    6.53868e+02    5.40521e+03
     Coulomb-14        LJ (SR)  Disper. corr.   Coulomb (SR)   Coul. recip.
    6.61198e+04    1.19330e+05   -8.82693e+03   -1.11625e+06    6.47200e+03
      Potential    Kinetic En.   Total Energy  Conserved En.    Temperature
   -8.96112e+05    1.69924e+05   -7.26188e+05   -7.23983e+05    3.00609e+02
 Pres. DC (bar) Pressure (bar)   Constr. rmsd
   -2.20095e+02    1.53255e+02    0.00000e+00

           Step           Time
          65000      130.00000

   Energies (kJ/mol)
           Bond          Angle    Proper Dih. Per. Imp. Dih.          LJ-14
    4.32319e+03    1.16292e+04    1.50749e+04    6.87607e+02    5.33784e+03
     Coulomb-14        LJ (SR)  Disper. corr.   Coulomb (SR)   Coul. recip.
    6.64803e+04    1.18214e+05   -8.82319e+03   -1.11464e+06    6.61050e+03
      Potential    Kinetic En.   Total Energy  Conserved En.    Temperature
   -8.95102e+05    1.69255e+05   -7.25847e+05   -7.23688e+05    2.99425e+02
 Pres. DC (bar) Pressure (bar)   Constr. rmsd
   -2.19909e+02   -7.09406e+01    0.00000e+00

           Step           Time
          70000      140.00000

   Energies (kJ/mol)
           Bond          Angle    Proper Dih. Per. Imp. Dih.          LJ-14
    4.25471e+03    1.16655e+04    1.51879e+04    7.18846e+02    5.23543e+03
     Coulomb-14        LJ (SR)  Disper. corr.   Coulomb (SR)   Coul. recip.
    6.61747e+04    1.18005e+05   -8.81908e+03   -1.11410e+06    6.49694e+03
      Potential    Kinetic En.   Total Energy  Conserved En.    Temperature
   -8.95181e+05    1.69423e+05   -7.25759e+05   -7.23248e+05    2.99721e+02
 Pres. DC (bar) Pressure (bar)   Constr. rmsd
   -2.19705e+02   -8.67543e+01    0.00000e+00

           Step           Time
          75000      150.00000

   Energies (kJ/mol)
           Bond          Angle    Proper Dih. Per. Imp. Dih.          LJ-14
    4.23454e+03    1.12748e+04    1.49681e+04    6.81622e+02    5.42764e+03
     Coulomb-14        LJ (SR)  Disper. corr.   Coulomb (SR)   Coul. recip.
    6.62024e+04    1.17505e+05   -8.79215e+03   -1.11421e+06    6.45768e+03
      Potential    Kinetic En.   Total Energy  Conserved En.    Temperature
   -8.96249e+05    1.68903e+05   -7.27346e+05   -7.22872e+05    2.98802e+02
 Pres. DC (bar) Pressure (bar)   Constr. rmsd
   -2.18367e+02   -1.59402e+02    0.00000e+00

           Step           Time
          80000      160.00000

   Energies (kJ/mol)
           Bond          Angle    Proper Dih. Per. Imp. Dih.          LJ-14
    4.52464e+03    1.14759e+04    1.49047e+04    6.46320e+02    5.34314e+03
     Coulomb-14        LJ (SR)  Disper. corr.   Coulomb (SR)   Coul. recip.
    6.63222e+04    1.18323e+05   -8.80819e+03   -1.11571e+06    6.52112e+03
      Potential    Kinetic En.   Total Energy  Conserved En.    Temperature
   -8.96457e+05    1.71313e+05   -7.25143e+05   -7.22627e+05    3.03066e+02
 Pres. DC (bar) Pressure (bar)   Constr. rmsd
   -2.19163e+02   -1.11022e+02    0.00000e+00

           Step           Time
          85000      170.00000

   Energies (kJ/mol)
           Bond          Angle    Proper Dih. Per. Imp. Dih.          LJ-14
    4.22157e+03    1.13803e+04    1.50576e+04    6.80154e+02    5.41252e+03
     Coulomb-14        LJ (SR)  Disper. corr.   Coulomb (SR)   Coul. recip.
    6.65438e+04    1.18430e+05   -8.85773e+03   -1.11683e+06    6.29827e+03
      Potential    Kinetic En.   Total Energy  Conserved En.    Temperature
   -8.97663e+05    1.68772e+05   -7.28890e+05   -7.22283e+05    2.98571e+02
 Pres. DC (bar) Pressure (bar)   Constr. rmsd
   -2.21632e+02    8.59054e+01    0.00000e+00

           Step           Time
          90000      180.00000

   Energies (kJ/mol)
           Bond          Angle    Proper Dih. Per. Imp. Dih.          LJ-14
    4.33325e+03    1.14198e+04    1.49459e+04    7.00110e+02    5.34379e+03
     Coulomb-14        LJ (SR)  Disper. corr.   Coulomb (SR)   Coul. recip.
    6.64413e+04    1.16159e+05   -8.80909e+03   -1.11327e+06    6.34558e+03
      Potential    Kinetic En.   Total Energy  Conserved En.    Temperature
   -8.96390e+05    1.67758e+05   -7.28631e+05   -7.22070e+05    2.96777e+02
 Pres. DC (bar) Pressure (bar)   Constr. rmsd
   -2.19208e+02   -3.36627e+02    0.00000e+00

           Step           Time
          95000      190.00000

   Energies (kJ/mol)
           Bond          Angle    Proper Dih. Per. Imp. Dih.          LJ-14
    4.26435e+03    1.16845e+04    1.52419e+04    6.89445e+02    5.47623e+03
     Coulomb-14        LJ (SR)  Disper. corr.   Coulomb (SR)   Coul. recip.
    6.64788e+04    1.19008e+05   -8.81769e+03   -1.11578e+06    6.40489e+03
      Potential    Kinetic En.   Total Energy  Conserved En.    Temperature
   -8.95346e+05    1.69749e+05   -7.25597e+05   -7.21474e+05    3.00299e+02
 Pres. DC (bar) Pressure (bar)   Constr. rmsd
   -2.19635e+02    6.51985e+01    0.00000e+00

           Step           Time
         100000      200.00000

   Energies (kJ/mol)
           Bond          Angle    Proper Dih. Per. Imp. Dih.          LJ-14
    4.12933e+03    1.16082e+04    1.50943e+04    7.30686e+02    5.40849e+03
     Coulomb-14        LJ (SR)  Disper. corr.   Coulomb (SR)   Coul. recip.
    6.63026e+04    1.17987e+05   -8.82202e+03   -1.11584e+06    6.53511e+03
      Potential    Kinetic En.   Total Energy  Conserved En.    Temperature
   -8.96862e+05    1.70620e+05   -7.26243e+05   -7.21112e+05    3.01839e+02
 Pres. DC (bar) Pressure (bar)   Constr. rmsd
   -2.19851e+02   -1.31267e+02    0.00000e+00

           Step           Time
         105000      210.00000

   Energies (kJ/mol)
           Bond          Angle    Proper Dih. Per. Imp. Dih.          LJ-14
    4.21129e+03    1.15230e+04    1.50893e+04    6.58863e+02    5.42564e+03
     Coulomb-14        LJ (SR)  Disper. corr.   Coulomb (SR)   Coul. recip.
    6.63583e+04    1.18190e+05   -8.89236e+03   -1.11430e+06    6.39737e+03
      Potential    Kinetic En.   Total Energy  Conserved En.    Temperature
   -8.95334e+05    1.69960e+05   -7.25373e+05   -7.20841e+05    3.00673e+02
 Pres. DC (bar) Pressure (bar)   Constr. rmsd
   -2.23367e+02    1.70231e+02    0.00000e+00

           Step           Time
         110000      220.00000

   Energies (kJ/mol)
           Bond          Angle    Proper Dih. Per. Imp. Dih.          LJ-14
    4.28058e+03    1.13005e+04    1.51556e+04    7.34919e+02    5.55000e+03
     Coulomb-14        LJ (SR)  Disper. corr.   Coulomb (SR)   Coul. recip.
    6.66815e+04    1.19367e+05   -8.83728e+03   -1.11583e+06    6.32080e+03
      Potential    Kinetic En.   Total Energy  Conserved En.    Temperature
   -8.95281e+05    1.70903e+05   -7.24378e+05   -7.20354e+05    3.02340e+02
 Pres. DC (bar) Pressure (bar)   Constr. rmsd
   -2.20611e+02    2.81354e+02    0.00000e+00

           Step           Time
         115000      230.00000

   Energies (kJ/mol)
           Bond          Angle    Proper Dih. Per. Imp. Dih.          LJ-14
    4.56425e+03    1.10790e+04    1.51927e+04    6.90954e+02    5.33659e+03
     Coulomb-14        LJ (SR)  Disper. corr.   Coulomb (SR)   Coul. recip.
    6.62680e+04    1.20186e+05   -8.85625e+03   -1.11867e+06    6.49029e+03
      Potential    Kinetic En.   Total Energy  Conserved En.    Temperature
   -8.97716e+05    1.70326e+05   -7.27390e+05   -7.20203e+05    3.01319e+02
 Pres. DC (bar) Pressure (bar)   Constr. rmsd
   -2.21558e+02    6.97715e+01    0.00000e+00

           Step           Time
         120000      240.00000

   Energies (kJ/mol)
           Bond          Angle    Proper Dih. Per. Imp. Dih.          LJ-14
    4.31439e+03    1.14984e+04    1.51448e+04    7.05407e+02    5.45776e+03
     Coulomb-14        LJ (SR)  Disper. corr.   Coulomb (SR)   Coul. recip.
    6.66477e+04    1.19309e+05   -8.85608e+03   -1.11614e+06    6.41403e+03
      Potential    Kinetic En.   Total Energy  Conserved En.    Temperature
   -8.95501e+05    1.71317e+05   -7.24184e+05   -7.19522e+05    3.03072e+02
 Pres. DC (bar) Pressure (bar)   Constr. rmsd
   -2.21550e+02    1.98537e+02    0.00000e+00

           Step           Time
         125000      250.00000

   Energies (kJ/mol)
           Bond          Angle    Proper Dih. Per. Imp. Dih.          LJ-14
    4.26208e+03    1.16185e+04    1.51890e+04    6.75852e+02    5.42202e+03
     Coulomb-14        LJ (SR)  Disper. corr.   Coulomb (SR)   Coul. recip.
    6.65570e+04    1.19632e+05   -8.85124e+03   -1.11784e+06    6.38123e+03
      Potential    Kinetic En.   Total Energy  Conserved En.    Temperature
   -8.96956e+05    1.69651e+05   -7.27305e+05   -7.19115e+05    3.00126e+02
 Pres. DC (bar) Pressure (bar)   Constr. rmsd
   -2.21308e+02    1.81369e+02    0.00000e+00

           Step           Time
         130000      260.00000

   Energies (kJ/mol)
           Bond          Angle    Proper Dih. Per. Imp. Dih.          LJ-14
    4.27124e+03    1.14207e+04    1.49940e+04    6.79193e+02    5.40877e+03
     Coulomb-14        LJ (SR)  Disper. corr.   Coulomb (SR)   Coul. recip.
    6.65619e+04    1.19970e+05   -8.81002e+03   -1.11627e+06    6.55817e+03
      Potential    Kinetic En.   Total Energy  Conserved En.    Temperature
   -8.95219e+05    1.69659e+05   -7.25560e+05   -7.18934e+05    3.00139e+02
 Pres. DC (bar) Pressure (bar)   Constr. rmsd
   -2.19254e+02    1.97565e+02    0.00000e+00

           Step           Time
         135000      270.00000

   Energies (kJ/mol)
           Bond          Angle    Proper Dih. Per. Imp. Dih.          LJ-14
    4.35571e+03    1.13681e+04    1.52147e+04    6.96904e+02    5.33453e+03
     Coulomb-14        LJ (SR)  Disper. corr.   Coulomb (SR)   Coul. recip.
    6.61447e+04    1.17161e+05   -8.84290e+03   -1.11438e+06    6.41509e+03
      Potential    Kinetic En.   Total Energy  Conserved En.    Temperature
   -8.96534e+05    1.69484e+05   -7.27050e+05   -7.18572e+05    2.99830e+02
 Pres. DC (bar) Pressure (bar)   Constr. rmsd
   -2.20892e+02   -1.18186e+02    0.00000e+00

           Step           Time
         140000      280.00000

   Energies (kJ/mol)
           Bond          Angle    Proper Dih. Per. Imp. Dih.          LJ-14
    4.36195e+03    1.17283e+04    1.52239e+04    6.77828e+02    5.41430e+03
     Coulomb-14        LJ (SR)  Disper. corr.   Coulomb (SR)   Coul. recip.
    6.65375e+04    1.18902e+05   -8.86335e+03   -1.11703e+06    6.36116e+03
      Potential    Kinetic En.   Total Energy  Conserved En.    Temperature
   -8.96690e+05    1.70172e+05   -7.26518e+05   -7.18257e+05    3.01047e+02
 Pres. DC (bar) Pressure (bar)   Constr. rmsd
   -2.21913e+02    4.57000e+01    0.00000e+00

           Step           Time
         145000      290.00000

   Energies (kJ/mol)
           Bond          Angle    Proper Dih. Per. Imp. Dih.          LJ-14
    4.22016e+03    1.11358e+04    1.49263e+04    6.86488e+02    5.38106e+03
     Coulomb-14        LJ (SR)  Disper. corr.   Coulomb (SR)   Coul. recip.
    6.64982e+04    1.17024e+05   -8.79029e+03   -1.11435e+06    6.52632e+03
      Potential    Kinetic En.   Total Energy  Conserved En.    Temperature
   -8.96741e+05    1.68867e+05   -7.27874e+05   -7.18065e+05    2.98739e+02
 Pres. DC (bar) Pressure (bar)   Constr. rmsd
   -2.18274e+02   -1.96573e+02    0.00000e+00

           Step           Time
         150000      300.00000

   Energies (kJ/mol)
           Bond          Angle    Proper Dih. Per. Imp. Dih.          LJ-14
    4.12123e+03    1.13080e+04    1.51599e+04    6.78270e+02    5.41613e+03
     Coulomb-14        LJ (SR)  Disper. corr.   Coulomb (SR)   Coul. recip.
    6.66375e+04    1.20506e+05   -8.86695e+03   -1.11886e+06    6.48707e+03
      Potential    Kinetic En.   Total Energy  Conserved En.    Temperature
   -8.97409e+05    1.69120e+05   -7.28289e+05   -7.17559e+05    2.99186e+02
 Pres. DC (bar) Pressure (bar)   Constr. rmsd
   -2.22093e+02    3.12190e+02    0.00000e+00

           Step           Time
         155000      310.00000

   Energies (kJ/mol)
           Bond          Angle    Proper Dih. Per. Imp. Dih.          LJ-14
    4.23707e+03    1.14435e+04    1.49364e+04    7.10832e+02    5.41097e+03
     Coulomb-14        LJ (SR)  Disper. corr.   Coulomb (SR)   Coul. recip.
    6.65287e+04    1.18830e+05   -8.83084e+03   -1.11689e+06    6.44551e+03
      Potential    Kinetic En.   Total Energy  Conserved En.    Temperature
   -8.97180e+05    1.69031e+05   -7.28149e+05   -7.17276e+05    2.99029e+02
 Pres. DC (bar) Pressure (bar)   Constr. rmsd
   -2.20290e+02   -1.88362e+01    0.00000e+00

           Step           Time
         160000      320.00000

   Energies (kJ/mol)
           Bond          Angle    Proper Dih. Per. Imp. Dih.          LJ-14
    4.28148e+03    1.17262e+04    1.49846e+04    6.94045e+02    5.28844e+03
     Coulomb-14        LJ (SR)  Disper. corr.   Coulomb (SR)   Coul. recip.
    6.63100e+04    1.19197e+05   -8.80479e+03   -1.11556e+06    6.44626e+03
      Potential    Kinetic En.   Total Energy  Conserved En.    Temperature
   -8.95440e+05    1.70096e+05   -7.25344e+05   -7.16793e+05    3.00912e+02
 Pres. DC (bar) Pressure (bar)   Constr. rmsd
   -2.18994e+02   -3.02973e+00    0.00000e+00

           Step           Time
         165000      330.00000

   Energies (kJ/mol)
           Bond          Angle    Proper Dih. Per. Imp. Dih.          LJ-14
    4.24030e+03    1.12583e+04    1.49553e+04    6.90031e+02    5.48287e+03
     Coulomb-14        LJ (SR)  Disper. corr.   Coulomb (SR)   Coul. recip.
    6.66120e+04    1.19130e+05   -8.81437e+03   -1.11785e+06    6.51575e+03
      Potential    Kinetic En.   Total Energy  Conserved En.    Temperature
   -8.97782e+05    1.70418e+05   -7.27364e+05   -7.16697e+05    3.01483e+02
 Pres. DC (bar) Pressure (bar)   Constr. rmsd
   -2.19470e+02    6.20375e+01    0.00000e+00

           Step           Time
         170000      340.00000

   Energies (kJ/mol)
           Bond          Angle    Proper Dih. Per. Imp. Dih.          LJ-14
    4.21676e+03    1.11637e+04    1.51153e+04    7.20524e+02    5.43691e+03
     Coulomb-14        LJ (SR)  Disper. corr.   Coulomb (SR)   Coul. recip.
    6.63049e+04    1.19685e+05   -8.87541e+03   -1.11896e+06    6.46914e+03
      Potential    Kinetic En.   Total Energy  Conserved En.    Temperature
   -8.98726e+05    1.68028e+05   -7.30698e+05   -7.16382e+05    2.97253e+02
 Pres. DC (bar) Pressure (bar)   Constr. rmsd
   -2.22517e+02    1.80231e+02    0.00000e+00

           Step           Time
         175000      350.00000

   Energies (kJ/mol)
           Bond          Angle    Proper Dih. Per. Imp. Dih.          LJ-14
    4.45714e+03    1.15003e+04    1.50392e+04    7.00462e+02    5.46846e+03
     Coulomb-14        LJ (SR)  Disper. corr.   Coulomb (SR)   Coul. recip.
    6.65884e+04    1.19299e+05   -8.81799e+03   -1.11677e+06    6.53746e+03
      Potential    Kinetic En.   Total Energy  Conserved En.    Temperature
   -8.95993e+05    1.70359e+05   -7.25633e+05   -7.16033e+05    3.01379e+02
 Pres. DC (bar) Pressure (bar)   Constr. rmsd
   -2.19650e+02    1.07699e+02    0.00000e+00

           Step           Time
         180000      360.00000

   Energies (kJ/mol)
           Bond          Angle    Proper Dih. Per. Imp. Dih.          LJ-14
    4.20370e+03    1.14305e+04    1.50732e+04    7.24503e+02    5.40399e+03
     Coulomb-14        LJ (SR)  Disper. corr.   Coulomb (SR)   Coul. recip.
    6.64882e+04    1.20239e+05   -8.79370e+03   -1.11796e+06    6.56842e+03
      Potential    Kinetic En.   Total Energy  Conserved En.    Temperature
   -8.96626e+05    1.69526e+05   -7.27100e+05   -7.15837e+05    2.99905e+02
 Pres. DC (bar) Pressure (bar)   Constr. rmsd
   -2.18443e+02    2.39039e+01    0.00000e+00

           Step           Time
         185000      370.00000

   Energies (kJ/mol)
           Bond          Angle    Proper Dih. Per. Imp. Dih.          LJ-14
    4.31092e+03    1.10703e+04    1.51703e+04    7.29779e+02    5.32349e+03
     Coulomb-14        LJ (SR)  Disper. corr.   Coulomb (SR)   Coul. recip.
    6.63525e+04    1.17642e+05   -8.83379e+03   -1.11568e+06    6.53003e+03
      Potential    Kinetic En.   Total Energy  Conserved En.    Temperature
   -8.97389e+05    1.69834e+05   -7.27555e+05   -7.15705e+05    3.00450e+02
 Pres. DC (bar) Pressure (bar)   Constr. rmsd
   -2.20437e+02   -1.51879e+02    0.00000e+00

           Step           Time
         190000      380.00000

   Energies (kJ/mol)
           Bond          Angle    Proper Dih. Per. Imp. Dih.          LJ-14
    4.24407e+03    1.15236e+04    1.50008e+04    6.73764e+02    5.34243e+03
     Coulomb-14        LJ (SR)  Disper. corr.   Coulomb (SR)   Coul. recip.
    6.60668e+04    1.19584e+05   -8.79426e+03   -1.11530e+06    6.43710e+03
      Potential    Kinetic En.   Total Energy  Conserved En.    Temperature
   -8.95221e+05    1.68868e+05   -7.26352e+05   -7.15486e+05    2.98741e+02
 Pres. DC (bar) Pressure (bar)   Constr. rmsd
   -2.18471e+02    1.86778e+01    0.00000e+00

           Step           Time
         195000      390.00000

   Energies (kJ/mol)
           Bond          Angle    Proper Dih. Per. Imp. Dih.          LJ-14
    4.40819e+03    1.14635e+04    1.51085e+04    6.63727e+02    5.32245e+03
     Coulomb-14        LJ (SR)  Disper. corr.   Coulomb (SR)   Coul. recip.
    6.64747e+04    1.19133e+05   -8.82986e+03   -1.11712e+06    6.62284e+03
      Potential    Kinetic En.   Total Energy  Conserved En.    Temperature
   -8.96753e+05    1.69577e+05   -7.27176e+05   -7.15224e+05    2.99994e+02
 Pres. DC (bar) Pressure (bar)   Constr. rmsd
   -2.20241e+02    3.67136e+01    0.00000e+00

           Step           Time
         200000      400.00000

   Energies (kJ/mol)
           Bond          Angle    Proper Dih. Per. Imp. Dih.          LJ-14
    4.08573e+03    1.14917e+04    1.50500e+04    6.69355e+02    5.36752e+03
     Coulomb-14        LJ (SR)  Disper. corr.   Coulomb (SR)   Coul. recip.
    6.63731e+04    1.18213e+05   -8.81970e+03   -1.11597e+06    6.64530e+03
      Potential    Kinetic En.   Total Energy  Conserved En.    Temperature
   -8.96889e+05    1.70506e+05   -7.26384e+05   -7.14664e+05    3.01637e+02
 Pres. DC (bar) Pressure (bar)   Constr. rmsd
   -2.19735e+02   -6.61378e+01    0.00000e+00

           Step           Time
         205000      410.00000

   Energies (kJ/mol)
           Bond          Angle    Proper Dih. Per. Imp. Dih.          LJ-14
    4.00494e+03    1.14676e+04    1.50874e+04    7.49975e+02    5.51580e+03
     Coulomb-14        LJ (SR)  Disper. corr.   Coulomb (SR)   Coul. recip.
    6.64120e+04    1.17049e+05   -8.81578e+03   -1.11473e+06    6.53162e+03
      Potential    Kinetic En.   Total Energy  Conserved En.    Temperature
   -8.96730e+05    1.69823e+05   -7.26907e+05   -7.14399e+05    3.00430e+02
 Pres. DC (bar) Pressure (bar)   Constr. rmsd
   -2.19540e+02   -2.64909e+01    0.00000e+00

           Step           Time
         210000      420.00000

   Energies (kJ/mol)
           Bond          Angle    Proper Dih. Per. Imp. Dih.          LJ-14
    4.34600e+03    1.13693e+04    1.51574e+04    6.52948e+02    5.30793e+03
     Coulomb-14        LJ (SR)  Disper. corr.   Coulomb (SR)   Coul. recip.
    6.65400e+04    1.18511e+05   -8.82172e+03   -1.11673e+06    6.56432e+03
      Potential    Kinetic En.   Total Energy  Conserved En.    Temperature
   -8.97100e+05    1.69321e+05   -7.27779e+05   -7.13870e+05    2.99541e+02
 Pres. DC (bar) Pressure (bar)   Constr. rmsd
   -2.19836e+02   -1.19628e+02    0.00000e+00

           Step           Time
         215000      430.00000

   Energies (kJ/mol)
           Bond          Angle    Proper Dih. Per. Imp. Dih.          LJ-14
    4.26548e+03    1.14018e+04    1.51953e+04    6.66040e+02    5.43948e+03
     Coulomb-14        LJ (SR)  Disper. corr.   Coulomb (SR)   Coul. recip.
    6.67396e+04    1.19555e+05   -8.85378e+03   -1.11755e+06    6.58300e+03
      Potential    Kinetic En.   Total Energy  Conserved En.    Temperature
   -8.96554e+05    1.69929e+05   -7.26625e+05   -7.13466e+05    3.00617e+02
 Pres. DC (bar) Pressure (bar)   Constr. rmsd
   -2.21435e+02    1.96936e+02    0.00000e+00

           Step           Time
         220000      440.00000

   Energies (kJ/mol)
           Bond          Angle    Proper Dih. Per. Imp. Dih.          LJ-14
    4.41983e+03    1.10040e+04    1.51025e+04    7.05801e+02    5.32438e+03
     Coulomb-14        LJ (SR)  Disper. corr.   Coulomb (SR)   Coul. recip.
    6.65921e+04    1.17404e+05   -8.81405e+03   -1.11519e+06    6.32762e+03
      Potential    Kinetic En.   Total Energy  Conserved En.    Temperature
   -8.97121e+05    1.69310e+05   -7.27810e+05   -7.13279e+05    2.99522e+02
 Pres. DC (bar) Pressure (bar)   Constr. rmsd
   -2.19455e+02   -1.99492e+02    0.00000e+00

           Step           Time
         225000      450.00000

   Energies (kJ/mol)
           Bond          Angle    Proper Dih. Per. Imp. Dih.          LJ-14
    4.47176e+03    1.11021e+04    1.49867e+04    7.05397e+02    5.39187e+03
     Coulomb-14        LJ (SR)  Disper. corr.   Coulomb (SR)   Coul. recip.
    6.64042e+04    1.18243e+05   -8.81235e+03   -1.11579e+06    6.31782e+03
      Potential    Kinetic En.   Total Energy  Conserved En.    Temperature
   -8.96978e+05    1.69766e+05   -7.27212e+05   -7.13073e+05    3.00329e+02
 Pres. DC (bar) Pressure (bar)   Constr. rmsd
   -2.19370e+02   -1.10551e+02    0.00000e+00

           Step           Time
         230000      460.00000

   Energies (kJ/mol)
           Bond          Angle    Proper Dih. Per. Imp. Dih.          LJ-14
    4.24566e+03    1.17714e+04    1.49682e+04    7.17869e+02    5.38095e+03
     Coulomb-14        LJ (SR)  Disper. corr.   Coulomb (SR)   Coul. recip.
    6.63205e+04    1.17855e+05   -8.82394e+03   -1.11502e+06    6.42219e+03
      Potential    Kinetic En.   Total Energy  Conserved En.    Temperature
   -8.96160e+05    1.69484e+05   -7.26675e+05   -7.12828e+05    2.99831e+02
 Pres. DC (bar) Pressure (bar)   Constr. rmsd
   -2.19947e+02   -8.70749e+01    0.00000e+00

           Step           Time
         235000      470.00000

   Energies (kJ/mol)
           Bond          Angle    Proper Dih. Per. Imp. Dih.          LJ-14
    4.20573e+03    1.15282e+04    1.50537e+04    7.04879e+02    5.41230e+03
     Coulomb-14        LJ (SR)  Disper. corr.   Coulomb (SR)   Coul. recip.
    6.66722e+04    1.20016e+05   -8.86024e+03   -1.11841e+06    6.57090e+03
      Potential    Kinetic En.   Total Energy  Conserved En.    Temperature
   -8.97104e+05    1.69222e+05   -7.27882e+05   -7.12346e+05    2.99366e+02
 Pres. DC (bar) Pressure (bar)   Constr. rmsd
   -2.21758e+02    1.89294e+02    0.00000e+00

           Step           Time
         240000      480.00000

   Energies (kJ/mol)
           Bond          Angle    Proper Dih. Per. Imp. Dih.          LJ-14
    4.40480e+03    1.14262e+04    1.50660e+04    7.08087e+02    5.36697e+03
     Coulomb-14        LJ (SR)  Disper. corr.   Coulomb (SR)   Coul. recip.
    6.64645e+04    1.17698e+05   -8.78448e+03   -1.11378e+06    6.57656e+03
      Potential    Kinetic En.   Total Energy  Conserved En.    Temperature
   -8.94853e+05    1.68907e+05   -7.25946e+05   -7.12055e+05    2.98808e+02
 Pres. DC (bar) Pressure (bar)   Constr. rmsd
   -2.17986e+02   -1.61006e+02    0.00000e+00

           Step           Time
         245000      490.00000

   Energies (kJ/mol)
           Bond          Angle    Proper Dih. Per. Imp. Dih.          LJ-14
    4.19282e+03    1.17627e+04    1.50354e+04    6.84615e+02    5.43654e+03
     Coulomb-14        LJ (SR)  Disper. corr.   Coulomb (SR)   Coul. recip.
    6.63810e+04    1.17561e+05   -8.81600e+03   -1.11467e+06    6.54091e+03
      Potential    Kinetic En.   Total Energy  Conserved En.    Temperature
   -8.95887e+05    1.70560e+05   -7.25328e+05   -7.11744e+05    3.01733e+02
 Pres. DC (bar) Pressure (bar)   Constr. rmsd
   -2.19552e+02   -4.79996e+01    0.00000e+00

           Step           Time
         250000      500.00000

   Energies (kJ/mol)
           Bond          Angle    Proper Dih. Per. Imp. Dih.          LJ-14
    4.30413e+03    1.15888e+04    1.51124e+04    7.24793e+02    5.43888e+03
     Coulomb-14        LJ (SR)  Disper. corr.   Coulomb (SR)   Coul. recip.
    6.66302e+04    1.18504e+05   -8.82811e+03   -1.11547e+06    6.51573e+03
      Potential    Kinetic En.   Total Energy  Conserved En.    Temperature
   -8.95476e+05    1.70331e+05   -7.25145e+05   -7.11509e+05    3.01329e+02
 Pres. DC (bar) Pressure (bar)   Constr. rmsd
   -2.20154e+02    2.68440e+01    0.00000e+00

           Step           Time
         255000      510.00000

   Energies (kJ/mol)
           Bond          Angle    Proper Dih. Per. Imp. Dih.          LJ-14
    4.15241e+03    1.13897e+04    1.50999e+04    7.29420e+02    5.40681e+03
     Coulomb-14        LJ (SR)  Disper. corr.   Coulomb (SR)   Coul. recip.
    6.63283e+04    1.19358e+05   -8.83213e+03   -1.11535e+06    6.59672e+03
      Potential    Kinetic En.   Total Energy  Conserved En.    Temperature
   -8.95125e+05    1.69514e+05   -7.25611e+05   -7.11280e+05    2.99883e+02
 Pres. DC (bar) Pressure (bar)   Constr. rmsd
   -2.20354e+02    1.32203e+02    0.00000e+00

           Step           Time
         260000      520.00000

   Energies (kJ/mol)
           Bond          Angle    Proper Dih. Per. Imp. Dih.          LJ-14
    4.42599e+03    1.12844e+04    1.53586e+04    7.41850e+02    5.24543e+03
     Coulomb-14        LJ (SR)  Disper. corr.   Coulomb (SR)   Coul. recip.
    6.64007e+04    1.19116e+05   -8.86822e+03   -1.11792e+06    6.43166e+03
      Potential    Kinetic En.   Total Energy  Conserved En.    Temperature
   -8.97784e+05    1.70948e+05   -7.26836e+05   -7.11027e+05    3.02420e+02
 Pres. DC (bar) Pressure (bar)   Constr. rmsd
   -2.22157e+02   -3.51498e+01    0.00000e+00

           Step           Time
         265000      530.00000

   Energies (kJ/mol)
           Bond          Angle    Proper Dih. Per. Imp. Dih.          LJ-14
    4.33145e+03    1.14949e+04    1.51220e+04    6.68457e+02    5.31719e+03
     Coulomb-14        LJ (SR)  Disper. corr.   Coulomb (SR)   Coul. recip.
    6.63180e+04    1.19113e+05   -8.83555e+03   -1.11642e+06    6.30667e+03
      Potential    Kinetic En.   Total Energy  Conserved En.    Temperature
   -8.96581e+05    1.70026e+05   -7.26555e+05   -7.10804e+05    3.00789e+02
 Pres. DC (bar) Pressure (bar)   Constr. rmsd
   -2.20525e+02    3.20216e+01    0.00000e+00

           Step           Time
         270000      540.00000

   Energies (kJ/mol)
           Bond          Angle    Proper Dih. Per. Imp. Dih.          LJ-14
    4.39850e+03    1.18179e+04    1.50493e+04    6.95901e+02    5.37790e+03
     Coulomb-14        LJ (SR)  Disper. corr.   Coulomb (SR)   Coul. recip.
    6.64515e+04    1.18674e+05   -8.82459e+03   -1.11595e+06    6.44548e+03
      Potential    Kinetic En.   Total Energy  Conserved En.    Temperature
   -8.95866e+05    1.69420e+05   -7.26446e+05   -7.10403e+05    2.99717e+02
 Pres. DC (bar) Pressure (bar)   Constr. rmsd
   -2.19979e+02   -3.25779e+01    0.00000e+00

           Step           Time
         275000      550.00000

   Energies (kJ/mol)
           Bond          Angle    Proper Dih. Per. Imp. Dih.          LJ-14
    4.34576e+03    1.13413e+04    1.50703e+04    6.89206e+02    5.39040e+03
     Coulomb-14        LJ (SR)  Disper. corr.   Coulomb (SR)   Coul. recip.
    6.66218e+04    1.17833e+05   -8.78952e+03   -1.11436e+06    6.53273e+03
      Potential    Kinetic En.   Total Energy  Conserved En.    Temperature
   -8.95326e+05    1.69859e+05   -7.25466e+05   -7.10286e+05    3.00494e+02
 Pres. DC (bar) Pressure (bar)   Constr. rmsd
   -2.18236e+02   -7.51930e+01    0.00000e+00

           Step           Time
         280000      560.00000

   Energies (kJ/mol)
           Bond          Angle    Proper Dih. Per. Imp. Dih.          LJ-14
    4.21333e+03    1.14641e+04    1.49705e+04    7.15763e+02    5.36842e+03
     Coulomb-14        LJ (SR)  Disper. corr.   Coulomb (SR)   Coul. recip.
    6.66967e+04    1.17649e+05   -8.82515e+03   -1.11709e+06    6.45302e+03
      Potential    Kinetic En.   Total Energy  Conserved En.    Temperature
   -8.98384e+05    1.69273e+05   -7.29111e+05   -7.09887e+05    2.99456e+02
 Pres. DC (bar) Pressure (bar)   Constr. rmsd
   -2.20007e+02   -1.95364e+02    0.00000e+00

           Step           Time
         285000      570.00000

   Energies (kJ/mol)
           Bond          Angle    Proper Dih. Per. Imp. Dih.          LJ-14
    4.33984e+03    1.15136e+04    1.50184e+04    7.54708e+02    5.35314e+03
     Coulomb-14        LJ (SR)  Disper. corr.   Coulomb (SR)   Coul. recip.
    6.65754e+04    1.18337e+05   -8.82780e+03   -1.11589e+06    6.54703e+03
      Potential    Kinetic En.   Total Energy  Conserved En.    Temperature
   -8.96278e+05    1.70101e+05   -7.26177e+05   -7.09681e+05    3.00922e+02
 Pres. DC (bar) Pressure (bar)   Constr. rmsd
   -2.20139e+02   -1.03771e+01    0.00000e+00

           Step           Time
         290000      580.00000

   Energies (kJ/mol)
           Bond          Angle    Proper Dih. Per. Imp. Dih.          LJ-14
    4.32606e+03    1.12785e+04    1.51729e+04    6.96468e+02    5.41072e+03
     Coulomb-14        LJ (SR)  Disper. corr.   Coulomb (SR)   Coul. recip.
    6.65164e+04    1.19727e+05   -8.92112e+03   -1.11968e+06    6.41829e+03
      Potential    Kinetic En.   Total Energy  Conserved En.    Temperature
   -8.99056e+05    1.70123e+05   -7.28933e+05   -7.09155e+05    3.00961e+02
 Pres. DC (bar) Pressure (bar)   Constr. rmsd
   -2.24812e+02    1.89713e+02    0.00000e+00

           Step           Time
         295000      590.00000

   Energies (kJ/mol)
           Bond          Angle    Proper Dih. Per. Imp. Dih.          LJ-14
    4.14640e+03    1.13469e+04    1.51284e+04    6.79682e+02    5.37378e+03
     Coulomb-14        LJ (SR)  Disper. corr.   Coulomb (SR)   Coul. recip.
    6.69549e+04    1.19304e+05   -8.81838e+03   -1.11535e+06    6.43170e+03
      Potential    Kinetic En.   Total Energy  Conserved En.    Temperature
   -8.94806e+05    1.69167e+05   -7.25639e+05   -7.08916e+05    2.99269e+02
 Pres. DC (bar) Pressure (bar)   Constr. rmsd
   -2.19669e+02    1.73199e+01    0.00000e+00

           Step           Time
         300000      600.00000

   Energies (kJ/mol)
           Bond          Angle    Proper Dih. Per. Imp. Dih.          LJ-14
    4.19800e+03    1.11506e+04    1.49747e+04    6.46594e+02    5.39337e+03
     Coulomb-14        LJ (SR)  Disper. corr.   Coulomb (SR)   Coul. recip.
    6.69356e+04    1.19048e+05   -8.83156e+03   -1.11772e+06    6.38620e+03
      Potential    Kinetic En.   Total Energy  Conserved En.    Temperature
   -8.97822e+05    1.69737e+05   -7.28085e+05   -7.08310e+05    3.00277e+02
 Pres. DC (bar) Pressure (bar)   Constr. rmsd
   -2.20326e+02   -2.75338e+01    0.00000e+00

           Step           Time
         305000      610.00000

   Energies (kJ/mol)
           Bond          Angle    Proper Dih. Per. Imp. Dih.          LJ-14
    4.11615e+03    1.13879e+04    1.50573e+04    7.42586e+02    5.32642e+03
     Coulomb-14        LJ (SR)  Disper. corr.   Coulomb (SR)   Coul. recip.
    6.65588e+04    1.17744e+05   -8.80356e+03   -1.11426e+06    6.50177e+03
      Potential    Kinetic En.   Total Energy  Conserved En.    Temperature
   -8.95632e+05    1.69296e+05   -7.26336e+05   -7.08141e+05    2.99497e+02
 Pres. DC (bar) Pressure (bar)   Constr. rmsd
   -2.18933e+02   -1.55542e+02    0.00000e+00

           Step           Time
         310000      620.00000

   Energies (kJ/mol)
           Bond          Angle    Proper Dih. Per. Imp. Dih.          LJ-14
    4.28579e+03    1.14506e+04    1.51231e+04    7.11524e+02    5.29556e+03
     Coulomb-14        LJ (SR)  Disper. corr.   Coulomb (SR)   Coul. recip.
    6.68606e+04    1.18224e+05   -8.80364e+03   -1.11579e+06    6.52269e+03
      Potential    Kinetic En.   Total Energy  Conserved En.    Temperature
   -8.96121e+05    1.69710e+05   -7.26411e+05   -7.07806e+05    3.00229e+02
 Pres. DC (bar) Pressure (bar)   Constr. rmsd
   -2.18937e+02   -1.12851e+02    0.00000e+00

           Step           Time
         315000      630.00000

   Energies (kJ/mol)
           Bond          Angle    Proper Dih. Per. Imp. Dih.          LJ-14
    4.15919e+03    1.14783e+04    1.49313e+04    7.03826e+02    5.38904e+03
     Coulomb-14        LJ (SR)  Disper. corr.   Coulomb (SR)   Coul. recip.
    6.65964e+04    1.17870e+05   -8.82131e+03   -1.11405e+06    6.48595e+03
      Potential    Kinetic En.   Total Energy  Conserved En.    Temperature
   -8.95256e+05    1.69661e+05   -7.25596e+05   -7.07695e+05    3.00143e+02
 Pres. DC (bar) Pressure (bar)   Constr. rmsd
   -2.19815e+02   -3.48166e+01    0.00000e+00

           Step           Time
         320000      640.00000

   Energies (kJ/mol)
           Bond          Angle    Proper Dih. Per. Imp. Dih.          LJ-14
    4.28861e+03    1.17189e+04    1.51615e+04    7.17497e+02    5.33839e+03
     Coulomb-14        LJ (SR)  Disper. corr.   Coulomb (SR)   Coul. recip.
    6.64419e+04    1.17798e+05   -8.82277e+03   -1.11408e+06    6.36098e+03
      Potential    Kinetic En.   Total Energy  Conserved En.    Temperature
   -8.95076e+05    1.70099e+05   -7.24977e+05   -7.07428e+05    3.00917e+02
 Pres. DC (bar) Pressure (bar)   Constr. rmsd
   -2.19888e+02   -2.79974e+01    0.00000e+00

           Step           Time
         325000      650.00000

   Energies (kJ/mol)
           Bond          Angle    Proper Dih. Per. Imp. Dih.          LJ-14
    4.24501e+03    1.15886e+04    1.50963e+04    6.47645e+02    5.47972e+03
     Coulomb-14        LJ (SR)  Disper. corr.   Coulomb (SR)   Coul. recip.
    6.68787e+04    1.18986e+05   -8.80498e+03   -1.11661e+06    6.48094e+03
      Potential    Kinetic En.   Total Energy  Conserved En.    Temperature
   -8.96010e+05    1.69866e+05   -7.26143e+05   -7.07171e+05    3.00506e+02
 Pres. DC (bar) Pressure (bar)   Constr. rmsd
   -2.19003e+02    9.84661e+01    0.00000e+00

           Step           Time
         330000      660.00000

   Energies (kJ/mol)
           Bond          Angle    Proper Dih. Per. Imp. Dih.          LJ-14
    4.38302e+03    1.13836e+04    1.50236e+04    6.83559e+02    5.37554e+03
     Coulomb-14        LJ (SR)  Disper. corr.   Coulomb (SR)   Coul. recip.
    6.66461e+04    1.19241e+05   -8.81480e+03   -1.11611e+06    6.57428e+03
      Potential    Kinetic En.   Total Energy  Conserved En.    Temperature
   -8.95614e+05    1.70309e+05   -7.25305e+05   -7.06979e+05    3.01290e+02
 Pres. DC (bar) Pressure (bar)   Constr. rmsd
   -2.19491e+02   -6.44423e+01    0.00000e+00

           Step           Time
         335000      670.00000

   Energies (kJ/mol)
           Bond          Angle    Proper Dih. Per. Imp. Dih.          LJ-14
    4.30659e+03    1.15720e+04    1.50324e+04    6.96277e+02    5.39579e+03
     Coulomb-14        LJ (SR)  Disper. corr.   Coulomb (SR)   Coul. recip.
    6.65644e+04    1.18445e+05   -8.82211e+03   -1.11601e+06    6.57586e+03
      Potential    Kinetic En.   Total Energy  Conserved En.    Temperature
   -8.96244e+05    1.69529e+05   -7.26715e+05   -7.06839e+05    2.99909e+02
 Pres. DC (bar) Pressure (bar)   Constr. rmsd
   -2.19856e+02   -8.02592e+01    0.00000e+00

           Step           Time
         340000      680.00000

   Energies (kJ/mol)
           Bond          Angle    Proper Dih. Per. Imp. Dih.          LJ-14
    4.21637e+03    1.18472e+04    1.48865e+04    6.69029e+02    5.35907e+03
     Coulomb-14        LJ (SR)  Disper. corr.   Coulomb (SR)   Coul. recip.
    6.65672e+04    1.17053e+05   -8.83214e+03   -1.11345e+06    6.54468e+03
      Potential    Kinetic En.   Total Energy  Conserved En.    Temperature
   -8.95135e+05    1.69756e+05   -7.25379e+05   -7.06456e+05    3.00312e+02
 Pres. DC (bar) Pressure (bar)   Constr. rmsd
   -2.20355e+02   -6.22476e+01    0.00000e+00

           Step           Time
         345000      690.00000

   Energies (kJ/mol)
           Bond          Angle    Proper Dih. Per. Imp. Dih.          LJ-14
    4.28866e+03    1.16983e+04    1.52214e+04    7.06595e+02    5.30118e+03
     Coulomb-14        LJ (SR)  Disper. corr.   Coulomb (SR)   Coul. recip.
    6.65406e+04    1.18085e+05   -8.83880e+03   -1.11602e+06    6.49993e+03
      Potential    Kinetic En.   Total Energy  Conserved En.    Temperature
   -8.96521e+05    1.70005e+05   -7.26516e+05   -7.06143e+05    3.00752e+02
 Pres. DC (bar) Pressure (bar)   Constr. rmsd
   -2.20687e+02   -1.02026e+02    0.00000e+00

           Step           Time
         350000      700.00000

   Energies (kJ/mol)
           Bond          Angle    Proper Dih. Per. Imp. Dih.          LJ-14
    4.45643e+03    1.13876e+04    1.51353e+04    7.65599e+02    5.36362e+03
     Coulomb-14        LJ (SR)  Disper. corr.   Coulomb (SR)   Coul. recip.
    6.66174e+04    1.16729e+05   -8.77283e+03   -1.11316e+06    6.48489e+03
      Potential    Kinetic En.   Total Energy  Conserved En.    Temperature
   -8.94993e+05    1.69272e+05   -7.25721e+05   -7.05763e+05    2.99456e+02
 Pres. DC (bar) Pressure (bar)   Constr. rmsd
   -2.17409e+02   -2.11696e+02    0.00000e+00

           Step           Time
         355000      710.00000

   Energies (kJ/mol)
           Bond          Angle    Proper Dih. Per. Imp. Dih.          LJ-14
    4.25594e+03    1.13557e+04    1.52038e+04    7.00275e+02    5.37791e+03
     Coulomb-14        LJ (SR)  Disper. corr.   Coulomb (SR)   Coul. recip.
    6.62707e+04    1.19356e+05   -8.79807e+03   -1.11685e+06    6.47173e+03
      Potential    Kinetic En.   Total Energy  Conserved En.    Temperature
   -8.96661e+05    1.67854e+05   -7.28806e+05   -7.05658e+05    2.96947e+02
 Pres. DC (bar) Pressure (bar)   Constr. rmsd
   -2.18660e+02   -2.92680e+01    0.00000e+00

           Step           Time
         360000      720.00000

   Energies (kJ/mol)
           Bond          Angle    Proper Dih. Per. Imp. Dih.          LJ-14
    4.41518e+03    1.12705e+04    1.51435e+04    7.20427e+02    5.52789e+03
     Coulomb-14        LJ (SR)  Disper. corr.   Coulomb (SR)   Coul. recip.
    6.67000e+04    1.20752e+05   -8.82271e+03   -1.11751e+06    6.58024e+03
      Potential    Kinetic En.   Total Energy  Conserved En.    Temperature
   -8.95225e+05    1.70065e+05   -7.25160e+05   -7.05558e+05    3.00857e+02
 Pres. DC (bar) Pressure (bar)   Constr. rmsd
   -2.19885e+02    2.29926e+02    0.00000e+00

           Step           Time
         365000      730.00000

   Energies (kJ/mol)
           Bond          Angle    Proper Dih. Per. Imp. Dih.          LJ-14
    4.28887e+03    1.12610e+04    1.49878e+04    6.96293e+02    5.38736e+03
     Coulomb-14        LJ (SR)  Disper. corr.   Coulomb (SR)   Coul. recip.
    6.65568e+04    1.19154e+05   -8.85241e+03   -1.11748e+06    6.63122e+03
      Potential    Kinetic En.   Total Energy  Conserved En.    Temperature
   -8.97365e+05    1.68491e+05   -7.28874e+05   -7.04971e+05    2.98073e+02
 Pres. DC (bar) Pressure (bar)   Constr. rmsd
   -2.21366e+02    1.04091e+02    0.00000e+00

           Step           Time
         370000      740.00000

   Energies (kJ/mol)
           Bond          Angle    Proper Dih. Per. Imp. Dih.          LJ-14
    4.34706e+03    1.17241e+04    1.50892e+04    6.99908e+02    5.37032e+03
     Coulomb-14        LJ (SR)  Disper. corr.   Coulomb (SR)   Coul. recip.
    6.65691e+04    1.18620e+05   -8.83089e+03   -1.11463e+06    6.52972e+03
      Potential    Kinetic En.   Total Energy  Conserved En.    Temperature
   -8.94510e+05    1.69425e+05   -7.25085e+05   -7.04485e+05    2.99726e+02
 Pres. DC (bar) Pressure (bar)   Constr. rmsd
   -2.20293e+02   -9.08741e+00    0.00000e+00

           Step           Time
         375000      750.00000

   Energies (kJ/mol)
           Bond          Angle    Proper Dih. Per. Imp. Dih.          LJ-14
    4.24573e+03    1.14850e+04    1.50762e+04    6.72738e+02    5.36783e+03
     Coulomb-14        LJ (SR)  Disper. corr.   Coulomb (SR)   Coul. recip.
    6.62450e+04    1.18676e+05   -8.81964e+03   -1.11770e+06    6.42494e+03
      Potential    Kinetic En.   Total Energy  Conserved En.    Temperature
   -8.98326e+05    1.68560e+05   -7.29766e+05   -7.04282e+05    2.98195e+02
 Pres. DC (bar) Pressure (bar)   Constr. rmsd
   -2.19733e+02   -2.13975e+02    0.00000e+00

           Step           Time
         380000      760.00000

   Energies (kJ/mol)
           Bond          Angle    Proper Dih. Per. Imp. Dih.          LJ-14
    4.07656e+03    1.15276e+04    1.50687e+04    7.28410e+02    5.44421e+03
     Coulomb-14        LJ (SR)  Disper. corr.   Coulomb (SR)   Coul. recip.
    6.67314e+04    1.17173e+05   -8.87184e+03   -1.11464e+06    6.45079e+03
      Potential    Kinetic En.   Total Energy  Conserved En.    Temperature
   -8.96310e+05    1.69792e+05   -7.26518e+05   -7.04110e+05    3.00375e+02
 Pres. DC (bar) Pressure (bar)   Constr. rmsd
   -2.22338e+02    1.55149e+01    0.00000e+00

           Step           Time
         385000      770.00000

   Energies (kJ/mol)
           Bond          Angle    Proper Dih. Per. Imp. Dih.          LJ-14
    4.33231e+03    1.16031e+04    1.50595e+04    6.91360e+02    5.44803e+03
     Coulomb-14        LJ (SR)  Disper. corr.   Coulomb (SR)   Coul. recip.
    6.65871e+04    1.17447e+05   -8.76291e+03   -1.11313e+06    6.47252e+03
      Potential    Kinetic En.   Total Energy  Conserved En.    Temperature
   -8.94253e+05    1.70570e+05   -7.23683e+05   -7.03713e+05    3.01751e+02
 Pres. DC (bar) Pressure (bar)   Constr. rmsd
   -2.16918e+02   -1.60013e+02    0.00000e+00

           Step           Time
         390000      780.00000

   Energies (kJ/mol)
           Bond          Angle    Proper Dih. Per. Imp. Dih.          LJ-14
    4.28839e+03    1.11306e+04    1.50476e+04    7.35738e+02    5.45787e+03
     Coulomb-14        LJ (SR)  Disper. corr.   Coulomb (SR)   Coul. recip.
    6.63281e+04    1.18965e+05   -8.82079e+03   -1.11696e+06    6.29936e+03
      Potential    Kinetic En.   Total Energy  Conserved En.    Temperature
   -8.97533e+05    1.69428e+05   -7.28105e+05   -7.03239e+05    2.99730e+02
 Pres. DC (bar) Pressure (bar)   Constr. rmsd
   -2.19790e+02    1.23565e+01    0.00000e+00

           Step           Time
         395000      790.00000

   Energies (kJ/mol)
           Bond          Angle    Proper Dih. Per. Imp. Dih.          LJ-14
    4.16566e+03    1.15849e+04    1.52178e+04    7.35694e+02    5.42142e+03
     Coulomb-14        LJ (SR)  Disper. corr.   Coulomb (SR)   Coul. recip.
    6.66463e+04    1.18765e+05   -8.82984e+03   -1.11745e+06    6.45815e+03
      Potential    Kinetic En.   Total Energy  Conserved En.    Temperature
   -8.97290e+05    1.71094e+05   -7.26196e+05   -7.03136e+05    3.02679e+02
 Pres. DC (bar) Pressure (bar)   Constr. rmsd
   -2.20240e+02    6.49230e+01    0.00000e+00

           Step           Time
         400000      800.00000

   Energies (kJ/mol)
           Bond          Angle    Proper Dih. Per. Imp. Dih.          LJ-14
    4.48351e+03    1.12682e+04    1.50734e+04    6.65878e+02    5.34151e+03
     Coulomb-14        LJ (SR)  Disper. corr.   Coulomb (SR)   Coul. recip.
    6.63404e+04    1.19122e+05   -8.77442e+03   -1.11570e+06    6.52233e+03
      Potential    Kinetic En.   Total Energy  Conserved En.    Temperature
   -8.95654e+05    1.68610e+05   -7.27044e+05   -7.02875e+05    2.98283e+02
 Pres. DC (bar) Pressure (bar)   Constr. rmsd
   -2.17488e+02   -9.32082e+01    0.00000e+00

           Step           Time
         405000      810.00000

   Energies (kJ/mol)
           Bond          Angle    Proper Dih. Per. Imp. Dih.          LJ-14
    4.25833e+03    1.13913e+04    1.52962e+04    7.59077e+02    5.43927e+03
     Coulomb-14        LJ (SR)  Disper. corr.   Coulomb (SR)   Coul. recip.
    6.66715e+04    1.18773e+05   -8.80401e+03   -1.11653e+06    6.44718e+03
      Potential    Kinetic En.   Total Energy  Conserved En.    Temperature
   -8.96303e+05    1.69285e+05   -7.27018e+05   -7.02564e+05    2.99479e+02
 Pres. DC (bar) Pressure (bar)   Constr. rmsd
   -2.18955e+02   -1.05072e+02    0.00000e+00

           Step           Time
         410000      820.00000

   Energies (kJ/mol)
           Bond          Angle    Proper Dih. Per. Imp. Dih.          LJ-14
    4.34585e+03    1.13092e+04    1.49881e+04    6.29334e+02    5.36690e+03
     Coulomb-14        LJ (SR)  Disper. corr.   Coulomb (SR)   Coul. recip.
    6.64960e+04    1.19067e+05   -8.84442e+03   -1.11625e+06    6.46947e+03
      Potential    Kinetic En.   Total Energy  Conserved En.    Temperature
   -8.96423e+05    1.69877e+05   -7.26546e+05   -7.02207e+05    3.00525e+02
 Pres. DC (bar) Pressure (bar)   Constr. rmsd
   -2.20967e+02   -5.19337e+01    0.00000e+00

           Step           Time
         415000      830.00000

   Energies (kJ/mol)
           Bond          Angle    Proper Dih. Per. Imp. Dih.          LJ-14
    4.19738e+03    1.16247e+04    1.50693e+04    6.59565e+02    5.36191e+03
     Coulomb-14        LJ (SR)  Disper. corr.   Coulomb (SR)   Coul. recip.
    6.67254e+04    1.19627e+05   -8.79419e+03   -1.11731e+06    6.44623e+03
      Potential    Kinetic En.   Total Energy  Conserved En.    Temperature
   -8.96389e+05    1.67739e+05   -7.28650e+05   -7.01829e+05    2.96743e+02
 Pres. DC (bar) Pressure (bar)   Constr. rmsd
   -2.18468e+02   -3.66272e+01    0.00000e+00

           Step           Time
         420000      840.00000

   Energies (kJ/mol)
           Bond          Angle    Proper Dih. Per. Imp. Dih.          LJ-14
    4.17640e+03    1.13476e+04    1.52791e+04    6.81131e+02    5.36802e+03
     Coulomb-14        LJ (SR)  Disper. corr.   Coulomb (SR)   Coul. recip.
    6.66345e+04    1.19442e+05   -8.80868e+03   -1.11718e+06    6.53075e+03
      Potential    Kinetic En.   Total Energy  Conserved En.    Temperature
   -8.96525e+05    1.68856e+05   -7.27669e+05   -7.01561e+05    2.98718e+02
 Pres. DC (bar) Pressure (bar)   Constr. rmsd
   -2.19188e+02    1.60563e+01    0.00000e+00

           Step           Time
         425000      850.00000

   Energies (kJ/mol)
           Bond          Angle    Proper Dih. Per. Imp. Dih.          LJ-14
    4.33171e+03    1.18729e+04    1.48141e+04    6.59687e+02    5.41651e+03
     Coulomb-14        LJ (SR)  Disper. corr.   Coulomb (SR)   Coul. recip.
    6.66176e+04    1.20211e+05   -8.79379e+03   -1.11716e+06    6.39884e+03
      Potential    Kinetic En.   Total Energy  Conserved En.    Temperature
   -8.95632e+05    1.71547e+05   -7.24085e+05   -7.01198e+05    3.03480e+02
 Pres. DC (bar) Pressure (bar)   Constr. rmsd
   -2.18448e+02   -1.74435e+01    0.00000e+00

           Step           Time
         430000      860.00000

   Energies (kJ/mol)
           Bond          Angle    Proper Dih. Per. Imp. Dih.          LJ-14
    4.28691e+03    1.13643e+04    1.48865e+04    6.74660e+02    5.42504e+03
     Coulomb-14        LJ (SR)  Disper. corr.   Coulomb (SR)   Coul. recip.
    6.65226e+04    1.18358e+05   -8.79374e+03   -1.11456e+06    6.47867e+03
      Potential    Kinetic En.   Total Energy  Conserved En.    Temperature
   -8.95352e+05    1.70018e+05   -7.25334e+05   -7.00737e+05    3.00775e+02
 Pres. DC (bar) Pressure (bar)   Constr. rmsd
   -2.18445e+02   -1.48232e+01    0.00000e+00

           Step           Time
         435000      870.00000

   Energies (kJ/mol)
           Bond          Angle    Proper Dih. Per. Imp. Dih.          LJ-14
    4.41749e+03    1.15018e+04    1.51097e+04    6.80614e+02    5.38479e+03
     Coulomb-14        LJ (SR)  Disper. corr.   Coulomb (SR)   Coul. recip.
    6.64160e+04    1.18378e+05   -8.78738e+03   -1.11489e+06    6.38669e+03
      Potential    Kinetic En.   Total Energy  Conserved En.    Temperature
   -8.95398e+05    1.69861e+05   -7.25536e+05   -7.00398e+05    3.00498e+02
 Pres. DC (bar) Pressure (bar)   Constr. rmsd
   -2.18130e+02   -1.02057e+02    0.00000e+00

           Step           Time
         440000      880.00000

   Energies (kJ/mol)
           Bond          Angle    Proper Dih. Per. Imp. Dih.          LJ-14
    4.20533e+03    1.15732e+04    1.51000e+04    6.54794e+02    5.53005e+03
     Coulomb-14        LJ (SR)  Disper. corr.   Coulomb (SR)   Coul. recip.
    6.67633e+04    1.20077e+05   -8.85082e+03   -1.11817e+06    6.56406e+03
      Potential    Kinetic En.   Total Energy  Conserved En.    Temperature
   -8.96551e+05    1.69665e+05   -7.26886e+05   -6.99968e+05    3.00150e+02
 Pres. DC (bar) Pressure (bar)   Constr. rmsd
   -2.21287e+02    2.15548e+02    0.00000e+00

           Step           Time
         445000      890.00000

   Energies (kJ/mol)
           Bond          Angle    Proper Dih. Per. Imp. Dih.          LJ-14
    4.11735e+03    1.15631e+04    1.51180e+04    6.92452e+02    5.37275e+03
     Coulomb-14        LJ (SR)  Disper. corr.   Coulomb (SR)   Coul. recip.
    6.67101e+04    1.18419e+05   -8.82041e+03   -1.11544e+06    6.53527e+03
      Potential    Kinetic En.   Total Energy  Conserved En.    Temperature
   -8.95732e+05    1.70065e+05   -7.25667e+05   -6.99794e+05    3.00857e+02
 Pres. DC (bar) Pressure (bar)   Constr. rmsd
   -2.19770e+02   -2.20679e+01    0.00000e+00

           Step           Time
         450000      900.00000

   Energies (kJ/mol)
           Bond          Angle    Proper Dih. Per. Imp. Dih.          LJ-14
    4.45399e+03    1.14460e+04    1.51455e+04    7.07531e+02    5.43019e+03
     Coulomb-14        LJ (SR)  Disper. corr.   Coulomb (SR)   Coul. recip.
    6.66551e+04    1.18171e+05   -8.83926e+03   -1.11547e+06    6.53931e+03
      Potential    Kinetic En.   Total Energy  Conserved En.    Temperature
   -8.95755e+05    1.70068e+05   -7.25688e+05   -6.99340e+05    3.00862e+02
 Pres. DC (bar) Pressure (bar)   Constr. rmsd
   -2.20710e+02   -1.90495e+01    0.00000e+00

           Step           Time
         455000      910.00000

   Energies (kJ/mol)
           Bond          Angle    Proper Dih. Per. Imp. Dih.          LJ-14
    4.37314e+03    1.14004e+04    1.50878e+04    6.32104e+02    5.39327e+03
     Coulomb-14        LJ (SR)  Disper. corr.   Coulomb (SR)   Coul. recip.
    6.66676e+04    1.17289e+05   -8.83297e+03   -1.11294e+06    6.51542e+03
      Potential    Kinetic En.   Total Energy  Conserved En.    Temperature
   -8.94418e+05    1.69625e+05   -7.24793e+05   -6.99164e+05    3.00080e+02
 Pres. DC (bar) Pressure (bar)   Constr. rmsd
   -2.20396e+02    1.04074e+00    0.00000e+00

           Step           Time
         460000      920.00000

   Energies (kJ/mol)
           Bond          Angle    Proper Dih. Per. Imp. Dih.          LJ-14
    4.25399e+03    1.12549e+04    1.51768e+04    6.75518e+02    5.45777e+03
     Coulomb-14        LJ (SR)  Disper. corr.   Coulomb (SR)   Coul. recip.
    6.65580e+04    1.18783e+05   -8.84720e+03   -1.11778e+06    6.60052e+03
      Potential    Kinetic En.   Total Energy  Conserved En.    Temperature
   -8.97863e+05    1.69211e+05   -7.28652e+05   -6.98598e+05    2.99346e+02
 Pres. DC (bar) Pressure (bar)   Constr. rmsd
   -2.21106e+02   -7.90125e+01    0.00000e+00

           Step           Time
         465000      930.00000

   Energies (kJ/mol)
           Bond          Angle    Proper Dih. Per. Imp. Dih.          LJ-14
    4.24769e+03    1.14810e+04    1.50038e+04    6.88303e+02    5.47759e+03
     Coulomb-14        LJ (SR)  Disper. corr.   Coulomb (SR)   Coul. recip.
    6.67178e+04    1.18515e+05   -8.84641e+03   -1.11697e+06    6.35489e+03
      Potential    Kinetic En.   Total Energy  Conserved En.    Temperature
   -8.97329e+05    1.70160e+05   -7.27169e+05   -6.98141e+05    3.01025e+02
 Pres. DC (bar) Pressure (bar)   Constr. rmsd
   -2.21067e+02    5.20978e+01    0.00000e+00

           Step           Time
         470000      940.00000

   Energies (kJ/mol)
           Bond          Angle    Proper Dih. Per. Imp. Dih.          LJ-14
    4.11318e+03    1.14860e+04    1.51014e+04    7.42794e+02    5.45839e+03
     Coulomb-14        LJ (SR)  Disper. corr.   Coulomb (SR)   Coul. recip.
    6.66354e+04    1.19939e+05   -8.84832e+03   -1.11790e+06    6.44896e+03
      Potential    Kinetic En.   Total Energy  Conserved En.    Temperature
   -8.96822e+05    1.68235e+05   -7.28587e+05   -6.97996e+05    2.97621e+02
 Pres. DC (bar) Pressure (bar)   Constr. rmsd
   -2.21162e+02    1.99976e+02    0.00000e+00

           Step           Time
         475000      950.00000

   Energies (kJ/mol)
           Bond          Angle    Proper Dih. Per. Imp. Dih.          LJ-14
    4.22620e+03    1.14602e+04    1.51737e+04    7.10568e+02    5.40631e+03
     Coulomb-14        LJ (SR)  Disper. corr.   Coulomb (SR)   Coul. recip.
    6.65248e+04    1.18554e+05   -8.80163e+03   -1.11580e+06    6.40794e+03
      Potential    Kinetic En.   Total Energy  Conserved En.    Temperature
   -8.96135e+05    1.70182e+05   -7.25954e+05   -6.97631e+05    3.01064e+02
 Pres. DC (bar) Pressure (bar)   Constr. rmsd
   -2.18837e+02   -5.08546e+01    0.00000e+00

           Step           Time
         480000      960.00000

   Energies (kJ/mol)
           Bond          Angle    Proper Dih. Per. Imp. Dih.          LJ-14
    4.16799e+03    1.13702e+04    1.51147e+04    6.82500e+02    5.50583e+03
     Coulomb-14        LJ (SR)  Disper. corr.   Coulomb (SR)   Coul. recip.
    6.64248e+04    1.19322e+05   -8.80167e+03   -1.11673e+06    6.44697e+03
      Potential    Kinetic En.   Total Energy  Conserved En.    Temperature
   -8.96501e+05    1.70101e+05   -7.26400e+05   -6.97402e+05    3.00921e+02
 Pres. DC (bar) Pressure (bar)   Constr. rmsd
   -2.18839e+02    4.64404e+01    0.00000e+00

           Step           Time
         485000      970.00000

   Energies (kJ/mol)
           Bond          Angle    Proper Dih. Per. Imp. Dih.          LJ-14
    4.42865e+03    1.13362e+04    1.49945e+04    6.50665e+02    5.27994e+03
     Coulomb-14        LJ (SR)  Disper. corr.   Coulomb (SR)   Coul. recip.
    6.66191e+04    1.18389e+05   -8.79427e+03   -1.11430e+06    6.52988e+03
      Potential    Kinetic En.   Total Energy  Conserved En.    Temperature
   -8.94870e+05    1.69330e+05   -7.25540e+05   -6.97202e+05    2.99557e+02
 Pres. DC (bar) Pressure (bar)   Constr. rmsd
   -2.18472e+02   -1.19923e+02    0.00000e+00

           Step           Time
         490000      980.00000

   Energies (kJ/mol)
           Bond          Angle    Proper Dih. Per. Imp. Dih.          LJ-14
    4.46929e+03    1.13909e+04    1.49679e+04    7.29757e+02    5.34162e+03
     Coulomb-14        LJ (SR)  Disper. corr.   Coulomb (SR)   Coul. recip.
    6.66578e+04    1.18812e+05   -8.84625e+03   -1.11720e+06    6.33722e+03
      Potential    Kinetic En.   Total Energy  Conserved En.    Temperature
   -8.97335e+05    1.70171e+05   -7.27163e+05   -6.96960e+05    3.01046e+02
 Pres. DC (bar) Pressure (bar)   Constr. rmsd
   -2.21059e+02   -5.94070e+01    0.00000e+00

           Step           Time
         495000      990.00000

   Energies (kJ/mol)
           Bond          Angle    Proper Dih. Per. Imp. Dih.          LJ-14
    4.22108e+03    1.14000e+04    1.50388e+04    7.01935e+02    5.42364e+03
     Coulomb-14        LJ (SR)  Disper. corr.   Coulomb (SR)   Coul. recip.
    6.67600e+04    1.20390e+05   -8.81978e+03   -1.11872e+06    6.35397e+03
      Potential    Kinetic En.   Total Energy  Conserved En.    Temperature
   -8.97251e+05    1.68871e+05   -7.28379e+05   -6.96685e+05    2.98746e+02
 Pres. DC (bar) Pressure (bar)   Constr. rmsd
   -2.19739e+02    1.16994e+02    0.00000e+00

           Step           Time
         500000     1000.00000

Writing checkpoint, step 500000 at Tue Aug  1 17:13:24 2023


   Energies (kJ/mol)
           Bond          Angle    Proper Dih. Per. Imp. Dih.          LJ-14
    4.20265e+03    1.13715e+04    1.51501e+04    6.66566e+02    5.46038e+03
     Coulomb-14        LJ (SR)  Disper. corr.   Coulomb (SR)   Coul. recip.
    6.65608e+04    1.18354e+05   -8.79907e+03   -1.11504e+06    6.56697e+03
      Potential    Kinetic En.   Total Energy  Conserved En.    Temperature
   -8.95505e+05    1.69417e+05   -7.26088e+05   -6.95948e+05    2.99711e+02
 Pres. DC (bar) Pressure (bar)   Constr. rmsd
   -2.18710e+02   -3.48502e+01    0.00000e+00


Energy conservation over simulation part #1 of length 1000 ps, time 0 to 1000 ps
  Conserved energy drift: 4.80e-04 kJ/mol/ps per atom


	<======  ###############  ==>
	<====  A V E R A G E S  ====>
	<==  ###############  ======>

	Statistics over 500001 steps using 5001 frames

   Energies (kJ/mol)
           Bond          Angle    Proper Dih. Per. Imp. Dih.          LJ-14
    4.27834e+03    1.14149e+04    1.50947e+04    6.95789e+02    5.40330e+03
     Coulomb-14        LJ (SR)  Disper. corr.   Coulomb (SR)   Coul. recip.
    6.64981e+04    1.18647e+05   -8.82325e+03   -1.11599e+06    6.47670e+03
      Potential    Kinetic En.   Total Energy  Conserved En.    Temperature
   -8.96302e+05    1.69603e+05   -7.26699e+05   -7.11843e+05    3.00040e+02
 Pres. DC (bar) Pressure (bar)   Constr. rmsd
   -2.19915e+02    1.21462e+00    0.00000e+00

          Box-X          Box-Y          Box-Z
    8.73744e+00    8.73744e+00    8.73744e+00

   Total Virial (kJ/mol)
    5.65555e+04    6.48344e+01    1.44334e+01
    6.48387e+01    5.64698e+04   -3.85986e+01
    1.44333e+01   -3.85994e+01    5.65217e+04

   Pressure (bar)
   -1.34153e+00   -1.04928e+00    5.71216e-01
   -1.04949e+00    3.58350e+00    1.24088e+00
    5.71224e-01    1.24093e+00    1.40188e+00

      T-Protein  T-non-Protein
    3.00128e+02    3.00030e+02


	M E G A - F L O P S   A C C O U N T I N G

 NB=Group-cutoff nonbonded kernels    NxN=N-by-N cluster Verlet kernels
 RF=Reaction-Field  VdW=Van der Waals  QSTab=quadratic-spline table
 W3=SPC/TIP3p  W4=TIP4p (single or pairs)
 V&F=Potential and force  V=Potential only  F=Force only

 Computing:                               M-Number         M-Flops  % Flops
-----------------------------------------------------------------------------
 Pair Search distance check           30911.989664      278207.907     0.0
 NxN Ewald Elec. + LJ [F]          31577655.073536  2084125234.853    98.2
 NxN Ewald Elec. + LJ [V&F]          319030.035840    34136213.835     1.6
 1,4 nonbonded interactions            7391.014782      665191.330     0.0
 Shift-X                                332.686524        1996.119     0.0
 Bonds                                 1440.002880       84960.170     0.0
 Angles                                5132.010264      862177.724     0.0
 Propers                               8013.516027     1835095.170     0.1
 Impropers                              562.501125      117000.234     0.0
 Virial                                 665.756569       11983.618     0.0
 Stop-CM                                332.686524        3326.865     0.0
 Calc-Ekin                             6652.533048      179618.392     0.0
-----------------------------------------------------------------------------
 Total                                              2122301006.219   100.0
-----------------------------------------------------------------------------


      R E A L   C Y C L E   A N D   T I M E   A C C O U N T I N G

On 1 MPI rank, each using 20 OpenMP threads

 Activity:              Num   Num      Call    Wall time         Giga-Cycles
                        Ranks Threads  Count      (s)         total sum    %
--------------------------------------------------------------------------------
 Neighbor search           1   20       5001      10.372        748.780   2.4
 Launch PP GPU ops.        1   20     995001      16.235       1172.007   3.8
 Force                     1   20     500001      64.979       4690.948  15.1
 PME GPU mesh              1   20     500001       9.664        697.631   2.3
 Wait GPU NB local         1   20     490000       0.672         48.522   0.2
 Wait GPU state copy       1   20     620003     307.873      22226.010  71.7
 NB X/F buffer ops.        1   20      10001       0.961         69.345   0.2
 Write traj.               1   20        101       0.344         24.859   0.1
 Rest                                             18.150       1310.274   4.2
--------------------------------------------------------------------------------
 Total                                           429.249      30988.377 100.0
--------------------------------------------------------------------------------
 Breakdown of PME mesh activities
--------------------------------------------------------------------------------
 Wait PME GPU gather       1   20     500001       0.696         50.254   0.2
 Reduce GPU PME F          1   20     500001       0.512         36.948   0.1
 Launch PME GPU ops.       1   20    4500009       8.135        587.295   1.9
--------------------------------------------------------------------------------

               Core t (s)   Wall t (s)        (%)
       Time:     8584.941      429.249     2000.0
                 (ns/day)    (hour/ns)
Performance:      201.282        0.119
Finished mdrun on rank 0 Tue Aug  1 17:13:24 2023

