                      :-) GROMACS - gmx mdrun, 2023.2 (-:

Copyright 1991-2023 The GROMACS Authors.
GROMACS is free software; you can redistribute it and/or modify it
under the terms of the GNU Lesser General Public License
as published by the Free Software Foundation; either version 2.1
of the License, or (at your option) any later version.

                         Current GROMACS contributors:
       Mark Abraham           Andrey Alekseenko           Cathrine Bergh      
      Christian Blau            Eliane Briand             Mahesh Doijade      
    Stefan Fleischmann           Vytas Gapsys              Gaurav Garg        
      Sergey Gorelov         Gilles Gouaillardet            Alan Gray         
     M. Eric Irrgang         Farzaneh Jalalypour            Joe Jordan        
    Christoph Junghans        Prashanth Kanduri          Sebastian Keller     
     Carsten Kutzner           Justin A. Lemkul          Magnus Lundborg      
       Pascal Merz              Vedran Miletic            Dmitry Morozov      
       Szilard Pall             Roland Schulz             Michael Shirts      
     Alexey Shvetsov            Balint Soproni         David van der Spoel    
      Philip Turner             Carsten Uphoff           Alessandra Villa     
 Sebastian Wingbermuehle        Artem Zhmurov       

                         Previous GROMACS contributors:
        Emile Apol             Rossen Apostolov           James Barnett       
  Herman J.C. Berendsen          Par Bjelkmar           Viacheslav Bolnykh    
        Kevin Boyd            Aldert van Buuren          Carlo Camilloni      
     Rudi van Drunen            Anton Feenstra           Oliver Fleetwood     
     Gerrit Groenhof            Bert de Groot             Anca Hamuraru       
    Vincent Hindriksen          Victor Holanda           Aleksei Iupinov      
   Dimitrios Karkoulis           Peter Kasson             Sebastian Kehl      
        Jiri Kraus               Per Larsson              Viveca Lindahl      
      Erik Marklund           Pieter Meulenhoff           Teemu Murtola       
       Sander Pronk             Alfons Sijbers            Peter Tieleman      
       Jon Vincent             Teemu Virolainen         Christian Wennberg    
       Maarten Wolf       

                  Coordinated by the GROMACS project leaders:
                    Paul Bauer, Berk Hess, and Erik Lindahl

GROMACS:      gmx mdrun, version 2023.2
Executable:   /usr/local/gromacs/bin/gmx
Data prefix:  /usr/local/gromacs
Working dir:  /home/alexi/Documents/SBL_MD_CovDock
Process ID:   941083
Command line:
  gmx mdrun -deffnm prod_structures/APO/APO_5UL8_nvt

GROMACS version:    2023.2
Precision:          mixed
Memory model:       64 bit
MPI library:        thread_mpi
OpenMP support:     enabled (GMX_OPENMP_MAX_THREADS = 128)
GPU support:        CUDA
NB cluster size:    8
SIMD instructions:  AVX2_256
CPU FFT library:    fftw-3.3.8-sse2-avx-avx2-avx2_128
GPU FFT library:    cuFFT
Multi-GPU FFT:      none
RDTSCP usage:       enabled
TNG support:        enabled
Hwloc support:      disabled
Tracing support:    disabled
C compiler:         /usr/bin/cc GNU 11.3.0
C compiler flags:   -fexcess-precision=fast -funroll-all-loops -mavx2 -mfma -Wno-missing-field-initializers -O3 -DNDEBUG
C++ compiler:       /usr/bin/c++ GNU 11.3.0
C++ compiler flags: -fexcess-precision=fast -funroll-all-loops -mavx2 -mfma -Wno-missing-field-initializers -Wno-cast-function-type-strict -fopenmp -O3 -DNDEBUG
BLAS library:       
LAPACK library:     
CUDA compiler:      /home/alexi/miniconda3/envs/cuda_martini/bin/nvcc nvcc: NVIDIA (R) Cuda compiler driver;Copyright (c) 2005-2022 NVIDIA Corporation;Built on Wed_Sep_21_10:33:58_PDT_2022;Cuda compilation tools, release 11.8, V11.8.89;Build cuda_11.8.r11.8/compiler.31833905_0
CUDA compiler flags:-std=c++17;--generate-code=arch=compute_35,code=sm_35;--generate-code=arch=compute_37,code=sm_37;--generate-code=arch=compute_50,code=sm_50;--generate-code=arch=compute_52,code=sm_52;--generate-code=arch=compute_60,code=sm_60;--generate-code=arch=compute_61,code=sm_61;--generate-code=arch=compute_70,code=sm_70;--generate-code=arch=compute_75,code=sm_75;--generate-code=arch=compute_80,code=sm_80;--generate-code=arch=compute_86,code=sm_86;--generate-code=arch=compute_89,code=sm_89;--generate-code=arch=compute_90,code=sm_90;-Wno-deprecated-gpu-targets;--generate-code=arch=compute_53,code=sm_53;--generate-code=arch=compute_80,code=sm_80;-use_fast_math;-Xptxas;-warn-double-usage;-Xptxas;-Werror;-D_FORCE_INLINES;-fexcess-precision=fast -funroll-all-loops -mavx2 -mfma -Wno-missing-field-initializers -Wno-cast-function-type-strict -fopenmp -O3 -DNDEBUG
CUDA driver:        12.10
CUDA runtime:       11.80


Running on 1 node with total 12 cores, 20 processing units, 1 compatible GPU
Hardware detected on host Celeste:
  CPU info:
    Vendor: Intel
    Brand:  12th Gen Intel(R) Core(TM) i7-12700KF
    Family: 6   Model: 151   Stepping: 2
    Features: aes apic avx avx2 clfsh cmov cx8 cx16 f16c fma htt intel lahf mmx msr nonstop_tsc pcid pclmuldq pdcm pdpe1gb popcnt pse rdrnd rdtscp sha sse2 sse3 sse4.1 sse4.2 ssse3 tdt x2apic
  Hardware topology: Basic
    Packages, cores, and logical processors:
    [indices refer to OS logical processors]
      Package  0: [   0   1] [   2   3] [   4   5] [   6   7] [   8   9] [  10  11] [  12  13] [  14  15] [  16] [  17] [  18] [  19]
    CPU limit set by OS: -1   Recommended max number of threads: 20
  GPU info:
    Number of GPUs detected: 1
    #0: NVIDIA NVIDIA GeForce RTX 3060, compute cap.: 8.6, ECC:  no, stat: compatible


++++ PLEASE READ AND CITE THE FOLLOWING REFERENCE ++++
M. J. Abraham, T. Murtola, R. Schulz, S. Páll, J. C. Smith, B. Hess, E.
Lindahl
GROMACS: High performance molecular simulations through multi-level
parallelism from laptops to supercomputers
SoftwareX 1 (2015) pp. 19-25
-------- -------- --- Thank You --- -------- --------


++++ PLEASE READ AND CITE THE FOLLOWING REFERENCE ++++
S. Páll, M. J. Abraham, C. Kutzner, B. Hess, E. Lindahl
Tackling Exascale Software Challenges in Molecular Dynamics Simulations with
GROMACS
In S. Markidis & E. Laure (Eds.), Solving Software Challenges for Exascale 8759 (2015) pp. 3-27
-------- -------- --- Thank You --- -------- --------


++++ PLEASE READ AND CITE THE FOLLOWING REFERENCE ++++
S. Pronk, S. Páll, R. Schulz, P. Larsson, P. Bjelkmar, R. Apostolov, M. R.
Shirts, J. C. Smith, P. M. Kasson, D. van der Spoel, B. Hess, and E. Lindahl
GROMACS 4.5: a high-throughput and highly parallel open source molecular
simulation toolkit
Bioinformatics 29 (2013) pp. 845-54
-------- -------- --- Thank You --- -------- --------


++++ PLEASE READ AND CITE THE FOLLOWING REFERENCE ++++
B. Hess and C. Kutzner and D. van der Spoel and E. Lindahl
GROMACS 4: Algorithms for highly efficient, load-balanced, and scalable
molecular simulation
J. Chem. Theory Comput. 4 (2008) pp. 435-447
-------- -------- --- Thank You --- -------- --------


++++ PLEASE READ AND CITE THE FOLLOWING REFERENCE ++++
D. van der Spoel, E. Lindahl, B. Hess, G. Groenhof, A. E. Mark and H. J. C.
Berendsen
GROMACS: Fast, Flexible and Free
J. Comp. Chem. 26 (2005) pp. 1701-1719
-------- -------- --- Thank You --- -------- --------


++++ PLEASE READ AND CITE THE FOLLOWING REFERENCE ++++
E. Lindahl and B. Hess and D. van der Spoel
GROMACS 3.0: A package for molecular simulation and trajectory analysis
J. Mol. Mod. 7 (2001) pp. 306-317
-------- -------- --- Thank You --- -------- --------


++++ PLEASE READ AND CITE THE FOLLOWING REFERENCE ++++
H. J. C. Berendsen, D. van der Spoel and R. van Drunen
GROMACS: A message-passing parallel molecular dynamics implementation
Comp. Phys. Comm. 91 (1995) pp. 43-56
-------- -------- --- Thank You --- -------- --------


++++ PLEASE CITE THE DOI FOR THIS VERSION OF GROMACS ++++
https://doi.org/10.5281/zenodo.8134397
-------- -------- --- Thank You --- -------- --------

Input Parameters:
   integrator                     = md
   tinit                          = 0
   dt                             = 0.002
   nsteps                         = 50000
   init-step                      = 0
   simulation-part                = 1
   mts                            = false
   comm-mode                      = Linear
   nstcomm                        = 100
   bd-fric                        = 0
   ld-seed                        = -221188897
   emtol                          = 10
   emstep                         = 0.01
   niter                          = 20
   fcstep                         = 0
   nstcgsteep                     = 1000
   nbfgscorr                      = 10
   rtpi                           = 0.05
   nstxout                        = 500
   nstvout                        = 500
   nstfout                        = 0
   nstlog                         = 500
   nstcalcenergy                  = 100
   nstenergy                      = 500
   nstxout-compressed             = 0
   compressed-x-precision         = 1000
   cutoff-scheme                  = Verlet
   nstlist                        = 10
   pbc                            = xyz
   periodic-molecules             = false
   verlet-buffer-tolerance        = 0.005
   rlist                          = 1
   coulombtype                    = PME
   coulomb-modifier               = Potential-shift
   rcoulomb-switch                = 0
   rcoulomb                       = 1
   epsilon-r                      = 1
   epsilon-rf                     = inf
   vdw-type                       = Cut-off
   vdw-modifier                   = Potential-shift
   rvdw-switch                    = 0
   rvdw                           = 1
   DispCorr                       = EnerPres
   table-extension                = 1
   fourierspacing                 = 0.16
   fourier-nx                     = 52
   fourier-ny                     = 52
   fourier-nz                     = 52
   pme-order                      = 4
   ewald-rtol                     = 1e-05
   ewald-rtol-lj                  = 0.001
   lj-pme-comb-rule               = Geometric
   ewald-geometry                 = 3d
   epsilon-surface                = 0
   ensemble-temperature-setting   = constant
   ensemble-temperature           = 300
   tcoupl                         = V-rescale
   nsttcouple                     = 10
   nh-chain-length                = 0
   print-nose-hoover-chain-variables = false
   pcoupl                         = Parrinello-Rahman
   pcoupltype                     = Isotropic
   nstpcouple                     = 50
   tau-p                          = 2
   compressibility (3x3):
      compressibility[    0]={ 4.50000e-05,  0.00000e+00,  0.00000e+00}
      compressibility[    1]={ 0.00000e+00,  4.50000e-05,  0.00000e+00}
      compressibility[    2]={ 0.00000e+00,  0.00000e+00,  4.50000e-05}
   ref-p (3x3):
      ref-p[    0]={ 1.00000e+00,  0.00000e+00,  0.00000e+00}
      ref-p[    1]={ 0.00000e+00,  1.00000e+00,  0.00000e+00}
      ref-p[    2]={ 0.00000e+00,  0.00000e+00,  1.00000e+00}
   refcoord-scaling               = COM
   posres-com (3):
      posres-com[0]= 4.98653e-01
      posres-com[1]= 5.00611e-01
      posres-com[2]= 5.02088e-01
   posres-comB (3):
      posres-comB[0]= 4.98653e-01
      posres-comB[1]= 5.00611e-01
      posres-comB[2]= 5.02088e-01
   QMMM                           = false
qm-opts:
   ngQM                           = 0
   constraint-algorithm           = Lincs
   continuation                   = true
   Shake-SOR                      = false
   shake-tol                      = 0.0001
   lincs-order                    = 4
   lincs-iter                     = 1
   lincs-warnangle                = 30
   nwall                          = 0
   wall-type                      = 9-3
   wall-r-linpot                  = -1
   wall-atomtype[0]               = -1
   wall-atomtype[1]               = -1
   wall-density[0]                = 0
   wall-density[1]                = 0
   wall-ewald-zfac                = 3
   pull                           = false
   awh                            = false
   rotation                       = false
   interactiveMD                  = false
   disre                          = No
   disre-weighting                = Conservative
   disre-mixed                    = false
   dr-fc                          = 1000
   dr-tau                         = 0
   nstdisreout                    = 100
   orire-fc                       = 0
   orire-tau                      = 0
   nstorireout                    = 100
   free-energy                    = no
   cos-acceleration               = 0
   deform (3x3):
      deform[    0]={ 0.00000e+00,  0.00000e+00,  0.00000e+00}
      deform[    1]={ 0.00000e+00,  0.00000e+00,  0.00000e+00}
      deform[    2]={ 0.00000e+00,  0.00000e+00,  0.00000e+00}
   simulated-tempering            = false
   swapcoords                     = no
   userint1                       = 0
   userint2                       = 0
   userint3                       = 0
   userint4                       = 0
   userreal1                      = 0
   userreal2                      = 0
   userreal3                      = 0
   userreal4                      = 0
   applied-forces:
     electric-field:
       x:
         E0                       = 0
         omega                    = 0
         t0                       = 0
         sigma                    = 0
       y:
         E0                       = 0
         omega                    = 0
         t0                       = 0
         sigma                    = 0
       z:
         E0                       = 0
         omega                    = 0
         t0                       = 0
         sigma                    = 0
     density-guided-simulation:
       active                     = false
       group                      = protein
       similarity-measure         = inner-product
       atom-spreading-weight      = unity
       force-constant             = 1e+09
       gaussian-transform-spreading-width = 0.2
       gaussian-transform-spreading-range-in-multiples-of-width = 4
       reference-density-filename = reference.mrc
       nst                        = 1
       normalize-densities        = true
       adaptive-force-scaling     = false
       adaptive-force-scaling-time-constant = 4
       shift-vector               = 
       transformation-matrix      = 
     qmmm-cp2k:
       active                     = false
       qmgroup                    = System
       qmmethod                   = PBE
       qmfilenames                = 
       qmcharge                   = 0
       qmmultiplicity             = 1
grpopts:
   nrdf:     10093.7      102192
   ref-t:         300         300
   tau-t:         0.1         0.1
annealing:          No          No
annealing-npoints:           0           0
   acc:	           0           0           0
   nfreeze:           N           N           N
   energygrp-flags[  0]: 0

Changing nstlist from 10 to 100, rlist from 1 to 1.155

When checking whether update groups are usable:
  Domain decomposition is not active, so there is no need for update groups
1 GPU selected for this run.
Mapping of GPU IDs to the 2 GPU tasks in the 1 rank on this node:
  PP:0,PME:0
PP tasks will do (non-perturbed) short-ranged interactions on the GPU
PP task will update and constrain coordinates on the GPU
PME tasks will do all aspects on the GPU
Using 1 MPI thread
Using 20 OpenMP threads 

System total charge: 0.000
Will do PME sum in reciprocal space for electrostatic interactions.

++++ PLEASE READ AND CITE THE FOLLOWING REFERENCE ++++
U. Essmann, L. Perera, M. L. Berkowitz, T. Darden, H. Lee and L. G. Pedersen 
A smooth particle mesh Ewald method
J. Chem. Phys. 103 (1995) pp. 8577-8592
-------- -------- --- Thank You --- -------- --------

Using a Gaussian width (1/beta) of 0.320163 nm for Ewald
Potential shift: LJ r^-12: -1.000e+00 r^-6: -1.000e+00, Ewald -1.000e-05
Initialized non-bonded Coulomb Ewald tables, spacing: 9.33e-04 size: 1073

Generated table with 1077 data points for 1-4 COUL.
Tabscale = 500 points/nm
Generated table with 1077 data points for 1-4 LJ6.
Tabscale = 500 points/nm
Generated table with 1077 data points for 1-4 LJ12.
Tabscale = 500 points/nm
Long Range LJ corr.: <C6> 3.1284e-04


Using GPU 8x8 nonbonded short-range kernels

Using a dual 8x8 pair-list setup updated with dynamic, rolling pruning:
  outer list: updated every 100 steps, buffer 0.155 nm, rlist 1.155 nm
  inner list: updated every  12 steps, buffer 0.006 nm, rlist 1.006 nm
At tolerance 0.005 kJ/mol/ps per atom, equivalent classical 1x1 list would be:
  outer list: updated every 100 steps, buffer 0.304 nm, rlist 1.304 nm
  inner list: updated every  12 steps, buffer 0.054 nm, rlist 1.054 nm

Using Lorentz-Berthelot Lennard-Jones combination rule

Pinning threads with an auto-selected logical cpu stride of 1

Initializing LINear Constraint Solver

++++ PLEASE READ AND CITE THE FOLLOWING REFERENCE ++++
B. Hess and H. Bekker and H. J. C. Berendsen and J. G. E. M. Fraaije
LINCS: A Linear Constraint Solver for molecular simulations
J. Comp. Chem. 18 (1997) pp. 1463-1472
-------- -------- --- Thank You --- -------- --------

The number of constraints is 2008

++++ PLEASE READ AND CITE THE FOLLOWING REFERENCE ++++
S. Miyamoto and P. A. Kollman
SETTLE: An Analytical Version of the SHAKE and RATTLE Algorithms for Rigid
Water Models
J. Comp. Chem. 13 (1992) pp. 952-962
-------- -------- --- Thank You --- -------- --------


++++ PLEASE READ AND CITE THE FOLLOWING REFERENCE ++++
G. Bussi, D. Donadio and M. Parrinello
Canonical sampling through velocity rescaling
J. Chem. Phys. 126 (2007) pp. 014101
-------- -------- --- Thank You --- -------- --------

There are: 55080 Atoms

Updating coordinates and applying constraints on the GPU.
Center of mass motion removal mode is Linear
We have the following groups for center of mass motion removal:
  0:  rest

Started mdrun on rank 0 Tue Aug  1 16:56:04 2023

           Step           Time
              0        0.00000

   Energies (kJ/mol)
           Bond          Angle    Proper Dih. Per. Imp. Dih.          LJ-14
    5.59066e+02    2.01881e+03    9.79297e+03    1.27309e+02    3.60115e+03
     Coulomb-14        LJ (SR)  Disper. corr.   Coulomb (SR)   Coul. recip.
    4.34630e+04    1.10935e+05   -7.06956e+03   -1.04992e+06    5.39238e+03
 Position Rest.      Potential    Kinetic En.   Total Energy  Conserved En.
    2.30649e-07   -8.81098e+05    5.78956e+02   -8.80519e+05   -8.80485e+05
    Temperature Pres. DC (bar) Pressure (bar)   Constr. rmsd
    1.24027e+00   -2.09266e+02   -5.68644e+03    0.00000e+00


Step 51 Pressure scaling more than 1%. This may mean your system is not yet equilibrated. Use of Parrinello-Rahman pressure coupling during equilibration can lead to simulation instability, and is discouraged.

Step 101 Pressure scaling more than 1%. This may mean your system is not yet equilibrated. Use of Parrinello-Rahman pressure coupling during equilibration can lead to simulation instability, and is discouraged.

Step 351 Pressure scaling more than 1%. This may mean your system is not yet equilibrated. Use of Parrinello-Rahman pressure coupling during equilibration can lead to simulation instability, and is discouraged.

Step 401 Pressure scaling more than 1%. This may mean your system is not yet equilibrated. Use of Parrinello-Rahman pressure coupling during equilibration can lead to simulation instability, and is discouraged.

Step 451 Pressure scaling more than 1%. This may mean your system is not yet equilibrated. Use of Parrinello-Rahman pressure coupling during equilibration can lead to simulation instability, and is discouraged.
           Step           Time
            500        1.00000

   Energies (kJ/mol)
           Bond          Angle    Proper Dih. Per. Imp. Dih.          LJ-14
    3.41046e+03    7.16821e+03    1.07916e+04    4.68416e+02    4.24309e+03
     Coulomb-14        LJ (SR)  Disper. corr.   Coulomb (SR)   Coul. recip.
    4.36001e+04    9.29190e+04   -6.94120e+03   -9.07611e+05    5.48447e+03
 Position Rest.      Potential    Kinetic En.   Total Energy  Conserved En.
    1.05598e+03   -7.45411e+05    1.35563e+05   -6.09848e+05   -8.82975e+05
    Temperature Pres. DC (bar) Pressure (bar)   Constr. rmsd
    2.90410e+02   -2.01745e+02   -4.99832e+02    0.00000e+00


Step 501 Pressure scaling more than 1%. This may mean your system is not yet equilibrated. Use of Parrinello-Rahman pressure coupling during equilibration can lead to simulation instability, and is discouraged.

Step 551 Pressure scaling more than 1%. This may mean your system is not yet equilibrated. Use of Parrinello-Rahman pressure coupling during equilibration can lead to simulation instability, and is discouraged.
           Step           Time
           1000        2.00000

   Energies (kJ/mol)
           Bond          Angle    Proper Dih. Per. Imp. Dih.          LJ-14
    3.63141e+03    7.58005e+03    1.09547e+04    5.65102e+02    4.01173e+03
     Coulomb-14        LJ (SR)  Disper. corr.   Coulomb (SR)   Coul. recip.
    4.32674e+04    9.58274e+04   -6.30343e+03   -8.89208e+05    6.40617e+03
 Position Rest.      Potential    Kinetic En.   Total Energy  Conserved En.
    1.01088e+03   -7.22256e+05    1.41850e+05   -5.80406e+05   -8.72274e+05
    Temperature Pres. DC (bar) Pressure (bar)   Constr. rmsd
    3.03879e+02   -1.66416e+02   -1.04523e+03    0.00000e+00


Step 1101 Pressure scaling more than 1%. This may mean your system is not yet equilibrated. Use of Parrinello-Rahman pressure coupling during equilibration can lead to simulation instability, and is discouraged.

Step 1151 Pressure scaling more than 1%. This may mean your system is not yet equilibrated. Use of Parrinello-Rahman pressure coupling during equilibration can lead to simulation instability, and is discouraged.

Step 1201 Pressure scaling more than 1%. This may mean your system is not yet equilibrated. Use of Parrinello-Rahman pressure coupling during equilibration can lead to simulation instability, and is discouraged.
           Step           Time
           1500        3.00000

   Energies (kJ/mol)
           Bond          Angle    Proper Dih. Per. Imp. Dih.          LJ-14
    3.17818e+03    7.65692e+03    1.08789e+04    4.97274e+02    4.01985e+03
     Coulomb-14        LJ (SR)  Disper. corr.   Coulomb (SR)   Coul. recip.
    4.31459e+04    1.06957e+05   -7.63151e+03   -9.28862e+05    5.05872e+03
 Position Rest.      Potential    Kinetic En.   Total Energy  Conserved En.
    1.04787e+03   -7.54053e+05    1.40958e+05   -6.13094e+05   -8.56614e+05
    Temperature Pres. DC (bar) Pressure (bar)   Constr. rmsd
    3.01968e+02   -2.43813e+02    1.51398e+03    0.00000e+00

           Step           Time
           2000        4.00000

   Energies (kJ/mol)
           Bond          Angle    Proper Dih. Per. Imp. Dih.          LJ-14
    3.23499e+03    7.88400e+03    1.09029e+04    4.90613e+02    4.03552e+03
     Coulomb-14        LJ (SR)  Disper. corr.   Coulomb (SR)   Coul. recip.
    4.32226e+04    9.47337e+04   -6.74362e+03   -9.02147e+05    5.62679e+03
 Position Rest.      Potential    Kinetic En.   Total Energy  Conserved En.
    1.00831e+03   -7.37751e+05    1.39794e+05   -5.97957e+05   -8.50673e+05
    Temperature Pres. DC (bar) Pressure (bar)   Constr. rmsd
    2.99474e+02   -1.90437e+02   -9.67454e+02    0.00000e+00

           Step           Time
           2500        5.00000

   Energies (kJ/mol)
           Bond          Angle    Proper Dih. Per. Imp. Dih.          LJ-14
    3.17625e+03    8.01771e+03    1.09478e+04    5.49508e+02    4.07443e+03
     Coulomb-14        LJ (SR)  Disper. corr.   Coulomb (SR)   Coul. recip.
    4.29425e+04    1.05425e+05   -7.42147e+03   -9.26819e+05    5.15725e+03
 Position Rest.      Potential    Kinetic En.   Total Energy  Conserved En.
    9.69287e+02   -7.52981e+05    1.40871e+05   -6.12110e+05   -8.47464e+05
    Temperature Pres. DC (bar) Pressure (bar)   Constr. rmsd
    3.01780e+02   -2.30592e+02    9.48376e+02    0.00000e+00

           Step           Time
           3000        6.00000

   Energies (kJ/mol)
           Bond          Angle    Proper Dih. Per. Imp. Dih.          LJ-14
    3.05049e+03    7.95129e+03    1.08729e+04    5.25510e+02    4.06662e+03
     Coulomb-14        LJ (SR)  Disper. corr.   Coulomb (SR)   Coul. recip.
    4.34698e+04    9.86518e+04   -7.06210e+03   -9.14422e+05    5.38172e+03
 Position Rest.      Potential    Kinetic En.   Total Energy  Conserved En.
    8.90739e+02   -7.46624e+05    1.40135e+05   -6.06488e+05   -8.46631e+05
    Temperature Pres. DC (bar) Pressure (bar)   Constr. rmsd
    3.00204e+02   -2.08825e+02   -2.23848e+02    0.00000e+00

           Step           Time
           3500        7.00000

   Energies (kJ/mol)
           Bond          Angle    Proper Dih. Per. Imp. Dih.          LJ-14
    2.98598e+03    8.08895e+03    1.08342e+04    5.47261e+02    4.01594e+03
     Coulomb-14        LJ (SR)  Disper. corr.   Coulomb (SR)   Coul. recip.
    4.32098e+04    1.02226e+05   -7.23214e+03   -9.21652e+05    5.25284e+03
 Position Rest.      Potential    Kinetic En.   Total Energy  Conserved En.
    9.34639e+02   -7.50789e+05    1.40626e+05   -6.10163e+05   -8.46420e+05
    Temperature Pres. DC (bar) Pressure (bar)   Constr. rmsd
    3.01256e+02   -2.18990e+02    1.46542e+02    0.00000e+00

           Step           Time
           4000        8.00000

   Energies (kJ/mol)
           Bond          Angle    Proper Dih. Per. Imp. Dih.          LJ-14
    3.16803e+03    8.17145e+03    1.07776e+04    5.06795e+02    4.02132e+03
     Coulomb-14        LJ (SR)  Disper. corr.   Coulomb (SR)   Coul. recip.
    4.32604e+04    1.00175e+05   -7.14971e+03   -9.17710e+05    5.45607e+03
 Position Rest.      Potential    Kinetic En.   Total Energy  Conserved En.
    8.61682e+02   -7.48462e+05    1.40194e+05   -6.08268e+05   -8.46354e+05
    Temperature Pres. DC (bar) Pressure (bar)   Constr. rmsd
    3.00331e+02   -2.14032e+02   -4.67763e+01    0.00000e+00

           Step           Time
           4500        9.00000

   Energies (kJ/mol)
           Bond          Angle    Proper Dih. Per. Imp. Dih.          LJ-14
    3.16827e+03    8.17208e+03    1.07466e+04    4.76130e+02    4.00209e+03
     Coulomb-14        LJ (SR)  Disper. corr.   Coulomb (SR)   Coul. recip.
    4.33289e+04    1.00816e+05   -7.21370e+03   -9.19656e+05    5.32070e+03
 Position Rest.      Potential    Kinetic En.   Total Energy  Conserved En.
    8.77778e+02   -7.49962e+05    1.40804e+05   -6.09158e+05   -8.46311e+05
    Temperature Pres. DC (bar) Pressure (bar)   Constr. rmsd
    3.01637e+02   -2.17876e+02    1.41940e+02    0.00000e+00

           Step           Time
           5000       10.00000

   Energies (kJ/mol)
           Bond          Angle    Proper Dih. Per. Imp. Dih.          LJ-14
    3.15604e+03    8.09801e+03    1.08276e+04    4.92569e+02    3.92462e+03
     Coulomb-14        LJ (SR)  Disper. corr.   Coulomb (SR)   Coul. recip.
    4.31747e+04    9.97342e+04   -7.16759e+03   -9.17955e+05    5.15399e+03
 Position Rest.      Potential    Kinetic En.   Total Energy  Conserved En.
    9.03800e+02   -7.49657e+05    1.40647e+05   -6.09010e+05   -8.46311e+05
    Temperature Pres. DC (bar) Pressure (bar)   Constr. rmsd
    3.01301e+02   -2.15102e+02   -3.22940e+02    0.00000e+00

           Step           Time
           5500       11.00000

   Energies (kJ/mol)
           Bond          Angle    Proper Dih. Per. Imp. Dih.          LJ-14
    3.09084e+03    8.03493e+03    1.06668e+04    5.08909e+02    4.02081e+03
     Coulomb-14        LJ (SR)  Disper. corr.   Coulomb (SR)   Coul. recip.
    4.32720e+04    1.01105e+05   -7.21464e+03   -9.19973e+05    5.35484e+03
 Position Rest.      Potential    Kinetic En.   Total Energy  Conserved En.
    8.57270e+02   -7.50277e+05    1.39434e+05   -6.10843e+05   -8.46278e+05
    Temperature Pres. DC (bar) Pressure (bar)   Constr. rmsd
    2.98702e+02   -2.17932e+02    1.36793e+02    0.00000e+00

           Step           Time
           6000       12.00000

   Energies (kJ/mol)
           Bond          Angle    Proper Dih. Per. Imp. Dih.          LJ-14
    3.15431e+03    8.12676e+03    1.07047e+04    4.68781e+02    3.97362e+03
     Coulomb-14        LJ (SR)  Disper. corr.   Coulomb (SR)   Coul. recip.
    4.30453e+04    1.01894e+05   -7.12328e+03   -9.19340e+05    5.29160e+03
 Position Rest.      Potential    Kinetic En.   Total Energy  Conserved En.
    8.82037e+02   -7.48922e+05    1.40696e+05   -6.08226e+05   -8.46250e+05
    Temperature Pres. DC (bar) Pressure (bar)   Constr. rmsd
    3.01406e+02   -2.12454e+02    5.15673e+01    0.00000e+00

           Step           Time
           6500       13.00000

   Energies (kJ/mol)
           Bond          Angle    Proper Dih. Per. Imp. Dih.          LJ-14
    3.06669e+03    8.13013e+03    1.07744e+04    5.18665e+02    4.03186e+03
     Coulomb-14        LJ (SR)  Disper. corr.   Coulomb (SR)   Coul. recip.
    4.31661e+04    1.01541e+05   -7.19372e+03   -9.21916e+05    5.27478e+03
 Position Rest.      Potential    Kinetic En.   Total Energy  Conserved En.
    8.66103e+02   -7.51740e+05    1.38963e+05   -6.12777e+05   -8.46181e+05
    Temperature Pres. DC (bar) Pressure (bar)   Constr. rmsd
    2.97693e+02   -2.16672e+02   -2.17958e+01    0.00000e+00

           Step           Time
           7000       14.00000

   Energies (kJ/mol)
           Bond          Angle    Proper Dih. Per. Imp. Dih.          LJ-14
    2.91640e+03    7.96612e+03    1.08003e+04    4.74873e+02    4.01423e+03
     Coulomb-14        LJ (SR)  Disper. corr.   Coulomb (SR)   Coul. recip.
    4.31643e+04    9.89829e+04   -7.19731e+03   -9.17286e+05    5.32849e+03
 Position Rest.      Potential    Kinetic En.   Total Energy  Conserved En.
    9.84565e+02   -7.49852e+05    1.40848e+05   -6.09004e+05   -8.46252e+05
    Temperature Pres. DC (bar) Pressure (bar)   Constr. rmsd
    3.01732e+02   -2.16888e+02   -3.01237e+01    0.00000e+00

step 7100: timed with pme grid 52 52 52, coulomb cutoff 1.000: 292.6 M-cycles
step 7300: timed with pme grid 44 44 44, coulomb cutoff 1.172: 291.5 M-cycles
step 7500: timed with pme grid 40 40 40, coulomb cutoff 1.289: 339.3 M-cycles
           Step           Time
           7500       15.00000

   Energies (kJ/mol)
           Bond          Angle    Proper Dih. Per. Imp. Dih.          LJ-14
    3.02798e+03    7.96288e+03    1.08622e+04    5.02802e+02    4.03862e+03
     Coulomb-14        LJ (SR)  Disper. corr.   Coulomb (SR)   Coul. recip.
    4.32364e+04    1.00198e+05   -7.21424e+03   -9.16462e+05    2.60704e+03
 Position Rest.      Potential    Kinetic En.   Total Energy  Conserved En.
    9.17527e+02   -7.50323e+05    1.39736e+05   -6.10587e+05   -8.46167e+05
    Temperature Pres. DC (bar) Pressure (bar)   Constr. rmsd
    2.99349e+02   -2.17908e+02   -3.31558e+01    0.00000e+00

step 7700: timed with pme grid 42 42 42, coulomb cutoff 1.228: 499.3 M-cycles
step 7900: timed with pme grid 44 44 44, coulomb cutoff 1.172: 289.6 M-cycles
           Step           Time
           8000       16.00000

   Energies (kJ/mol)
           Bond          Angle    Proper Dih. Per. Imp. Dih.          LJ-14
    3.09102e+03    7.95462e+03    1.08093e+04    5.05858e+02    4.01257e+03
     Coulomb-14        LJ (SR)  Disper. corr.   Coulomb (SR)   Coul. recip.
    4.32653e+04    1.01086e+05   -7.19528e+03   -9.20180e+05    4.14489e+03
 Position Rest.      Potential    Kinetic En.   Total Energy  Conserved En.
    8.61708e+02   -7.51644e+05    1.39653e+05   -6.11991e+05   -8.46170e+05
    Temperature Pres. DC (bar) Pressure (bar)   Constr. rmsd
    2.99171e+02   -2.16765e+02    1.30495e+02    0.00000e+00

step 8100: timed with pme grid 48 48 48, coulomb cutoff 1.074: 282.3 M-cycles
step 8300: timed with pme grid 52 52 52, coulomb cutoff 1.000: 233.2 M-cycles
step 8500: timed with pme grid 52 52 52, coulomb cutoff 1.000: 234.3 M-cycles
              optimal pme grid 52 52 52, coulomb cutoff 1.000
           Step           Time
           8500       17.00000

   Energies (kJ/mol)
           Bond          Angle    Proper Dih. Per. Imp. Dih.          LJ-14
    3.05467e+03    8.00752e+03    1.08102e+04    5.41470e+02    3.99197e+03
     Coulomb-14        LJ (SR)  Disper. corr.   Coulomb (SR)   Coul. recip.
    4.30936e+04    1.02292e+05   -7.21895e+03   -9.22885e+05    5.26806e+03
 Position Rest.      Potential    Kinetic En.   Total Energy  Conserved En.
    8.54791e+02   -7.52190e+05    1.39215e+05   -6.12976e+05   -8.46120e+05
    Temperature Pres. DC (bar) Pressure (bar)   Constr. rmsd
    2.98233e+02   -2.18192e+02    1.05911e+02    0.00000e+00

           Step           Time
           9000       18.00000

   Energies (kJ/mol)
           Bond          Angle    Proper Dih. Per. Imp. Dih.          LJ-14
    3.01653e+03    7.94345e+03    1.08216e+04    5.39859e+02    4.02466e+03
     Coulomb-14        LJ (SR)  Disper. corr.   Coulomb (SR)   Coul. recip.
    4.32261e+04    9.93092e+04   -7.25303e+03   -9.19441e+05    5.20718e+03
 Position Rest.      Potential    Kinetic En.   Total Energy  Conserved En.
    8.69284e+02   -7.51736e+05    1.39229e+05   -6.12507e+05   -8.46102e+05
    Temperature Pres. DC (bar) Pressure (bar)   Constr. rmsd
    2.98264e+02   -2.20255e+02   -3.41951e+01    0.00000e+00

           Step           Time
           9500       19.00000

   Energies (kJ/mol)
           Bond          Angle    Proper Dih. Per. Imp. Dih.          LJ-14
    2.95083e+03    7.86243e+03    1.08634e+04    4.74432e+02    4.04778e+03
     Coulomb-14        LJ (SR)  Disper. corr.   Coulomb (SR)   Coul. recip.
    4.32994e+04    1.01936e+05   -7.16811e+03   -9.21728e+05    5.25834e+03
 Position Rest.      Potential    Kinetic En.   Total Energy  Conserved En.
    9.37187e+02   -7.51267e+05    1.38887e+05   -6.12380e+05   -8.46064e+05
    Temperature Pres. DC (bar) Pressure (bar)   Constr. rmsd
    2.97531e+02   -2.15134e+02    8.18465e+01    0.00000e+00

           Step           Time
          10000       20.00000

   Energies (kJ/mol)
           Bond          Angle    Proper Dih. Per. Imp. Dih.          LJ-14
    2.96291e+03    7.94274e+03    1.09060e+04    5.25560e+02    3.99167e+03
     Coulomb-14        LJ (SR)  Disper. corr.   Coulomb (SR)   Coul. recip.
    4.33009e+04    1.00286e+05   -7.14225e+03   -9.18809e+05    5.27217e+03
 Position Rest.      Potential    Kinetic En.   Total Energy  Conserved En.
    8.61860e+02   -7.49901e+05    1.39575e+05   -6.10326e+05   -8.46081e+05
    Temperature Pres. DC (bar) Pressure (bar)   Constr. rmsd
    2.99005e+02   -2.13586e+02   -1.42780e+02    0.00000e+00

           Step           Time
          10500       21.00000

   Energies (kJ/mol)
           Bond          Angle    Proper Dih. Per. Imp. Dih.          LJ-14
    3.03134e+03    8.07353e+03    1.08046e+04    4.99945e+02    4.00813e+03
     Coulomb-14        LJ (SR)  Disper. corr.   Coulomb (SR)   Coul. recip.
    4.33421e+04    1.00892e+05   -7.22618e+03   -9.20416e+05    5.31458e+03
 Position Rest.      Potential    Kinetic En.   Total Energy  Conserved En.
    8.47643e+02   -7.50828e+05    1.39625e+05   -6.11204e+05   -8.45955e+05
    Temperature Pres. DC (bar) Pressure (bar)   Constr. rmsd
    2.99111e+02   -2.18629e+02    7.90118e+01    0.00000e+00

           Step           Time
          11000       22.00000

   Energies (kJ/mol)
           Bond          Angle    Proper Dih. Per. Imp. Dih.          LJ-14
    3.09089e+03    7.97192e+03    1.08838e+04    5.14784e+02    3.96349e+03
     Coulomb-14        LJ (SR)  Disper. corr.   Coulomb (SR)   Coul. recip.
    4.32646e+04    1.01522e+05   -7.17320e+03   -9.20265e+05    5.42380e+03
 Position Rest.      Potential    Kinetic En.   Total Energy  Conserved En.
    8.20773e+02   -7.49982e+05    1.40718e+05   -6.09264e+05   -8.45909e+05
    Temperature Pres. DC (bar) Pressure (bar)   Constr. rmsd
    3.01453e+02   -2.15439e+02    9.69206e+01    0.00000e+00

           Step           Time
          11500       23.00000

   Energies (kJ/mol)
           Bond          Angle    Proper Dih. Per. Imp. Dih.          LJ-14
    3.08770e+03    8.26250e+03    1.08224e+04    5.33244e+02    4.09248e+03
     Coulomb-14        LJ (SR)  Disper. corr.   Coulomb (SR)   Coul. recip.
    4.32141e+04    1.01028e+05   -7.25531e+03   -9.21479e+05    5.11206e+03
 Position Rest.      Potential    Kinetic En.   Total Energy  Conserved En.
    8.06233e+02   -7.51776e+05    1.39986e+05   -6.11790e+05   -8.45854e+05
    Temperature Pres. DC (bar) Pressure (bar)   Constr. rmsd
    2.99885e+02   -2.20394e+02    2.89757e+02    0.00000e+00

           Step           Time
          12000       24.00000

   Energies (kJ/mol)
           Bond          Angle    Proper Dih. Per. Imp. Dih.          LJ-14
    3.16380e+03    8.12248e+03    1.07454e+04    4.94539e+02    3.95398e+03
     Coulomb-14        LJ (SR)  Disper. corr.   Coulomb (SR)   Coul. recip.
    4.32145e+04    9.89318e+04   -7.16395e+03   -9.16637e+05    5.33053e+03
 Position Rest.      Potential    Kinetic En.   Total Energy  Conserved En.
    8.20663e+02   -7.49023e+05    1.40227e+05   -6.08796e+05   -8.45820e+05
    Temperature Pres. DC (bar) Pressure (bar)   Constr. rmsd
    3.00401e+02   -2.14885e+02   -2.85435e+02    0.00000e+00

           Step           Time
          12500       25.00000

   Energies (kJ/mol)
           Bond          Angle    Proper Dih. Per. Imp. Dih.          LJ-14
    3.11873e+03    8.43619e+03    1.08524e+04    5.38994e+02    3.99096e+03
     Coulomb-14        LJ (SR)  Disper. corr.   Coulomb (SR)   Coul. recip.
    4.33199e+04    9.96163e+04   -7.17798e+03   -9.16725e+05    5.34408e+03
 Position Rest.      Potential    Kinetic En.   Total Energy  Conserved En.
    9.03790e+02   -7.47782e+05    1.41671e+05   -6.06111e+05   -8.45815e+05
    Temperature Pres. DC (bar) Pressure (bar)   Constr. rmsd
    3.03495e+02   -2.15726e+02    1.03272e+00    0.00000e+00

           Step           Time
          13000       26.00000

   Energies (kJ/mol)
           Bond          Angle    Proper Dih. Per. Imp. Dih.          LJ-14
    3.05287e+03    8.21039e+03    1.08318e+04    5.41680e+02    4.03798e+03
     Coulomb-14        LJ (SR)  Disper. corr.   Coulomb (SR)   Coul. recip.
    4.33829e+04    1.00720e+05   -7.21174e+03   -9.19492e+05    5.27082e+03
 Position Rest.      Potential    Kinetic En.   Total Energy  Conserved En.
    8.13577e+02   -7.49841e+05    1.40214e+05   -6.09627e+05   -8.45800e+05
    Temperature Pres. DC (bar) Pressure (bar)   Constr. rmsd
    3.00374e+02   -2.17757e+02    2.26553e+02    0.00000e+00

           Step           Time
          13500       27.00000

   Energies (kJ/mol)
           Bond          Angle    Proper Dih. Per. Imp. Dih.          LJ-14
    3.03823e+03    8.07194e+03    1.08729e+04    4.89038e+02    4.04239e+03
     Coulomb-14        LJ (SR)  Disper. corr.   Coulomb (SR)   Coul. recip.
    4.33815e+04    9.89074e+04   -7.20274e+03   -9.17591e+05    5.37511e+03
 Position Rest.      Potential    Kinetic En.   Total Energy  Conserved En.
    8.72965e+02   -7.49742e+05    1.40128e+05   -6.09614e+05   -8.45837e+05
    Temperature Pres. DC (bar) Pressure (bar)   Constr. rmsd
    3.00190e+02   -2.17215e+02   -1.95458e+02    0.00000e+00

           Step           Time
          14000       28.00000

   Energies (kJ/mol)
           Bond          Angle    Proper Dih. Per. Imp. Dih.          LJ-14
    3.10682e+03    8.03794e+03    1.07781e+04    4.72462e+02    3.98262e+03
     Coulomb-14        LJ (SR)  Disper. corr.   Coulomb (SR)   Coul. recip.
    4.31083e+04    1.01533e+05   -7.21097e+03   -9.20677e+05    5.22566e+03
 Position Rest.      Potential    Kinetic En.   Total Energy  Conserved En.
    9.50018e+02   -7.50693e+05    1.40716e+05   -6.09977e+05   -8.45853e+05
    Temperature Pres. DC (bar) Pressure (bar)   Constr. rmsd
    3.01450e+02   -2.17711e+02    1.65212e+02    0.00000e+00

           Step           Time
          14500       29.00000

   Energies (kJ/mol)
           Bond          Angle    Proper Dih. Per. Imp. Dih.          LJ-14
    3.06259e+03    7.87309e+03    1.08127e+04    5.16050e+02    3.95381e+03
     Coulomb-14        LJ (SR)  Disper. corr.   Coulomb (SR)   Coul. recip.
    4.33165e+04    1.01028e+05   -7.18025e+03   -9.19864e+05    5.26559e+03
 Position Rest.      Potential    Kinetic En.   Total Energy  Conserved En.
    9.36376e+02   -7.50280e+05    1.40122e+05   -6.10157e+05   -8.45818e+05
    Temperature Pres. DC (bar) Pressure (bar)   Constr. rmsd
    3.00177e+02   -2.15862e+02   -9.23543e+01    0.00000e+00

           Step           Time
          15000       30.00000

   Energies (kJ/mol)
           Bond          Angle    Proper Dih. Per. Imp. Dih.          LJ-14
    2.98375e+03    8.07375e+03    1.08676e+04    5.05362e+02    4.05827e+03
     Coulomb-14        LJ (SR)  Disper. corr.   Coulomb (SR)   Coul. recip.
    4.32869e+04    1.00862e+05   -7.19832e+03   -9.21034e+05    5.40293e+03
 Position Rest.      Potential    Kinetic En.   Total Energy  Conserved En.
    8.87790e+02   -7.51304e+05    1.39938e+05   -6.11365e+05   -8.45734e+05
    Temperature Pres. DC (bar) Pressure (bar)   Constr. rmsd
    2.99783e+02   -2.16949e+02   -3.37864e+01    0.00000e+00

           Step           Time
          15500       31.00000

   Energies (kJ/mol)
           Bond          Angle    Proper Dih. Per. Imp. Dih.          LJ-14
    2.91106e+03    7.92445e+03    1.07993e+04    5.60324e+02    4.01974e+03
     Coulomb-14        LJ (SR)  Disper. corr.   Coulomb (SR)   Coul. recip.
    4.33723e+04    1.02022e+05   -7.22599e+03   -9.21451e+05    5.19896e+03
 Position Rest.      Potential    Kinetic En.   Total Energy  Conserved En.
    9.12296e+02   -7.50956e+05    1.40684e+05   -6.10272e+05   -8.45727e+05
    Temperature Pres. DC (bar) Pressure (bar)   Constr. rmsd
    3.01381e+02   -2.18618e+02    2.22906e+02    0.00000e+00

           Step           Time
          16000       32.00000

   Energies (kJ/mol)
           Bond          Angle    Proper Dih. Per. Imp. Dih.          LJ-14
    3.01694e+03    8.23338e+03    1.07507e+04    5.27829e+02    4.05491e+03
     Coulomb-14        LJ (SR)  Disper. corr.   Coulomb (SR)   Coul. recip.
    4.32615e+04    1.01179e+05   -7.16643e+03   -9.19829e+05    5.17023e+03
 Position Rest.      Potential    Kinetic En.   Total Energy  Conserved En.
    9.33974e+02   -7.49867e+05    1.41301e+05   -6.08566e+05   -8.45695e+05
    Temperature Pres. DC (bar) Pressure (bar)   Constr. rmsd
    3.02702e+02   -2.15033e+02    1.31765e+02    0.00000e+00

           Step           Time
          16500       33.00000

   Energies (kJ/mol)
           Bond          Angle    Proper Dih. Per. Imp. Dih.          LJ-14
    3.13219e+03    8.25310e+03    1.07395e+04    5.66458e+02    4.06981e+03
     Coulomb-14        LJ (SR)  Disper. corr.   Coulomb (SR)   Coul. recip.
    4.28544e+04    1.00417e+05   -7.22963e+03   -9.19116e+05    5.16161e+03
 Position Rest.      Potential    Kinetic En.   Total Energy  Conserved En.
    8.52042e+02   -7.50299e+05    1.40375e+05   -6.09925e+05   -8.45533e+05
    Temperature Pres. DC (bar) Pressure (bar)   Constr. rmsd
    3.00718e+02   -2.18838e+02    1.19004e+02    0.00000e+00

           Step           Time
          17000       34.00000

   Energies (kJ/mol)
           Bond          Angle    Proper Dih. Per. Imp. Dih.          LJ-14
    2.95592e+03    8.05934e+03    1.07952e+04    5.15001e+02    3.97354e+03
     Coulomb-14        LJ (SR)  Disper. corr.   Coulomb (SR)   Coul. recip.
    4.31845e+04    1.00151e+05   -7.14858e+03   -9.19176e+05    5.33908e+03
 Position Rest.      Potential    Kinetic En.   Total Energy  Conserved En.
    8.93942e+02   -7.50457e+05    1.39172e+05   -6.11285e+05   -8.45456e+05
    Temperature Pres. DC (bar) Pressure (bar)   Constr. rmsd
    2.98142e+02   -2.13964e+02   -9.79579e+01    0.00000e+00

           Step           Time
          17500       35.00000

   Energies (kJ/mol)
           Bond          Angle    Proper Dih. Per. Imp. Dih.          LJ-14
    3.00638e+03    8.39415e+03    1.07398e+04    5.35328e+02    4.02712e+03
     Coulomb-14        LJ (SR)  Disper. corr.   Coulomb (SR)   Coul. recip.
    4.33741e+04    9.96931e+04   -7.19192e+03   -9.18882e+05    5.09860e+03
 Position Rest.      Potential    Kinetic En.   Total Energy  Conserved En.
    8.87102e+02   -7.50319e+05    1.40826e+05   -6.09493e+05   -8.45456e+05
    Temperature Pres. DC (bar) Pressure (bar)   Constr. rmsd
    3.01684e+02   -2.16563e+02   -2.55756e+01    0.00000e+00

           Step           Time
          18000       36.00000

   Energies (kJ/mol)
           Bond          Angle    Proper Dih. Per. Imp. Dih.          LJ-14
    3.00181e+03    8.02821e+03    1.07976e+04    4.79923e+02    4.05751e+03
     Coulomb-14        LJ (SR)  Disper. corr.   Coulomb (SR)   Coul. recip.
    4.32929e+04    1.01558e+05   -7.21852e+03   -9.21129e+05    5.34966e+03
 Position Rest.      Potential    Kinetic En.   Total Energy  Conserved En.
    9.45028e+02   -7.50837e+05    1.39014e+05   -6.11822e+05   -8.45438e+05
    Temperature Pres. DC (bar) Pressure (bar)   Constr. rmsd
    2.97803e+02   -2.18167e+02    1.08420e+02    0.00000e+00

           Step           Time
          18500       37.00000

   Energies (kJ/mol)
           Bond          Angle    Proper Dih. Per. Imp. Dih.          LJ-14
    3.08569e+03    8.10602e+03    1.07725e+04    5.19661e+02    3.86520e+03
     Coulomb-14        LJ (SR)  Disper. corr.   Coulomb (SR)   Coul. recip.
    4.31890e+04    9.91140e+04   -7.19785e+03   -9.16907e+05    5.22298e+03
 Position Rest.      Potential    Kinetic En.   Total Energy  Conserved En.
    8.46136e+02   -7.49384e+05    1.39311e+05   -6.10072e+05   -8.45473e+05
    Temperature Pres. DC (bar) Pressure (bar)   Constr. rmsd
    2.98439e+02   -2.16920e+02   -1.82458e+02    0.00000e+00

           Step           Time
          19000       38.00000

   Energies (kJ/mol)
           Bond          Angle    Proper Dih. Per. Imp. Dih.          LJ-14
    2.95030e+03    8.11824e+03    1.08435e+04    5.52127e+02    4.13511e+03
     Coulomb-14        LJ (SR)  Disper. corr.   Coulomb (SR)   Coul. recip.
    4.33841e+04    9.87243e+04   -7.15976e+03   -9.16169e+05    5.27696e+03
 Position Rest.      Potential    Kinetic En.   Total Energy  Conserved En.
    8.04626e+02   -7.48540e+05    1.40071e+05   -6.08469e+05   -8.45446e+05
    Temperature Pres. DC (bar) Pressure (bar)   Constr. rmsd
    3.00066e+02   -2.14634e+02   -7.67363e+01    0.00000e+00

           Step           Time
          19500       39.00000

   Energies (kJ/mol)
           Bond          Angle    Proper Dih. Per. Imp. Dih.          LJ-14
    2.97041e+03    8.05387e+03    1.07642e+04    5.35879e+02    3.94791e+03
     Coulomb-14        LJ (SR)  Disper. corr.   Coulomb (SR)   Coul. recip.
    4.33198e+04    1.00257e+05   -7.23006e+03   -9.20233e+05    5.22694e+03
 Position Rest.      Potential    Kinetic En.   Total Energy  Conserved En.
    8.82979e+02   -7.51505e+05    1.39469e+05   -6.12035e+05   -8.45404e+05
    Temperature Pres. DC (bar) Pressure (bar)   Constr. rmsd
    2.98778e+02   -2.18864e+02   -9.56584e+01    0.00000e+00

           Step           Time
          20000       40.00000

   Energies (kJ/mol)
           Bond          Angle    Proper Dih. Per. Imp. Dih.          LJ-14
    3.15831e+03    7.95410e+03    1.07716e+04    5.39812e+02    3.95639e+03
     Coulomb-14        LJ (SR)  Disper. corr.   Coulomb (SR)   Coul. recip.
    4.32684e+04    1.00215e+05   -7.15835e+03   -9.19099e+05    5.29897e+03
 Position Rest.      Potential    Kinetic En.   Total Energy  Conserved En.
    8.12175e+02   -7.50283e+05    1.38977e+05   -6.11306e+05   -8.45344e+05
    Temperature Pres. DC (bar) Pressure (bar)   Constr. rmsd
    2.97723e+02   -2.14549e+02   -1.43750e+02    0.00000e+00

           Step           Time
          20500       41.00000

   Energies (kJ/mol)
           Bond          Angle    Proper Dih. Per. Imp. Dih.          LJ-14
    3.09429e+03    7.92278e+03    1.07378e+04    5.53047e+02    3.94128e+03
     Coulomb-14        LJ (SR)  Disper. corr.   Coulomb (SR)   Coul. recip.
    4.32021e+04    1.01907e+05   -7.20566e+03   -9.20728e+05    5.27078e+03
 Position Rest.      Potential    Kinetic En.   Total Energy  Conserved En.
    8.27228e+02   -7.50477e+05    1.40175e+05   -6.10302e+05   -8.45297e+05
    Temperature Pres. DC (bar) Pressure (bar)   Constr. rmsd
    3.00290e+02   -2.17391e+02    1.12008e+02    0.00000e+00

           Step           Time
          21000       42.00000

   Energies (kJ/mol)
           Bond          Angle    Proper Dih. Per. Imp. Dih.          LJ-14
    2.99915e+03    8.17969e+03    1.08474e+04    5.00635e+02    3.93537e+03
     Coulomb-14        LJ (SR)  Disper. corr.   Coulomb (SR)   Coul. recip.
    4.31699e+04    1.00131e+05   -7.16825e+03   -9.19372e+05    5.24691e+03
 Position Rest.      Potential    Kinetic En.   Total Energy  Conserved En.
    9.30796e+02   -7.50600e+05    1.39062e+05   -6.11538e+05   -8.45228e+05
    Temperature Pres. DC (bar) Pressure (bar)   Constr. rmsd
    2.97906e+02   -2.15142e+02   -1.64495e+02    0.00000e+00

           Step           Time
          21500       43.00000

   Energies (kJ/mol)
           Bond          Angle    Proper Dih. Per. Imp. Dih.          LJ-14
    2.94699e+03    7.81038e+03    1.07551e+04    5.19975e+02    4.04786e+03
     Coulomb-14        LJ (SR)  Disper. corr.   Coulomb (SR)   Coul. recip.
    4.35935e+04    9.93307e+04   -7.19666e+03   -9.19386e+05    5.27766e+03
 Position Rest.      Potential    Kinetic En.   Total Energy  Conserved En.
    8.18385e+02   -7.51482e+05    1.40426e+05   -6.11055e+05   -8.45282e+05
    Temperature Pres. DC (bar) Pressure (bar)   Constr. rmsd
    3.00828e+02   -2.16848e+02   -2.23107e+02    0.00000e+00

           Step           Time
          22000       44.00000

   Energies (kJ/mol)
           Bond          Angle    Proper Dih. Per. Imp. Dih.          LJ-14
    3.05152e+03    7.92950e+03    1.08850e+04    5.58428e+02    4.03349e+03
     Coulomb-14        LJ (SR)  Disper. corr.   Coulomb (SR)   Coul. recip.
    4.32043e+04    9.93544e+04   -7.22544e+03   -9.17842e+05    5.12011e+03
 Position Rest.      Potential    Kinetic En.   Total Energy  Conserved En.
    8.84006e+02   -7.50046e+05    1.40829e+05   -6.09217e+05   -8.45278e+05
    Temperature Pres. DC (bar) Pressure (bar)   Constr. rmsd
    3.01691e+02   -2.18585e+02   -6.82848e+01    0.00000e+00

           Step           Time
          22500       45.00000

   Energies (kJ/mol)
           Bond          Angle    Proper Dih. Per. Imp. Dih.          LJ-14
    3.13022e+03    8.01072e+03    1.07643e+04    4.78522e+02    4.04577e+03
     Coulomb-14        LJ (SR)  Disper. corr.   Coulomb (SR)   Coul. recip.
    4.31435e+04    1.01022e+05   -7.21779e+03   -9.19578e+05    5.27634e+03
 Position Rest.      Potential    Kinetic En.   Total Energy  Conserved En.
    8.37332e+02   -7.50087e+05    1.40473e+05   -6.09614e+05   -8.45245e+05
    Temperature Pres. DC (bar) Pressure (bar)   Constr. rmsd
    3.00929e+02   -2.18123e+02    7.03741e+01    0.00000e+00

           Step           Time
          23000       46.00000

   Energies (kJ/mol)
           Bond          Angle    Proper Dih. Per. Imp. Dih.          LJ-14
    3.03288e+03    8.07000e+03    1.06387e+04    4.74854e+02    3.96392e+03
     Coulomb-14        LJ (SR)  Disper. corr.   Coulomb (SR)   Coul. recip.
    4.32122e+04    9.98173e+04   -7.18021e+03   -9.17531e+05    5.22257e+03
 Position Rest.      Potential    Kinetic En.   Total Energy  Conserved En.
    8.69382e+02   -7.49409e+05    1.39519e+05   -6.09890e+05   -8.45206e+05
    Temperature Pres. DC (bar) Pressure (bar)   Constr. rmsd
    2.98884e+02   -2.15860e+02   -1.56681e+02    0.00000e+00

           Step           Time
          23500       47.00000

   Energies (kJ/mol)
           Bond          Angle    Proper Dih. Per. Imp. Dih.          LJ-14
    2.92682e+03    7.97842e+03    1.09268e+04    5.47705e+02    4.02160e+03
     Coulomb-14        LJ (SR)  Disper. corr.   Coulomb (SR)   Coul. recip.
    4.33788e+04    9.94453e+04   -7.16670e+03   -9.18299e+05    5.34151e+03
 Position Rest.      Potential    Kinetic En.   Total Energy  Conserved En.
    8.78979e+02   -7.50019e+05    1.40215e+05   -6.09805e+05   -8.45117e+05
    Temperature Pres. DC (bar) Pressure (bar)   Constr. rmsd
    3.00375e+02   -2.15049e+02   -6.38568e+01    0.00000e+00

           Step           Time
          24000       48.00000

   Energies (kJ/mol)
           Bond          Angle    Proper Dih. Per. Imp. Dih.          LJ-14
    3.12545e+03    8.10173e+03    1.09098e+04    5.26439e+02    3.94226e+03
     Coulomb-14        LJ (SR)  Disper. corr.   Coulomb (SR)   Coul. recip.
    4.35468e+04    1.00777e+05   -7.22581e+03   -9.19761e+05    5.25166e+03
 Position Rest.      Potential    Kinetic En.   Total Energy  Conserved En.
    8.34036e+02   -7.49972e+05    1.39584e+05   -6.10388e+05   -8.45061e+05
    Temperature Pres. DC (bar) Pressure (bar)   Constr. rmsd
    2.99024e+02   -2.18607e+02    1.03598e+01    0.00000e+00

           Step           Time
          24500       49.00000

   Energies (kJ/mol)
           Bond          Angle    Proper Dih. Per. Imp. Dih.          LJ-14
    3.05499e+03    7.99621e+03    1.07300e+04    4.79568e+02    3.93617e+03
     Coulomb-14        LJ (SR)  Disper. corr.   Coulomb (SR)   Coul. recip.
    4.33752e+04    1.00542e+05   -7.17401e+03   -9.19643e+05    5.27599e+03
 Position Rest.      Potential    Kinetic En.   Total Energy  Conserved En.
    8.02857e+02   -7.50624e+05    1.40184e+05   -6.10440e+05   -8.45087e+05
    Temperature Pres. DC (bar) Pressure (bar)   Constr. rmsd
    3.00310e+02   -2.15488e+02   -5.38847e+01    0.00000e+00

           Step           Time
          25000       50.00000

   Energies (kJ/mol)
           Bond          Angle    Proper Dih. Per. Imp. Dih.          LJ-14
    3.13641e+03    7.81793e+03    1.07966e+04    5.47751e+02    4.05701e+03
     Coulomb-14        LJ (SR)  Disper. corr.   Coulomb (SR)   Coul. recip.
    4.33608e+04    1.02513e+05   -7.24109e+03   -9.23116e+05    5.23743e+03
 Position Rest.      Potential    Kinetic En.   Total Energy  Conserved En.
    8.84726e+02   -7.52005e+05    1.39391e+05   -6.12614e+05   -8.45014e+05
    Temperature Pres. DC (bar) Pressure (bar)   Constr. rmsd
    2.98611e+02   -2.19532e+02    2.26738e+02    0.00000e+00

           Step           Time
          25500       51.00000

   Energies (kJ/mol)
           Bond          Angle    Proper Dih. Per. Imp. Dih.          LJ-14
    3.14526e+03    8.22862e+03    1.07800e+04    5.44401e+02    4.07586e+03
     Coulomb-14        LJ (SR)  Disper. corr.   Coulomb (SR)   Coul. recip.
    4.31836e+04    9.88398e+04   -7.14976e+03   -9.16378e+05    5.36539e+03
 Position Rest.      Potential    Kinetic En.   Total Energy  Conserved En.
    8.83593e+02   -7.48481e+05    1.40379e+05   -6.08102e+05   -8.44946e+05
    Temperature Pres. DC (bar) Pressure (bar)   Constr. rmsd
    3.00726e+02   -2.14035e+02   -2.15505e+02    0.00000e+00

           Step           Time
          26000       52.00000

   Energies (kJ/mol)
           Bond          Angle    Proper Dih. Per. Imp. Dih.          LJ-14
    2.94666e+03    8.26709e+03    1.08564e+04    5.25526e+02    3.94792e+03
     Coulomb-14        LJ (SR)  Disper. corr.   Coulomb (SR)   Coul. recip.
    4.31016e+04    9.92721e+04   -7.21156e+03   -9.18239e+05    5.23931e+03
 Position Rest.      Potential    Kinetic En.   Total Energy  Conserved En.
    8.95689e+02   -7.50398e+05    1.40341e+05   -6.10057e+05   -8.44915e+05
    Temperature Pres. DC (bar) Pressure (bar)   Constr. rmsd
    3.00645e+02   -2.17747e+02   -2.18255e+02    0.00000e+00

           Step           Time
          26500       53.00000

   Energies (kJ/mol)
           Bond          Angle    Proper Dih. Per. Imp. Dih.          LJ-14
    2.99243e+03    8.04799e+03    1.08728e+04    4.91173e+02    4.06293e+03
     Coulomb-14        LJ (SR)  Disper. corr.   Coulomb (SR)   Coul. recip.
    4.32745e+04    1.01297e+05   -7.20324e+03   -9.20858e+05    5.24803e+03
 Position Rest.      Potential    Kinetic En.   Total Energy  Conserved En.
    8.74616e+02   -7.50900e+05    1.39996e+05   -6.10904e+05   -8.44937e+05
    Temperature Pres. DC (bar) Pressure (bar)   Constr. rmsd
    2.99906e+02   -2.17245e+02    1.97667e+02    0.00000e+00

           Step           Time
          27000       54.00000

   Energies (kJ/mol)
           Bond          Angle    Proper Dih. Per. Imp. Dih.          LJ-14
    3.07152e+03    8.07035e+03    1.07992e+04    5.59331e+02    4.07834e+03
     Coulomb-14        LJ (SR)  Disper. corr.   Coulomb (SR)   Coul. recip.
    4.32165e+04    9.96622e+04   -7.16056e+03   -9.17954e+05    5.27064e+03
 Position Rest.      Potential    Kinetic En.   Total Energy  Conserved En.
    9.08578e+02   -7.49477e+05    1.40106e+05   -6.09371e+05   -8.44928e+05
    Temperature Pres. DC (bar) Pressure (bar)   Constr. rmsd
    3.00143e+02   -2.14681e+02   -5.32030e+01    0.00000e+00

           Step           Time
          27500       55.00000

   Energies (kJ/mol)
           Bond          Angle    Proper Dih. Per. Imp. Dih.          LJ-14
    3.00611e+03    8.08831e+03    1.07519e+04    4.56368e+02    4.06718e+03
     Coulomb-14        LJ (SR)  Disper. corr.   Coulomb (SR)   Coul. recip.
    4.35585e+04    1.00968e+05   -7.23564e+03   -9.20363e+05    5.18124e+03
 Position Rest.      Potential    Kinetic En.   Total Energy  Conserved En.
    9.21367e+02   -7.50600e+05    1.40871e+05   -6.09728e+05   -8.44853e+05
    Temperature Pres. DC (bar) Pressure (bar)   Constr. rmsd
    3.01782e+02   -2.19201e+02    2.36447e+02    0.00000e+00

           Step           Time
          28000       56.00000

   Energies (kJ/mol)
           Bond          Angle    Proper Dih. Per. Imp. Dih.          LJ-14
    3.09332e+03    8.06841e+03    1.07335e+04    5.27139e+02    4.05042e+03
     Coulomb-14        LJ (SR)  Disper. corr.   Coulomb (SR)   Coul. recip.
    4.31708e+04    1.00600e+05   -7.19343e+03   -9.17974e+05    5.28685e+03
 Position Rest.      Potential    Kinetic En.   Total Energy  Conserved En.
    8.24750e+02   -7.48812e+05    1.41321e+05   -6.07491e+05   -8.44904e+05
    Temperature Pres. DC (bar) Pressure (bar)   Constr. rmsd
    3.02745e+02   -2.16654e+02    1.36586e+01    0.00000e+00

           Step           Time
          28500       57.00000

   Energies (kJ/mol)
           Bond          Angle    Proper Dih. Per. Imp. Dih.          LJ-14
    3.01459e+03    8.03293e+03    1.07909e+04    5.83208e+02    4.01895e+03
     Coulomb-14        LJ (SR)  Disper. corr.   Coulomb (SR)   Coul. recip.
    4.32198e+04    1.01326e+05   -7.21979e+03   -9.21141e+05    5.28597e+03
 Position Rest.      Potential    Kinetic En.   Total Energy  Conserved En.
    8.39184e+02   -7.51248e+05    1.39916e+05   -6.11332e+05   -8.44804e+05
    Temperature Pres. DC (bar) Pressure (bar)   Constr. rmsd
    2.99736e+02   -2.18243e+02    1.56150e+02    0.00000e+00

           Step           Time
          29000       58.00000

   Energies (kJ/mol)
           Bond          Angle    Proper Dih. Per. Imp. Dih.          LJ-14
    3.02419e+03    8.06560e+03    1.08491e+04    4.89437e+02    3.96230e+03
     Coulomb-14        LJ (SR)  Disper. corr.   Coulomb (SR)   Coul. recip.
    4.33798e+04    9.96146e+04   -7.20162e+03   -9.18877e+05    5.22851e+03
 Position Rest.      Potential    Kinetic En.   Total Energy  Conserved En.
    8.60531e+02   -7.50604e+05    1.40527e+05   -6.10077e+05   -8.44790e+05
    Temperature Pres. DC (bar) Pressure (bar)   Constr. rmsd
    3.01044e+02   -2.17147e+02   -2.05709e+02    0.00000e+00

           Step           Time
          29500       59.00000

   Energies (kJ/mol)
           Bond          Angle    Proper Dih. Per. Imp. Dih.          LJ-14
    3.17856e+03    8.08403e+03    1.08307e+04    4.92410e+02    3.97336e+03
     Coulomb-14        LJ (SR)  Disper. corr.   Coulomb (SR)   Coul. recip.
    4.32547e+04    9.99952e+04   -7.18060e+03   -9.18636e+05    5.29987e+03
 Position Rest.      Potential    Kinetic En.   Total Energy  Conserved En.
    9.11137e+02   -7.49797e+05    1.40020e+05   -6.09777e+05   -8.44774e+05
    Temperature Pres. DC (bar) Pressure (bar)   Constr. rmsd
    2.99959e+02   -2.15883e+02   -5.73454e+01    0.00000e+00

           Step           Time
          30000       60.00000

   Energies (kJ/mol)
           Bond          Angle    Proper Dih. Per. Imp. Dih.          LJ-14
    3.01006e+03    8.10263e+03    1.06621e+04    5.41042e+02    4.00665e+03
     Coulomb-14        LJ (SR)  Disper. corr.   Coulomb (SR)   Coul. recip.
    4.33391e+04    1.00949e+05   -7.18464e+03   -9.20018e+05    5.26722e+03
 Position Rest.      Potential    Kinetic En.   Total Energy  Conserved En.
    8.42912e+02   -7.50482e+05    1.40874e+05   -6.09608e+05   -8.44772e+05
    Temperature Pres. DC (bar) Pressure (bar)   Constr. rmsd
    3.01788e+02   -2.16126e+02    1.01110e+02    0.00000e+00

           Step           Time
          30500       61.00000

   Energies (kJ/mol)
           Bond          Angle    Proper Dih. Per. Imp. Dih.          LJ-14
    3.03763e+03    8.23735e+03    1.08427e+04    5.18200e+02    3.99199e+03
     Coulomb-14        LJ (SR)  Disper. corr.   Coulomb (SR)   Coul. recip.
    4.32943e+04    1.01340e+05   -7.23483e+03   -9.20692e+05    5.31325e+03
 Position Rest.      Potential    Kinetic En.   Total Energy  Conserved En.
    9.12777e+02   -7.50439e+05    1.40662e+05   -6.09777e+05   -8.44749e+05
    Temperature Pres. DC (bar) Pressure (bar)   Constr. rmsd
    3.01332e+02   -2.19153e+02    1.16999e+02    0.00000e+00

           Step           Time
          31000       62.00000

   Energies (kJ/mol)
           Bond          Angle    Proper Dih. Per. Imp. Dih.          LJ-14
    3.02137e+03    7.95783e+03    1.08303e+04    5.13270e+02    4.12128e+03
     Coulomb-14        LJ (SR)  Disper. corr.   Coulomb (SR)   Coul. recip.
    4.34968e+04    1.00468e+05   -7.15055e+03   -9.18240e+05    5.26236e+03
 Position Rest.      Potential    Kinetic En.   Total Energy  Conserved En.
    8.51275e+02   -7.48868e+05    1.41772e+05   -6.07095e+05   -8.44715e+05
    Temperature Pres. DC (bar) Pressure (bar)   Constr. rmsd
    3.03712e+02   -2.14082e+02    1.24311e+02    0.00000e+00

           Step           Time
          31500       63.00000

   Energies (kJ/mol)
           Bond          Angle    Proper Dih. Per. Imp. Dih.          LJ-14
    3.08985e+03    7.83012e+03    1.08454e+04    4.94427e+02    4.08262e+03
     Coulomb-14        LJ (SR)  Disper. corr.   Coulomb (SR)   Coul. recip.
    4.35673e+04    1.03476e+05   -7.25324e+03   -9.24014e+05    5.32062e+03
 Position Rest.      Potential    Kinetic En.   Total Energy  Conserved En.
    8.69515e+02   -7.51692e+05    1.39997e+05   -6.11695e+05   -8.44604e+05
    Temperature Pres. DC (bar) Pressure (bar)   Constr. rmsd
    2.99908e+02   -2.20268e+02    4.42228e+02    0.00000e+00

           Step           Time
          32000       64.00000

   Energies (kJ/mol)
           Bond          Angle    Proper Dih. Per. Imp. Dih.          LJ-14
    3.06118e+03    8.13788e+03    1.08507e+04    4.91895e+02    3.93067e+03
     Coulomb-14        LJ (SR)  Disper. corr.   Coulomb (SR)   Coul. recip.
    4.32433e+04    9.98449e+04   -7.13613e+03   -9.18691e+05    5.23416e+03
 Position Rest.      Potential    Kinetic En.   Total Energy  Conserved En.
    9.02255e+02   -7.50130e+05    1.40482e+05   -6.09648e+05   -8.44521e+05
    Temperature Pres. DC (bar) Pressure (bar)   Constr. rmsd
    3.00949e+02   -2.13221e+02   -2.09302e+02    0.00000e+00

           Step           Time
          32500       65.00000

   Energies (kJ/mol)
           Bond          Angle    Proper Dih. Per. Imp. Dih.          LJ-14
    3.01171e+03    8.04340e+03    1.07574e+04    4.92138e+02    4.00281e+03
     Coulomb-14        LJ (SR)  Disper. corr.   Coulomb (SR)   Coul. recip.
    4.33115e+04    1.00924e+05   -7.25337e+03   -9.21204e+05    5.17300e+03
 Position Rest.      Potential    Kinetic En.   Total Energy  Conserved En.
    8.71195e+02   -7.51870e+05    1.39551e+05   -6.12318e+05   -8.44444e+05
    Temperature Pres. DC (bar) Pressure (bar)   Constr. rmsd
    2.98954e+02   -2.20276e+02    5.84452e+01    0.00000e+00

           Step           Time
          33000       66.00000

   Energies (kJ/mol)
           Bond          Angle    Proper Dih. Per. Imp. Dih.          LJ-14
    2.80080e+03    7.92529e+03    1.07282e+04    4.25207e+02    4.05331e+03
     Coulomb-14        LJ (SR)  Disper. corr.   Coulomb (SR)   Coul. recip.
    4.31236e+04    1.00679e+05   -7.18344e+03   -9.20294e+05    5.25539e+03
 Position Rest.      Potential    Kinetic En.   Total Energy  Conserved En.
    8.34318e+02   -7.51652e+05    1.40237e+05   -6.11415e+05   -8.44430e+05
    Temperature Pres. DC (bar) Pressure (bar)   Constr. rmsd
    3.00422e+02   -2.16053e+02    7.85812e+01    0.00000e+00

           Step           Time
          33500       67.00000

   Energies (kJ/mol)
           Bond          Angle    Proper Dih. Per. Imp. Dih.          LJ-14
    3.03900e+03    8.02479e+03    1.07300e+04    5.75659e+02    3.99118e+03
     Coulomb-14        LJ (SR)  Disper. corr.   Coulomb (SR)   Coul. recip.
    4.31041e+04    1.00917e+05   -7.19072e+03   -9.19953e+05    5.33254e+03
 Position Rest.      Potential    Kinetic En.   Total Energy  Conserved En.
    8.78429e+02   -7.50551e+05    1.41398e+05   -6.09154e+05   -8.44399e+05
    Temperature Pres. DC (bar) Pressure (bar)   Constr. rmsd
    3.02909e+02   -2.16491e+02   -7.89489e+00    0.00000e+00

           Step           Time
          34000       68.00000

   Energies (kJ/mol)
           Bond          Angle    Proper Dih. Per. Imp. Dih.          LJ-14
    3.11054e+03    8.01201e+03    1.07267e+04    5.17563e+02    3.99630e+03
     Coulomb-14        LJ (SR)  Disper. corr.   Coulomb (SR)   Coul. recip.
    4.33155e+04    1.03648e+05   -7.22824e+03   -9.23765e+05    5.17423e+03
 Position Rest.      Potential    Kinetic En.   Total Energy  Conserved En.
    9.07281e+02   -7.51585e+05    1.40404e+05   -6.11182e+05   -8.44360e+05
    Temperature Pres. DC (bar) Pressure (bar)   Constr. rmsd
    3.00780e+02   -2.18754e+02    2.99418e+02    0.00000e+00

           Step           Time
          34500       69.00000

   Energies (kJ/mol)
           Bond          Angle    Proper Dih. Per. Imp. Dih.          LJ-14
    3.16542e+03    7.94443e+03    1.07344e+04    5.00689e+02    3.97641e+03
     Coulomb-14        LJ (SR)  Disper. corr.   Coulomb (SR)   Coul. recip.
    4.30684e+04    9.99097e+04   -7.22105e+03   -9.18051e+05    5.25566e+03
 Position Rest.      Potential    Kinetic En.   Total Energy  Conserved En.
    8.50722e+02   -7.49866e+05    1.39915e+05   -6.09951e+05   -8.44390e+05
    Temperature Pres. DC (bar) Pressure (bar)   Constr. rmsd
    2.99733e+02   -2.18319e+02   -1.34567e+02    0.00000e+00

           Step           Time
          35000       70.00000

   Energies (kJ/mol)
           Bond          Angle    Proper Dih. Per. Imp. Dih.          LJ-14
    3.04737e+03    8.03326e+03    1.08379e+04    5.06508e+02    3.97201e+03
     Coulomb-14        LJ (SR)  Disper. corr.   Coulomb (SR)   Coul. recip.
    4.34813e+04    9.89865e+04   -7.13987e+03   -9.17066e+05    5.30791e+03
 Position Rest.      Potential    Kinetic En.   Total Energy  Conserved En.
    7.95291e+02   -7.49238e+05    1.39717e+05   -6.09520e+05   -8.44289e+05
    Temperature Pres. DC (bar) Pressure (bar)   Constr. rmsd
    2.99310e+02   -2.13444e+02   -2.84199e+02    0.00000e+00

           Step           Time
          35500       71.00000

   Energies (kJ/mol)
           Bond          Angle    Proper Dih. Per. Imp. Dih.          LJ-14
    3.17953e+03    8.10324e+03    1.08885e+04    5.64138e+02    4.03800e+03
     Coulomb-14        LJ (SR)  Disper. corr.   Coulomb (SR)   Coul. recip.
    4.35056e+04    1.02236e+05   -7.23113e+03   -9.21536e+05    5.21295e+03
 Position Rest.      Potential    Kinetic En.   Total Energy  Conserved En.
    8.00044e+02   -7.50239e+05    1.40315e+05   -6.09923e+05   -8.44181e+05
    Temperature Pres. DC (bar) Pressure (bar)   Constr. rmsd
    3.00590e+02   -2.18929e+02    1.97191e+02    0.00000e+00

           Step           Time
          36000       72.00000

   Energies (kJ/mol)
           Bond          Angle    Proper Dih. Per. Imp. Dih.          LJ-14
    3.02811e+03    8.01256e+03    1.06768e+04    4.89986e+02    4.06144e+03
     Coulomb-14        LJ (SR)  Disper. corr.   Coulomb (SR)   Coul. recip.
    4.33480e+04    1.00004e+05   -7.17920e+03   -9.18475e+05    5.24720e+03
 Position Rest.      Potential    Kinetic En.   Total Energy  Conserved En.
    8.83399e+02   -7.49903e+05    1.40903e+05   -6.09000e+05   -8.44209e+05
    Temperature Pres. DC (bar) Pressure (bar)   Constr. rmsd
    3.01850e+02   -2.15799e+02   -2.19675e+01    0.00000e+00

           Step           Time
          36500       73.00000

   Energies (kJ/mol)
           Bond          Angle    Proper Dih. Per. Imp. Dih.          LJ-14
    3.01708e+03    8.14234e+03    1.06838e+04    5.09293e+02    4.03568e+03
     Coulomb-14        LJ (SR)  Disper. corr.   Coulomb (SR)   Coul. recip.
    4.33328e+04    1.00896e+05   -7.21151e+03   -9.19627e+05    5.27751e+03
 Position Rest.      Potential    Kinetic En.   Total Energy  Conserved En.
    8.80934e+02   -7.50062e+05    1.39590e+05   -6.10473e+05   -8.44135e+05
    Temperature Pres. DC (bar) Pressure (bar)   Constr. rmsd
    2.99036e+02   -2.17744e+02    7.33602e+01    0.00000e+00

           Step           Time
          37000       74.00000

   Energies (kJ/mol)
           Bond          Angle    Proper Dih. Per. Imp. Dih.          LJ-14
    3.25700e+03    8.00850e+03    1.07060e+04    5.44296e+02    3.96610e+03
     Coulomb-14        LJ (SR)  Disper. corr.   Coulomb (SR)   Coul. recip.
    4.31934e+04    9.96234e+04   -7.14693e+03   -9.17322e+05    5.39869e+03
 Position Rest.      Potential    Kinetic En.   Total Energy  Conserved En.
    8.66651e+02   -7.48905e+05    1.39900e+05   -6.09005e+05   -8.44124e+05
    Temperature Pres. DC (bar) Pressure (bar)   Constr. rmsd
    2.99701e+02   -2.13865e+02   -2.06897e+02    0.00000e+00

           Step           Time
          37500       75.00000

   Energies (kJ/mol)
           Bond          Angle    Proper Dih. Per. Imp. Dih.          LJ-14
    3.09063e+03    8.08946e+03    1.07638e+04    5.41162e+02    4.00092e+03
     Coulomb-14        LJ (SR)  Disper. corr.   Coulomb (SR)   Coul. recip.
    4.31368e+04    1.01256e+05   -7.22360e+03   -9.19182e+05    5.27681e+03
 Position Rest.      Potential    Kinetic En.   Total Energy  Conserved En.
    8.39030e+02   -7.49411e+05    1.40139e+05   -6.09272e+05   -8.44046e+05
    Temperature Pres. DC (bar) Pressure (bar)   Constr. rmsd
    3.00213e+02   -2.18473e+02    1.62650e+02    0.00000e+00

           Step           Time
          38000       76.00000

   Energies (kJ/mol)
           Bond          Angle    Proper Dih. Per. Imp. Dih.          LJ-14
    3.22344e+03    8.14240e+03    1.07468e+04    5.08876e+02    4.01354e+03
     Coulomb-14        LJ (SR)  Disper. corr.   Coulomb (SR)   Coul. recip.
    4.35017e+04    1.00694e+05   -7.17951e+03   -9.18378e+05    5.24768e+03
 Position Rest.      Potential    Kinetic En.   Total Energy  Conserved En.
    8.71001e+02   -7.48608e+05    1.39508e+05   -6.09101e+05   -8.44027e+05
    Temperature Pres. DC (bar) Pressure (bar)   Constr. rmsd
    2.98860e+02   -2.15818e+02   -5.98829e+01    0.00000e+00

           Step           Time
          38500       77.00000

   Energies (kJ/mol)
           Bond          Angle    Proper Dih. Per. Imp. Dih.          LJ-14
    3.27110e+03    8.18762e+03    1.07385e+04    4.87852e+02    3.93640e+03
     Coulomb-14        LJ (SR)  Disper. corr.   Coulomb (SR)   Coul. recip.
    4.32365e+04    1.00782e+05   -7.15638e+03   -9.17935e+05    5.34687e+03
 Position Rest.      Potential    Kinetic En.   Total Energy  Conserved En.
    8.53791e+02   -7.48250e+05    1.39329e+05   -6.08921e+05   -8.44056e+05
    Temperature Pres. DC (bar) Pressure (bar)   Constr. rmsd
    2.98478e+02   -2.14431e+02    1.04571e+01    0.00000e+00

           Step           Time
          39000       78.00000

   Energies (kJ/mol)
           Bond          Angle    Proper Dih. Per. Imp. Dih.          LJ-14
    3.15853e+03    8.42628e+03    1.08714e+04    5.70364e+02    4.02139e+03
     Coulomb-14        LJ (SR)  Disper. corr.   Coulomb (SR)   Coul. recip.
    4.31450e+04    1.01805e+05   -7.22024e+03   -9.20483e+05    5.16408e+03
 Position Rest.      Potential    Kinetic En.   Total Energy  Conserved En.
    8.50734e+02   -7.49690e+05    1.42045e+05   -6.07645e+05   -8.44036e+05
    Temperature Pres. DC (bar) Pressure (bar)   Constr. rmsd
    3.04295e+02   -2.18271e+02    1.28615e+02    0.00000e+00

           Step           Time
          39500       79.00000

   Energies (kJ/mol)
           Bond          Angle    Proper Dih. Per. Imp. Dih.          LJ-14
    3.10475e+03    8.00193e+03    1.07111e+04    4.92754e+02    4.00312e+03
     Coulomb-14        LJ (SR)  Disper. corr.   Coulomb (SR)   Coul. recip.
    4.33575e+04    1.00547e+05   -7.16252e+03   -9.19783e+05    5.33738e+03
 Position Rest.      Potential    Kinetic En.   Total Energy  Conserved En.
    8.37925e+02   -7.50551e+05    1.39853e+05   -6.10699e+05   -8.44003e+05
    Temperature Pres. DC (bar) Pressure (bar)   Constr. rmsd
    2.99599e+02   -2.14799e+02   -3.65341e+01    0.00000e+00

           Step           Time
          40000       80.00000

   Energies (kJ/mol)
           Bond          Angle    Proper Dih. Per. Imp. Dih.          LJ-14
    3.11037e+03    8.02571e+03    1.06434e+04    4.88737e+02    3.98793e+03
     Coulomb-14        LJ (SR)  Disper. corr.   Coulomb (SR)   Coul. recip.
    4.33725e+04    1.01519e+05   -7.25008e+03   -9.21397e+05    5.17799e+03
 Position Rest.      Potential    Kinetic En.   Total Energy  Conserved En.
    8.19190e+02   -7.51502e+05    1.41189e+05   -6.10313e+05   -8.43975e+05
    Temperature Pres. DC (bar) Pressure (bar)   Constr. rmsd
    3.02463e+02   -2.20076e+02    1.35412e+02    0.00000e+00

           Step           Time
          40500       81.00000

   Energies (kJ/mol)
           Bond          Angle    Proper Dih. Per. Imp. Dih.          LJ-14
    3.09259e+03    7.96048e+03    1.06532e+04    5.00645e+02    4.00414e+03
     Coulomb-14        LJ (SR)  Disper. corr.   Coulomb (SR)   Coul. recip.
    4.33990e+04    9.96382e+04   -7.18342e+03   -9.17154e+05    5.34023e+03
 Position Rest.      Potential    Kinetic En.   Total Energy  Conserved En.
    8.48633e+02   -7.48900e+05    1.39916e+05   -6.08984e+05   -8.43949e+05
    Temperature Pres. DC (bar) Pressure (bar)   Constr. rmsd
    2.99735e+02   -2.16053e+02   -1.40566e+02    0.00000e+00

           Step           Time
          41000       82.00000

   Energies (kJ/mol)
           Bond          Angle    Proper Dih. Per. Imp. Dih.          LJ-14
    3.28865e+03    8.13556e+03    1.06799e+04    5.01651e+02    4.01405e+03
     Coulomb-14        LJ (SR)  Disper. corr.   Coulomb (SR)   Coul. recip.
    4.32318e+04    1.00482e+05   -7.19441e+03   -9.18847e+05    5.34110e+03
 Position Rest.      Potential    Kinetic En.   Total Energy  Conserved En.
    9.17080e+02   -7.49450e+05    1.40792e+05   -6.08658e+05   -8.43931e+05
    Temperature Pres. DC (bar) Pressure (bar)   Constr. rmsd
    3.01612e+02   -2.16713e+02    1.29879e+01    0.00000e+00

           Step           Time
          41500       83.00000

   Energies (kJ/mol)
           Bond          Angle    Proper Dih. Per. Imp. Dih.          LJ-14
    3.31459e+03    8.12515e+03    1.07491e+04    5.05111e+02    3.98764e+03
     Coulomb-14        LJ (SR)  Disper. corr.   Coulomb (SR)   Coul. recip.
    4.28524e+04    9.97779e+04   -7.19853e+03   -9.18333e+05    5.21143e+03
 Position Rest.      Potential    Kinetic En.   Total Energy  Conserved En.
    8.63978e+02   -7.50144e+05    1.40335e+05   -6.09809e+05   -8.43924e+05
    Temperature Pres. DC (bar) Pressure (bar)   Constr. rmsd
    3.00633e+02   -2.16962e+02   -1.09181e+02    0.00000e+00

           Step           Time
          42000       84.00000

   Energies (kJ/mol)
           Bond          Angle    Proper Dih. Per. Imp. Dih.          LJ-14
    2.98018e+03    8.08999e+03    1.07558e+04    5.04427e+02    4.03295e+03
     Coulomb-14        LJ (SR)  Disper. corr.   Coulomb (SR)   Coul. recip.
    4.32949e+04    1.00747e+05   -7.20205e+03   -9.20739e+05    5.25135e+03
 Position Rest.      Potential    Kinetic En.   Total Energy  Conserved En.
    9.07061e+02   -7.51378e+05    1.39583e+05   -6.11794e+05   -8.43890e+05
    Temperature Pres. DC (bar) Pressure (bar)   Constr. rmsd
    2.99022e+02   -2.17173e+02   -1.08558e+02    0.00000e+00

           Step           Time
          42500       85.00000

   Energies (kJ/mol)
           Bond          Angle    Proper Dih. Per. Imp. Dih.          LJ-14
    3.11682e+03    8.00207e+03    1.06707e+04    4.69781e+02    4.00515e+03
     Coulomb-14        LJ (SR)  Disper. corr.   Coulomb (SR)   Coul. recip.
    4.32264e+04    1.02165e+05   -7.23080e+03   -9.21403e+05    5.42504e+03
 Position Rest.      Potential    Kinetic En.   Total Energy  Conserved En.
    8.67961e+02   -7.50685e+05    1.39951e+05   -6.10734e+05   -8.43885e+05
    Temperature Pres. DC (bar) Pressure (bar)   Constr. rmsd
    2.99810e+02   -2.18909e+02    2.65985e+02    0.00000e+00

           Step           Time
          43000       86.00000

   Energies (kJ/mol)
           Bond          Angle    Proper Dih. Per. Imp. Dih.          LJ-14
    3.08463e+03    8.01927e+03    1.07758e+04    5.01998e+02    4.10415e+03
     Coulomb-14        LJ (SR)  Disper. corr.   Coulomb (SR)   Coul. recip.
    4.33335e+04    9.72668e+04   -7.16503e+03   -9.14344e+05    5.44624e+03
 Position Rest.      Potential    Kinetic En.   Total Energy  Conserved En.
    9.04349e+02   -7.48072e+05    1.38870e+05   -6.09203e+05   -8.43880e+05
    Temperature Pres. DC (bar) Pressure (bar)   Constr. rmsd
    2.97494e+02   -2.14949e+02   -2.69515e+02    0.00000e+00

           Step           Time
          43500       87.00000

   Energies (kJ/mol)
           Bond          Angle    Proper Dih. Per. Imp. Dih.          LJ-14
    2.95292e+03    8.20679e+03    1.06822e+04    5.26844e+02    4.00519e+03
     Coulomb-14        LJ (SR)  Disper. corr.   Coulomb (SR)   Coul. recip.
    4.32209e+04    1.00721e+05   -7.22345e+03   -9.20450e+05    5.24725e+03
 Position Rest.      Potential    Kinetic En.   Total Energy  Conserved En.
    9.48725e+02   -7.51163e+05    1.40935e+05   -6.10227e+05   -8.43864e+05
    Temperature Pres. DC (bar) Pressure (bar)   Constr. rmsd
    3.01919e+02   -2.18464e+02    9.37117e+01    0.00000e+00

           Step           Time
          44000       88.00000

   Energies (kJ/mol)
           Bond          Angle    Proper Dih. Per. Imp. Dih.          LJ-14
    2.90939e+03    8.07200e+03    1.07000e+04    4.99174e+02    4.08270e+03
     Coulomb-14        LJ (SR)  Disper. corr.   Coulomb (SR)   Coul. recip.
    4.31397e+04    1.00038e+05   -7.19522e+03   -9.19855e+05    5.22340e+03
 Position Rest.      Potential    Kinetic En.   Total Energy  Conserved En.
    8.55224e+02   -7.51531e+05    1.39704e+05   -6.11826e+05   -8.43863e+05
    Temperature Pres. DC (bar) Pressure (bar)   Constr. rmsd
    2.99281e+02   -2.16762e+02   -1.67966e+01    0.00000e+00

           Step           Time
          44500       89.00000

   Energies (kJ/mol)
           Bond          Angle    Proper Dih. Per. Imp. Dih.          LJ-14
    2.96522e+03    8.10928e+03    1.07660e+04    5.19307e+02    3.98736e+03
     Coulomb-14        LJ (SR)  Disper. corr.   Coulomb (SR)   Coul. recip.
    4.32923e+04    1.01297e+05   -7.20942e+03   -9.20650e+05    5.35469e+03
 Position Rest.      Potential    Kinetic En.   Total Energy  Conserved En.
    8.26927e+02   -7.50742e+05    1.39648e+05   -6.11094e+05   -8.43859e+05
    Temperature Pres. DC (bar) Pressure (bar)   Constr. rmsd
    2.99161e+02   -2.17617e+02    7.55270e+01    0.00000e+00

           Step           Time
          45000       90.00000

   Energies (kJ/mol)
           Bond          Angle    Proper Dih. Per. Imp. Dih.          LJ-14
    2.94752e+03    7.96103e+03    1.07860e+04    4.79786e+02    3.95032e+03
     Coulomb-14        LJ (SR)  Disper. corr.   Coulomb (SR)   Coul. recip.
    4.34370e+04    1.00983e+05   -7.16629e+03   -9.21463e+05    5.23058e+03
 Position Rest.      Potential    Kinetic En.   Total Energy  Conserved En.
    8.89149e+02   -7.51965e+05    1.39283e+05   -6.12682e+05   -8.43831e+05
    Temperature Pres. DC (bar) Pressure (bar)   Constr. rmsd
    2.98380e+02   -2.15024e+02   -1.78771e+02    0.00000e+00

           Step           Time
          45500       91.00000

   Energies (kJ/mol)
           Bond          Angle    Proper Dih. Per. Imp. Dih.          LJ-14
    3.03965e+03    7.97755e+03    1.07438e+04    5.37242e+02    3.97636e+03
     Coulomb-14        LJ (SR)  Disper. corr.   Coulomb (SR)   Coul. recip.
    4.33858e+04    1.00209e+05   -7.20561e+03   -9.19498e+05    5.29413e+03
 Position Rest.      Potential    Kinetic En.   Total Energy  Conserved En.
    8.46122e+02   -7.50694e+05    1.39334e+05   -6.11360e+05   -8.43816e+05
    Temperature Pres. DC (bar) Pressure (bar)   Constr. rmsd
    2.98489e+02   -2.17388e+02   -7.31985e+01    0.00000e+00

           Step           Time
          46000       92.00000

   Energies (kJ/mol)
           Bond          Angle    Proper Dih. Per. Imp. Dih.          LJ-14
    3.29024e+03    8.05044e+03    1.07532e+04    4.50157e+02    4.01882e+03
     Coulomb-14        LJ (SR)  Disper. corr.   Coulomb (SR)   Coul. recip.
    4.32083e+04    9.91809e+04   -7.18298e+03   -9.17983e+05    5.28743e+03
 Position Rest.      Potential    Kinetic En.   Total Energy  Conserved En.
    8.27569e+02   -7.50099e+05    1.40175e+05   -6.09924e+05   -8.43802e+05
    Temperature Pres. DC (bar) Pressure (bar)   Constr. rmsd
    3.00291e+02   -2.16026e+02   -1.23275e+02    0.00000e+00

           Step           Time
          46500       93.00000

   Energies (kJ/mol)
           Bond          Angle    Proper Dih. Per. Imp. Dih.          LJ-14
    3.14128e+03    7.95593e+03    1.07058e+04    5.20654e+02    4.03660e+03
     Coulomb-14        LJ (SR)  Disper. corr.   Coulomb (SR)   Coul. recip.
    4.32035e+04    1.01772e+05   -7.21837e+03   -9.21770e+05    5.30931e+03
 Position Rest.      Potential    Kinetic En.   Total Energy  Conserved En.
    8.34918e+02   -7.51508e+05    1.39486e+05   -6.12023e+05   -8.43790e+05
    Temperature Pres. DC (bar) Pressure (bar)   Constr. rmsd
    2.98813e+02   -2.18158e+02    1.55707e+02    0.00000e+00

           Step           Time
          47000       94.00000

   Energies (kJ/mol)
           Bond          Angle    Proper Dih. Per. Imp. Dih.          LJ-14
    3.05158e+03    8.17588e+03    1.08173e+04    5.09714e+02    3.97722e+03
     Coulomb-14        LJ (SR)  Disper. corr.   Coulomb (SR)   Coul. recip.
    4.31854e+04    1.01251e+05   -7.17456e+03   -9.19512e+05    5.23541e+03
 Position Rest.      Potential    Kinetic En.   Total Energy  Conserved En.
    8.31047e+02   -7.49652e+05    1.40826e+05   -6.08826e+05   -8.43807e+05
    Temperature Pres. DC (bar) Pressure (bar)   Constr. rmsd
    3.01684e+02   -2.15521e+02    1.19331e+02    0.00000e+00

           Step           Time
          47500       95.00000

   Energies (kJ/mol)
           Bond          Angle    Proper Dih. Per. Imp. Dih.          LJ-14
    3.19181e+03    8.06683e+03    1.07630e+04    5.10683e+02    4.05509e+03
     Coulomb-14        LJ (SR)  Disper. corr.   Coulomb (SR)   Coul. recip.
    4.33987e+04    1.00886e+05   -7.21043e+03   -9.20459e+05    5.33238e+03
 Position Rest.      Potential    Kinetic En.   Total Energy  Conserved En.
    8.99605e+02   -7.50565e+05    1.41556e+05   -6.09009e+05   -8.43788e+05
    Temperature Pres. DC (bar) Pressure (bar)   Constr. rmsd
    3.03249e+02   -2.17678e+02    1.49228e+01    0.00000e+00

           Step           Time
          48000       96.00000

   Energies (kJ/mol)
           Bond          Angle    Proper Dih. Per. Imp. Dih.          LJ-14
    3.15986e+03    8.11532e+03    1.08036e+04    5.26168e+02    4.00758e+03
     Coulomb-14        LJ (SR)  Disper. corr.   Coulomb (SR)   Coul. recip.
    4.32119e+04    1.02031e+05   -7.22690e+03   -9.21722e+05    5.29096e+03
 Position Rest.      Potential    Kinetic En.   Total Energy  Conserved En.
    8.35674e+02   -7.50967e+05    1.39616e+05   -6.11351e+05   -8.43716e+05
    Temperature Pres. DC (bar) Pressure (bar)   Constr. rmsd
    2.99092e+02   -2.18673e+02    1.33581e+02    0.00000e+00

           Step           Time
          48500       97.00000

   Energies (kJ/mol)
           Bond          Angle    Proper Dih. Per. Imp. Dih.          LJ-14
    3.24637e+03    8.06072e+03    1.07856e+04    5.28913e+02    3.96739e+03
     Coulomb-14        LJ (SR)  Disper. corr.   Coulomb (SR)   Coul. recip.
    4.30166e+04    1.00392e+05   -7.17446e+03   -9.19107e+05    5.30044e+03
 Position Rest.      Potential    Kinetic En.   Total Energy  Conserved En.
    8.60765e+02   -7.50123e+05    1.39087e+05   -6.11036e+05   -8.43731e+05
    Temperature Pres. DC (bar) Pressure (bar)   Constr. rmsd
    2.97960e+02   -2.15514e+02   -1.76538e+02    0.00000e+00

           Step           Time
          49000       98.00000

   Energies (kJ/mol)
           Bond          Angle    Proper Dih. Per. Imp. Dih.          LJ-14
    3.13079e+03    8.19981e+03    1.08522e+04    5.29788e+02    3.97382e+03
     Coulomb-14        LJ (SR)  Disper. corr.   Coulomb (SR)   Coul. recip.
    4.31418e+04    1.02122e+05   -7.21379e+03   -9.21627e+05    5.26608e+03
 Position Rest.      Potential    Kinetic En.   Total Energy  Conserved En.
    8.49956e+02   -7.50774e+05    1.40409e+05   -6.10365e+05   -8.43727e+05
    Temperature Pres. DC (bar) Pressure (bar)   Constr. rmsd
    3.00792e+02   -2.17881e+02    7.32227e+01    0.00000e+00

           Step           Time
          49500       99.00000

   Energies (kJ/mol)
           Bond          Angle    Proper Dih. Per. Imp. Dih.          LJ-14
    2.93858e+03    7.96383e+03    1.08600e+04    5.16154e+02    4.02572e+03
     Coulomb-14        LJ (SR)  Disper. corr.   Coulomb (SR)   Coul. recip.
    4.34182e+04    1.00559e+05   -7.18564e+03   -9.19570e+05    5.25694e+03
 Position Rest.      Potential    Kinetic En.   Total Energy  Conserved En.
    8.51703e+02   -7.50365e+05    1.39636e+05   -6.10730e+05   -8.43714e+05
    Temperature Pres. DC (bar) Pressure (bar)   Constr. rmsd
    2.99135e+02   -2.16186e+02   -7.15443e+01    0.00000e+00

           Step           Time
          50000      100.00000

Writing checkpoint, step 50000 at Tue Aug  1 16:56:47 2023


   Energies (kJ/mol)
           Bond          Angle    Proper Dih. Per. Imp. Dih.          LJ-14
    2.99854e+03    7.78187e+03    1.08384e+04    4.81669e+02    3.98391e+03
     Coulomb-14        LJ (SR)  Disper. corr.   Coulomb (SR)   Coul. recip.
    4.32970e+04    1.02611e+05   -7.22794e+03   -9.23105e+05    5.20400e+03
 Position Rest.      Potential    Kinetic En.   Total Energy  Conserved En.
    8.68807e+02   -7.52267e+05    1.39474e+05   -6.12793e+05   -8.43684e+05
    Temperature Pres. DC (bar) Pressure (bar)   Constr. rmsd
    2.98787e+02   -2.18736e+02    1.09195e+02    0.00000e+00


Energy conservation over simulation part #1 of length 100 ps, time 0 to 100 ps
  Conserved energy drift: 6.68e-03 kJ/mol/ps per atom


	<======  ###############  ==>
	<====  A V E R A G E S  ====>
	<==  ###############  ======>

	Statistics over 50001 steps using 501 frames

   Energies (kJ/mol)
           Bond          Angle    Proper Dih. Per. Imp. Dih.          LJ-14
    3.07590e+03    7.98919e+03    1.07827e+04    5.12424e+02    4.00545e+03
     Coulomb-14        LJ (SR)  Disper. corr.   Coulomb (SR)   Coul. recip.
    4.32811e+04    1.00711e+05   -7.18733e+03   -9.19784e+05    5.23592e+03
 Position Rest.      Potential    Kinetic En.   Total Energy  Conserved En.
    8.74543e+02   -7.50504e+05    1.39608e+05   -6.10896e+05   -8.46058e+05
    Temperature Pres. DC (bar) Pressure (bar)   Constr. rmsd
    2.99075e+02   -2.16357e+02   -4.17370e+00    0.00000e+00

          Box-X          Box-Y          Box-Z
    8.20606e+00    8.20606e+00    8.20606e+00

   Total Virial (kJ/mol)
    4.66463e+04   -1.62650e+02    3.52531e+01
   -1.62651e+02    4.67849e+04   -2.70027e+01
    3.52573e+01   -2.69952e+01    4.66565e+04

   Pressure (bar)
   -3.17692e+00    6.93975e+00   -1.79967e+00
    6.93977e+00   -7.39717e+00    1.58893e+00
   -1.79992e+00    1.58848e+00   -1.94700e+00

      T-Protein  T-non-Protein
    2.99154e+02    2.99067e+02


	M E G A - F L O P S   A C C O U N T I N G

 NB=Group-cutoff nonbonded kernels    NxN=N-by-N cluster Verlet kernels
 RF=Reaction-Field  VdW=Van der Waals  QSTab=quadratic-spline table
 W3=SPC/TIP3p  W4=TIP4p (single or pairs)
 V&F=Potential and force  V=Potential only  F=Force only

 Computing:                               M-Number         M-Flops  % Flops
-----------------------------------------------------------------------------
 Pair Search distance check            2618.671024       23568.039     0.0
 NxN Ewald Elec. + LJ [F]           2626712.028864   173362993.905    98.2
 NxN Ewald Elec. + LJ [V&F]           26585.462720     2844644.511     1.6
 1,4 nonbonded interactions             529.610592       47664.953     0.0
 Shift-X                                 27.595080         165.570     0.0
 Bonds                                  103.402068        6100.722     0.0
 Angles                                 368.007360       61825.236     0.0
 Propers                                569.861397      130498.260     0.1
 Impropers                               40.500810        8424.168     0.0
 Pos. Restr.                            101.302026        5065.101     0.0
 Virial                                  55.180125         993.242     0.0
 Stop-CM                                 27.595080         275.951     0.0
 Calc-Ekin                              550.910160       14874.574     0.0
-----------------------------------------------------------------------------
 Total                                               176507094.235   100.0
-----------------------------------------------------------------------------


      R E A L   C Y C L E   A N D   T I M E   A C C O U N T I N G

On 1 MPI rank, each using 20 OpenMP threads

 Activity:              Num   Num      Call    Wall time         Giga-Cycles
                        Ranks Threads  Count      (s)         total sum    %
--------------------------------------------------------------------------------
 Neighbor search           1   20        501       0.822         59.313   1.9
 Launch PP GPU ops.        1   20      99501       1.408        101.619   3.3
 Force                     1   20      50001      10.769        777.435  25.1
 PME GPU mesh              1   20      50001       1.250         90.218   2.9
 Wait GPU NB local         1   20      49000       0.078          5.634   0.2
 Wait GPU state copy       1   20      62003      23.310       1682.819  54.4
 NB X/F buffer ops.        1   20       1001       0.065          4.676   0.2
 Write traj.               1   20        101       1.764        127.324   4.1
 Rest                                              3.418        246.728   8.0
--------------------------------------------------------------------------------
 Total                                            42.882       3095.765 100.0
--------------------------------------------------------------------------------
 Breakdown of PME mesh activities
--------------------------------------------------------------------------------
 Wait PME GPU gather       1   20      50001       0.080          5.740   0.2
 Reduce GPU PME F          1   20      50001       0.025          1.786   0.1
 Launch PME GPU ops.       1   20     450009       1.113         80.336   2.6
--------------------------------------------------------------------------------

               Core t (s)   Wall t (s)        (%)
       Time:      857.589       42.882     1999.9
                 (ns/day)    (hour/ns)
Performance:      201.486        0.119
Finished mdrun on rank 0 Tue Aug  1 16:56:47 2023

