2023-08-02 23:14:48,938 INFO:main.py:240:print_splash_screen:PDB2PQR v3.6.1: biomolecular structure conversion software.
2023-08-02 23:14:48,938 INFO:main.py:242:print_splash_screen:Please cite:  Jurrus E, et al.  Improvements to the APBS biomolecular solvation software suite.  Protein Sci 27 112-128 (2018).
2023-08-02 23:14:48,938 INFO:main.py:242:print_splash_screen:Please cite:  Dolinsky TJ, et al.  PDB2PQR: expanding and upgrading automated preparation of biomolecular structures for molecular simulations. Nucleic Acids Res 35 W522-W525 (2007).
2023-08-02 23:14:48,938 INFO:main.py:759:main_driver:Checking and transforming input arguments.
2023-08-02 23:14:48,938 INFO:main.py:763:main_driver:Loading topology files.
2023-08-02 23:14:49,012 INFO:main.py:765:main_driver:Loading molecule: start_structures/APO/APO_1K55_chimera.pdb
2023-08-02 23:14:49,054 INFO:main.py:770:main_driver:Setting up molecule.
2023-08-02 23:14:49,056 WARNING:biomolecule.py:992:create_residue:Unable to find amino or nucleic acid definition for KCX.  Parsing as new residue.
2023-08-02 23:14:49,070 INFO:main.py:408:setup_molecule:Created biomolecule object with 245 residues and 1938 atoms.
2023-08-02 23:14:49,070 WARNING:main.py:418:setup_molecule:Multiple occupancies found: CB in LYS A 91.
2023-08-02 23:14:49,070 WARNING:main.py:418:setup_molecule:Multiple occupancies found: CG in LYS A 91.
2023-08-02 23:14:49,070 WARNING:main.py:418:setup_molecule:Multiple occupancies found: CD in LYS A 91.
2023-08-02 23:14:49,070 WARNING:main.py:418:setup_molecule:Multiple occupancies found: CE in LYS A 91.
2023-08-02 23:14:49,070 WARNING:main.py:418:setup_molecule:Multiple occupancies found: NZ in LYS A 91.
2023-08-02 23:14:49,070 WARNING:main.py:424:setup_molecule:Multiple occupancies found in LYS A 91. At least one of the instances is being ignored.
2023-08-02 23:14:49,070 WARNING:main.py:418:setup_molecule:Multiple occupancies found: CB in MET A 99.
2023-08-02 23:14:49,070 WARNING:main.py:418:setup_molecule:Multiple occupancies found: CG in MET A 99.
2023-08-02 23:14:49,070 WARNING:main.py:418:setup_molecule:Multiple occupancies found: SD in MET A 99.
2023-08-02 23:14:49,070 WARNING:main.py:418:setup_molecule:Multiple occupancies found: CE in MET A 99.
2023-08-02 23:14:49,070 WARNING:main.py:424:setup_molecule:Multiple occupancies found in MET A 99. At least one of the instances is being ignored.
2023-08-02 23:14:49,070 WARNING:main.py:418:setup_molecule:Multiple occupancies found: CB in SER A 147.
2023-08-02 23:14:49,070 WARNING:main.py:418:setup_molecule:Multiple occupancies found: OG in SER A 147.
2023-08-02 23:14:49,071 WARNING:main.py:424:setup_molecule:Multiple occupancies found in SER A 147. At least one of the instances is being ignored.
2023-08-02 23:14:49,071 WARNING:main.py:418:setup_molecule:Multiple occupancies found: CB in VAL A 211.
2023-08-02 23:14:49,071 WARNING:main.py:418:setup_molecule:Multiple occupancies found: CG1 in VAL A 211.
2023-08-02 23:14:49,071 WARNING:main.py:418:setup_molecule:Multiple occupancies found: CG2 in VAL A 211.
2023-08-02 23:14:49,071 WARNING:main.py:424:setup_molecule:Multiple occupancies found in VAL A 211. At least one of the instances is being ignored.
2023-08-02 23:14:49,071 INFO:main.py:774:main_driver:Setting termini states for biomolecule chains.
2023-08-02 23:14:49,075 INFO:main.py:604:non_trivial:Loading forcefield.
2023-08-02 23:14:49,081 INFO:main.py:608:non_trivial:Loading hydrogen topology definitions.
2023-08-02 23:14:49,084 WARNING:biomolecule.py:157:num_missing_heavy:Missing atom OXT in residue GLY A 265
2023-08-02 23:14:49,085 WARNING:biomolecule.py:157:num_missing_heavy:Missing atom OXT in residue GLY A 265
2023-08-02 23:14:49,085 INFO:main.py:618:non_trivial:Attempting to repair 1 missing atoms in biomolecule.
2023-08-02 23:14:49,086 WARNING:biomolecule.py:157:num_missing_heavy:Missing atom OXT in residue GLY A 265
2023-08-02 23:14:49,087 INFO:biomolecule.py:1077:repair_heavy:Added atom OXT to residue GLY A 265 at coordinates 4.642, 6.704, 60.948
2023-08-02 23:14:49,087 INFO:main.py:623:non_trivial:Updating disulfide bridges.
2023-08-02 23:14:49,087 INFO:main.py:626:non_trivial:Debumping biomolecule.
2023-08-02 23:14:49,125 INFO:main.py:633:non_trivial:Assigning titration states with PROPKA.
2023-08-02 23:14:49,136 INFO:output.py:61:print_header:
propka3.5.0                                                                                  2023-08-02

-------------------------------------------------------------------------------
--                                                                           --
--  PROPKA: A PROTEIN PKA PREDICTOR                                          --
--                                                                           --
--  VERSION 1.0,  04/25/2004,  IOWA CITY                                     --
--  BY HUI LI                                                                --
--                                                                           --
--  VERSION 2.0,  11/05/2007, IOWA CITY/COPENHAGEN                           --
--  BY DELPHINE C. BAS AND DAVID M. ROGERS                                   --
--                                                                           --
--  VERSION 3.0,  01/06/2011, COPENHAGEN                                     --
--  BY MATS H.M. OLSSON AND CHRESTEN R. SONDERGARD                           --
--                                                                           --
--  VERSION 3.1,  07/01/2011, COPENHAGEN                                     --
--  BY CHRESTEN R. SONDERGARD AND MATS H.M. OLSSON                           --
--                                                                           --
--  VERSION 3.2,  06/17/2020, PLANET EARTH                                   --
--  SEE ABOVE FOR AUTHORS                                                    --
--                                                                           --
-------------------------------------------------------------------------------


-------------------------------------------------------------------------------
References:

Very Fast Empirical Prediction and Rationalization of Protein pKa Values.
Hui Li, Andrew D. Robertson and Jan H. Jensen. PROTEINS: Structure, Function,
and Bioinformatics. 61:704-721 (2005)

Very Fast Prediction and Rationalization of pKa Values for Protein-Ligand
Complexes.  Delphine C. Bas, David M. Rogers and Jan H. Jensen.  PROTEINS:
Structure, Function, and Bioinformatics 73:765-783 (2008)

PROPKA3: Consistent Treatment of Internal and Surface Residues in Empirical
pKa predictions.  Mats H.M. Olsson, Chresten R. Sondergard, Michal Rostkowski,
and Jan H. Jensen.  Journal of Chemical Theory and Computation, 7(2):525-537
(2011)

Improved Treatment of Ligands and Coupling Effects in Empirical Calculation
and Rationalization of pKa Values.  Chresten R. Sondergaard, Mats H.M. Olsson,
Michal Rostkowski, and Jan H. Jensen.  Journal of Chemical Theory and
Computation, (2011)
-------------------------------------------------------------------------------



2023-08-02 23:14:49,198 INFO:conformation_container.py:109:find_covalently_coupled_groups:Coupling map:

2023-08-02 23:14:49,198 INFO:conformation_container.py:195:calculate_pka:Calculating pKas for Conformation container 1A with 2278 atoms and 613 groups
2023-08-02 23:14:49,376 INFO:output.py:208:print_pka_section:pKa determinants:

---------  -----   ------   ---------------------    --------------    --------------    --------------
                            DESOLVATION  EFFECTS       SIDECHAIN          BACKBONE        COULOMBIC
 RESIDUE    pKa    BURIED     REGULAR      RE        HYDROGEN BOND     HYDROGEN BOND      INTERACTION
---------  -----   ------   ---------   ---------    --------------    --------------    --------------

ASP  55 A   3.40    16 %    0.72  327   0.03    0    0.00 XXX   0 X   -0.16 ALA  57 A   -0.13 ARG  58 A
ASP  55 A                                            0.00 XXX   0 X   -0.84 ARG  58 A   -0.02 LYS  61 A

ASP  93 A   3.02     0 %    0.45  226   0.00    0    0.00 XXX   0 X   -0.14 ASP  93 A   -0.13 LYS  95 A
ASP  93 A                                            0.00 XXX   0 X   -0.78 LYS  95 A   -0.19 ARG  97 A

ASP 105 A   2.28     0 %    0.51  213   0.00    0   -0.79 LYS  91 A   -0.81 TRP  92 A   -0.03 ARG  97 A
ASP 105 A                                            0.00 XXX   0 X    0.00 XXX   0 X   -0.01 ARG 104 A
ASP 105 A                                            0.00 XXX   0 X    0.00 XXX   0 X   -0.38 LYS  91 A

ASP 151 A   2.88     2 %    0.45  288   0.00    0   -0.54 ARG 125 A   -0.33 ASP 151 A   -0.15 LYS 152 A
ASP 151 A                                            0.00 XXX   0 X    0.00 XXX   0 X   -0.34 ARG 125 A

ASP 240 A   3.59    48 %    1.35  417   0.37    0   -1.04 ARG  58 A    0.00 XXX   0 X   -0.14 LYS  61 A
ASP 240 A                                            0.00 XXX   0 X    0.00 XXX   0 X   -0.75 ARG  58 A

ASP 242 A   4.04     0 %    0.31  233   0.00    0    0.00 XXX   0 X   -0.06 ASP 242 A   -0.04 LYS 246 A
ASP 242 A                                            0.00 XXX   0 X    0.00 XXX   0 X    0.03 ASP 240 A

GLU  24 A   4.19     0 %    0.36  240   0.00    0    0.00 XXX   0 X   -0.85 LEU  56 A    0.18 ASP  55 A

GLU  31 A   4.76     8 %    0.47  303   0.01    0    0.00 XXX   0 X    0.00 XXX   0 X   -0.02 LYS  30 A
GLU  31 A                                            0.00 XXX   0 X    0.00 XXX   0 X   -0.19 LYS 256 A

GLU  35 A   4.44     0 %    0.28  234   0.00    0    0.00 XXX   0 X    0.00 XXX   0 X   -0.21 LYS 246 A
GLU  35 A                                            0.00 XXX   0 X    0.00 XXX   0 X   -0.12 LYS 256 A

GLU  62 A   5.27    21 %    0.65  340   0.15    0    0.00 XXX   0 X    0.00 XXX   0 X   -0.03 ARG 160 A

GLU  79 A   3.68    25 %    0.96  350   0.12    0   -0.20 SER 181 A   -0.83 SER 181 A   -0.02 LYS 134 A
GLU  79 A                                           -0.78 ASN 184 A    0.00 XXX   0 X   -0.06 LYS 138 A

GLU  86 A   3.81     0 %    0.36  257   0.00    0    0.00 XXX   0 X   -0.75 GLU  86 A   -0.30 HIS  87 A

GLU 103 A   3.81     0 %    0.45  178   0.00    0    0.00 XXX   0 X   -0.85 ARG  97 A   -0.05 ARG  97 A
GLU 103 A                                            0.00 XXX   0 X    0.00 XXX   0 X   -0.26 LYS 100 A
GLU 103 A                                            0.00 XXX   0 X    0.00 XXX   0 X    0.01 ASP  93 A

GLU 126 A   4.04     6 %    0.38  298   0.04    0   -0.85 GLN 122 A    0.00 XXX   0 X   -0.02 ARG 125 A
GLU 126 A                                            0.00 XXX   0 X    0.00 XXX   0 X   -0.02 ARG 131 A

GLU 129 A   4.69     0 %    0.19  239   0.00    0    0.00 XXX   0 X    0.00 XXX   0 X    0.00 XXX   0 X

GLU 156 A   4.52     0 %    0.24  274   0.00    0    0.00 XXX   0 X    0.00 XXX   0 X   -0.25 LYS 152 A
GLU 156 A                                            0.00 XXX   0 X    0.00 XXX   0 X    0.04 ASP 151 A

GLU 168 A   5.54    40 %    0.76  394   0.21    0    0.00 XXX   0 X    0.00 XXX   0 X   -0.01 N+   21 A
GLU 168 A                                            0.00 XXX   0 X    0.00 XXX   0 X    0.07 GLU 171 A

GLU 171 A   3.91    26 %    1.09  354   0.12    0   -0.85 SER  48 A   -0.74 SER  48 A   -0.00 N+   21 A
GLU 171 A                                            0.00 XXX   0 X    0.00 XXX   0 X   -0.12 LYS  49 A
GLU 171 A                                            0.00 XXX   0 X    0.00 XXX   0 X   -0.08 LYS 177 A

GLU 183 A   4.72     0 %    0.13  200   0.00    0    0.00 XXX   0 X    0.00 XXX   0 X    0.02 GLU  79 A
GLU 183 A                                            0.00 XXX   0 X    0.00 XXX   0 X    0.07 GLU  86 A

GLU 190 A   4.56     0 %    0.17  267   0.00    0    0.00 XXX   0 X    0.00 XXX   0 X   -0.09 ARG 109 A
GLU 190 A                                            0.00 XXX   0 X    0.00 XXX   0 X    0.05 GLU  86 A
GLU 190 A                                            0.00 XXX   0 X    0.00 XXX   0 X   -0.04 HIS  87 A
GLU 190 A                                            0.00 XXX   0 X    0.00 XXX   0 X   -0.03 HIS 203 A

GLU 195 A   5.22    18 %    0.61  333   0.00    0    0.00 XXX   0 X    0.00 XXX   0 X   -0.01 LYS 228 A
GLU 195 A                                            0.00 XXX   0 X    0.00 XXX   0 X   -0.02 LYS 251 A
GLU 195 A                                            0.00 XXX   0 X    0.00 XXX   0 X    0.06 GLU 259 A
GLU 195 A                                            0.00 XXX   0 X    0.00 XXX   0 X    0.07 C-  265 A

GLU 199 A   4.79     0 %    0.14  126   0.00    0    0.00 XXX   0 X    0.00 XXX   0 X   -0.06 LYS 228 A
GLU 199 A                                            0.00 XXX   0 X    0.00 XXX   0 X    0.20 GLU 229 A
GLU 199 A                                            0.00 XXX   0 X    0.00 XXX   0 X    0.01 C-  265 A

GLU 214 A   4.75     0 %    0.07  113   0.00    0    0.00 XXX   0 X    0.00 XXX   0 X    0.18 ASP 242 A

GLU 227 A   4.75    40 %    1.09  392   0.07    0   -0.49 TYR 174 A    0.00 XXX   0 X   -0.08 LYS 189 A
GLU 227 A                                            0.00 XXX   0 X    0.00 XXX   0 X   -0.34 HIS 203 A

GLU 229 A   4.47     0 %    0.18  171   0.00    0    0.00 XXX   0 X    0.00 XXX   0 X   -0.25 LYS 228 A
GLU 229 A                                            0.00 XXX   0 X    0.00 XXX   0 X    0.03 C-  265 A

GLU 231 A   3.21     0 %    0.50  274   0.00    0   -0.75 SER  46 A   -0.80 VAL 232 A   -0.23 LYS  45 A

GLU 244 A   4.71     0 %    0.22  242   0.00    0    0.00 XXX   0 X    0.00 XXX   0 X   -0.01 ARG 250 A

GLU 259 A   4.84     0 %    0.33  258   0.00    0    0.00 XXX   0 X    0.00 XXX   0 X   -0.02 LYS 256 A
GLU 259 A                                            0.00 XXX   0 X    0.00 XXX   0 X    0.03 C-  265 A

GLU 261 A   4.82    19 %    0.50  334   0.03    0   -0.19 TRP  28 A    0.00 XXX   0 X   -0.02 LYS  45 A

C-  265 A   3.19     0 %    0.29  198   0.00    0    0.00 XXX   0 X    0.00 XXX   0 X   -0.30 LYS 228 A

HIS  87 A   6.59     0 %   -0.25  198   0.00    0    0.00 XXX   0 X    0.00 XXX   0 X    0.30 GLU  86 A
HIS  87 A                                            0.00 XXX   0 X    0.00 XXX   0 X    0.04 GLU 190 A

HIS 203 A   4.87    69 %   -2.29  475   0.00    0    0.00 XXX   0 X    0.47 LYS 189 A   -0.03 ARG 109 A
HIS 203 A                                            0.00 XXX   0 X    0.00 XXX   0 X   -0.14 LYS 189 A
HIS 203 A                                            0.00 XXX   0 X    0.00 XXX   0 X    0.03 GLU 190 A
HIS 203 A                                            0.00 XXX   0 X    0.00 XXX   0 X    0.34 GLU 227 A

CYS  44 A  99.99     0 %    0.00    0   0.00    0    0.00 XXX   0 X    0.00 XXX   0 X    0.00 XXX   0 X

CYS  51 A  99.99     0 %    0.00    0   0.00    0    0.00 XXX   0 X    0.00 XXX   0 X    0.00 XXX   0 X

TYR  63 A  11.82    46 %    2.05  410   0.00    0    0.00 XXX   0 X    0.00 XXX   0 X    0.09 ASP  55 A
TYR  63 A                                            0.00 XXX   0 X    0.00 XXX   0 X   -0.73 ARG  58 A
TYR  63 A                                            0.00 XXX   0 X    0.00 XXX   0 X    0.42 ASP 240 A

TYR 135 A  10.94    18 %    0.74  333   0.00    0    0.00 XXX   0 X    0.00 XXX   0 X    0.30 GLU  79 A
TYR 135 A                                            0.00 XXX   0 X    0.00 XXX   0 X   -0.09 ARG 131 A

TYR 141 A  13.44   100 %    3.88  668   0.00    0   -0.44 THR  68 A    0.00 XXX   0 X    0.00 XXX   0 X

TYR 174 A  11.96    33 %    0.88  374   0.00    0    0.49 GLU 227 A    0.00 XXX   0 X    0.05 GLU 231 A
TYR 174 A                                            0.00 XXX   0 X    0.00 XXX   0 X    0.53 GLU 227 A

TYR 200 A  12.02    37 %    1.42  385   0.00    0    0.00 XXX   0 X    0.00 XXX   0 X    0.36 GLU 195 A
TYR 200 A                                            0.00 XXX   0 X    0.00 XXX   0 X    0.10 GLU 259 A
TYR 200 A                                            0.00 XXX   0 X    0.00 XXX   0 X    0.12 C-  265 A
TYR 200 A                                            0.00 XXX   0 X    0.00 XXX   0 X    0.02 TYR 233 A

TYR 233 A  10.68    15 %    0.73  323   0.00    0    0.00 XXX   0 X    0.00 XXX   0 X    0.05 GLU 229 A
TYR 233 A                                            0.00 XXX   0 X    0.00 XXX   0 X    0.24 GLU 231 A
TYR 233 A                                            0.00 XXX   0 X    0.00 XXX   0 X    0.04 GLU 261 A
TYR 233 A                                            0.00 XXX   0 X    0.00 XXX   0 X   -0.32 LYS  45 A
TYR 233 A                                            0.00 XXX   0 X    0.00 XXX   0 X   -0.06 LYS 228 A

LYS  30 A  10.44     0 %   -0.08  129   0.00    0    0.00 XXX   0 X    0.00 XXX   0 X    0.02 GLU  31 A

LYS  45 A  10.88     0 %   -0.19  234   0.00    0    0.00 XXX   0 X    0.00 XXX   0 X    0.23 GLU 231 A
LYS  45 A                                            0.00 XXX   0 X    0.00 XXX   0 X    0.02 GLU 261 A
LYS  45 A                                            0.00 XXX   0 X    0.00 XXX   0 X    0.32 TYR 233 A

LYS  49 A  10.44     0 %   -0.18  185   0.00    0    0.00 XXX   0 X    0.00 XXX   0 X    0.12 GLU 171 A

LYS  61 A  10.30     0 %   -0.19  267   0.00    0    0.00 XXX   0 X    0.00 XXX   0 X    0.02 ASP  55 A
LYS  61 A                                            0.00 XXX   0 X    0.00 XXX   0 X   -0.17 ARG  58 A
LYS  61 A                                            0.00 XXX   0 X    0.00 XXX   0 X    0.14 ASP 240 A

LYS  84 A  10.41     0 %   -0.09  140   0.00    0    0.00 XXX   0 X    0.00 XXX   0 X    0.00 XXX   0 X

LYS  91 A  11.43     0 %   -0.25  148   0.00    0    0.79 ASP 105 A    0.00 XXX   0 X    0.38 ASP 105 A

LYS  95 A  10.55     0 %   -0.07   78   0.00    0    0.00 XXX   0 X    0.00 XXX   0 X    0.13 ASP  93 A

LYS 100 A  10.64     0 %   -0.11  129   0.00    0    0.00 XXX   0 X    0.00 XXX   0 X    0.26 GLU 103 A
LYS 100 A                                            0.00 XXX   0 X    0.00 XXX   0 X   -0.01 ARG 104 A

LYS 134 A   9.94     0 %   -0.31  243   0.00    0    0.00 XXX   0 X    0.00 XXX   0 X    0.02 GLU  79 A
LYS 134 A                                            0.00 XXX   0 X    0.00 XXX   0 X   -0.10 ARG 131 A
LYS 134 A                                            0.00 XXX   0 X    0.00 XXX   0 X   -0.17 LYS 138 A

LYS 137 A  10.42     0 %   -0.08  142   0.00    0    0.00 XXX   0 X    0.00 XXX   0 X    0.00 XXX   0 X

LYS 138 A  10.31     0 %   -0.25  241   0.00    0    0.00 XXX   0 X    0.00 XXX   0 X    0.06 GLU  79 A
LYS 138 A                                            0.00 XXX   0 X    0.00 XXX   0 X   -0.01 LYS 137 A

LYS 152 A  10.75     0 %   -0.15  187   0.00    0    0.00 XXX   0 X    0.00 XXX   0 X    0.15 ASP 151 A
LYS 152 A                                            0.00 XXX   0 X    0.00 XXX   0 X    0.25 GLU 156 A

LYS 177 A  10.39     0 %   -0.15  207   0.00    0    0.00 XXX   0 X    0.00 XXX   0 X    0.08 GLU 171 A
LYS 177 A                                            0.00 XXX   0 X    0.00 XXX   0 X   -0.04 LYS  49 A

LYS 182 A  10.30     0 %   -0.20  184   0.00    0    0.00 XXX   0 X    0.00 XXX   0 X    0.00 XXX   0 X

LYS 189 A   8.64    39 %   -1.81  391   0.00    0    0.00 XXX   0 X    0.00 XXX   0 X    0.08 GLU 227 A
LYS 189 A                                            0.00 XXX   0 X    0.00 XXX   0 X   -0.13 LYS 182 A

LYS 205 A   6.80   100 %   -3.28  581   0.00    0    0.00 XXX   0 X    0.00 XXX   0 X   -0.34 ARG 250 A
LYS 205 A                                            0.00 XXX   0 X    0.00 XXX   0 X   -0.08 LYS 251 A

LYS 228 A  10.73     0 %   -0.44  231   0.00    0    0.00 XXX   0 X    0.00 XXX   0 X    0.01 GLU 195 A
LYS 228 A                                            0.00 XXX   0 X    0.00 XXX   0 X    0.06 GLU 199 A
LYS 228 A                                            0.00 XXX   0 X    0.00 XXX   0 X    0.25 GLU 229 A
LYS 228 A                                            0.00 XXX   0 X    0.00 XXX   0 X    0.30 C-  265 A
LYS 228 A                                            0.00 XXX   0 X    0.00 XXX   0 X    0.06 TYR 233 A

LYS 246 A  10.56     0 %   -0.20  222   0.00    0    0.00 XXX   0 X    0.00 XXX   0 X    0.21 GLU  35 A
LYS 246 A                                            0.00 XXX   0 X    0.00 XXX   0 X    0.04 ASP 242 A

LYS 251 A   9.58    45 %   -0.72  408   0.00    0    0.00 XXX   0 X    0.00 XXX   0 X    0.02 GLU 195 A
LYS 251 A                                            0.00 XXX   0 X    0.00 XXX   0 X   -0.21 ARG 250 A

LYS 256 A  10.65     0 %   -0.19  240   0.00    0    0.00 XXX   0 X    0.00 XXX   0 X    0.19 GLU  31 A
LYS 256 A                                            0.00 XXX   0 X    0.00 XXX   0 X    0.12 GLU  35 A
LYS 256 A                                            0.00 XXX   0 X    0.00 XXX   0 X    0.02 GLU 259 A

ARG  58 A  12.64    71 %   -2.51  480   0.00    0    1.04 ASP 240 A    0.00 XXX   0 X    0.13 ASP  55 A
ARG  58 A                                            0.00 XXX   0 X    0.00 XXX   0 X    0.73 TYR  63 A
ARG  58 A                                            0.00 XXX   0 X    0.00 XXX   0 X    0.75 ASP 240 A

ARG  97 A  11.83    18 %   -0.95  331   0.00    0    0.00 XXX   0 X    0.00 XXX   0 X    0.19 ASP  93 A
ARG  97 A                                            0.00 XXX   0 X    0.00 XXX   0 X    0.05 GLU 103 A
ARG  97 A                                            0.00 XXX   0 X    0.00 XXX   0 X    0.03 ASP 105 A

ARG 104 A  12.36     0 %   -0.15  210   0.00    0    0.00 XXX   0 X    0.00 XXX   0 X    0.01 ASP 105 A

ARG 109 A  11.87    20 %   -0.72  338   0.00    0    0.00 XXX   0 X    0.00 XXX   0 X    0.09 GLU 190 A

ARG 125 A  12.75    14 %   -0.66  320   0.00    0    0.54 ASP 151 A    0.00 XXX   0 X    0.02 GLU 126 A
ARG 125 A                                            0.00 XXX   0 X    0.00 XXX   0 X    0.34 ASP 151 A

ARG 131 A  12.23     0 %   -0.38  268   0.00    0    0.00 XXX   0 X    0.00 XXX   0 X    0.02 GLU 126 A
ARG 131 A                                            0.00 XXX   0 X    0.00 XXX   0 X    0.09 TYR 135 A

ARG 160 A  11.67    31 %   -0.86  369   0.00    0    0.00 XXX   0 X    0.00 XXX   0 X    0.03 GLU  62 A

ARG 250 A  10.43    71 %   -2.08  480   0.00    0    0.00 XXX   0 X    0.00 XXX   0 X    0.01 GLU 244 A

N+   21 A   7.61     0 %   -0.36  224   0.00    0    0.00 XXX   0 X    0.00 XXX   0 X   -0.04 LYS  49 A
N+   21 A                                            0.00 XXX   0 X    0.00 XXX   0 X    0.01 GLU 168 A
N+   21 A                                            0.00 XXX   0 X    0.00 XXX   0 X    0.00 GLU 171 A


2023-08-02 23:14:49,376 INFO:output.py:210:print_pka_section:pKa summary:
--------------------------------------------------------------------------------------------------------
SUMMARY OF THIS PREDICTION
       Group      pKa  model-pKa   ligand atom-type
   ASP  55 A     3.40       3.80                      
   ASP  93 A     3.02       3.80                      
   ASP 105 A     2.28       3.80                      
   ASP 151 A     2.88       3.80                      
   ASP 240 A     3.59       3.80                      
   ASP 242 A     4.04       3.80                      
   GLU  24 A     4.19       4.50                      
   GLU  31 A     4.76       4.50                      
   GLU  35 A     4.44       4.50                      
   GLU  62 A     5.27       4.50                      
   GLU  79 A     3.68       4.50                      
   GLU  86 A     3.81       4.50                      
   GLU 103 A     3.81       4.50                      
   GLU 126 A     4.04       4.50                      
   GLU 129 A     4.69       4.50                      
   GLU 156 A     4.52       4.50                      
   GLU 168 A     5.54       4.50                      
   GLU 171 A     3.91       4.50                      
   GLU 183 A     4.72       4.50                      
   GLU 190 A     4.56       4.50                      
   GLU 195 A     5.22       4.50                      
   GLU 199 A     4.79       4.50                      
   GLU 214 A     4.75       4.50                      
   GLU 227 A     4.75       4.50                      
   GLU 229 A     4.47       4.50                      
   GLU 231 A     3.21       4.50                      
   GLU 244 A     4.71       4.50                      
   GLU 259 A     4.84       4.50                      
   GLU 261 A     4.82       4.50                      
   C-  265 A     3.19       3.20                      
   HIS  87 A     6.59       6.50                      
   HIS 203 A     4.87       6.50                      
   CYS  44 A    99.99       9.00                      
   CYS  51 A    99.99       9.00                      
   TYR  63 A    11.82      10.00                      
   TYR 135 A    10.94      10.00                      
   TYR 141 A    13.44      10.00                      
   TYR 174 A    11.96      10.00                      
   TYR 200 A    12.02      10.00                      
   TYR 233 A    10.68      10.00                      
   LYS  30 A    10.44      10.50                      
   LYS  45 A    10.88      10.50                      
   LYS  49 A    10.44      10.50                      
   LYS  61 A    10.30      10.50                      
   LYS  84 A    10.41      10.50                      
   LYS  91 A    11.43      10.50                      
   LYS  95 A    10.55      10.50                      
   LYS 100 A    10.64      10.50                      
   LYS 134 A     9.94      10.50                      
   LYS 137 A    10.42      10.50                      
   LYS 138 A    10.31      10.50                      
   LYS 152 A    10.75      10.50                      
   LYS 177 A    10.39      10.50                      
   LYS 182 A    10.30      10.50                      
   LYS 189 A     8.64      10.50                      
   LYS 205 A     6.80      10.50                      
   LYS 228 A    10.73      10.50                      
   LYS 246 A    10.56      10.50                      
   LYS 251 A     9.58      10.50                      
   LYS 256 A    10.65      10.50                      
   ARG  58 A    12.64      12.50                      
   ARG  97 A    11.83      12.50                      
   ARG 104 A    12.36      12.50                      
   ARG 109 A    11.87      12.50                      
   ARG 125 A    12.75      12.50                      
   ARG 131 A    12.23      12.50                      
   ARG 160 A    11.67      12.50                      
   ARG 250 A    10.43      12.50                      
   N+   21 A     7.61       8.00                      

2023-08-02 23:14:49,392 INFO:main.py:636:non_trivial:PROPKA information:
--------------------------------------------------------------------------------------------------------
Free energy of   folding (kcal/mol) as a function of pH (using neutral reference)
  0.00     25.53
  1.00     25.49
  2.00     25.12
  3.00     23.21
  4.00     19.48
  5.00     18.53
  6.00     18.81
  7.00     17.97
  8.00     16.44
  9.00     14.50
 10.00     13.37
 11.00     15.87
 12.00     18.35
 13.00     18.65
 14.00     18.99

The pH of optimum stability is  9.9 for which the free energy is   13.3 kcal/mol at 298K
Could not determine pH values where the free energy is within 80 % of minimum
Could not determine the pH-range where the free energy is negative


Protein charge of folded and unfolded state as a function of pH
    pH  unfolded  folded
  0.00     31.00   30.99
  0.10     31.00   30.99
  0.20     31.00   30.98
  0.30     31.00   30.98
  0.40     30.99   30.97
  0.50     30.99   30.97
  0.60     30.99   30.96
  0.70     30.99   30.95
  0.80     30.99   30.93
  0.90     30.98   30.92
  1.00     30.98   30.90
  1.10     30.97   30.87
  1.20     30.96   30.84
  1.30     30.95   30.80
  1.40     30.94   30.75
  1.50     30.93   30.69
  1.60     30.91   30.62
  1.70     30.89   30.53
  1.80     30.86   30.43
  1.90     30.82   30.30
  2.00     30.77   30.15
  2.10     30.72   29.98
  2.20     30.65   29.78
  2.30     30.56   29.54
  2.40     30.45   29.27
  2.50     30.32   28.96
  2.60     30.16   28.62
  2.70     29.96   28.22
  2.80     29.72   27.78
  2.90     29.43   27.29
  3.00     29.09   26.76
  3.10     28.68   26.16
  3.20     28.20   25.52
  3.30     27.63   24.83
  3.40     26.98   24.08
  3.50     26.24   23.28
  3.60     25.39   22.43
  3.70     24.43   21.54
  3.80     23.37   20.60
  3.90     22.20   19.61
  4.00     20.93   18.58
  4.10     19.56   17.51
  4.20     18.11   16.41
  4.30     16.60   15.27
  4.40     15.07   14.12
  4.50     13.53   12.95
  4.60     12.02   11.78
  4.70     10.57   10.62
  4.80      9.21    9.48
  4.90      7.96    8.39
  5.00      6.84    7.36
  5.10      5.84    6.39
  5.20      4.97    5.49
  5.30      4.22    4.67
  5.40      3.58    3.93
  5.50      3.03    3.27
  5.60      2.56    2.68
  5.70      2.16    2.16
  5.80      1.82    1.71
  5.90      1.52    1.30
  6.00      1.25    0.94
  6.10      1.01    0.62
  6.20      0.79    0.33
  6.30      0.58    0.06
  6.40      0.39   -0.18
  6.50      0.21   -0.41
  6.60      0.03   -0.63
  6.70     -0.13   -0.84
  6.80     -0.28   -1.04
  6.90     -0.42   -1.23
  7.00     -0.55   -1.42
  7.10     -0.67   -1.59
  7.20     -0.78   -1.76
  7.30     -0.88   -1.92
  7.40     -0.98   -2.07
  7.50     -1.07   -2.21
  7.60     -1.17   -2.35
  7.70     -1.26   -2.49
  7.80     -1.36   -2.62
  7.90     -1.45   -2.75
  8.00     -1.55   -2.88
  8.10     -1.66   -3.01
  8.20     -1.76   -3.14
  8.30     -1.87   -3.27
  8.40     -1.99   -3.41
  8.50     -2.12   -3.56
  8.60     -2.26   -3.72
  8.70     -2.42   -3.89
  8.80     -2.60   -4.08
  8.90     -2.81   -4.28
  9.00     -3.06   -4.51
  9.10     -3.36   -4.77
  9.20     -3.72   -5.06
  9.30     -4.14   -5.39
  9.40     -4.64   -5.78
  9.50     -5.23   -6.21
  9.60     -5.93   -6.72
  9.70     -6.73   -7.29
  9.80     -7.65   -7.94
  9.90     -8.68   -8.67
 10.00     -9.82   -9.49
 10.10    -11.06  -10.39
 10.20    -12.39  -11.36
 10.30    -13.78  -12.40
 10.40    -15.20  -13.50
 10.50    -16.63  -14.62
 10.60    -18.04  -15.77
 10.70    -19.39  -16.92
 10.80    -20.66  -18.04
 10.90    -21.83  -19.14
 11.00    -22.89  -20.20
 11.10    -23.85  -21.21
 11.20    -24.70  -22.17
 11.30    -25.45  -23.09
 11.40    -26.12  -23.97
 11.50    -26.72  -24.82
 11.60    -27.28  -25.63
 11.70    -27.79  -26.42
 11.80    -28.28  -27.18
 11.90    -28.77  -27.91
 12.00    -29.25  -28.62
 12.10    -29.74  -29.30
 12.20    -30.24  -29.95
 12.30    -30.75  -30.56
 12.40    -31.27  -31.14
 12.50    -31.78  -31.68
 12.60    -32.29  -32.17
 12.70    -32.77  -32.63
 12.80    -33.22  -33.04
 12.90    -33.64  -33.42
 13.00    -34.01  -33.76
 13.10    -34.34  -34.06
 13.20    -34.63  -34.34
 13.30    -34.87  -34.58
 13.40    -35.08  -34.79
 13.50    -35.25  -34.98
 13.60    -35.39  -35.14
 13.70    -35.51  -35.28
 13.80    -35.61  -35.40
 13.90    -35.68  -35.51
 14.00    -35.75  -35.60
The pI is  6.33 (folded) and  6.62 (unfolded)

--------------------------------------------------------------------------------------------------------
2023-08-02 23:14:49,392 INFO:biomolecule.py:794:apply_pka_values:Applying pKa values at a pH of 7.40:
2023-08-02 23:14:49,394 INFO:main.py:649:non_trivial:Adding hydrogens to biomolecule.
2023-08-02 23:14:49,620 INFO:main.py:652:non_trivial:Debumping biomolecule (again).
2023-08-02 23:14:49,816 INFO:main.py:654:non_trivial:Optimizing hydrogen bonds
2023-08-02 23:14:50,126 INFO:main.py:666:non_trivial:Applying force field to biomolecule states.
2023-08-02 23:14:50,129 INFO:main.py:713:non_trivial:Regenerating headers.
2023-08-02 23:14:50,130 INFO:main.py:738:non_trivial:Regenerating PDB lines.
2023-08-02 23:14:50,146 WARNING:main.py:311:print_pqr:Ignoring 1205 header lines in output.
2023-08-02 23:14:50,146 WARNING:main.py:315:print_pqr:Ignoring 12 missing lines in output.
2023-08-02 23:14:50,164 WARNING:main.py:354:print_pdb:Ignoring 1205 header lines in output.
2023-08-02 23:14:50,164 WARNING:main.py:358:print_pdb:Ignoring 12 missing lines in output.
