2023-08-02 23:14:47,321 INFO:main.py:240:print_splash_screen:PDB2PQR v3.6.1: biomolecular structure conversion software.
2023-08-02 23:14:47,321 INFO:main.py:242:print_splash_screen:Please cite:  Jurrus E, et al.  Improvements to the APBS biomolecular solvation software suite.  Protein Sci 27 112-128 (2018).
2023-08-02 23:14:47,321 INFO:main.py:242:print_splash_screen:Please cite:  Dolinsky TJ, et al.  PDB2PQR: expanding and upgrading automated preparation of biomolecular structures for molecular simulations. Nucleic Acids Res 35 W522-W525 (2007).
2023-08-02 23:14:47,321 INFO:main.py:759:main_driver:Checking and transforming input arguments.
2023-08-02 23:14:47,322 INFO:main.py:763:main_driver:Loading topology files.
2023-08-02 23:14:47,399 INFO:main.py:765:main_driver:Loading molecule: start_structures/APO/APO_5UL8_chimera.pdb
2023-08-02 23:14:47,434 INFO:main.py:770:main_driver:Setting up molecule.
2023-08-02 23:14:47,455 INFO:main.py:408:setup_molecule:Created biomolecule object with 271 residues and 4031 atoms.
2023-08-02 23:14:47,455 WARNING:main.py:418:setup_molecule:Multiple occupancies found: N in SER A 59.
2023-08-02 23:14:47,455 WARNING:main.py:418:setup_molecule:Multiple occupancies found: CA in SER A 59.
2023-08-02 23:14:47,455 WARNING:main.py:418:setup_molecule:Multiple occupancies found: C in SER A 59.
2023-08-02 23:14:47,455 WARNING:main.py:418:setup_molecule:Multiple occupancies found: O in SER A 59.
2023-08-02 23:14:47,455 WARNING:main.py:418:setup_molecule:Multiple occupancies found: CB in SER A 59.
2023-08-02 23:14:47,455 WARNING:main.py:418:setup_molecule:Multiple occupancies found: OG in SER A 59.
2023-08-02 23:14:47,455 WARNING:main.py:418:setup_molecule:Multiple occupancies found: H in SER A 59.
2023-08-02 23:14:47,455 WARNING:main.py:418:setup_molecule:Multiple occupancies found: HA in SER A 59.
2023-08-02 23:14:47,455 WARNING:main.py:418:setup_molecule:Multiple occupancies found: HB2 in SER A 59.
2023-08-02 23:14:47,455 WARNING:main.py:418:setup_molecule:Multiple occupancies found: HB3 in SER A 59.
2023-08-02 23:14:47,455 WARNING:main.py:418:setup_molecule:Multiple occupancies found: HG in SER A 59.
2023-08-02 23:14:47,455 WARNING:main.py:424:setup_molecule:Multiple occupancies found in SER A 59. At least one of the instances is being ignored.
2023-08-02 23:14:47,455 WARNING:main.py:418:setup_molecule:Multiple occupancies found: N in GLN A 87.
2023-08-02 23:14:47,455 WARNING:main.py:418:setup_molecule:Multiple occupancies found: CA in GLN A 87.
2023-08-02 23:14:47,455 WARNING:main.py:418:setup_molecule:Multiple occupancies found: C in GLN A 87.
2023-08-02 23:14:47,455 WARNING:main.py:418:setup_molecule:Multiple occupancies found: O in GLN A 87.
2023-08-02 23:14:47,455 WARNING:main.py:418:setup_molecule:Multiple occupancies found: CB in GLN A 87.
2023-08-02 23:14:47,455 WARNING:main.py:418:setup_molecule:Multiple occupancies found: CG in GLN A 87.
2023-08-02 23:14:47,455 WARNING:main.py:418:setup_molecule:Multiple occupancies found: CD in GLN A 87.
2023-08-02 23:14:47,455 WARNING:main.py:418:setup_molecule:Multiple occupancies found: OE1 in GLN A 87.
2023-08-02 23:14:47,455 WARNING:main.py:418:setup_molecule:Multiple occupancies found: NE2 in GLN A 87.
2023-08-02 23:14:47,455 WARNING:main.py:418:setup_molecule:Multiple occupancies found: H in GLN A 87.
2023-08-02 23:14:47,455 WARNING:main.py:418:setup_molecule:Multiple occupancies found: HA in GLN A 87.
2023-08-02 23:14:47,456 WARNING:main.py:418:setup_molecule:Multiple occupancies found: HB2 in GLN A 87.
2023-08-02 23:14:47,456 WARNING:main.py:418:setup_molecule:Multiple occupancies found: HB3 in GLN A 87.
2023-08-02 23:14:47,456 WARNING:main.py:418:setup_molecule:Multiple occupancies found: HG2 in GLN A 87.
2023-08-02 23:14:47,456 WARNING:main.py:418:setup_molecule:Multiple occupancies found: HG3 in GLN A 87.
2023-08-02 23:14:47,456 WARNING:main.py:418:setup_molecule:Multiple occupancies found: HE21 in GLN A 87.
2023-08-02 23:14:47,456 WARNING:main.py:418:setup_molecule:Multiple occupancies found: HE22 in GLN A 87.
2023-08-02 23:14:47,456 WARNING:main.py:424:setup_molecule:Multiple occupancies found in GLN A 87. At least one of the instances is being ignored.
2023-08-02 23:14:47,456 WARNING:main.py:418:setup_molecule:Multiple occupancies found: N in ARG A 96.
2023-08-02 23:14:47,456 WARNING:main.py:418:setup_molecule:Multiple occupancies found: CA in ARG A 96.
2023-08-02 23:14:47,456 WARNING:main.py:418:setup_molecule:Multiple occupancies found: C in ARG A 96.
2023-08-02 23:14:47,456 WARNING:main.py:418:setup_molecule:Multiple occupancies found: O in ARG A 96.
2023-08-02 23:14:47,456 WARNING:main.py:418:setup_molecule:Multiple occupancies found: CB in ARG A 96.
2023-08-02 23:14:47,456 WARNING:main.py:418:setup_molecule:Multiple occupancies found: CG in ARG A 96.
2023-08-02 23:14:47,456 WARNING:main.py:418:setup_molecule:Multiple occupancies found: CD in ARG A 96.
2023-08-02 23:14:47,456 WARNING:main.py:418:setup_molecule:Multiple occupancies found: NE in ARG A 96.
2023-08-02 23:14:47,456 WARNING:main.py:418:setup_molecule:Multiple occupancies found: CZ in ARG A 96.
2023-08-02 23:14:47,456 WARNING:main.py:418:setup_molecule:Multiple occupancies found: NH1 in ARG A 96.
2023-08-02 23:14:47,456 WARNING:main.py:418:setup_molecule:Multiple occupancies found: NH2 in ARG A 96.
2023-08-02 23:14:47,456 WARNING:main.py:418:setup_molecule:Multiple occupancies found: H in ARG A 96.
2023-08-02 23:14:47,456 WARNING:main.py:418:setup_molecule:Multiple occupancies found: HA in ARG A 96.
2023-08-02 23:14:47,456 WARNING:main.py:418:setup_molecule:Multiple occupancies found: HB2 in ARG A 96.
2023-08-02 23:14:47,456 WARNING:main.py:418:setup_molecule:Multiple occupancies found: HB3 in ARG A 96.
2023-08-02 23:14:47,456 WARNING:main.py:418:setup_molecule:Multiple occupancies found: HG2 in ARG A 96.
2023-08-02 23:14:47,456 WARNING:main.py:418:setup_molecule:Multiple occupancies found: HG3 in ARG A 96.
2023-08-02 23:14:47,456 WARNING:main.py:418:setup_molecule:Multiple occupancies found: HD2 in ARG A 96.
2023-08-02 23:14:47,456 WARNING:main.py:418:setup_molecule:Multiple occupancies found: HD3 in ARG A 96.
2023-08-02 23:14:47,456 WARNING:main.py:418:setup_molecule:Multiple occupancies found: HE in ARG A 96.
2023-08-02 23:14:47,456 WARNING:main.py:418:setup_molecule:Multiple occupancies found: HH11 in ARG A 96.
2023-08-02 23:14:47,456 WARNING:main.py:418:setup_molecule:Multiple occupancies found: HH12 in ARG A 96.
2023-08-02 23:14:47,456 WARNING:main.py:418:setup_molecule:Multiple occupancies found: HH21 in ARG A 96.
2023-08-02 23:14:47,457 WARNING:main.py:418:setup_molecule:Multiple occupancies found: HH22 in ARG A 96.
2023-08-02 23:14:47,457 WARNING:main.py:424:setup_molecule:Multiple occupancies found in ARG A 96. At least one of the instances is being ignored.
2023-08-02 23:14:47,457 WARNING:main.py:418:setup_molecule:Multiple occupancies found: H in TYR A 97.
2023-08-02 23:14:47,457 WARNING:main.py:424:setup_molecule:Multiple occupancies found in TYR A 97. At least one of the instances is being ignored.
2023-08-02 23:14:47,457 WARNING:main.py:418:setup_molecule:Multiple occupancies found: N in VAL A 103.
2023-08-02 23:14:47,457 WARNING:main.py:418:setup_molecule:Multiple occupancies found: CA in VAL A 103.
2023-08-02 23:14:47,457 WARNING:main.py:418:setup_molecule:Multiple occupancies found: C in VAL A 103.
2023-08-02 23:14:47,457 WARNING:main.py:418:setup_molecule:Multiple occupancies found: O in VAL A 103.
2023-08-02 23:14:47,457 WARNING:main.py:418:setup_molecule:Multiple occupancies found: CB in VAL A 103.
2023-08-02 23:14:47,457 WARNING:main.py:418:setup_molecule:Multiple occupancies found: CG1 in VAL A 103.
2023-08-02 23:14:47,457 WARNING:main.py:418:setup_molecule:Multiple occupancies found: CG2 in VAL A 103.
2023-08-02 23:14:47,457 WARNING:main.py:418:setup_molecule:Multiple occupancies found: H in VAL A 103.
2023-08-02 23:14:47,457 WARNING:main.py:418:setup_molecule:Multiple occupancies found: HA in VAL A 103.
2023-08-02 23:14:47,457 WARNING:main.py:418:setup_molecule:Multiple occupancies found: HB in VAL A 103.
2023-08-02 23:14:47,457 WARNING:main.py:418:setup_molecule:Multiple occupancies found: HG11 in VAL A 103.
2023-08-02 23:14:47,457 WARNING:main.py:418:setup_molecule:Multiple occupancies found: HG12 in VAL A 103.
2023-08-02 23:14:47,457 WARNING:main.py:418:setup_molecule:Multiple occupancies found: HG13 in VAL A 103.
2023-08-02 23:14:47,457 WARNING:main.py:418:setup_molecule:Multiple occupancies found: HG21 in VAL A 103.
2023-08-02 23:14:47,457 WARNING:main.py:418:setup_molecule:Multiple occupancies found: HG22 in VAL A 103.
2023-08-02 23:14:47,457 WARNING:main.py:418:setup_molecule:Multiple occupancies found: HG23 in VAL A 103.
2023-08-02 23:14:47,457 WARNING:main.py:424:setup_molecule:Multiple occupancies found in VAL A 103. At least one of the instances is being ignored.
2023-08-02 23:14:47,457 WARNING:main.py:418:setup_molecule:Multiple occupancies found: N in TRP A 105.
2023-08-02 23:14:47,457 WARNING:main.py:418:setup_molecule:Multiple occupancies found: CA in TRP A 105.
2023-08-02 23:14:47,457 WARNING:main.py:418:setup_molecule:Multiple occupancies found: C in TRP A 105.
2023-08-02 23:14:47,457 WARNING:main.py:418:setup_molecule:Multiple occupancies found: O in TRP A 105.
2023-08-02 23:14:47,457 WARNING:main.py:418:setup_molecule:Multiple occupancies found: CB in TRP A 105.
2023-08-02 23:14:47,457 WARNING:main.py:418:setup_molecule:Multiple occupancies found: CG in TRP A 105.
2023-08-02 23:14:47,457 WARNING:main.py:418:setup_molecule:Multiple occupancies found: CD1 in TRP A 105.
2023-08-02 23:14:47,457 WARNING:main.py:418:setup_molecule:Multiple occupancies found: CD2 in TRP A 105.
2023-08-02 23:14:47,457 WARNING:main.py:418:setup_molecule:Multiple occupancies found: NE1 in TRP A 105.
2023-08-02 23:14:47,457 WARNING:main.py:418:setup_molecule:Multiple occupancies found: CE2 in TRP A 105.
2023-08-02 23:14:47,457 WARNING:main.py:418:setup_molecule:Multiple occupancies found: CE3 in TRP A 105.
2023-08-02 23:14:47,457 WARNING:main.py:418:setup_molecule:Multiple occupancies found: CZ2 in TRP A 105.
2023-08-02 23:14:47,457 WARNING:main.py:418:setup_molecule:Multiple occupancies found: CZ3 in TRP A 105.
2023-08-02 23:14:47,458 WARNING:main.py:418:setup_molecule:Multiple occupancies found: CH2 in TRP A 105.
2023-08-02 23:14:47,458 WARNING:main.py:418:setup_molecule:Multiple occupancies found: H in TRP A 105.
2023-08-02 23:14:47,458 WARNING:main.py:418:setup_molecule:Multiple occupancies found: HA in TRP A 105.
2023-08-02 23:14:47,458 WARNING:main.py:418:setup_molecule:Multiple occupancies found: HB2 in TRP A 105.
2023-08-02 23:14:47,458 WARNING:main.py:418:setup_molecule:Multiple occupancies found: HB3 in TRP A 105.
2023-08-02 23:14:47,458 WARNING:main.py:418:setup_molecule:Multiple occupancies found: HD1 in TRP A 105.
2023-08-02 23:14:47,458 WARNING:main.py:418:setup_molecule:Multiple occupancies found: HE1 in TRP A 105.
2023-08-02 23:14:47,458 WARNING:main.py:418:setup_molecule:Multiple occupancies found: HE3 in TRP A 105.
2023-08-02 23:14:47,458 WARNING:main.py:418:setup_molecule:Multiple occupancies found: HZ2 in TRP A 105.
2023-08-02 23:14:47,458 WARNING:main.py:418:setup_molecule:Multiple occupancies found: HZ3 in TRP A 105.
2023-08-02 23:14:47,458 WARNING:main.py:418:setup_molecule:Multiple occupancies found: HH2 in TRP A 105.
2023-08-02 23:14:47,458 WARNING:main.py:424:setup_molecule:Multiple occupancies found in TRP A 105. At least one of the instances is being ignored.
2023-08-02 23:14:47,458 WARNING:main.py:418:setup_molecule:Multiple occupancies found: H in SER A 106.
2023-08-02 23:14:47,458 WARNING:main.py:424:setup_molecule:Multiple occupancies found in SER A 106. At least one of the instances is being ignored.
2023-08-02 23:14:47,458 WARNING:main.py:418:setup_molecule:Multiple occupancies found: N in SER A 109.
2023-08-02 23:14:47,458 WARNING:main.py:418:setup_molecule:Multiple occupancies found: CA in SER A 109.
2023-08-02 23:14:47,458 WARNING:main.py:418:setup_molecule:Multiple occupancies found: C in SER A 109.
2023-08-02 23:14:47,458 WARNING:main.py:418:setup_molecule:Multiple occupancies found: O in SER A 109.
2023-08-02 23:14:47,458 WARNING:main.py:418:setup_molecule:Multiple occupancies found: CB in SER A 109.
2023-08-02 23:14:47,458 WARNING:main.py:418:setup_molecule:Multiple occupancies found: OG in SER A 109.
2023-08-02 23:14:47,458 WARNING:main.py:418:setup_molecule:Multiple occupancies found: H in SER A 109.
2023-08-02 23:14:47,458 WARNING:main.py:418:setup_molecule:Multiple occupancies found: HA in SER A 109.
2023-08-02 23:14:47,458 WARNING:main.py:418:setup_molecule:Multiple occupancies found: HB2 in SER A 109.
2023-08-02 23:14:47,458 WARNING:main.py:418:setup_molecule:Multiple occupancies found: HB3 in SER A 109.
2023-08-02 23:14:47,458 WARNING:main.py:418:setup_molecule:Multiple occupancies found: HG in SER A 109.
2023-08-02 23:14:47,458 WARNING:main.py:424:setup_molecule:Multiple occupancies found in SER A 109. At least one of the instances is being ignored.
2023-08-02 23:14:47,458 WARNING:main.py:418:setup_molecule:Multiple occupancies found: N in LYS A 111.
2023-08-02 23:14:47,458 WARNING:main.py:418:setup_molecule:Multiple occupancies found: CA in LYS A 111.
2023-08-02 23:14:47,458 WARNING:main.py:418:setup_molecule:Multiple occupancies found: C in LYS A 111.
2023-08-02 23:14:47,458 WARNING:main.py:418:setup_molecule:Multiple occupancies found: O in LYS A 111.
2023-08-02 23:14:47,458 WARNING:main.py:418:setup_molecule:Multiple occupancies found: CB in LYS A 111.
2023-08-02 23:14:47,458 WARNING:main.py:418:setup_molecule:Multiple occupancies found: CG in LYS A 111.
2023-08-02 23:14:47,458 WARNING:main.py:418:setup_molecule:Multiple occupancies found: CD in LYS A 111.
2023-08-02 23:14:47,458 WARNING:main.py:418:setup_molecule:Multiple occupancies found: CE in LYS A 111.
2023-08-02 23:14:47,458 WARNING:main.py:418:setup_molecule:Multiple occupancies found: NZ in LYS A 111.
2023-08-02 23:14:47,458 WARNING:main.py:418:setup_molecule:Multiple occupancies found: H in LYS A 111.
2023-08-02 23:14:47,458 WARNING:main.py:418:setup_molecule:Multiple occupancies found: HA in LYS A 111.
2023-08-02 23:14:47,458 WARNING:main.py:418:setup_molecule:Multiple occupancies found: HB2 in LYS A 111.
2023-08-02 23:14:47,458 WARNING:main.py:418:setup_molecule:Multiple occupancies found: HB3 in LYS A 111.
2023-08-02 23:14:47,458 WARNING:main.py:418:setup_molecule:Multiple occupancies found: HG2 in LYS A 111.
2023-08-02 23:14:47,459 WARNING:main.py:418:setup_molecule:Multiple occupancies found: HG3 in LYS A 111.
2023-08-02 23:14:47,459 WARNING:main.py:418:setup_molecule:Multiple occupancies found: HD2 in LYS A 111.
2023-08-02 23:14:47,459 WARNING:main.py:418:setup_molecule:Multiple occupancies found: HD3 in LYS A 111.
2023-08-02 23:14:47,459 WARNING:main.py:418:setup_molecule:Multiple occupancies found: HE2 in LYS A 111.
2023-08-02 23:14:47,459 WARNING:main.py:418:setup_molecule:Multiple occupancies found: HE3 in LYS A 111.
2023-08-02 23:14:47,459 WARNING:main.py:418:setup_molecule:Multiple occupancies found: HZ1 in LYS A 111.
2023-08-02 23:14:47,459 WARNING:main.py:418:setup_molecule:Multiple occupancies found: HZ2 in LYS A 111.
2023-08-02 23:14:47,459 WARNING:main.py:418:setup_molecule:Multiple occupancies found: HZ3 in LYS A 111.
2023-08-02 23:14:47,459 WARNING:main.py:424:setup_molecule:Multiple occupancies found in LYS A 111. At least one of the instances is being ignored.
2023-08-02 23:14:47,459 WARNING:main.py:418:setup_molecule:Multiple occupancies found: H in TYR A 112.
2023-08-02 23:14:47,459 WARNING:main.py:424:setup_molecule:Multiple occupancies found in TYR A 112. At least one of the instances is being ignored.
2023-08-02 23:14:47,459 WARNING:main.py:418:setup_molecule:Multiple occupancies found: N in SER A 130.
2023-08-02 23:14:47,459 WARNING:main.py:418:setup_molecule:Multiple occupancies found: CA in SER A 130.
2023-08-02 23:14:47,459 WARNING:main.py:418:setup_molecule:Multiple occupancies found: C in SER A 130.
2023-08-02 23:14:47,459 WARNING:main.py:418:setup_molecule:Multiple occupancies found: O in SER A 130.
2023-08-02 23:14:47,459 WARNING:main.py:418:setup_molecule:Multiple occupancies found: CB in SER A 130.
2023-08-02 23:14:47,459 WARNING:main.py:418:setup_molecule:Multiple occupancies found: OG in SER A 130.
2023-08-02 23:14:47,459 WARNING:main.py:418:setup_molecule:Multiple occupancies found: H in SER A 130.
2023-08-02 23:14:47,459 WARNING:main.py:418:setup_molecule:Multiple occupancies found: HA in SER A 130.
2023-08-02 23:14:47,459 WARNING:main.py:418:setup_molecule:Multiple occupancies found: HB2 in SER A 130.
2023-08-02 23:14:47,459 WARNING:main.py:418:setup_molecule:Multiple occupancies found: HB3 in SER A 130.
2023-08-02 23:14:47,459 WARNING:main.py:418:setup_molecule:Multiple occupancies found: HG in SER A 130.
2023-08-02 23:14:47,459 WARNING:main.py:424:setup_molecule:Multiple occupancies found in SER A 130. At least one of the instances is being ignored.
2023-08-02 23:14:47,459 WARNING:main.py:418:setup_molecule:Multiple occupancies found: H in ASP A 131.
2023-08-02 23:14:47,459 WARNING:main.py:424:setup_molecule:Multiple occupancies found in ASP A 131. At least one of the instances is being ignored.
2023-08-02 23:14:47,459 WARNING:main.py:418:setup_molecule:Multiple occupancies found: N in GLN A 191.
2023-08-02 23:14:47,459 WARNING:main.py:418:setup_molecule:Multiple occupancies found: CA in GLN A 191.
2023-08-02 23:14:47,459 WARNING:main.py:418:setup_molecule:Multiple occupancies found: C in GLN A 191.
2023-08-02 23:14:47,459 WARNING:main.py:418:setup_molecule:Multiple occupancies found: O in GLN A 191.
2023-08-02 23:14:47,459 WARNING:main.py:418:setup_molecule:Multiple occupancies found: CB in GLN A 191.
2023-08-02 23:14:47,459 WARNING:main.py:418:setup_molecule:Multiple occupancies found: CG in GLN A 191.
2023-08-02 23:14:47,459 WARNING:main.py:418:setup_molecule:Multiple occupancies found: CD in GLN A 191.
2023-08-02 23:14:47,459 WARNING:main.py:418:setup_molecule:Multiple occupancies found: OE1 in GLN A 191.
2023-08-02 23:14:47,459 WARNING:main.py:418:setup_molecule:Multiple occupancies found: NE2 in GLN A 191.
2023-08-02 23:14:47,459 WARNING:main.py:418:setup_molecule:Multiple occupancies found: H in GLN A 191.
2023-08-02 23:14:47,460 WARNING:main.py:418:setup_molecule:Multiple occupancies found: HA in GLN A 191.
2023-08-02 23:14:47,460 WARNING:main.py:418:setup_molecule:Multiple occupancies found: HB2 in GLN A 191.
2023-08-02 23:14:47,460 WARNING:main.py:418:setup_molecule:Multiple occupancies found: HB3 in GLN A 191.
2023-08-02 23:14:47,460 WARNING:main.py:418:setup_molecule:Multiple occupancies found: HG2 in GLN A 191.
2023-08-02 23:14:47,460 WARNING:main.py:418:setup_molecule:Multiple occupancies found: HG3 in GLN A 191.
2023-08-02 23:14:47,460 WARNING:main.py:418:setup_molecule:Multiple occupancies found: HE21 in GLN A 191.
2023-08-02 23:14:47,460 WARNING:main.py:418:setup_molecule:Multiple occupancies found: HE22 in GLN A 191.
2023-08-02 23:14:47,460 WARNING:main.py:424:setup_molecule:Multiple occupancies found in GLN A 191. At least one of the instances is being ignored.
2023-08-02 23:14:47,460 WARNING:main.py:418:setup_molecule:Multiple occupancies found: H in LYS A 192.
2023-08-02 23:14:47,460 WARNING:main.py:424:setup_molecule:Multiple occupancies found in LYS A 192. At least one of the instances is being ignored.
2023-08-02 23:14:47,460 WARNING:main.py:418:setup_molecule:Multiple occupancies found: N in VAL A 249.
2023-08-02 23:14:47,460 WARNING:main.py:418:setup_molecule:Multiple occupancies found: CA in VAL A 249.
2023-08-02 23:14:47,460 WARNING:main.py:418:setup_molecule:Multiple occupancies found: C in VAL A 249.
2023-08-02 23:14:47,460 WARNING:main.py:418:setup_molecule:Multiple occupancies found: O in VAL A 249.
2023-08-02 23:14:47,460 WARNING:main.py:418:setup_molecule:Multiple occupancies found: CB in VAL A 249.
2023-08-02 23:14:47,460 WARNING:main.py:418:setup_molecule:Multiple occupancies found: CG1 in VAL A 249.
2023-08-02 23:14:47,460 WARNING:main.py:418:setup_molecule:Multiple occupancies found: CG2 in VAL A 249.
2023-08-02 23:14:47,460 WARNING:main.py:418:setup_molecule:Multiple occupancies found: H in VAL A 249.
2023-08-02 23:14:47,460 WARNING:main.py:418:setup_molecule:Multiple occupancies found: HA in VAL A 249.
2023-08-02 23:14:47,460 WARNING:main.py:418:setup_molecule:Multiple occupancies found: HB in VAL A 249.
2023-08-02 23:14:47,460 WARNING:main.py:418:setup_molecule:Multiple occupancies found: HG11 in VAL A 249.
2023-08-02 23:14:47,460 WARNING:main.py:418:setup_molecule:Multiple occupancies found: HG12 in VAL A 249.
2023-08-02 23:14:47,460 WARNING:main.py:418:setup_molecule:Multiple occupancies found: HG13 in VAL A 249.
2023-08-02 23:14:47,460 WARNING:main.py:418:setup_molecule:Multiple occupancies found: HG21 in VAL A 249.
2023-08-02 23:14:47,460 WARNING:main.py:418:setup_molecule:Multiple occupancies found: HG22 in VAL A 249.
2023-08-02 23:14:47,460 WARNING:main.py:418:setup_molecule:Multiple occupancies found: HG23 in VAL A 249.
2023-08-02 23:14:47,460 WARNING:main.py:424:setup_molecule:Multiple occupancies found in VAL A 249. At least one of the instances is being ignored.
2023-08-02 23:14:47,460 WARNING:main.py:418:setup_molecule:Multiple occupancies found: H in VAL A 250.
2023-08-02 23:14:47,460 WARNING:main.py:424:setup_molecule:Multiple occupancies found in VAL A 250. At least one of the instances is being ignored.
2023-08-02 23:14:47,460 WARNING:main.py:418:setup_molecule:Multiple occupancies found: N in VAL A 260.
2023-08-02 23:14:47,460 WARNING:main.py:418:setup_molecule:Multiple occupancies found: CA in VAL A 260.
2023-08-02 23:14:47,460 WARNING:main.py:418:setup_molecule:Multiple occupancies found: C in VAL A 260.
2023-08-02 23:14:47,460 WARNING:main.py:418:setup_molecule:Multiple occupancies found: O in VAL A 260.
2023-08-02 23:14:47,460 WARNING:main.py:418:setup_molecule:Multiple occupancies found: CB in VAL A 260.
2023-08-02 23:14:47,460 WARNING:main.py:418:setup_molecule:Multiple occupancies found: CG1 in VAL A 260.
2023-08-02 23:14:47,460 WARNING:main.py:418:setup_molecule:Multiple occupancies found: CG2 in VAL A 260.
2023-08-02 23:14:47,461 WARNING:main.py:418:setup_molecule:Multiple occupancies found: H in VAL A 260.
2023-08-02 23:14:47,461 WARNING:main.py:418:setup_molecule:Multiple occupancies found: HA in VAL A 260.
2023-08-02 23:14:47,461 WARNING:main.py:418:setup_molecule:Multiple occupancies found: HB in VAL A 260.
2023-08-02 23:14:47,461 WARNING:main.py:418:setup_molecule:Multiple occupancies found: HG11 in VAL A 260.
2023-08-02 23:14:47,461 WARNING:main.py:418:setup_molecule:Multiple occupancies found: HG12 in VAL A 260.
2023-08-02 23:14:47,461 WARNING:main.py:418:setup_molecule:Multiple occupancies found: HG13 in VAL A 260.
2023-08-02 23:14:47,461 WARNING:main.py:418:setup_molecule:Multiple occupancies found: HG21 in VAL A 260.
2023-08-02 23:14:47,461 WARNING:main.py:418:setup_molecule:Multiple occupancies found: HG22 in VAL A 260.
2023-08-02 23:14:47,461 WARNING:main.py:418:setup_molecule:Multiple occupancies found: HG23 in VAL A 260.
2023-08-02 23:14:47,461 WARNING:main.py:424:setup_molecule:Multiple occupancies found in VAL A 260. At least one of the instances is being ignored.
2023-08-02 23:14:47,461 WARNING:main.py:418:setup_molecule:Multiple occupancies found: H in LEU A 261.
2023-08-02 23:14:47,461 WARNING:main.py:424:setup_molecule:Multiple occupancies found in LEU A 261. At least one of the instances is being ignored.
2023-08-02 23:14:47,461 WARNING:main.py:418:setup_molecule:Multiple occupancies found: N in ARG A 266.
2023-08-02 23:14:47,461 WARNING:main.py:418:setup_molecule:Multiple occupancies found: CA in ARG A 266.
2023-08-02 23:14:47,461 WARNING:main.py:418:setup_molecule:Multiple occupancies found: C in ARG A 266.
2023-08-02 23:14:47,461 WARNING:main.py:418:setup_molecule:Multiple occupancies found: O in ARG A 266.
2023-08-02 23:14:47,461 WARNING:main.py:418:setup_molecule:Multiple occupancies found: CB in ARG A 266.
2023-08-02 23:14:47,461 WARNING:main.py:418:setup_molecule:Multiple occupancies found: CG in ARG A 266.
2023-08-02 23:14:47,461 WARNING:main.py:418:setup_molecule:Multiple occupancies found: CD in ARG A 266.
2023-08-02 23:14:47,461 WARNING:main.py:418:setup_molecule:Multiple occupancies found: NE in ARG A 266.
2023-08-02 23:14:47,461 WARNING:main.py:418:setup_molecule:Multiple occupancies found: CZ in ARG A 266.
2023-08-02 23:14:47,461 WARNING:main.py:418:setup_molecule:Multiple occupancies found: NH1 in ARG A 266.
2023-08-02 23:14:47,461 WARNING:main.py:418:setup_molecule:Multiple occupancies found: NH2 in ARG A 266.
2023-08-02 23:14:47,461 WARNING:main.py:418:setup_molecule:Multiple occupancies found: H in ARG A 266.
2023-08-02 23:14:47,461 WARNING:main.py:418:setup_molecule:Multiple occupancies found: HA in ARG A 266.
2023-08-02 23:14:47,461 WARNING:main.py:418:setup_molecule:Multiple occupancies found: HB2 in ARG A 266.
2023-08-02 23:14:47,461 WARNING:main.py:418:setup_molecule:Multiple occupancies found: HB3 in ARG A 266.
2023-08-02 23:14:47,461 WARNING:main.py:418:setup_molecule:Multiple occupancies found: HG2 in ARG A 266.
2023-08-02 23:14:47,461 WARNING:main.py:418:setup_molecule:Multiple occupancies found: HG3 in ARG A 266.
2023-08-02 23:14:47,461 WARNING:main.py:418:setup_molecule:Multiple occupancies found: HD2 in ARG A 266.
2023-08-02 23:14:47,461 WARNING:main.py:418:setup_molecule:Multiple occupancies found: HD3 in ARG A 266.
2023-08-02 23:14:47,461 WARNING:main.py:418:setup_molecule:Multiple occupancies found: HE in ARG A 266.
2023-08-02 23:14:47,461 WARNING:main.py:418:setup_molecule:Multiple occupancies found: HH11 in ARG A 266.
2023-08-02 23:14:47,461 WARNING:main.py:418:setup_molecule:Multiple occupancies found: HH12 in ARG A 266.
2023-08-02 23:14:47,461 WARNING:main.py:418:setup_molecule:Multiple occupancies found: HH21 in ARG A 266.
2023-08-02 23:14:47,461 WARNING:main.py:418:setup_molecule:Multiple occupancies found: HH22 in ARG A 266.
2023-08-02 23:14:47,461 WARNING:main.py:424:setup_molecule:Multiple occupancies found in ARG A 266. At least one of the instances is being ignored.
2023-08-02 23:14:47,461 WARNING:main.py:418:setup_molecule:Multiple occupancies found: N in ASP A 271.
2023-08-02 23:14:47,462 WARNING:main.py:418:setup_molecule:Multiple occupancies found: CA in ASP A 271.
2023-08-02 23:14:47,462 WARNING:main.py:418:setup_molecule:Multiple occupancies found: C in ASP A 271.
2023-08-02 23:14:47,462 WARNING:main.py:418:setup_molecule:Multiple occupancies found: O in ASP A 271.
2023-08-02 23:14:47,462 WARNING:main.py:418:setup_molecule:Multiple occupancies found: CB in ASP A 271.
2023-08-02 23:14:47,462 WARNING:main.py:418:setup_molecule:Multiple occupancies found: CG in ASP A 271.
2023-08-02 23:14:47,462 WARNING:main.py:418:setup_molecule:Multiple occupancies found: OD1 in ASP A 271.
2023-08-02 23:14:47,462 WARNING:main.py:418:setup_molecule:Multiple occupancies found: OD2 in ASP A 271.
2023-08-02 23:14:47,462 WARNING:main.py:418:setup_molecule:Multiple occupancies found: H in ASP A 271.
2023-08-02 23:14:47,462 WARNING:main.py:418:setup_molecule:Multiple occupancies found: HA in ASP A 271.
2023-08-02 23:14:47,462 WARNING:main.py:418:setup_molecule:Multiple occupancies found: HB2 in ASP A 271.
2023-08-02 23:14:47,462 WARNING:main.py:418:setup_molecule:Multiple occupancies found: HB3 in ASP A 271.
2023-08-02 23:14:47,462 WARNING:main.py:424:setup_molecule:Multiple occupancies found in ASP A 271. At least one of the instances is being ignored.
2023-08-02 23:14:47,462 WARNING:main.py:418:setup_molecule:Multiple occupancies found: H in ASP A 272.
2023-08-02 23:14:47,462 WARNING:main.py:424:setup_molecule:Multiple occupancies found in ASP A 272. At least one of the instances is being ignored.
2023-08-02 23:14:47,462 INFO:main.py:774:main_driver:Setting termini states for biomolecule chains.
2023-08-02 23:14:47,469 INFO:main.py:604:non_trivial:Loading forcefield.
2023-08-02 23:14:47,475 INFO:main.py:608:non_trivial:Loading hydrogen topology definitions.
2023-08-02 23:14:47,478 INFO:main.py:459:is_repairable:This biomolecule is clean.  No repair needed.
2023-08-02 23:14:47,478 INFO:main.py:623:non_trivial:Updating disulfide bridges.
2023-08-02 23:14:47,478 INFO:main.py:626:non_trivial:Debumping biomolecule.
2023-08-02 23:14:47,533 INFO:main.py:633:non_trivial:Assigning titration states with PROPKA.
2023-08-02 23:14:47,546 INFO:output.py:61:print_header:
propka3.5.0                                                                                  2023-08-02

-------------------------------------------------------------------------------
--                                                                           --
--  PROPKA: A PROTEIN PKA PREDICTOR                                          --
--                                                                           --
--  VERSION 1.0,  04/25/2004,  IOWA CITY                                     --
--  BY HUI LI                                                                --
--                                                                           --
--  VERSION 2.0,  11/05/2007, IOWA CITY/COPENHAGEN                           --
--  BY DELPHINE C. BAS AND DAVID M. ROGERS                                   --
--                                                                           --
--  VERSION 3.0,  01/06/2011, COPENHAGEN                                     --
--  BY MATS H.M. OLSSON AND CHRESTEN R. SONDERGARD                           --
--                                                                           --
--  VERSION 3.1,  07/01/2011, COPENHAGEN                                     --
--  BY CHRESTEN R. SONDERGARD AND MATS H.M. OLSSON                           --
--                                                                           --
--  VERSION 3.2,  06/17/2020, PLANET EARTH                                   --
--  SEE ABOVE FOR AUTHORS                                                    --
--                                                                           --
-------------------------------------------------------------------------------


-------------------------------------------------------------------------------
References:

Very Fast Empirical Prediction and Rationalization of Protein pKa Values.
Hui Li, Andrew D. Robertson and Jan H. Jensen. PROTEINS: Structure, Function,
and Bioinformatics. 61:704-721 (2005)

Very Fast Prediction and Rationalization of pKa Values for Protein-Ligand
Complexes.  Delphine C. Bas, David M. Rogers and Jan H. Jensen.  PROTEINS:
Structure, Function, and Bioinformatics 73:765-783 (2008)

PROPKA3: Consistent Treatment of Internal and Surface Residues in Empirical
pKa predictions.  Mats H.M. Olsson, Chresten R. Sondergard, Michal Rostkowski,
and Jan H. Jensen.  Journal of Chemical Theory and Computation, 7(2):525-537
(2011)

Improved Treatment of Ligands and Coupling Effects in Empirical Calculation
and Rationalization of pKa Values.  Chresten R. Sondergaard, Mats H.M. Olsson,
Michal Rostkowski, and Jan H. Jensen.  Journal of Chemical Theory and
Computation, (2011)
-------------------------------------------------------------------------------



2023-08-02 23:14:47,613 INFO:conformation_container.py:109:find_covalently_coupled_groups:Coupling map:
Covalent coupling map for Conformation container 1A with 2415 atoms and 655 groups
            N+   23 A | HIS  23 A | 
N+   23 A             |     X     | 
HIS  23 A       X     |           | 
2023-08-02 23:14:47,614 INFO:conformation_container.py:195:calculate_pka:Calculating pKas for Conformation container 1A with 2415 atoms and 655 groups
2023-08-02 23:14:47,798 INFO:conformation_container.py:217:calculate_pka:Removing penalised groups!!!
2023-08-02 23:14:47,813 INFO:output.py:208:print_pka_section:pKa determinants:

---------  -----   ------   ---------------------    --------------    --------------    --------------
                            DESOLVATION  EFFECTS       SIDECHAIN          BACKBONE        COULOMBIC
 RESIDUE    pKa    BURIED     REGULAR      RE        HYDROGEN BOND     HYDROGEN BOND      INTERACTION
---------  -----   ------   ---------   ---------    --------------    --------------    --------------

ASP  39 A   3.81     0 %    0.33  184   0.00    0    0.00 XXX   0 X    0.00 XXX   0 X   -0.33 LYS  35 A

ASP  50 A   2.97    22 %    0.92  342   0.15    0   -0.56 ARG 256 A   -0.76 GLY  52 A   -0.35 ARG 256 A
ASP  50 A                                            0.00 XXX   0 X   -0.22 SER  53 A    0.00 XXX   0 X

ASP  92 A   3.97     0 %    0.17  198   0.00    0    0.00 XXX   0 X    0.00 XXX   0 X    0.00 XXX   0 X

ASP 131 A   3.65    67 %    3.03  469   0.20    0   -0.78 SER 109 A   -0.61 ILE 108 A   -0.27 LYS  73 A
ASP 131 A                                            0.00 XXX   0 X   -0.83 SER 109 A   -0.06 LYS 111 A
ASP 131 A                                            0.00 XXX   0 X   -0.01 ALA 133 A    0.00 XXX   0 X
ASP 131 A                                            0.00 XXX   0 X   -0.82 ALA 134 A    0.00 XXX   0 X

ASP 157 A   4.01    71 %    2.53  481   0.49    0   -0.81 SER 189 A   -0.69 THR 159 A   -0.07 ARG  65 A
ASP 157 A                                            0.00 XXX   0 X   -0.85 PHE 160 A   -0.21 ARG 153 A
ASP 157 A                                            0.00 XXX   0 X    0.00 XXX   0 X   -0.19 LYS 192 A

ASP 163 A   2.36    25 %    1.24  350   0.07    0   -1.32 ARG 161 A   -0.79 ASP 179 A   -0.06 ARG  65 A
ASP 163 A                                            0.00 XXX   0 X    0.00 XXX   0 X   -0.02 ARG 153 A
ASP 163 A                                            0.00 XXX   0 X    0.00 XXX   0 X   -0.12 ARG 164 A
ASP 163 A                                            0.00 XXX   0 X    0.00 XXX   0 X   -0.11 ARG 178 A
ASP 163 A                                            0.00 XXX   0 X    0.00 XXX   0 X    0.10 ASP 176 A
ASP 163 A                                            0.00 XXX   0 X    0.00 XXX   0 X   -0.43 ARG 161 A

ASP 176 A   1.85     6 %    0.70  299   0.04    0   -1.19 ARG 178 A   -0.78 ARG 178 A   -0.09 ARG 161 A
ASP 176 A                                            0.00 XXX   0 X    0.00 XXX   0 X   -0.25 ARG 164 A
ASP 176 A                                            0.00 XXX   0 X    0.00 XXX   0 X   -0.38 ARG 178 A

ASP 179 A   4.58    61 %    2.77  453   0.37    0   -0.69 ARG 164 A   -0.82 ASP 163 A   -0.10 ARG 161 A
ASP 179 A                                            0.00 XXX   0 X   -0.72 ARG 164 A   -0.16 ARG 178 A
ASP 179 A                                            0.00 XXX   0 X    0.00 XXX   0 X    0.42 ASP 163 A
ASP 179 A                                            0.00 XXX   0 X    0.00 XXX   0 X    0.08 GLU 166 A
ASP 179 A                                            0.00 XXX   0 X    0.00 XXX   0 X    0.01 GLU 168 A
ASP 179 A                                            0.00 XXX   0 X    0.00 XXX   0 X    0.13 ASP 176 A
ASP 179 A                                            0.00 XXX   0 X    0.00 XXX   0 X   -0.51 ARG 164 A

ASP 209 A   3.37     3 %    0.48  290   0.03    0   -0.76 GLN 205 A    0.00 XXX   0 X   -0.18 LYS 212 A

ASP 228 A   3.78     0 %    0.34  184   0.00    0    0.00 XXX   0 X   -0.36 ASP 228 A    0.00 XXX   0 X

ASP 233 A   2.91*  100 %    3.52  568   0.51    0   -0.85 ASN 214 A    0.00 XXX   0 X   -0.17 ARG 220 A
ASP 233 A                                           -0.84 ARG 222 A    0.00 XXX   0 X   -0.48 LYS 234 A
ASP 233 A                                           -1.70 ASP 246 A    0.00 XXX   0 X   -0.87 ARG 222 A

ASP 246 A  11.21*  100 %    4.06  625   1.62    0    1.70 ASP 233 A   -0.75 ILE 221 A   -0.68 ARG 220 A
ASP 246 A                                            0.00 XXX   0 X   -0.05 TYR 247 A   -0.29 ARG 222 A
ASP 246 A                                            0.00 XXX   0 X    0.00 XXX   0 X   -0.32 LYS 234 A
ASP 246 A                                            0.00 XXX   0 X    0.00 XXX   0 X    0.08 GLU 276 A
ASP 246 A                                            0.00 XXX   0 X    0.00 XXX   0 X    2.03 ASP 233 A

ASP 271 A   3.91     0 %    0.18  147   0.00    0    0.00 XXX   0 X   -0.12 ASP 271 A   -0.13 LYS 273 A
ASP 271 A                                            0.00 XXX   0 X    0.00 XXX   0 X    0.18 ASP 272 A

ASP 272 A   3.20     0 %    0.55  244   0.00    0   -0.38 ASN 269 A   -0.74 ASN 269 A   -0.02 LYS 273 A

GLU  31 A   5.48     8 %    0.63  304   0.13    0    0.00 XXX   0 X    0.00 XXX   0 X    0.23 GLU 288 A

GLU  37 A   2.65    26 %    1.41  354   0.41    0   -0.85 TYR  60 A   -0.83 ILE  44 A   -0.05 ARG 266 A
GLU  37 A                                           -1.48 ARG  61 A    0.00 XXX   0 X   -0.46 ARG  61 A

GLU  63 A   4.08    14 %    0.55  321   0.00    0   -0.62 ARG 184 A   -0.10 GLU  63 A    0.02 GLU  64 A
GLU  63 A                                            0.00 XXX   0 X    0.00 XXX   0 X   -0.28 ARG 184 A

GLU  64 A   3.19    27 %    0.95  356   0.08    0   -0.80 ARG  61 A    0.00 XXX   0 X    0.13 GLU  37 A
GLU  64 A                                           -0.82 ARG 266 A    0.00 XXX   0 X   -0.42 ARG  61 A
GLU  64 A                                            0.00 XXX   0 X    0.00 XXX   0 X   -0.43 ARG 266 A

GLU 110 A   3.89     0 %    0.31  246   0.00    0   -0.65 LYS 111 A    0.00 XXX   0 X    0.09 ASP 131 A
GLU 110 A                                            0.00 XXX   0 X    0.00 XXX   0 X   -0.37 LYS 111 A

GLU 121 A   4.07     6 %    0.41  297   0.01    0   -0.04 THR 118 A   -0.82 THR 118 A    0.00 XXX   0 X

GLU 141 A   4.66    19 %    0.47  334   0.01    0    0.00 XXX   0 X    0.00 XXX   0 X   -0.16 ARG  83 A
GLU 141 A                                            0.00 XXX   0 X    0.00 XXX   0 X   -0.17 LYS 140 A

GLU 166 A   4.33    90 %    3.14  532   0.00    0   -0.68 ASN 170 A    0.00 XXX   0 X   -0.15 LYS 234 A
GLU 166 A                                           -0.51 LYS  73 A    0.00 XXX   0 X    0.06 GLU 168 A
GLU 166 A                                            0.00 XXX   0 X    0.00 XXX   0 X   -2.03 LYS  73 A

GLU 168 A   4.05     0 %    0.27  276   0.00    0    0.00 XXX   0 X   -0.66 GLU 168 A   -0.06 ARG 164 A

GLU 188 A   4.78    45 %    1.15  407   0.25    0   -0.72 ARG 184 A    0.00 XXX   0 X   -0.18 LYS 192 A
GLU 188 A                                            0.00 XXX   0 X    0.00 XXX   0 X    0.07 GLU  63 A
GLU 188 A                                            0.00 XXX   0 X    0.00 XXX   0 X    0.13 ASP 157 A
GLU 188 A                                            0.00 XXX   0 X    0.00 XXX   0 X   -0.41 ARG 184 A

GLU 276 A   3.66    29 %    0.91  362   0.06    0   -0.77 ARG 220 A    0.00 XXX   0 X   -0.27 HIS 219 A
GLU 276 A                                            0.00 XXX   0 X    0.00 XXX   0 X    0.01 ASP 233 A
GLU 276 A                                            0.00 XXX   0 X    0.00 XXX   0 X   -0.20 HIS 274 A
GLU 276 A                                            0.00 XXX   0 X    0.00 XXX   0 X   -0.57 ARG 220 A

GLU 288 A   4.90     1 %    0.32  285   0.01    0    0.00 XXX   0 X    0.00 XXX   0 X   -0.05 ARG 284 A
GLU 288 A                                            0.00 XXX   0 X    0.00 XXX   0 X    0.12 C-  295 A

C-  295 A   3.33     0 %    0.19  198   0.00    0    0.00 XXX   0 X    0.00 XXX   0 X   -0.06 ARG 284 A

HIS 219 A   6.52     0 %   -0.22  240   0.00    0    0.00 XXX   0 X    0.00 XXX   0 X   -0.04 ARG 220 A
HIS 219 A                                            0.00 XXX   0 X    0.00 XXX   0 X    0.27 GLU 276 A

HIS 274 A   5.21    45 %   -1.00  408   0.00    0    0.00 XXX   0 X    0.00 XXX   0 X   -0.44 ARG 220 A
HIS 274 A                                            0.00 XXX   0 X    0.00 XXX   0 X   -0.05 LYS 273 A
HIS 274 A                                            0.00 XXX   0 X    0.00 XXX   0 X    0.20 GLU 276 A

CYS  69 A  99.99     0 %    0.00    0   0.00    0    0.00 XXX   0 X    0.00 XXX   0 X    0.00 XXX   0 X

CYS 238 A  99.99     0 %    0.00    0   0.00    0    0.00 XXX   0 X    0.00 XXX   0 X    0.00 XXX   0 X

TYR  47 A  11.09    40 %    1.22  392   0.00    0   -0.10 THR  56 A    0.00 XXX   0 X    0.14 GLU  63 A
TYR  47 A                                           -0.03 ARG 184 A    0.00 XXX   0 X   -0.49 ARG 184 A
TYR  47 A                                            0.00 XXX   0 X    0.00 XXX   0 X    0.36 GLU 188 A

TYR  60 A  11.74    12 %    0.83  314   0.00    0   -0.12 ARG  61 A    0.00 XXX   0 X   -0.35 ARG  61 A
TYR  60 A                                            0.85 GLU  37 A    0.00 XXX   0 X    0.07 GLU  64 A
TYR  60 A                                            0.00 XXX   0 X    0.00 XXX   0 X    0.45 GLU  37 A

TYR  97 A  11.92    25 %    1.65  352   0.00    0    0.00 XXX   0 X    0.00 XXX   0 X    0.01 GLU 110 A
TYR  97 A                                            0.00 XXX   0 X    0.00 XXX   0 X    0.04 GLU 121 A
TYR  97 A                                            0.00 XXX   0 X    0.00 XXX   0 X    0.18 ASP 131 A
TYR  97 A                                            0.00 XXX   0 X    0.00 XXX   0 X    0.04 TYR 112 A

TYR 112 A  10.31     0 %    0.17  233   0.00    0    0.00 XXX   0 X    0.00 XXX   0 X    0.15 GLU 121 A
TYR 112 A                                            0.00 XXX   0 X    0.00 XXX   0 X   -0.03 LYS 111 A
TYR 112 A                                            0.00 XXX   0 X    0.00 XXX   0 X    0.02 TYR 129 A

TYR 129 A  10.25     0 %    0.27  281   0.00    0    0.00 XXX   0 X    0.00 XXX   0 X   -0.02 LYS 111 A

TYR 241 A  10.24     0 %    0.40  231   0.00    0    0.00 XXX   0 X    0.00 XXX   0 X    0.01 ASP 271 A
TYR 241 A                                            0.00 XXX   0 X    0.00 XXX   0 X    0.01 ASP 272 A
TYR 241 A                                            0.00 XXX   0 X    0.00 XXX   0 X   -0.19 LYS 270 A

TYR 247 A  15.30   100 %    4.24  751   0.00    0    0.00 XXX   0 X   -0.02 GLY  74 A    0.12 ASP 233 A
TYR 247 A                                            0.00 XXX   0 X   -0.10 PHE  75 A    0.14 ASP 246 A
TYR 247 A                                            0.00 XXX   0 X    0.00 XXX   0 X    0.92 TYR 264 A

TYR 264 A  13.53   100 %    4.15  712   0.00    0   -0.85 SER  71 A    0.00 XXX   0 X    0.01 ASP 157 A
TYR 264 A                                            0.00 XXX   0 X    0.00 XXX   0 X    0.22 ASP 246 A

LYS  35 A  10.70     0 %   -0.13  111   0.00    0    0.00 XXX   0 X    0.00 XXX   0 X    0.33 ASP  39 A

LYS  73 A   9.14   100 %   -4.17  599   0.00    0    0.51 GLU 166 A    0.00 XXX   0 X    0.27 ASP 131 A
LYS  73 A                                            0.00 XXX   0 X    0.00 XXX   0 X    2.03 GLU 166 A

LYS  99 A  10.44     0 %   -0.06  112   0.00    0    0.00 XXX   0 X    0.00 XXX   0 X    0.00 XXX   0 X

LYS 111 A  11.21     0 %   -0.42  241   0.00    0    0.65 GLU 110 A    0.00 XXX   0 X    0.06 ASP 131 A
LYS 111 A                                            0.00 XXX   0 X    0.00 XXX   0 X    0.03 TYR 112 A
LYS 111 A                                            0.00 XXX   0 X    0.00 XXX   0 X    0.02 TYR 129 A
LYS 111 A                                            0.00 XXX   0 X    0.00 XXX   0 X    0.37 GLU 110 A

LYS 140 A  10.51     0 %   -0.16  258   0.00    0    0.00 XXX   0 X    0.00 XXX   0 X    0.17 GLU 141 A

LYS 192 A  10.15    20 %   -0.72  336   0.00    0    0.00 XXX   0 X    0.00 XXX   0 X    0.19 ASP 157 A
LYS 192 A                                            0.00 XXX   0 X    0.00 XXX   0 X    0.18 GLU 188 A

LYS 212 A  10.24    12 %   -0.43  315   0.00    0    0.00 XXX   0 X    0.00 XXX   0 X    0.18 ASP 209 A
LYS 212 A                                            0.00 XXX   0 X    0.00 XXX   0 X   -0.01 ARG 222 A

LYS 234 A   6.61   100 %   -3.64  628   0.00    0    0.00 XXX   0 X    0.00 XXX   0 X    0.15 GLU 166 A
LYS 234 A                                            0.00 XXX   0 X    0.00 XXX   0 X   -0.23 ARG 220 A
LYS 234 A                                            0.00 XXX   0 X    0.00 XXX   0 X    0.48 ASP 233 A
LYS 234 A                                            0.00 XXX   0 X    0.00 XXX   0 X    0.32 ASP 246 A
LYS 234 A                                            0.00 XXX   0 X    0.00 XXX   0 X   -0.98 LYS  73 A

LYS 270 A  10.56     0 %   -0.13  186   0.00    0    0.00 XXX   0 X    0.00 XXX   0 X    0.19 TYR 241 A

LYS 273 A  10.47     0 %   -0.18  183   0.00    0    0.00 XXX   0 X    0.00 XXX   0 X    0.13 ASP 271 A
LYS 273 A                                            0.00 XXX   0 X    0.00 XXX   0 X    0.02 ASP 272 A

ARG  61 A  15.56    13 %   -0.57  318   0.00    0    0.12 TYR  60 A    0.00 XXX   0 X    0.35 TYR  60 A
ARG  61 A                                            1.48 GLU  37 A    0.00 XXX   0 X    0.46 GLU  37 A
ARG  61 A                                            0.80 GLU  64 A    0.00 XXX   0 X    0.42 GLU  64 A

ARG  65 A  11.36    38 %   -1.02  387   0.00    0    0.00 XXX   0 X    0.00 XXX   0 X    0.07 ASP 157 A
ARG  65 A                                            0.00 XXX   0 X    0.00 XXX   0 X    0.06 ASP 163 A
ARG  65 A                                            0.00 XXX   0 X    0.00 XXX   0 X   -0.08 ARG 153 A
ARG  65 A                                            0.00 XXX   0 X    0.00 XXX   0 X   -0.18 ARG 161 A

ARG  83 A  12.18    12 %   -0.48  314   0.00    0    0.00 XXX   0 X    0.00 XXX   0 X    0.16 GLU 141 A

ARG  96 A  12.43     0 %   -0.07  137   0.00    0    0.00 XXX   0 X    0.00 XXX   0 X    0.00 XXX   0 X

ARG 153 A  12.06     9 %   -0.62  307   0.00    0    0.00 XXX   0 X    0.00 XXX   0 X    0.21 ASP 157 A
ARG 153 A                                            0.00 XXX   0 X    0.00 XXX   0 X    0.02 ASP 163 A
ARG 153 A                                            0.00 XXX   0 X    0.00 XXX   0 X   -0.04 ARG 161 A

ARG 161 A  14.03     3 %   -0.41  290   0.00    0    1.32 ASP 163 A    0.00 XXX   0 X    0.09 ASP 176 A
ARG 161 A                                            0.00 XXX   0 X    0.00 XXX   0 X    0.10 ASP 179 A
ARG 161 A                                            0.00 XXX   0 X    0.00 XXX   0 X    0.43 ASP 163 A

ARG 164 A  12.71    19 %   -1.02  335   0.00    0    0.69 ASP 179 A    0.00 XXX   0 X    0.12 ASP 163 A
ARG 164 A                                            0.00 XXX   0 X    0.00 XXX   0 X    0.06 GLU 168 A
ARG 164 A                                            0.00 XXX   0 X    0.00 XXX   0 X    0.25 ASP 176 A
ARG 164 A                                            0.00 XXX   0 X    0.00 XXX   0 X   -0.02 ARG 161 A
ARG 164 A                                            0.00 XXX   0 X    0.00 XXX   0 X   -0.39 ARG 178 A
ARG 164 A                                            0.00 XXX   0 X    0.00 XXX   0 X    0.51 ASP 179 A

ARG 178 A  13.92     0 %   -0.37  248   0.00    0    1.19 ASP 176 A    0.00 XXX   0 X    0.11 ASP 163 A
ARG 178 A                                            0.00 XXX   0 X    0.00 XXX   0 X    0.16 ASP 179 A
ARG 178 A                                            0.00 XXX   0 X    0.00 XXX   0 X   -0.05 ARG 161 A
ARG 178 A                                            0.00 XXX   0 X    0.00 XXX   0 X    0.38 ASP 176 A

ARG 184 A  14.59    13 %   -0.46  318   0.00    0    0.03 TYR  47 A    0.00 XXX   0 X    0.49 TYR  47 A
ARG 184 A                                            0.62 GLU  63 A    0.00 XXX   0 X    0.28 GLU  63 A
ARG 184 A                                            0.72 GLU 188 A    0.00 XXX   0 X    0.41 GLU 188 A

ARG 204 A  12.10     0 %   -0.40  265   0.00    0    0.00 XXX   0 X    0.00 XXX   0 X    0.00 XXX   0 X

ARG 220 A  12.36    80 %   -2.33  505   0.00    0    0.77 GLU 276 A    0.00 XXX   0 X    0.17 ASP 233 A
ARG 220 A                                            0.00 XXX   0 X    0.00 XXX   0 X    0.68 ASP 246 A
ARG 220 A                                            0.00 XXX   0 X    0.00 XXX   0 X    0.57 GLU 276 A

ARG 222 A  12.97    58 %   -1.54  443   0.00    0    0.84 ASP 233 A    0.00 XXX   0 X    0.29 ASP 246 A
ARG 222 A                                            0.00 XXX   0 X    0.00 XXX   0 X    0.87 ASP 233 A

ARG 256 A  12.92     9 %   -0.48  306   0.00    0    0.56 ASP  50 A    0.00 XXX   0 X    0.35 ASP  50 A

ARG 266 A  12.04    61 %   -1.62  453   0.00    0    0.82 GLU  64 A    0.00 XXX   0 X    0.05 GLU  37 A
ARG 266 A                                            0.00 XXX   0 X    0.00 XXX   0 X   -0.14 ARG  61 A
ARG 266 A                                            0.00 XXX   0 X    0.00 XXX   0 X    0.43 GLU  64 A

ARG 284 A  12.05    14 %   -0.55  321   0.00    0    0.00 XXX   0 X    0.00 XXX   0 X    0.05 GLU 288 A
ARG 284 A                                            0.00 XXX   0 X    0.00 XXX   0 X    0.06 C-  295 A

N+   23 A   7.66     0 %   -0.27  180   0.00    0    0.00 XXX   0 X    0.00 XXX   0 X   -0.07 ARG 184 A

Coupled residues (marked *) were detected.Please rerun PropKa with the --display-coupled-residues 
or -d option for detailed information.

2023-08-02 23:14:47,814 INFO:output.py:210:print_pka_section:pKa summary:
--------------------------------------------------------------------------------------------------------
SUMMARY OF THIS PREDICTION
       Group      pKa  model-pKa   ligand atom-type
   ASP  39 A     3.81       3.80                      
   ASP  50 A     2.97       3.80                      
   ASP  92 A     3.97       3.80                      
   ASP 131 A     3.65       3.80                      
   ASP 157 A     4.01       3.80                      
   ASP 163 A     2.36       3.80                      
   ASP 176 A     1.85       3.80                      
   ASP 179 A     4.58       3.80                      
   ASP 209 A     3.37       3.80                      
   ASP 228 A     3.78       3.80                      
   ASP 233 A     2.91       3.80                      
   ASP 246 A    11.21       3.80                      
   ASP 271 A     3.91       3.80                      
   ASP 272 A     3.20       3.80                      
   GLU  31 A     5.48       4.50                      
   GLU  37 A     2.65       4.50                      
   GLU  63 A     4.08       4.50                      
   GLU  64 A     3.19       4.50                      
   GLU 110 A     3.89       4.50                      
   GLU 121 A     4.07       4.50                      
   GLU 141 A     4.66       4.50                      
   GLU 166 A     4.33       4.50                      
   GLU 168 A     4.05       4.50                      
   GLU 188 A     4.78       4.50                      
   GLU 276 A     3.66       4.50                      
   GLU 288 A     4.90       4.50                      
   C-  295 A     3.33       3.20                      
   HIS 219 A     6.52       6.50                      
   HIS 274 A     5.21       6.50                      
   CYS  69 A    99.99       9.00                      
   CYS 238 A    99.99       9.00                      
   TYR  47 A    11.09      10.00                      
   TYR  60 A    11.74      10.00                      
   TYR  97 A    11.92      10.00                      
   TYR 112 A    10.31      10.00                      
   TYR 129 A    10.25      10.00                      
   TYR 241 A    10.24      10.00                      
   TYR 247 A    15.30      10.00                      
   TYR 264 A    13.53      10.00                      
   LYS  35 A    10.70      10.50                      
   LYS  73 A     9.14      10.50                      
   LYS  99 A    10.44      10.50                      
   LYS 111 A    11.21      10.50                      
   LYS 140 A    10.51      10.50                      
   LYS 192 A    10.15      10.50                      
   LYS 212 A    10.24      10.50                      
   LYS 234 A     6.61      10.50                      
   LYS 270 A    10.56      10.50                      
   LYS 273 A    10.47      10.50                      
   ARG  61 A    15.56      12.50                      
   ARG  65 A    11.36      12.50                      
   ARG  83 A    12.18      12.50                      
   ARG  96 A    12.43      12.50                      
   ARG 153 A    12.06      12.50                      
   ARG 161 A    14.03      12.50                      
   ARG 164 A    12.71      12.50                      
   ARG 178 A    13.92      12.50                      
   ARG 184 A    14.59      12.50                      
   ARG 204 A    12.10      12.50                      
   ARG 220 A    12.36      12.50                      
   ARG 222 A    12.97      12.50                      
   ARG 256 A    12.92      12.50                      
   ARG 266 A    12.04      12.50                      
   ARG 284 A    12.05      12.50                      
   N+   23 A     7.66       8.00                      

2023-08-02 23:14:47,830 INFO:main.py:636:non_trivial:PROPKA information:
--------------------------------------------------------------------------------------------------------
Free energy of   folding (kcal/mol) as a function of pH (using neutral reference)
  0.00     20.67
  1.00     20.55
  2.00     19.67
  3.00     16.31
  4.00     11.19
  5.00      9.49
  6.00      9.96
  7.00     10.05
  8.00      9.85
  9.00      9.75
 10.00     11.05
 11.00     15.86
 12.00     20.37
 13.00     24.86
 14.00     30.81

The pH of optimum stability is  4.9 for which the free energy is    9.5 kcal/mol at 298K
Could not determine pH values where the free energy is within 80 % of minimum
Could not determine the pH-range where the free energy is negative


Protein charge of folded and unfolded state as a function of pH
    pH  unfolded  folded
  0.00     29.00   28.97
  0.10     29.00   28.97
  0.20     28.99   28.96
  0.30     28.99   28.95
  0.40     28.99   28.93
  0.50     28.99   28.92
  0.60     28.99   28.90
  0.70     28.98   28.87
  0.80     28.98   28.84
  0.90     28.97   28.80
  1.00     28.97   28.75
  1.10     28.96   28.69
  1.20     28.95   28.62
  1.30     28.94   28.54
  1.40     28.92   28.43
  1.50     28.90   28.31
  1.60     28.87   28.17
  1.70     28.84   28.01
  1.80     28.80   27.82
  1.90     28.75   27.60
  2.00     28.68   27.36
  2.10     28.60   27.08
  2.20     28.51   26.77
  2.30     28.38   26.42
  2.40     28.23   26.02
  2.50     28.05   25.59
  2.60     27.82   25.11
  2.70     27.54   24.58
  2.80     27.21   24.00
  2.90     26.81   23.37
  3.00     26.33   22.69
  3.10     25.77   21.95
  3.20     25.12   21.17
  3.30     24.37   20.34
  3.40     23.51   19.47
  3.50     22.57   18.55
  3.60     21.52   17.61
  3.70     20.40   16.64
  3.80     19.20   15.66
  3.90     17.95   14.67
  4.00     16.66   13.69
  4.10     15.36   12.72
  4.20     14.06   11.78
  4.30     12.78   10.88
  4.40     11.53   10.01
  4.50     10.35    9.19
  4.60      9.23    8.41
  4.70      8.19    7.69
  4.80      7.24    7.01
  4.90      6.39    6.38
  5.00      5.64    5.80
  5.10      4.97    5.26
  5.20      4.40    4.77
  5.30      3.90    4.31
  5.40      3.47    3.89
  5.50      3.09    3.51
  5.60      2.77    3.16
  5.70      2.47    2.83
  5.80      2.21    2.52
  5.90      1.96    2.23
  6.00      1.73    1.95
  6.10      1.50    1.68
  6.20      1.27    1.42
  6.30      1.05    1.16
  6.40      0.83    0.91
  6.50      0.61    0.67
  6.60      0.40    0.43
  6.70      0.20    0.21
  6.80      0.01   -0.00
  6.90     -0.17   -0.20
  7.00     -0.33   -0.39
  7.10     -0.49   -0.56
  7.20     -0.63   -0.72
  7.30     -0.75   -0.87
  7.40     -0.87   -1.01
  7.50     -0.99   -1.15
  7.60     -1.10   -1.27
  7.70     -1.20   -1.39
  7.80     -1.31   -1.50
  7.90     -1.41   -1.60
  8.00     -1.51   -1.70
  8.10     -1.62   -1.80
  8.20     -1.73   -1.89
  8.30     -1.84   -1.98
  8.40     -1.95   -2.08
  8.50     -2.07   -2.17
  8.60     -2.21   -2.28
  8.70     -2.35   -2.39
  8.80     -2.52   -2.52
  8.90     -2.71   -2.66
  9.00     -2.94   -2.82
  9.10     -3.20   -3.00
  9.20     -3.51   -3.20
  9.30     -3.88   -3.43
  9.40     -4.31   -3.69
  9.50     -4.81   -3.99
  9.60     -5.39   -4.32
  9.70     -6.04   -4.71
  9.80     -6.77   -5.14
  9.90     -7.57   -5.62
 10.00     -8.44   -6.16
 10.10     -9.36   -6.75
 10.20    -10.31   -7.38
 10.30    -11.29   -8.06
 10.40    -12.26   -8.77
 10.50    -13.22   -9.50
 10.60    -14.15  -10.24
 10.70    -15.03  -10.99
 10.80    -15.86  -11.75
 10.90    -16.62  -12.50
 11.00    -17.33  -13.24
 11.10    -17.98  -13.98
 11.20    -18.58  -14.72
 11.30    -19.14  -15.45
 11.40    -19.68  -16.18
 11.50    -20.21  -16.91
 11.60    -20.75  -17.64
 11.70    -21.30  -18.38
 11.80    -21.89  -19.13
 11.90    -22.53  -19.87
 12.00    -23.22  -20.62
 12.10    -23.96  -21.36
 12.20    -24.76  -22.09
 12.30    -25.61  -22.80
 12.40    -26.48  -23.49
 12.50    -27.38  -24.16
 12.60    -28.26  -24.80
 12.70    -29.12  -25.40
 12.80    -29.93  -25.97
 12.90    -30.68  -26.51
 13.00    -31.36  -27.01
 13.10    -31.96  -27.49
 13.20    -32.48  -27.93
 13.30    -32.93  -28.35
 13.40    -33.31  -28.74
 13.50    -33.62  -29.11
 13.60    -33.89  -29.46
 13.70    -34.10  -29.79
 13.80    -34.28  -30.11
 13.90    -34.42  -30.42
 14.00    -34.54  -30.71
The pI is  6.80 (folded) and  6.80 (unfolded)

--------------------------------------------------------------------------------------------------------
2023-08-02 23:14:47,830 INFO:biomolecule.py:794:apply_pka_values:Applying pKa values at a pH of 7.40:
2023-08-02 23:14:47,831 INFO:main.py:649:non_trivial:Adding hydrogens to biomolecule.
2023-08-02 23:14:48,063 INFO:main.py:652:non_trivial:Debumping biomolecule (again).
2023-08-02 23:14:48,260 INFO:main.py:654:non_trivial:Optimizing hydrogen bonds
2023-08-02 23:14:48,569 INFO:main.py:666:non_trivial:Applying force field to biomolecule states.
2023-08-02 23:14:48,572 INFO:main.py:713:non_trivial:Regenerating headers.
2023-08-02 23:14:48,573 INFO:main.py:738:non_trivial:Regenerating PDB lines.
2023-08-02 23:14:48,590 WARNING:main.py:311:print_pqr:Ignoring 466 header lines in output.
2023-08-02 23:14:48,609 WARNING:main.py:354:print_pdb:Ignoring 466 header lines in output.
