            --------------------------------------------------------
                             AMBER SQM VERSION 19
 
                                     By
              Ross C. Walker, Michael F. Crowley, Scott Brozell,
                         Tim Giese, Andreas W. Goetz,
                        Tai-Sung Lee and David A. Case
 
            --------------------------------------------------------
 

--------------------------------------------------------------------------------
  QM CALCULATION INFO
--------------------------------------------------------------------------------

| QMMM: Citation for AMBER QMMM Run:
| QMMM: R.C. Walker, M.F. Crowley and D.A. Case, J. COMP. CHEM. 29:1019, 2008

QMMM: SINGLET STATE CALCULATION
QMMM: RHF CALCULATION, NO. OF DOUBLY OCCUPIED LEVELS = 48

| QMMM: *** Selected Hamiltonian *** 
| QMMM: AM1         

| QMMM: *** Parameter sets in use ***
| QMMM: C : M.J.S.DEWAR et al. JACS, 107, 3902, (1985)
| QMMM: N : M.J.S.DEWAR et al. JACS, 107, 3902, (1985)
| QMMM: O : M.J.S.DEWAR et al. JACS, 107, 3902, (1985)
| QMMM: S : M.J.S.DEWAR et al. INORG. CHEM., 29, 3881, (1990)
| QMMM: H : M.J.S.DEWAR et al. JACS, 107, 3902, (1985)

| QMMM: *** SCF convergence criteria ***
| QMMM: Energy change                :  0.1D-09 kcal/mol
| QMMM: Error matrix |FP-PF|         :  0.1D+00 au
| QMMM: Density matrix change        :  0.5D-06
| QMMM: Maximum number of SCF cycles :     1000

| QMMM: *** Diagonalization Routine Information ***
| QMMM: Pseudo diagonalizations are allowed.
| QMMM: Auto diagonalization routine selection is in use.
| QMMM:
| QMMM: Timing diagonalization routines:
| QMMM:                              norbs =       79
| QMMM:    diag iterations used for timing =       15
| QMMM:
| QMMM:              Internal diag routine = 0.015192 seconds
| QMMM:                 Dspev diag routine = 0.008990 seconds
| QMMM:                Dspevd diag routine = 0.007135 seconds
| QMMM:                Dspevx diag routine = 0.054012 seconds
| QMMM:                 Dsyev diag routine = 0.016302 seconds
| QMMM:                Dsyevd diag routine = 0.007173 seconds
| QMMM:                Dsyevr diag routine = 0.010024 seconds
| QMMM:
| QMMM:                Pseudo diag routine = 0.004758 seconds
| QMMM:
| QMMM: Using dspevd routine (diag_routine=3).

  QMMM: QM Region Cartesian Coordinates (*=link atom) 
  QMMM: QM_NO.   MM_NO.  ATOM         X         Y         Z
  QMMM:     1        1      C       -3.4020   -0.3810   -0.3760
  QMMM:     2        2      C       -0.7330   -1.1380    1.1730
  QMMM:     3        3      C       -1.0720   -1.3870   -0.2900
  QMMM:     4        4      C       -1.9760   -0.2420   -0.8440
  QMMM:     5        5      C       -1.5660    1.1860    1.2410
  QMMM:     6        6      C       -0.3170    0.2750    1.5740
  QMMM:     7        7      C       -0.1240    1.4430   -0.3890
  QMMM:     8        8      N       -1.3060    0.8700   -0.1980
  QMMM:     9        9      N        0.6430    0.8450    0.5850
  QMMM:    10       10      N       -4.1080   -1.4870   -0.6860
  QMMM:    11       11      O        0.1980    2.2790   -1.2120
  QMMM:    12       12      O        2.0560    0.7830    0.6380
  QMMM:    13       13      O        1.7790   -1.5230    0.2370
  QMMM:    14       14      O        2.5550   -0.1980   -1.5510
  QMMM:    15       15      O        4.0340   -0.4460    0.2680
  QMMM:    16       16      O       -3.9130    0.5000    0.2830
  QMMM:    17       17      S        2.6490   -0.4380   -0.0510
  QMMM:    18       18      H       -1.6050   -1.4110    1.7680
  QMMM:    19       19      H        0.0770   -1.8140    1.4460
  QMMM:    20       20      H       -0.1510   -1.4310   -0.8700
  QMMM:    21       21      H       -1.6000   -2.3370   -0.3800
  QMMM:    22       22      H       -1.9180   -0.1720   -1.9300
  QMMM:    23       23      H       -2.5100    0.7870    1.6130
  QMMM:    24       24      H       -1.4210    2.2370    1.4930
  QMMM:    25       25      H        0.0130    0.3470    2.6100
  QMMM:    26       26      H       -3.6980   -2.1930   -1.2100
  QMMM:    27       27      H       -5.0250   -1.5760   -0.3850
  QMMM:    28       28      H        2.9080   -0.9210   -2.0880

--------------------------------------------------------------------------------
  RESULTS
--------------------------------------------------------------------------------

      iter         sqm energy              rms gradient
      ----    -------------------    -----------------------
xmin    10     -155.6646 kcal/mol        3.7666 kcal/(mol*A)
xmin    20     -172.1619 kcal/mol        1.5550 kcal/(mol*A)
xmin    30     -173.4968 kcal/mol        0.9570 kcal/(mol*A)
xmin    40     -174.5158 kcal/mol        1.5786 kcal/(mol*A)
xmin    50     -176.3369 kcal/mol        0.4514 kcal/(mol*A)
xmin    60     -176.6850 kcal/mol        0.7862 kcal/(mol*A)
xmin    70     -177.3898 kcal/mol        0.3974 kcal/(mol*A)
xmin    80     -177.6181 kcal/mol        0.2621 kcal/(mol*A)
xmin    90     -177.9427 kcal/mol        0.1899 kcal/(mol*A)
xmin   100     -178.1656 kcal/mol        0.4313 kcal/(mol*A)
xmin   110     -178.3337 kcal/mol        0.3489 kcal/(mol*A)
xmin   120     -178.3506 kcal/mol        0.0462 kcal/(mol*A)
xmin   130     -178.3515 kcal/mol        0.0130 kcal/(mol*A)
xmin   140     -178.3520 kcal/mol        0.0081 kcal/(mol*A)
xmin   150     -178.3520 kcal/mol        0.0022 kcal/(mol*A)
  ... geometry converged !
 
 Final MO eigenvalues (eV):
 -42.6431  -40.2338  -40.0748  -39.0920  -38.9191  -38.5578  -38.0849  -34.7851
 -33.6111  -33.3152  -30.1285  -26.9260  -25.0431  -23.0807  -22.8398  -22.4666
 -21.2860  -20.9610  -19.4789  -19.0938  -18.7365  -18.0550  -17.6315  -17.4511
 -17.3747  -16.6531  -16.2756  -16.0411  -15.8561  -15.3842  -15.0575  -14.7370
 -14.4859  -14.3188  -14.2484  -14.0782  -14.0428  -14.0051  -13.9420  -13.8063
 -13.4435  -12.4786  -12.4453  -11.9857  -11.3485  -11.1283  -10.9362  -10.7200
  -0.9322   -0.1809    0.4730    0.9803    1.4641    1.8149    1.9310    2.2061
   2.5749    2.7459    2.8866    2.9421    3.0519    3.2033    3.3166    3.4240
   3.6034    3.7381    3.8340    3.9477    4.1796    4.3656    4.4084    4.5459
   4.5964    4.7189    5.1676    5.3406    5.6657    5.8101    6.6981

 Heat of formation   =       -178.35198638 kcal/mol  (       -7.73392248 eV)

 Total SCF energy    =     -87266.46936900 kcal/mol  (    -3784.15807506 eV)
 Electronic energy   =    -507629.86625278 kcal/mol  (   -22012.48281743 eV)
 Core-core repulsion =     420363.39688379 kcal/mol  (    18228.32474237 eV)
 
    Atomic Charges for Step       1 :
  Atom    Element       Mulliken Charge
     1      C                  0.304
     2      C                 -0.152
     3      C                 -0.184
     4      C                 -0.071
     5      C                 -0.142
     6      C                 -0.082
     7      C                  0.283
     8      N                 -0.186
     9      N                 -0.075
    10      N                 -0.417
    11      O                 -0.269
    12      O                 -0.656
    13      O                 -0.918
    14      O                 -0.795
    15      O                 -0.915
    16      O                 -0.372
    17      S                  2.861
    18      H                  0.107
    19      H                  0.111
    20      H                  0.097
    21      H                  0.132
    22      H                  0.134
    23      H                  0.134
    24      H                  0.126
    25      H                  0.145
    26      H                  0.236
    27      H                  0.232
    28      H                  0.331
 Total Mulliken Charge =       0.000
 
                  X        Y        Z     TOTAL  
  QM DIPOLE    -3.096    0.874   -0.337    3.235
 
 Final Structure

  QMMM: QM Region Cartesian Coordinates (*=link atom) 
  QMMM: QM_NO.   MM_NO.  ATOM         X         Y         Z
  QMMM:     1        1      C       -3.6588   -0.6956   -0.2845
  QMMM:     2        2      C       -0.8375   -1.3923    1.5488
  QMMM:     3        3      C       -1.4977   -1.9088    0.2786
  QMMM:     4        4      C       -2.1584   -0.8389   -0.6176
  QMMM:     5        5      C       -1.3851    0.9025    0.8482
  QMMM:     6        6      C       -0.2155   -0.0001    1.3684
  QMMM:     7        7      C       -0.0825    0.3118   -0.9561
  QMMM:     8        8      N       -1.4948    0.4824   -0.5689
  QMMM:     9        9      N        0.7693   -0.0392    0.2317
  QMMM:    10       10      N       -4.4010    0.1419   -1.0708
  QMMM:    11       11      O        0.3741    0.4136   -2.0951
  QMMM:    12       12      O        1.7446    0.8375    0.3879
  QMMM:    13       13      O        3.5771   -0.8442    0.8347
  QMMM:    14       14      O        3.2598    0.0105   -1.3980
  QMMM:    15       15      O        4.0528    1.4707    0.3546
  QMMM:    16       16      O       -4.1889   -1.3492    0.6353
  QMMM:    17       17      S        3.3701    0.3157    0.1696
  QMMM:    18       18      H       -1.6003   -1.3121    2.3679
  QMMM:    19       19      H       -0.0560   -2.1247    1.8788
  QMMM:    20       20      H       -0.7230   -2.4334   -0.3426
  QMMM:    21       21      H       -2.2762   -2.6669    0.5612
  QMMM:    22       22      H       -2.0942   -1.2001   -1.6893
  QMMM:    23       23      H       -2.3366    0.7220    1.4084
  QMMM:    24       24      H       -1.1227    1.9910    0.8893
  QMMM:    25       25      H        0.2586    0.3840    2.3025
  QMMM:    26       26      H       -3.9718    0.7228   -1.7452
  QMMM:    27       27      H       -5.3641    0.2650   -0.8762
  QMMM:    28       28      H        2.5257    0.2908   -1.9525

           --------- Calculation Completed ----------

