                      :-) GROMACS - gmx mdrun, 2023.2 (-:

Copyright 1991-2023 The GROMACS Authors.
GROMACS is free software; you can redistribute it and/or modify it
under the terms of the GNU Lesser General Public License
as published by the Free Software Foundation; either version 2.1
of the License, or (at your option) any later version.

                         Current GROMACS contributors:
       Mark Abraham           Andrey Alekseenko           Cathrine Bergh      
      Christian Blau            Eliane Briand             Mahesh Doijade      
    Stefan Fleischmann           Vytas Gapsys              Gaurav Garg        
      Sergey Gorelov         Gilles Gouaillardet            Alan Gray         
     M. Eric Irrgang         Farzaneh Jalalypour            Joe Jordan        
    Christoph Junghans        Prashanth Kanduri          Sebastian Keller     
     Carsten Kutzner           Justin A. Lemkul          Magnus Lundborg      
       Pascal Merz              Vedran Miletic            Dmitry Morozov      
       Szilard Pall             Roland Schulz             Michael Shirts      
     Alexey Shvetsov            Balint Soproni         David van der Spoel    
      Philip Turner             Carsten Uphoff           Alessandra Villa     
 Sebastian Wingbermuehle        Artem Zhmurov       

                         Previous GROMACS contributors:
        Emile Apol             Rossen Apostolov           James Barnett       
  Herman J.C. Berendsen          Par Bjelkmar           Viacheslav Bolnykh    
        Kevin Boyd            Aldert van Buuren          Carlo Camilloni      
     Rudi van Drunen            Anton Feenstra           Oliver Fleetwood     
     Gerrit Groenhof            Bert de Groot             Anca Hamuraru       
    Vincent Hindriksen          Victor Holanda           Aleksei Iupinov      
   Dimitrios Karkoulis           Peter Kasson             Sebastian Kehl      
        Jiri Kraus               Per Larsson              Viveca Lindahl      
      Erik Marklund           Pieter Meulenhoff           Teemu Murtola       
       Sander Pronk             Alfons Sijbers            Peter Tieleman      
       Jon Vincent             Teemu Virolainen         Christian Wennberg    
       Maarten Wolf       

                  Coordinated by the GROMACS project leaders:
                    Paul Bauer, Berk Hess, and Erik Lindahl

GROMACS:      gmx mdrun, version 2023.2
Executable:   /usr/local/gromacs/bin/gmx
Data prefix:  /usr/local/gromacs
Working dir:  /home/alexi/Documents/SBL_MD_CovDock
Process ID:   861022
Command line:
  gmx mdrun -v -deffnm prod_structures/APO/amber14/APO_1K55_md

GROMACS version:    2023.2
Precision:          mixed
Memory model:       64 bit
MPI library:        thread_mpi
OpenMP support:     enabled (GMX_OPENMP_MAX_THREADS = 128)
GPU support:        CUDA
NB cluster size:    8
SIMD instructions:  AVX2_256
CPU FFT library:    fftw-3.3.8-sse2-avx-avx2-avx2_128
GPU FFT library:    cuFFT
Multi-GPU FFT:      none
RDTSCP usage:       enabled
TNG support:        enabled
Hwloc support:      disabled
Tracing support:    disabled
C compiler:         /usr/bin/cc GNU 11.3.0
C compiler flags:   -fexcess-precision=fast -funroll-all-loops -mavx2 -mfma -Wno-missing-field-initializers -O3 -DNDEBUG
C++ compiler:       /usr/bin/c++ GNU 11.3.0
C++ compiler flags: -fexcess-precision=fast -funroll-all-loops -mavx2 -mfma -Wno-missing-field-initializers -Wno-cast-function-type-strict -fopenmp -O3 -DNDEBUG
BLAS library:       
LAPACK library:     
CUDA compiler:      /home/alexi/miniconda3/envs/cuda_martini/bin/nvcc nvcc: NVIDIA (R) Cuda compiler driver;Copyright (c) 2005-2022 NVIDIA Corporation;Built on Wed_Sep_21_10:33:58_PDT_2022;Cuda compilation tools, release 11.8, V11.8.89;Build cuda_11.8.r11.8/compiler.31833905_0
CUDA compiler flags:-std=c++17;--generate-code=arch=compute_35,code=sm_35;--generate-code=arch=compute_37,code=sm_37;--generate-code=arch=compute_50,code=sm_50;--generate-code=arch=compute_52,code=sm_52;--generate-code=arch=compute_60,code=sm_60;--generate-code=arch=compute_61,code=sm_61;--generate-code=arch=compute_70,code=sm_70;--generate-code=arch=compute_75,code=sm_75;--generate-code=arch=compute_80,code=sm_80;--generate-code=arch=compute_86,code=sm_86;--generate-code=arch=compute_89,code=sm_89;--generate-code=arch=compute_90,code=sm_90;-Wno-deprecated-gpu-targets;--generate-code=arch=compute_53,code=sm_53;--generate-code=arch=compute_80,code=sm_80;-use_fast_math;-Xptxas;-warn-double-usage;-Xptxas;-Werror;-D_FORCE_INLINES;-fexcess-precision=fast -funroll-all-loops -mavx2 -mfma -Wno-missing-field-initializers -Wno-cast-function-type-strict -fopenmp -O3 -DNDEBUG
CUDA driver:        12.20
CUDA runtime:       11.80


Running on 1 node with total 12 cores, 20 processing units, 1 compatible GPU
Hardware detected on host Celeste:
  CPU info:
    Vendor: Intel
    Brand:  12th Gen Intel(R) Core(TM) i7-12700KF
    Family: 6   Model: 151   Stepping: 2
    Features: aes apic avx avx2 clfsh cmov cx8 cx16 f16c fma htt intel lahf mmx msr nonstop_tsc pcid pclmuldq pdcm pdpe1gb popcnt pse rdrnd rdtscp sha sse2 sse3 sse4.1 sse4.2 ssse3 tdt x2apic
  Hardware topology: Basic
    Packages, cores, and logical processors:
    [indices refer to OS logical processors]
      Package  0: [   0   1] [   2   3] [   4   5] [   6   7] [   8   9] [  10  11] [  12  13] [  14  15] [  16] [  17] [  18] [  19]
    CPU limit set by OS: -1   Recommended max number of threads: 20
  GPU info:
    Number of GPUs detected: 1
    #0: NVIDIA NVIDIA GeForce RTX 3060, compute cap.: 8.6, ECC:  no, stat: compatible


++++ PLEASE READ AND CITE THE FOLLOWING REFERENCE ++++
M. J. Abraham, T. Murtola, R. Schulz, S. Páll, J. C. Smith, B. Hess, E.
Lindahl
GROMACS: High performance molecular simulations through multi-level
parallelism from laptops to supercomputers
SoftwareX 1 (2015) pp. 19-25
-------- -------- --- Thank You --- -------- --------


++++ PLEASE READ AND CITE THE FOLLOWING REFERENCE ++++
S. Páll, M. J. Abraham, C. Kutzner, B. Hess, E. Lindahl
Tackling Exascale Software Challenges in Molecular Dynamics Simulations with
GROMACS
In S. Markidis & E. Laure (Eds.), Solving Software Challenges for Exascale 8759 (2015) pp. 3-27
-------- -------- --- Thank You --- -------- --------


++++ PLEASE READ AND CITE THE FOLLOWING REFERENCE ++++
S. Pronk, S. Páll, R. Schulz, P. Larsson, P. Bjelkmar, R. Apostolov, M. R.
Shirts, J. C. Smith, P. M. Kasson, D. van der Spoel, B. Hess, and E. Lindahl
GROMACS 4.5: a high-throughput and highly parallel open source molecular
simulation toolkit
Bioinformatics 29 (2013) pp. 845-54
-------- -------- --- Thank You --- -------- --------


++++ PLEASE READ AND CITE THE FOLLOWING REFERENCE ++++
B. Hess and C. Kutzner and D. van der Spoel and E. Lindahl
GROMACS 4: Algorithms for highly efficient, load-balanced, and scalable
molecular simulation
J. Chem. Theory Comput. 4 (2008) pp. 435-447
-------- -------- --- Thank You --- -------- --------


++++ PLEASE READ AND CITE THE FOLLOWING REFERENCE ++++
D. van der Spoel, E. Lindahl, B. Hess, G. Groenhof, A. E. Mark and H. J. C.
Berendsen
GROMACS: Fast, Flexible and Free
J. Comp. Chem. 26 (2005) pp. 1701-1719
-------- -------- --- Thank You --- -------- --------


++++ PLEASE READ AND CITE THE FOLLOWING REFERENCE ++++
E. Lindahl and B. Hess and D. van der Spoel
GROMACS 3.0: A package for molecular simulation and trajectory analysis
J. Mol. Mod. 7 (2001) pp. 306-317
-------- -------- --- Thank You --- -------- --------


++++ PLEASE READ AND CITE THE FOLLOWING REFERENCE ++++
H. J. C. Berendsen, D. van der Spoel and R. van Drunen
GROMACS: A message-passing parallel molecular dynamics implementation
Comp. Phys. Comm. 91 (1995) pp. 43-56
-------- -------- --- Thank You --- -------- --------


++++ PLEASE CITE THE DOI FOR THIS VERSION OF GROMACS ++++
https://doi.org/10.5281/zenodo.8134397
-------- -------- --- Thank You --- -------- --------

Input Parameters:
   integrator                     = md
   tinit                          = 0
   dt                             = 0.002
   nsteps                         = 500000
   init-step                      = 0
   simulation-part                = 1
   mts                            = false
   comm-mode                      = Linear
   nstcomm                        = 100
   bd-fric                        = 0
   ld-seed                        = 1474260221
   emtol                          = 10
   emstep                         = 0.01
   niter                          = 20
   fcstep                         = 0
   nstcgsteep                     = 1000
   nbfgscorr                      = 10
   rtpi                           = 0.05
   nstxout                        = 0
   nstvout                        = 0
   nstfout                        = 0
   nstlog                         = 5000
   nstcalcenergy                  = 100
   nstenergy                      = 5000
   nstxout-compressed             = 5000
   compressed-x-precision         = 1000
   cutoff-scheme                  = Verlet
   nstlist                        = 10
   pbc                            = xyz
   periodic-molecules             = false
   verlet-buffer-tolerance        = 0.005
   rlist                          = 1
   coulombtype                    = PME
   coulomb-modifier               = Potential-shift
   rcoulomb-switch                = 0
   rcoulomb                       = 1
   epsilon-r                      = 1
   epsilon-rf                     = inf
   vdw-type                       = Cut-off
   vdw-modifier                   = Potential-shift
   rvdw-switch                    = 0
   rvdw                           = 1
   DispCorr                       = EnerPres
   table-extension                = 1
   fourierspacing                 = 0.16
   fourier-nx                     = 52
   fourier-ny                     = 52
   fourier-nz                     = 52
   pme-order                      = 4
   ewald-rtol                     = 1e-05
   ewald-rtol-lj                  = 0.001
   lj-pme-comb-rule               = Geometric
   ewald-geometry                 = 3d
   epsilon-surface                = 0
   ensemble-temperature-setting   = constant
   ensemble-temperature           = 300
   tcoupl                         = V-rescale
   nsttcouple                     = 10
   nh-chain-length                = 0
   print-nose-hoover-chain-variables = false
   pcoupl                         = Parrinello-Rahman
   pcoupltype                     = Isotropic
   nstpcouple                     = 50
   tau-p                          = 2
   compressibility (3x3):
      compressibility[    0]={ 4.50000e-05,  0.00000e+00,  0.00000e+00}
      compressibility[    1]={ 0.00000e+00,  4.50000e-05,  0.00000e+00}
      compressibility[    2]={ 0.00000e+00,  0.00000e+00,  4.50000e-05}
   ref-p (3x3):
      ref-p[    0]={ 1.00000e+00,  0.00000e+00,  0.00000e+00}
      ref-p[    1]={ 0.00000e+00,  1.00000e+00,  0.00000e+00}
      ref-p[    2]={ 0.00000e+00,  0.00000e+00,  1.00000e+00}
   refcoord-scaling               = No
   posres-com (3):
      posres-com[0]= 0.00000e+00
      posres-com[1]= 0.00000e+00
      posres-com[2]= 0.00000e+00
   posres-comB (3):
      posres-comB[0]= 0.00000e+00
      posres-comB[1]= 0.00000e+00
      posres-comB[2]= 0.00000e+00
   QMMM                           = false
qm-opts:
   ngQM                           = 0
   constraint-algorithm           = Lincs
   continuation                   = true
   Shake-SOR                      = false
   shake-tol                      = 0.0001
   lincs-order                    = 4
   lincs-iter                     = 1
   lincs-warnangle                = 30
   nwall                          = 0
   wall-type                      = 9-3
   wall-r-linpot                  = -1
   wall-atomtype[0]               = -1
   wall-atomtype[1]               = -1
   wall-density[0]                = 0
   wall-density[1]                = 0
   wall-ewald-zfac                = 3
   pull                           = false
   awh                            = false
   rotation                       = false
   interactiveMD                  = false
   disre                          = No
   disre-weighting                = Conservative
   disre-mixed                    = false
   dr-fc                          = 1000
   dr-tau                         = 0
   nstdisreout                    = 100
   orire-fc                       = 0
   orire-tau                      = 0
   nstorireout                    = 100
   free-energy                    = no
   cos-acceleration               = 0
   deform (3x3):
      deform[    0]={ 0.00000e+00,  0.00000e+00,  0.00000e+00}
      deform[    1]={ 0.00000e+00,  0.00000e+00,  0.00000e+00}
      deform[    2]={ 0.00000e+00,  0.00000e+00,  0.00000e+00}
   simulated-tempering            = false
   swapcoords                     = no
   userint1                       = 0
   userint2                       = 0
   userint3                       = 0
   userint4                       = 0
   userreal1                      = 0
   userreal2                      = 0
   userreal3                      = 0
   userreal4                      = 0
   applied-forces:
     electric-field:
       x:
         E0                       = 0
         omega                    = 0
         t0                       = 0
         sigma                    = 0
       y:
         E0                       = 0
         omega                    = 0
         t0                       = 0
         sigma                    = 0
       z:
         E0                       = 0
         omega                    = 0
         t0                       = 0
         sigma                    = 0
     density-guided-simulation:
       active                     = false
       group                      = protein
       similarity-measure         = inner-product
       atom-spreading-weight      = unity
       force-constant             = 1e+09
       gaussian-transform-spreading-width = 0.2
       gaussian-transform-spreading-range-in-multiples-of-width = 4
       reference-density-filename = reference.mrc
       nst                        = 1
       normalize-densities        = true
       adaptive-force-scaling     = false
       adaptive-force-scaling-time-constant = 4
       shift-vector               = 
       transformation-matrix      = 
     qmmm-cp2k:
       active                     = false
       qmgroup                    = System
       qmmethod                   = PBE
       qmfilenames                = 
       qmcharge                   = 0
       qmmultiplicity             = 1
grpopts:
   nrdf:      9678.7     86595.3
   ref-t:         300         300
   tau-t:         0.1         0.1
annealing:          No          No
annealing-npoints:           0           0
   acc:	           0           0           0
   nfreeze:           N           N           N
   energygrp-flags[  0]: 0

Changing nstlist from 10 to 100, rlist from 1 to 1.156

Update groups can not be used for this system because atoms that are (in)directly constrained together are interdispersed with other atoms

1 GPU selected for this run.
Mapping of GPU IDs to the 2 GPU tasks in the 1 rank on this node:
  PP:0,PME:0
PP tasks will do (non-perturbed) short-ranged interactions on the GPU
PP task will update and constrain coordinates on the GPU
PME tasks will do all aspects on the GPU
Using 1 MPI thread
Using 20 OpenMP threads 

System total charge: 0.000
Will do PME sum in reciprocal space for electrostatic interactions.

++++ PLEASE READ AND CITE THE FOLLOWING REFERENCE ++++
U. Essmann, L. Perera, M. L. Berkowitz, T. Darden, H. Lee and L. G. Pedersen 
A smooth particle mesh Ewald method
J. Chem. Phys. 103 (1995) pp. 8577-8592
-------- -------- --- Thank You --- -------- --------

Using a Gaussian width (1/beta) of 0.320163 nm for Ewald
Potential shift: LJ r^-12: -1.000e+00 r^-6: -1.000e+00, Ewald -1.000e-05
Initialized non-bonded Coulomb Ewald tables, spacing: 9.33e-04 size: 1073

Generated table with 1078 data points for 1-4 COUL.
Tabscale = 500 points/nm
Generated table with 1078 data points for 1-4 LJ6.
Tabscale = 500 points/nm
Generated table with 1078 data points for 1-4 LJ12.
Tabscale = 500 points/nm
Long Range LJ corr.: <C6> 3.1514e-04


Using GPU 8x8 nonbonded short-range kernels

Using a dual 8x8 pair-list setup updated with dynamic, rolling pruning:
  outer list: updated every 100 steps, buffer 0.156 nm, rlist 1.156 nm
  inner list: updated every  12 steps, buffer 0.006 nm, rlist 1.006 nm
At tolerance 0.005 kJ/mol/ps per atom, equivalent classical 1x1 list would be:
  outer list: updated every 100 steps, buffer 0.305 nm, rlist 1.305 nm
  inner list: updated every  12 steps, buffer 0.054 nm, rlist 1.054 nm

Using Lorentz-Berthelot Lennard-Jones combination rule

Pinning threads with an auto-selected logical cpu stride of 1

Initializing LINear Constraint Solver

++++ PLEASE READ AND CITE THE FOLLOWING REFERENCE ++++
B. Hess and H. Bekker and H. J. C. Berendsen and J. G. E. M. Fraaije
LINCS: A Linear Constraint Solver for molecular simulations
J. Comp. Chem. 18 (1997) pp. 1463-1472
-------- -------- --- Thank You --- -------- --------

The number of constraints is 1931

++++ PLEASE READ AND CITE THE FOLLOWING REFERENCE ++++
S. Miyamoto and P. A. Kollman
SETTLE: An Analytical Version of the SHAKE and RATTLE Algorithms for Rigid
Water Models
J. Comp. Chem. 13 (1992) pp. 952-962
-------- -------- --- Thank You --- -------- --------


++++ PLEASE READ AND CITE THE FOLLOWING REFERENCE ++++
G. Bussi, D. Donadio and M. Parrinello
Canonical sampling through velocity rescaling
J. Chem. Phys. 126 (2007) pp. 014101
-------- -------- --- Thank You --- -------- --------

There are: 47125 Atoms

Updating coordinates and applying constraints on the GPU.
Center of mass motion removal mode is Linear
We have the following groups for center of mass motion removal:
  0:  rest

Started mdrun on rank 0 Thu Aug 10 13:29:47 2023

           Step           Time
              0        0.00000

   Energies (kJ/mol)
           Bond          Angle    Proper Dih. Per. Imp. Dih.          LJ-14
    2.98392e+03    7.57177e+03    1.25112e+04    3.64807e+02    3.82299e+03
     Coulomb-14        LJ (SR)  Disper. corr.   Coulomb (SR)   Coul. recip.
    4.70715e+04    8.64032e+04   -6.23314e+03   -7.99871e+05    4.61278e+03
      Potential    Kinetic En.   Total Energy  Conserved En.    Temperature
   -6.40762e+05    1.20488e+05   -5.20275e+05   -5.20246e+05    3.01043e+02
 Pres. DC (bar) Pressure (bar)   Constr. rmsd
   -2.20601e+02    2.76216e+02    0.00000e+00

           Step           Time
           5000       10.00000

   Energies (kJ/mol)
           Bond          Angle    Proper Dih. Per. Imp. Dih.          LJ-14
    2.95724e+03    7.91647e+03    1.26131e+04    4.49966e+02    3.80317e+03
     Coulomb-14        LJ (SR)  Disper. corr.   Coulomb (SR)   Coul. recip.
    4.71643e+04    8.45524e+04   -6.22831e+03   -7.97104e+05    4.58012e+03
      Potential    Kinetic En.   Total Energy  Conserved En.    Temperature
   -6.39296e+05    1.20073e+05   -5.19223e+05   -5.20180e+05    3.00008e+02
 Pres. DC (bar) Pressure (bar)   Constr. rmsd
   -2.20260e+02   -8.98920e+01    0.00000e+00

step 8400: timed with pme grid 52 52 52, coulomb cutoff 1.000: 207.8 M-cycles
step 8600: timed with pme grid 44 44 44, coulomb cutoff 1.104: 238.3 M-cycles
step 8800: timed with pme grid 48 48 48, coulomb cutoff 1.012: 203.4 M-cycles
step 9000: timed with pme grid 52 52 52, coulomb cutoff 1.000: 206.0 M-cycles
              optimal pme grid 48 48 48, coulomb cutoff 1.012
           Step           Time
          10000       20.00000

   Energies (kJ/mol)
           Bond          Angle    Proper Dih. Per. Imp. Dih.          LJ-14
    2.85586e+03    7.42480e+03    1.25859e+04    4.80029e+02    3.80540e+03
     Coulomb-14        LJ (SR)  Disper. corr.   Coulomb (SR)   Coul. recip.
    4.68532e+04    8.59720e+04   -6.24325e+03   -7.99552e+05    4.27235e+03
      Potential    Kinetic En.   Total Energy  Conserved En.    Temperature
   -6.41546e+05    1.19532e+05   -5.22015e+05   -5.19830e+05    2.98655e+02
 Pres. DC (bar) Pressure (bar)   Constr. rmsd
   -2.21316e+02    1.82640e+00    0.00000e+00

           Step           Time
          15000       30.00000

   Energies (kJ/mol)
           Bond          Angle    Proper Dih. Per. Imp. Dih.          LJ-14
    3.05297e+03    7.73359e+03    1.26727e+04    5.20236e+02    3.75759e+03
     Coulomb-14        LJ (SR)  Disper. corr.   Coulomb (SR)   Coul. recip.
    4.70337e+04    8.48335e+04   -6.19692e+03   -7.97627e+05    4.33655e+03
      Potential    Kinetic En.   Total Energy  Conserved En.    Temperature
   -6.39883e+05    1.20641e+05   -5.19242e+05   -5.19458e+05    3.01427e+02
 Pres. DC (bar) Pressure (bar)   Constr. rmsd
   -2.18048e+02   -1.47563e+02    0.00000e+00

           Step           Time
          20000       40.00000

   Energies (kJ/mol)
           Bond          Angle    Proper Dih. Per. Imp. Dih.          LJ-14
    2.87483e+03    7.78655e+03    1.26569e+04    4.77893e+02    3.85574e+03
     Coulomb-14        LJ (SR)  Disper. corr.   Coulomb (SR)   Coul. recip.
    4.70713e+04    8.54517e+04   -6.23759e+03   -7.97996e+05    4.25540e+03
      Potential    Kinetic En.   Total Energy  Conserved En.    Temperature
   -6.39804e+05    1.21193e+05   -5.18611e+05   -5.19147e+05    3.02805e+02
 Pres. DC (bar) Pressure (bar)   Constr. rmsd
   -2.20916e+02    1.76008e+02    0.00000e+00

           Step           Time
          25000       50.00000

   Energies (kJ/mol)
           Bond          Angle    Proper Dih. Per. Imp. Dih.          LJ-14
    2.94815e+03    7.98187e+03    1.24561e+04    4.64650e+02    3.58909e+03
     Coulomb-14        LJ (SR)  Disper. corr.   Coulomb (SR)   Coul. recip.
    4.66020e+04    8.62393e+04   -6.24378e+03   -7.98358e+05    4.19967e+03
      Potential    Kinetic En.   Total Energy  Conserved En.    Temperature
   -6.40121e+05    1.20049e+05   -5.20072e+05   -5.18887e+05    2.99947e+02
 Pres. DC (bar) Pressure (bar)   Constr. rmsd
   -2.21354e+02   -1.23870e+00    0.00000e+00

           Step           Time
          30000       60.00000

   Energies (kJ/mol)
           Bond          Angle    Proper Dih. Per. Imp. Dih.          LJ-14
    3.02743e+03    7.49795e+03    1.24416e+04    4.92466e+02    3.76198e+03
     Coulomb-14        LJ (SR)  Disper. corr.   Coulomb (SR)   Coul. recip.
    4.70336e+04    8.48479e+04   -6.20439e+03   -7.97889e+05    4.21217e+03
      Potential    Kinetic En.   Total Energy  Conserved En.    Temperature
   -6.40778e+05    1.19611e+05   -5.21167e+05   -5.18660e+05    2.98853e+02
 Pres. DC (bar) Pressure (bar)   Constr. rmsd
   -2.18573e+02   -1.20254e+02    0.00000e+00

           Step           Time
          35000       70.00000

   Energies (kJ/mol)
           Bond          Angle    Proper Dih. Per. Imp. Dih.          LJ-14
    3.04360e+03    7.94770e+03    1.26661e+04    4.81365e+02    3.70934e+03
     Coulomb-14        LJ (SR)  Disper. corr.   Coulomb (SR)   Coul. recip.
    4.68520e+04    8.56631e+04   -6.21221e+03   -7.98346e+05    4.32293e+03
      Potential    Kinetic En.   Total Energy  Conserved En.    Temperature
   -6.39872e+05    1.19982e+05   -5.19891e+05   -5.18543e+05    2.99779e+02
 Pres. DC (bar) Pressure (bar)   Constr. rmsd
   -2.19124e+02    4.57344e+01    0.00000e+00

           Step           Time
          40000       80.00000

   Energies (kJ/mol)
           Bond          Angle    Proper Dih. Per. Imp. Dih.          LJ-14
    3.07257e+03    7.79171e+03    1.26976e+04    4.56803e+02    3.79672e+03
     Coulomb-14        LJ (SR)  Disper. corr.   Coulomb (SR)   Coul. recip.
    4.69766e+04    8.63614e+04   -6.25145e+03   -7.99289e+05    4.31766e+03
      Potential    Kinetic En.   Total Energy  Conserved En.    Temperature
   -6.40070e+05    1.20607e+05   -5.19463e+05   -5.18452e+05    3.01342e+02
 Pres. DC (bar) Pressure (bar)   Constr. rmsd
   -2.21897e+02    1.84043e+02    0.00000e+00

           Step           Time
          45000       90.00000

   Energies (kJ/mol)
           Bond          Angle    Proper Dih. Per. Imp. Dih.          LJ-14
    3.06971e+03    7.94900e+03    1.25466e+04    4.40531e+02    3.80117e+03
     Coulomb-14        LJ (SR)  Disper. corr.   Coulomb (SR)   Coul. recip.
    4.71067e+04    8.46466e+04   -6.22397e+03   -7.96634e+05    4.24405e+03
      Potential    Kinetic En.   Total Energy  Conserved En.    Temperature
   -6.39053e+05    1.21084e+05   -5.17969e+05   -5.18051e+05    3.02534e+02
 Pres. DC (bar) Pressure (bar)   Constr. rmsd
   -2.19953e+02    6.49246e+00    0.00000e+00

           Step           Time
          50000      100.00000

   Energies (kJ/mol)
           Bond          Angle    Proper Dih. Per. Imp. Dih.          LJ-14
    2.83199e+03    7.97548e+03    1.25561e+04    4.41420e+02    3.82466e+03
     Coulomb-14        LJ (SR)  Disper. corr.   Coulomb (SR)   Coul. recip.
    4.69466e+04    8.53898e+04   -6.23295e+03   -7.97283e+05    4.37676e+03
      Potential    Kinetic En.   Total Energy  Conserved En.    Temperature
   -6.39173e+05    1.19945e+05   -5.19228e+05   -5.17754e+05    2.99688e+02
 Pres. DC (bar) Pressure (bar)   Constr. rmsd
   -2.20588e+02    1.47328e+02    0.00000e+00

           Step           Time
          55000      110.00000

   Energies (kJ/mol)
           Bond          Angle    Proper Dih. Per. Imp. Dih.          LJ-14
    2.87042e+03    7.70896e+03    1.24069e+04    4.36074e+02    3.77800e+03
     Coulomb-14        LJ (SR)  Disper. corr.   Coulomb (SR)   Coul. recip.
    4.69535e+04    8.50449e+04   -6.22212e+03   -7.99096e+05    4.23227e+03
      Potential    Kinetic En.   Total Energy  Conserved En.    Temperature
   -6.41887e+05    1.19423e+05   -5.22464e+05   -5.17550e+05    2.98383e+02
 Pres. DC (bar) Pressure (bar)   Constr. rmsd
   -2.19823e+02   -6.02679e+01    0.00000e+00

           Step           Time
          60000      120.00000

   Energies (kJ/mol)
           Bond          Angle    Proper Dih. Per. Imp. Dih.          LJ-14
    2.87798e+03    7.66440e+03    1.25009e+04    4.39160e+02    3.67717e+03
     Coulomb-14        LJ (SR)  Disper. corr.   Coulomb (SR)   Coul. recip.
    4.67978e+04    8.68527e+04   -6.23140e+03   -8.00542e+05    4.37970e+03
      Potential    Kinetic En.   Total Energy  Conserved En.    Temperature
   -6.41584e+05    1.20484e+05   -5.21100e+05   -5.17378e+05    3.01034e+02
 Pres. DC (bar) Pressure (bar)   Constr. rmsd
   -2.20478e+02    1.25070e+02    0.00000e+00

           Step           Time
          65000      130.00000

   Energies (kJ/mol)
           Bond          Angle    Proper Dih. Per. Imp. Dih.          LJ-14
    2.86771e+03    7.80245e+03    1.26571e+04    4.58117e+02    3.64275e+03
     Coulomb-14        LJ (SR)  Disper. corr.   Coulomb (SR)   Coul. recip.
    4.70822e+04    8.56292e+04   -6.18165e+03   -8.00242e+05    4.34660e+03
      Potential    Kinetic En.   Total Energy  Conserved En.    Temperature
   -6.41937e+05    1.19722e+05   -5.22216e+05   -5.17055e+05    2.99130e+02
 Pres. DC (bar) Pressure (bar)   Constr. rmsd
   -2.16976e+02   -3.66750e+02    0.00000e+00

           Step           Time
          70000      140.00000

   Energies (kJ/mol)
           Bond          Angle    Proper Dih. Per. Imp. Dih.          LJ-14
    2.87505e+03    7.74627e+03    1.25035e+04    4.59323e+02    3.76848e+03
     Coulomb-14        LJ (SR)  Disper. corr.   Coulomb (SR)   Coul. recip.
    4.68344e+04    8.59807e+04   -6.24409e+03   -7.99573e+05    4.29876e+03
      Potential    Kinetic En.   Total Energy  Conserved En.    Temperature
   -6.41350e+05    1.20809e+05   -5.20542e+05   -5.16622e+05    3.01845e+02
 Pres. DC (bar) Pressure (bar)   Constr. rmsd
   -2.21376e+02    8.47774e+01    0.00000e+00

           Step           Time
          75000      150.00000

   Energies (kJ/mol)
           Bond          Angle    Proper Dih. Per. Imp. Dih.          LJ-14
    3.16625e+03    7.47374e+03    1.25415e+04    4.42659e+02    3.73491e+03
     Coulomb-14        LJ (SR)  Disper. corr.   Coulomb (SR)   Coul. recip.
    4.66341e+04    8.63925e+04   -6.23098e+03   -7.99228e+05    4.24749e+03
      Potential    Kinetic En.   Total Energy  Conserved En.    Temperature
   -6.40826e+05    1.19739e+05   -5.21087e+05   -5.16374e+05    2.99172e+02
 Pres. DC (bar) Pressure (bar)   Constr. rmsd
   -2.20449e+02    4.63962e+01    0.00000e+00

           Step           Time
          80000      160.00000

   Energies (kJ/mol)
           Bond          Angle    Proper Dih. Per. Imp. Dih.          LJ-14
    2.85222e+03    7.78052e+03    1.25007e+04    4.58581e+02    3.87307e+03
     Coulomb-14        LJ (SR)  Disper. corr.   Coulomb (SR)   Coul. recip.
    4.70745e+04    8.60331e+04   -6.18387e+03   -7.98916e+05    4.30916e+03
      Potential    Kinetic En.   Total Energy  Conserved En.    Temperature
   -6.40218e+05    1.20731e+05   -5.19487e+05   -5.16142e+05    3.01652e+02
 Pres. DC (bar) Pressure (bar)   Constr. rmsd
   -2.17131e+02    9.01274e+01    0.00000e+00

           Step           Time
          85000      170.00000

   Energies (kJ/mol)
           Bond          Angle    Proper Dih. Per. Imp. Dih.          LJ-14
    2.96145e+03    7.57091e+03    1.25126e+04    4.96157e+02    3.82695e+03
     Coulomb-14        LJ (SR)  Disper. corr.   Coulomb (SR)   Coul. recip.
    4.71681e+04    8.49802e+04   -6.20502e+03   -7.98589e+05    4.33007e+03
      Potential    Kinetic En.   Total Energy  Conserved En.    Temperature
   -6.40948e+05    1.18854e+05   -5.22094e+05   -5.15926e+05    2.96961e+02
 Pres. DC (bar) Pressure (bar)   Constr. rmsd
   -2.18617e+02   -1.03905e+02    0.00000e+00

           Step           Time
          90000      180.00000

   Energies (kJ/mol)
           Bond          Angle    Proper Dih. Per. Imp. Dih.          LJ-14
    3.01308e+03    7.79571e+03    1.25285e+04    4.70470e+02    3.77136e+03
     Coulomb-14        LJ (SR)  Disper. corr.   Coulomb (SR)   Coul. recip.
    4.70539e+04    8.46605e+04   -6.23676e+03   -7.97578e+05    4.34637e+03
      Potential    Kinetic En.   Total Energy  Conserved En.    Temperature
   -6.40174e+05    1.19868e+05   -5.20306e+05   -5.15423e+05    2.99496e+02
 Pres. DC (bar) Pressure (bar)   Constr. rmsd
   -2.20857e+02    3.98753e+01    0.00000e+00

           Step           Time
          95000      190.00000

   Energies (kJ/mol)
           Bond          Angle    Proper Dih. Per. Imp. Dih.          LJ-14
    3.08280e+03    7.81026e+03    1.24515e+04    4.85120e+02    3.76492e+03
     Coulomb-14        LJ (SR)  Disper. corr.   Coulomb (SR)   Coul. recip.
    4.67326e+04    8.59729e+04   -6.22455e+03   -7.97155e+05    4.36642e+03
      Potential    Kinetic En.   Total Energy  Conserved En.    Temperature
   -6.38713e+05    1.21691e+05   -5.17022e+05   -5.15083e+05    3.04050e+02
 Pres. DC (bar) Pressure (bar)   Constr. rmsd
   -2.19994e+02    1.91457e+02    0.00000e+00

           Step           Time
         100000      200.00000

   Energies (kJ/mol)
           Bond          Angle    Proper Dih. Per. Imp. Dih.          LJ-14
    3.07997e+03    7.94502e+03    1.25050e+04    4.36601e+02    3.83296e+03
     Coulomb-14        LJ (SR)  Disper. corr.   Coulomb (SR)   Coul. recip.
    4.69816e+04    8.45706e+04   -6.20742e+03   -7.96435e+05    4.36111e+03
      Potential    Kinetic En.   Total Energy  Conserved En.    Temperature
   -6.38929e+05    1.19619e+05   -5.19310e+05   -5.14662e+05    2.98874e+02
 Pres. DC (bar) Pressure (bar)   Constr. rmsd
   -2.18786e+02    4.70707e+01    0.00000e+00

           Step           Time
         105000      210.00000

   Energies (kJ/mol)
           Bond          Angle    Proper Dih. Per. Imp. Dih.          LJ-14
    2.99330e+03    7.77037e+03    1.24817e+04    4.27101e+02    3.83557e+03
     Coulomb-14        LJ (SR)  Disper. corr.   Coulomb (SR)   Coul. recip.
    4.71323e+04    8.63053e+04   -6.24436e+03   -8.00209e+05    4.29820e+03
      Potential    Kinetic En.   Total Energy  Conserved En.    Temperature
   -6.41209e+05    1.19997e+05   -5.21212e+05   -5.14436e+05    2.99818e+02
 Pres. DC (bar) Pressure (bar)   Constr. rmsd
   -2.21395e+02    3.30552e+02    0.00000e+00

           Step           Time
         110000      220.00000

   Energies (kJ/mol)
           Bond          Angle    Proper Dih. Per. Imp. Dih.          LJ-14
    3.10863e+03    7.56568e+03    1.24764e+04    4.52378e+02    3.81366e+03
     Coulomb-14        LJ (SR)  Disper. corr.   Coulomb (SR)   Coul. recip.
    4.70574e+04    8.57659e+04   -6.21010e+03   -7.99412e+05    4.34302e+03
      Potential    Kinetic En.   Total Energy  Conserved En.    Temperature
   -6.41039e+05    1.19774e+05   -5.21265e+05   -5.14143e+05    2.99260e+02
 Pres. DC (bar) Pressure (bar)   Constr. rmsd
   -2.18976e+02    4.72414e+01    0.00000e+00

           Step           Time
         115000      230.00000

   Energies (kJ/mol)
           Bond          Angle    Proper Dih. Per. Imp. Dih.          LJ-14
    2.82451e+03    7.97049e+03    1.24863e+04    4.47526e+02    3.71918e+03
     Coulomb-14        LJ (SR)  Disper. corr.   Coulomb (SR)   Coul. recip.
    4.67906e+04    8.69200e+04   -6.23613e+03   -8.00507e+05    4.25135e+03
      Potential    Kinetic En.   Total Energy  Conserved En.    Temperature
   -6.41333e+05    1.19946e+05   -5.21387e+05   -5.13990e+05    2.99689e+02
 Pres. DC (bar) Pressure (bar)   Constr. rmsd
   -2.20812e+02    1.83840e+02    0.00000e+00

           Step           Time
         120000      240.00000

   Energies (kJ/mol)
           Bond          Angle    Proper Dih. Per. Imp. Dih.          LJ-14
    2.85802e+03    7.84567e+03    1.24399e+04    4.28518e+02    3.75456e+03
     Coulomb-14        LJ (SR)  Disper. corr.   Coulomb (SR)   Coul. recip.
    4.69746e+04    8.51837e+04   -6.20571e+03   -7.97479e+05    4.44101e+03
      Potential    Kinetic En.   Total Energy  Conserved En.    Temperature
   -6.39758e+05    1.20278e+05   -5.19481e+05   -5.13651e+05    3.00519e+02
 Pres. DC (bar) Pressure (bar)   Constr. rmsd
   -2.18666e+02    1.55047e+02    0.00000e+00

           Step           Time
         125000      250.00000

   Energies (kJ/mol)
           Bond          Angle    Proper Dih. Per. Imp. Dih.          LJ-14
    3.02559e+03    7.54798e+03    1.24315e+04    4.38143e+02    3.72200e+03
     Coulomb-14        LJ (SR)  Disper. corr.   Coulomb (SR)   Coul. recip.
    4.69834e+04    8.51406e+04   -6.19973e+03   -7.99368e+05    4.31100e+03
      Potential    Kinetic En.   Total Energy  Conserved En.    Temperature
   -6.41968e+05    1.20847e+05   -5.21120e+05   -5.13311e+05    3.01942e+02
 Pres. DC (bar) Pressure (bar)   Constr. rmsd
   -2.18245e+02   -1.39958e+02    0.00000e+00

           Step           Time
         130000      260.00000

   Energies (kJ/mol)
           Bond          Angle    Proper Dih. Per. Imp. Dih.          LJ-14
    2.86480e+03    7.89513e+03    1.25267e+04    4.10784e+02    3.77845e+03
     Coulomb-14        LJ (SR)  Disper. corr.   Coulomb (SR)   Coul. recip.
    4.70699e+04    8.64397e+04   -6.22184e+03   -7.98775e+05    4.35223e+03
      Potential    Kinetic En.   Total Energy  Conserved En.    Temperature
   -6.39659e+05    1.20378e+05   -5.19281e+05   -5.13140e+05    3.00770e+02
 Pres. DC (bar) Pressure (bar)   Constr. rmsd
   -2.19803e+02    1.41038e+02    0.00000e+00

           Step           Time
         135000      270.00000

   Energies (kJ/mol)
           Bond          Angle    Proper Dih. Per. Imp. Dih.          LJ-14
    2.91175e+03    7.63617e+03    1.25534e+04    3.96753e+02    3.81794e+03
     Coulomb-14        LJ (SR)  Disper. corr.   Coulomb (SR)   Coul. recip.
    4.68035e+04    8.62124e+04   -6.20893e+03   -8.00300e+05    4.24090e+03
      Potential    Kinetic En.   Total Energy  Conserved En.    Temperature
   -6.41936e+05    1.19689e+05   -5.22248e+05   -5.12791e+05    2.99047e+02
 Pres. DC (bar) Pressure (bar)   Constr. rmsd
   -2.18893e+02    1.69057e+02    0.00000e+00

           Step           Time
         140000      280.00000

   Energies (kJ/mol)
           Bond          Angle    Proper Dih. Per. Imp. Dih.          LJ-14
    3.01049e+03    7.80883e+03    1.25656e+04    4.42256e+02    3.64534e+03
     Coulomb-14        LJ (SR)  Disper. corr.   Coulomb (SR)   Coul. recip.
    4.68644e+04    8.50353e+04   -6.20250e+03   -7.96810e+05    4.28027e+03
      Potential    Kinetic En.   Total Energy  Conserved En.    Temperature
   -6.39360e+05    1.20538e+05   -5.18822e+05   -5.12624e+05    3.01170e+02
 Pres. DC (bar) Pressure (bar)   Constr. rmsd
   -2.18440e+02   -1.94395e+02    0.00000e+00

           Step           Time
         145000      290.00000

   Energies (kJ/mol)
           Bond          Angle    Proper Dih. Per. Imp. Dih.          LJ-14
    2.82535e+03    7.52677e+03    1.25414e+04    4.41080e+02    3.76120e+03
     Coulomb-14        LJ (SR)  Disper. corr.   Coulomb (SR)   Coul. recip.
    4.72027e+04    8.57001e+04   -6.20916e+03   -7.99919e+05    4.29680e+03
      Potential    Kinetic En.   Total Energy  Conserved En.    Temperature
   -6.41832e+05    1.19222e+05   -5.22610e+05   -5.12405e+05    2.97882e+02
 Pres. DC (bar) Pressure (bar)   Constr. rmsd
   -2.18909e+02    5.55506e+01    0.00000e+00

           Step           Time
         150000      300.00000

   Energies (kJ/mol)
           Bond          Angle    Proper Dih. Per. Imp. Dih.          LJ-14
    3.05071e+03    7.68430e+03    1.24975e+04    4.61292e+02    3.71968e+03
     Coulomb-14        LJ (SR)  Disper. corr.   Coulomb (SR)   Coul. recip.
    4.69772e+04    8.56862e+04   -6.21115e+03   -7.97311e+05    4.30714e+03
      Potential    Kinetic En.   Total Energy  Conserved En.    Temperature
   -6.39138e+05    1.20097e+05   -5.19041e+05   -5.12071e+05    3.00067e+02
 Pres. DC (bar) Pressure (bar)   Constr. rmsd
   -2.19049e+02   -8.63084e+01    0.00000e+00

           Step           Time
         155000      310.00000

   Energies (kJ/mol)
           Bond          Angle    Proper Dih. Per. Imp. Dih.          LJ-14
    2.98679e+03    8.04525e+03    1.24508e+04    4.77301e+02    3.82360e+03
     Coulomb-14        LJ (SR)  Disper. corr.   Coulomb (SR)   Coul. recip.
    4.73228e+04    8.60486e+04   -6.19426e+03   -7.98183e+05    4.32402e+03
      Potential    Kinetic En.   Total Energy  Conserved En.    Temperature
   -6.38898e+05    1.20157e+05   -5.18741e+05   -5.11897e+05    3.00217e+02
 Pres. DC (bar) Pressure (bar)   Constr. rmsd
   -2.17861e+02    5.77730e+01    0.00000e+00

           Step           Time
         160000      320.00000

   Energies (kJ/mol)
           Bond          Angle    Proper Dih. Per. Imp. Dih.          LJ-14
    2.87825e+03    7.71939e+03    1.26718e+04    4.82418e+02    3.66506e+03
     Coulomb-14        LJ (SR)  Disper. corr.   Coulomb (SR)   Coul. recip.
    4.71174e+04    8.41438e+04   -6.17817e+03   -7.96164e+05    4.18768e+03
      Potential    Kinetic En.   Total Energy  Conserved En.    Temperature
   -6.39476e+05    1.19621e+05   -5.19856e+05   -5.11648e+05    2.98877e+02
 Pres. DC (bar) Pressure (bar)   Constr. rmsd
   -2.16732e+02   -2.48905e+02    0.00000e+00

           Step           Time
         165000      330.00000

   Energies (kJ/mol)
           Bond          Angle    Proper Dih. Per. Imp. Dih.          LJ-14
    3.02372e+03    7.57228e+03    1.24483e+04    4.49000e+02    3.72053e+03
     Coulomb-14        LJ (SR)  Disper. corr.   Coulomb (SR)   Coul. recip.
    4.73064e+04    8.48453e+04   -6.18677e+03   -7.97042e+05    4.31771e+03
      Potential    Kinetic En.   Total Energy  Conserved En.    Temperature
   -6.39546e+05    1.19233e+05   -5.20313e+05   -5.11446e+05    2.97908e+02
 Pres. DC (bar) Pressure (bar)   Constr. rmsd
   -2.17335e+02   -2.04116e+02    0.00000e+00

           Step           Time
         170000      340.00000

   Energies (kJ/mol)
           Bond          Angle    Proper Dih. Per. Imp. Dih.          LJ-14
    2.93896e+03    7.59008e+03    1.24776e+04    4.55553e+02    3.73732e+03
     Coulomb-14        LJ (SR)  Disper. corr.   Coulomb (SR)   Coul. recip.
    4.69584e+04    8.52488e+04   -6.17541e+03   -7.97958e+05    4.31562e+03
      Potential    Kinetic En.   Total Energy  Conserved En.    Temperature
   -6.40411e+05    1.19811e+05   -5.20600e+05   -5.11115e+05    2.99353e+02
 Pres. DC (bar) Pressure (bar)   Constr. rmsd
   -2.16539e+02   -2.68475e+02    0.00000e+00

           Step           Time
         175000      350.00000

   Energies (kJ/mol)
           Bond          Angle    Proper Dih. Per. Imp. Dih.          LJ-14
    3.03030e+03    7.80233e+03    1.24255e+04    4.72432e+02    3.82061e+03
     Coulomb-14        LJ (SR)  Disper. corr.   Coulomb (SR)   Coul. recip.
    4.70770e+04    8.49182e+04   -6.19231e+03   -7.98307e+05    4.29990e+03
      Potential    Kinetic En.   Total Energy  Conserved En.    Temperature
   -6.40653e+05    1.19977e+05   -5.20677e+05   -5.10728e+05    2.99767e+02
 Pres. DC (bar) Pressure (bar)   Constr. rmsd
   -2.17724e+02   -4.32877e+01    0.00000e+00

           Step           Time
         180000      360.00000

   Energies (kJ/mol)
           Bond          Angle    Proper Dih. Per. Imp. Dih.          LJ-14
    3.00792e+03    7.57794e+03    1.25743e+04    4.89641e+02    3.80108e+03
     Coulomb-14        LJ (SR)  Disper. corr.   Coulomb (SR)   Coul. recip.
    4.70450e+04    8.60396e+04   -6.21740e+03   -7.98817e+05    4.30976e+03
      Potential    Kinetic En.   Total Energy  Conserved En.    Temperature
   -6.40189e+05    1.19973e+05   -5.20216e+05   -5.10363e+05    2.99758e+02
 Pres. DC (bar) Pressure (bar)   Constr. rmsd
   -2.19490e+02    1.63920e+01    0.00000e+00

           Step           Time
         185000      370.00000

   Energies (kJ/mol)
           Bond          Angle    Proper Dih. Per. Imp. Dih.          LJ-14
    2.89778e+03    7.66133e+03    1.24709e+04    5.22985e+02    3.80437e+03
     Coulomb-14        LJ (SR)  Disper. corr.   Coulomb (SR)   Coul. recip.
    4.71102e+04    8.54231e+04   -6.19323e+03   -7.98474e+05    4.32877e+03
      Potential    Kinetic En.   Total Energy  Conserved En.    Temperature
   -6.40447e+05    1.19919e+05   -5.20528e+05   -5.10182e+05    2.99624e+02
 Pres. DC (bar) Pressure (bar)   Constr. rmsd
   -2.17789e+02   -1.25526e+02    0.00000e+00

           Step           Time
         190000      380.00000

   Energies (kJ/mol)
           Bond          Angle    Proper Dih. Per. Imp. Dih.          LJ-14
    2.80006e+03    7.77068e+03    1.25195e+04    4.81061e+02    3.78472e+03
     Coulomb-14        LJ (SR)  Disper. corr.   Coulomb (SR)   Coul. recip.
    4.68966e+04    8.43414e+04   -6.20219e+03   -7.96252e+05    4.40851e+03
      Potential    Kinetic En.   Total Energy  Conserved En.    Temperature
   -6.39452e+05    1.20579e+05   -5.18873e+05   -5.09989e+05    3.01271e+02
 Pres. DC (bar) Pressure (bar)   Constr. rmsd
   -2.18419e+02    6.80033e-01    0.00000e+00

           Step           Time
         195000      390.00000

   Energies (kJ/mol)
           Bond          Angle    Proper Dih. Per. Imp. Dih.          LJ-14
    3.07619e+03    7.82295e+03    1.24987e+04    4.66861e+02    3.70480e+03
     Coulomb-14        LJ (SR)  Disper. corr.   Coulomb (SR)   Coul. recip.
    4.68471e+04    8.35978e+04   -6.15367e+03   -7.93434e+05    4.45555e+03
      Potential    Kinetic En.   Total Energy  Conserved En.    Temperature
   -6.37117e+05    1.20299e+05   -5.16818e+05   -5.09701e+05    3.00572e+02
 Pres. DC (bar) Pressure (bar)   Constr. rmsd
   -2.15018e+02   -3.01403e+02    0.00000e+00

           Step           Time
         200000      400.00000

   Energies (kJ/mol)
           Bond          Angle    Proper Dih. Per. Imp. Dih.          LJ-14
    2.96174e+03    7.41482e+03    1.25155e+04    4.88214e+02    3.76078e+03
     Coulomb-14        LJ (SR)  Disper. corr.   Coulomb (SR)   Coul. recip.
    4.69739e+04    8.54762e+04   -6.23761e+03   -7.99279e+05    4.31120e+03
      Potential    Kinetic En.   Total Energy  Conserved En.    Temperature
   -6.41614e+05    1.18627e+05   -5.22987e+05   -5.09340e+05    2.96395e+02
 Pres. DC (bar) Pressure (bar)   Constr. rmsd
   -2.20918e+02    4.96409e+01    0.00000e+00

           Step           Time
         205000      410.00000

   Energies (kJ/mol)
           Bond          Angle    Proper Dih. Per. Imp. Dih.          LJ-14
    2.95875e+03    7.78092e+03    1.25605e+04    4.51459e+02    3.71532e+03
     Coulomb-14        LJ (SR)  Disper. corr.   Coulomb (SR)   Coul. recip.
    4.68307e+04    8.45887e+04   -6.19378e+03   -7.97050e+05    4.35160e+03
      Potential    Kinetic En.   Total Energy  Conserved En.    Temperature
   -6.40006e+05    1.20040e+05   -5.19966e+05   -5.08937e+05    2.99924e+02
 Pres. DC (bar) Pressure (bar)   Constr. rmsd
   -2.17828e+02   -1.08506e+02    0.00000e+00

           Step           Time
         210000      420.00000

   Energies (kJ/mol)
           Bond          Angle    Proper Dih. Per. Imp. Dih.          LJ-14
    2.94162e+03    7.55496e+03    1.25413e+04    4.46256e+02    3.76285e+03
     Coulomb-14        LJ (SR)  Disper. corr.   Coulomb (SR)   Coul. recip.
    4.68917e+04    8.64490e+04   -6.20290e+03   -7.99858e+05    4.36705e+03
      Potential    Kinetic En.   Total Energy  Conserved En.    Temperature
   -6.41106e+05    1.19862e+05   -5.21244e+05   -5.08739e+05    2.99480e+02
 Pres. DC (bar) Pressure (bar)   Constr. rmsd
   -2.18468e+02    5.81966e+01    0.00000e+00

           Step           Time
         215000      430.00000

   Energies (kJ/mol)
           Bond          Angle    Proper Dih. Per. Imp. Dih.          LJ-14
    2.92300e+03    7.42871e+03    1.24169e+04    4.54888e+02    3.87523e+03
     Coulomb-14        LJ (SR)  Disper. corr.   Coulomb (SR)   Coul. recip.
    4.71465e+04    8.62257e+04   -6.22915e+03   -7.99896e+05    4.27616e+03
      Potential    Kinetic En.   Total Energy  Conserved En.    Temperature
   -6.41378e+05    1.20011e+05   -5.21367e+05   -5.08539e+05    2.99852e+02
 Pres. DC (bar) Pressure (bar)   Constr. rmsd
   -2.20319e+02    2.39911e+02    0.00000e+00

           Step           Time
         220000      440.00000

   Energies (kJ/mol)
           Bond          Angle    Proper Dih. Per. Imp. Dih.          LJ-14
    2.96776e+03    7.75056e+03    1.26339e+04    4.87293e+02    3.77356e+03
     Coulomb-14        LJ (SR)  Disper. corr.   Coulomb (SR)   Coul. recip.
    4.68444e+04    8.45491e+04   -6.22683e+03   -7.96392e+05    4.30433e+03
      Potential    Kinetic En.   Total Energy  Conserved En.    Temperature
   -6.39308e+05    1.20542e+05   -5.18767e+05   -5.08359e+05    3.01178e+02
 Pres. DC (bar) Pressure (bar)   Constr. rmsd
   -2.20155e+02   -8.32611e+01    0.00000e+00

           Step           Time
         225000      450.00000

   Energies (kJ/mol)
           Bond          Angle    Proper Dih. Per. Imp. Dih.          LJ-14
    2.84792e+03    7.71922e+03    1.24655e+04    4.76461e+02    3.76353e+03
     Coulomb-14        LJ (SR)  Disper. corr.   Coulomb (SR)   Coul. recip.
    4.69644e+04    8.61341e+04   -6.21108e+03   -7.99938e+05    4.25196e+03
      Potential    Kinetic En.   Total Energy  Conserved En.    Temperature
   -6.41526e+05    1.20499e+05   -5.21027e+05   -5.07975e+05    3.01071e+02
 Pres. DC (bar) Pressure (bar)   Constr. rmsd
   -2.19044e+02    7.14098e+01    0.00000e+00

           Step           Time
         230000      460.00000

   Energies (kJ/mol)
           Bond          Angle    Proper Dih. Per. Imp. Dih.          LJ-14
    3.00717e+03    7.63189e+03    1.24073e+04    4.87894e+02    3.80252e+03
     Coulomb-14        LJ (SR)  Disper. corr.   Coulomb (SR)   Coul. recip.
    4.70417e+04    8.65920e+04   -6.22305e+03   -8.00408e+05    4.38182e+03
      Potential    Kinetic En.   Total Energy  Conserved En.    Temperature
   -6.41279e+05    1.20034e+05   -5.21245e+05   -5.07707e+05    2.99909e+02
 Pres. DC (bar) Pressure (bar)   Constr. rmsd
   -2.19888e+02    2.36184e+02    0.00000e+00

           Step           Time
         235000      470.00000

   Energies (kJ/mol)
           Bond          Angle    Proper Dih. Per. Imp. Dih.          LJ-14
    3.07083e+03    7.86448e+03    1.25086e+04    4.96787e+02    3.74470e+03
     Coulomb-14        LJ (SR)  Disper. corr.   Coulomb (SR)   Coul. recip.
    4.69354e+04    8.49687e+04   -6.19779e+03   -7.97105e+05    4.44933e+03
      Potential    Kinetic En.   Total Energy  Conserved En.    Temperature
   -6.39264e+05    1.20674e+05   -5.18590e+05   -5.07571e+05    3.01509e+02
 Pres. DC (bar) Pressure (bar)   Constr. rmsd
   -2.18109e+02   -1.52863e-01    0.00000e+00

           Step           Time
         240000      480.00000

   Energies (kJ/mol)
           Bond          Angle    Proper Dih. Per. Imp. Dih.          LJ-14
    2.90529e+03    7.80239e+03    1.25314e+04    4.71804e+02    3.74254e+03
     Coulomb-14        LJ (SR)  Disper. corr.   Coulomb (SR)   Coul. recip.
    4.67791e+04    8.42334e+04   -6.19744e+03   -7.95819e+05    4.36810e+03
      Potential    Kinetic En.   Total Energy  Conserved En.    Temperature
   -6.39182e+05    1.20823e+05   -5.18359e+05   -5.07455e+05    3.01881e+02
 Pres. DC (bar) Pressure (bar)   Constr. rmsd
   -2.18085e+02   -1.54225e+02    0.00000e+00

           Step           Time
         245000      490.00000

   Energies (kJ/mol)
           Bond          Angle    Proper Dih. Per. Imp. Dih.          LJ-14
    2.95262e+03    7.58182e+03    1.25198e+04    4.51413e+02    3.81948e+03
     Coulomb-14        LJ (SR)  Disper. corr.   Coulomb (SR)   Coul. recip.
    4.69671e+04    8.55563e+04   -6.24382e+03   -7.98963e+05    4.33217e+03
      Potential    Kinetic En.   Total Energy  Conserved En.    Temperature
   -6.41026e+05    1.19201e+05   -5.21825e+05   -5.07212e+05    2.97828e+02
 Pres. DC (bar) Pressure (bar)   Constr. rmsd
   -2.21357e+02    9.90820e+01    0.00000e+00

           Step           Time
         250000      500.00000

   Energies (kJ/mol)
           Bond          Angle    Proper Dih. Per. Imp. Dih.          LJ-14
    3.13468e+03    7.75229e+03    1.24110e+04    4.61693e+02    3.70579e+03
     Coulomb-14        LJ (SR)  Disper. corr.   Coulomb (SR)   Coul. recip.
    4.66711e+04    8.53380e+04   -6.19363e+03   -7.97440e+05    4.36728e+03
      Potential    Kinetic En.   Total Energy  Conserved En.    Temperature
   -6.39792e+05    1.19069e+05   -5.20723e+05   -5.07046e+05    2.97500e+02
 Pres. DC (bar) Pressure (bar)   Constr. rmsd
   -2.17817e+02   -7.82704e+01    0.00000e+00

           Step           Time
         255000      510.00000

   Energies (kJ/mol)
           Bond          Angle    Proper Dih. Per. Imp. Dih.          LJ-14
    2.90425e+03    7.64456e+03    1.25661e+04    4.28177e+02    3.74094e+03
     Coulomb-14        LJ (SR)  Disper. corr.   Coulomb (SR)   Coul. recip.
    4.68076e+04    8.53209e+04   -6.25116e+03   -7.99117e+05    4.22095e+03
      Potential    Kinetic En.   Total Energy  Conserved En.    Temperature
   -6.41735e+05    1.19664e+05   -5.22071e+05   -5.06703e+05    2.98986e+02
 Pres. DC (bar) Pressure (bar)   Constr. rmsd
   -2.21877e+02    4.00923e+01    0.00000e+00

           Step           Time
         260000      520.00000

   Energies (kJ/mol)
           Bond          Angle    Proper Dih. Per. Imp. Dih.          LJ-14
    2.92191e+03    7.75099e+03    1.24566e+04    4.99904e+02    3.76955e+03
     Coulomb-14        LJ (SR)  Disper. corr.   Coulomb (SR)   Coul. recip.
    4.69100e+04    8.73152e+04   -6.27121e+03   -8.02547e+05    4.29471e+03
      Potential    Kinetic En.   Total Energy  Conserved En.    Temperature
   -6.42900e+05    1.20697e+05   -5.22202e+05   -5.06316e+05    3.01567e+02
 Pres. DC (bar) Pressure (bar)   Constr. rmsd
   -2.23301e+02    1.89110e+02    0.00000e+00

           Step           Time
         265000      530.00000

   Energies (kJ/mol)
           Bond          Angle    Proper Dih. Per. Imp. Dih.          LJ-14
    3.17535e+03    7.75834e+03    1.25438e+04    4.93711e+02    3.63560e+03
     Coulomb-14        LJ (SR)  Disper. corr.   Coulomb (SR)   Coul. recip.
    4.69172e+04    8.43648e+04   -6.18981e+03   -7.95438e+05    4.27659e+03
      Potential    Kinetic En.   Total Energy  Conserved En.    Temperature
   -6.38462e+05    1.20013e+05   -5.18449e+05   -5.05944e+05    2.99859e+02
 Pres. DC (bar) Pressure (bar)   Constr. rmsd
   -2.17548e+02   -2.64438e+02    0.00000e+00

           Step           Time
         270000      540.00000

   Energies (kJ/mol)
           Bond          Angle    Proper Dih. Per. Imp. Dih.          LJ-14
    2.87718e+03    7.75922e+03    1.24618e+04    4.77763e+02    3.72300e+03
     Coulomb-14        LJ (SR)  Disper. corr.   Coulomb (SR)   Coul. recip.
    4.69999e+04    8.66428e+04   -6.24637e+03   -8.00724e+05    4.33043e+03
      Potential    Kinetic En.   Total Energy  Conserved En.    Temperature
   -6.41698e+05    1.20328e+05   -5.21371e+05   -5.05587e+05    3.00644e+02
 Pres. DC (bar) Pressure (bar)   Constr. rmsd
   -2.21537e+02    1.79651e+02    0.00000e+00

           Step           Time
         275000      550.00000

   Energies (kJ/mol)
           Bond          Angle    Proper Dih. Per. Imp. Dih.          LJ-14
    2.86470e+03    7.53967e+03    1.25751e+04    4.17861e+02    3.79553e+03
     Coulomb-14        LJ (SR)  Disper. corr.   Coulomb (SR)   Coul. recip.
    4.70221e+04    8.68840e+04   -6.22735e+03   -8.00079e+05    4.25947e+03
      Potential    Kinetic En.   Total Energy  Conserved En.    Temperature
   -6.40948e+05    1.19205e+05   -5.21743e+05   -5.05525e+05    2.97838e+02
 Pres. DC (bar) Pressure (bar)   Constr. rmsd
   -2.20192e+02    2.40411e+02    0.00000e+00

           Step           Time
         280000      560.00000

   Energies (kJ/mol)
           Bond          Angle    Proper Dih. Per. Imp. Dih.          LJ-14
    2.82138e+03    7.50672e+03    1.25380e+04    4.65538e+02    3.82051e+03
     Coulomb-14        LJ (SR)  Disper. corr.   Coulomb (SR)   Coul. recip.
    4.71794e+04    8.65159e+04   -6.23116e+03   -7.99592e+05    4.25806e+03
      Potential    Kinetic En.   Total Energy  Conserved En.    Temperature
   -6.40718e+05    1.20255e+05   -5.20463e+05   -5.05188e+05    3.00463e+02
 Pres. DC (bar) Pressure (bar)   Constr. rmsd
   -2.20462e+02    3.09141e+02    0.00000e+00

           Step           Time
         285000      570.00000

   Energies (kJ/mol)
           Bond          Angle    Proper Dih. Per. Imp. Dih.          LJ-14
    2.89268e+03    7.55419e+03    1.23682e+04    4.50776e+02    3.72809e+03
     Coulomb-14        LJ (SR)  Disper. corr.   Coulomb (SR)   Coul. recip.
    4.66977e+04    8.65893e+04   -6.22900e+03   -8.01209e+05    4.33357e+03
      Potential    Kinetic En.   Total Energy  Conserved En.    Temperature
   -6.42824e+05    1.18188e+05   -5.24636e+05   -5.05002e+05    2.95297e+02
 Pres. DC (bar) Pressure (bar)   Constr. rmsd
   -2.20309e+02    1.09553e+02    0.00000e+00

           Step           Time
         290000      580.00000

   Energies (kJ/mol)
           Bond          Angle    Proper Dih. Per. Imp. Dih.          LJ-14
    3.15362e+03    7.76788e+03    1.24807e+04    3.95425e+02    3.69211e+03
     Coulomb-14        LJ (SR)  Disper. corr.   Coulomb (SR)   Coul. recip.
    4.66889e+04    8.49939e+04   -6.20383e+03   -7.96417e+05    4.39112e+03
      Potential    Kinetic En.   Total Energy  Conserved En.    Temperature
   -6.39057e+05    1.20989e+05   -5.18068e+05   -5.04676e+05    3.02295e+02
 Pres. DC (bar) Pressure (bar)   Constr. rmsd
   -2.18534e+02    8.33975e+01    0.00000e+00

           Step           Time
         295000      590.00000

   Energies (kJ/mol)
           Bond          Angle    Proper Dih. Per. Imp. Dih.          LJ-14
    2.84521e+03    7.69445e+03    1.25507e+04    4.38842e+02    3.73708e+03
     Coulomb-14        LJ (SR)  Disper. corr.   Coulomb (SR)   Coul. recip.
    4.66970e+04    8.31487e+04   -6.20253e+03   -7.94627e+05    4.34516e+03
      Potential    Kinetic En.   Total Energy  Conserved En.    Temperature
   -6.39372e+05    1.19256e+05   -5.20116e+05   -5.04485e+05    2.97966e+02
 Pres. DC (bar) Pressure (bar)   Constr. rmsd
   -2.18442e+02   -1.72657e+02    0.00000e+00

           Step           Time
         300000      600.00000

   Energies (kJ/mol)
           Bond          Angle    Proper Dih. Per. Imp. Dih.          LJ-14
    3.06527e+03    7.62087e+03    1.25027e+04    4.58943e+02    3.72240e+03
     Coulomb-14        LJ (SR)  Disper. corr.   Coulomb (SR)   Coul. recip.
    4.68491e+04    8.62686e+04   -6.25536e+03   -7.99258e+05    4.36389e+03
      Potential    Kinetic En.   Total Energy  Conserved En.    Temperature
   -6.40662e+05    1.19785e+05   -5.20876e+05   -5.04269e+05    2.99289e+02
 Pres. DC (bar) Pressure (bar)   Constr. rmsd
   -2.22175e+02    2.13186e+02    0.00000e+00

           Step           Time
         305000      610.00000

   Energies (kJ/mol)
           Bond          Angle    Proper Dih. Per. Imp. Dih.          LJ-14
    2.86241e+03    7.82870e+03    1.25271e+04    4.63515e+02    3.72927e+03
     Coulomb-14        LJ (SR)  Disper. corr.   Coulomb (SR)   Coul. recip.
    4.67886e+04    8.58842e+04   -6.20241e+03   -7.98016e+05    4.46471e+03
      Potential    Kinetic En.   Total Energy  Conserved En.    Temperature
   -6.39670e+05    1.20347e+05   -5.19323e+05   -5.04043e+05    3.00691e+02
 Pres. DC (bar) Pressure (bar)   Constr. rmsd
   -2.18434e+02    1.18350e+02    0.00000e+00

           Step           Time
         310000      620.00000

   Energies (kJ/mol)
           Bond          Angle    Proper Dih. Per. Imp. Dih.          LJ-14
    3.03437e+03    7.62246e+03    1.25963e+04    4.25050e+02    3.66812e+03
     Coulomb-14        LJ (SR)  Disper. corr.   Coulomb (SR)   Coul. recip.
    4.67447e+04    8.55088e+04   -6.17615e+03   -7.98230e+05    4.20624e+03
      Potential    Kinetic En.   Total Energy  Conserved En.    Temperature
   -6.40600e+05    1.20780e+05   -5.19820e+05   -5.03699e+05    3.01774e+02
 Pres. DC (bar) Pressure (bar)   Constr. rmsd
   -2.16591e+02   -1.32393e+02    0.00000e+00

           Step           Time
         315000      630.00000

   Energies (kJ/mol)
           Bond          Angle    Proper Dih. Per. Imp. Dih.          LJ-14
    2.90237e+03    7.72947e+03    1.25847e+04    4.45027e+02    3.74751e+03
     Coulomb-14        LJ (SR)  Disper. corr.   Coulomb (SR)   Coul. recip.
    4.68587e+04    8.60335e+04   -6.19026e+03   -7.98411e+05    4.37903e+03
      Potential    Kinetic En.   Total Energy  Conserved En.    Temperature
   -6.39921e+05    1.20166e+05   -5.19756e+05   -5.03443e+05    3.00239e+02
 Pres. DC (bar) Pressure (bar)   Constr. rmsd
   -2.17580e+02   -7.00275e+01    0.00000e+00

           Step           Time
         320000      640.00000

   Energies (kJ/mol)
           Bond          Angle    Proper Dih. Per. Imp. Dih.          LJ-14
    2.95730e+03    7.78983e+03    1.24975e+04    4.89777e+02    3.71608e+03
     Coulomb-14        LJ (SR)  Disper. corr.   Coulomb (SR)   Coul. recip.
    4.69999e+04    8.50856e+04   -6.22028e+03   -7.98246e+05    4.19648e+03
      Potential    Kinetic En.   Total Energy  Conserved En.    Temperature
   -6.40734e+05    1.20829e+05   -5.19905e+05   -5.03042e+05    3.01896e+02
 Pres. DC (bar) Pressure (bar)   Constr. rmsd
   -2.19693e+02   -1.40421e+02    0.00000e+00

           Step           Time
         325000      650.00000

   Energies (kJ/mol)
           Bond          Angle    Proper Dih. Per. Imp. Dih.          LJ-14
    2.96049e+03    7.85417e+03    1.27527e+04    4.20324e+02    3.69376e+03
     Coulomb-14        LJ (SR)  Disper. corr.   Coulomb (SR)   Coul. recip.
    4.68755e+04    8.54774e+04   -6.24579e+03   -7.98284e+05    4.29254e+03
      Potential    Kinetic En.   Total Energy  Conserved En.    Temperature
   -6.40202e+05    1.20222e+05   -5.19980e+05   -5.02652e+05    3.00380e+02
 Pres. DC (bar) Pressure (bar)   Constr. rmsd
   -2.21496e+02    2.12152e+01    0.00000e+00

           Step           Time
         330000      660.00000

   Energies (kJ/mol)
           Bond          Angle    Proper Dih. Per. Imp. Dih.          LJ-14
    2.86378e+03    7.97457e+03    1.24915e+04    4.36912e+02    3.81239e+03
     Coulomb-14        LJ (SR)  Disper. corr.   Coulomb (SR)   Coul. recip.
    4.69618e+04    8.61268e+04   -6.22236e+03   -7.98527e+05    4.21855e+03
      Potential    Kinetic En.   Total Energy  Conserved En.    Temperature
   -6.39863e+05    1.20791e+05   -5.19072e+05   -5.02400e+05    3.01800e+02
 Pres. DC (bar) Pressure (bar)   Constr. rmsd
   -2.19840e+02    1.71939e+02    0.00000e+00

           Step           Time
         335000      670.00000

   Energies (kJ/mol)
           Bond          Angle    Proper Dih. Per. Imp. Dih.          LJ-14
    3.07005e+03    7.80577e+03    1.25459e+04    4.48712e+02    3.72066e+03
     Coulomb-14        LJ (SR)  Disper. corr.   Coulomb (SR)   Coul. recip.
    4.69694e+04    8.55392e+04   -6.23459e+03   -7.98101e+05    4.28545e+03
      Potential    Kinetic En.   Total Energy  Conserved En.    Temperature
   -6.39950e+05    1.20165e+05   -5.19785e+05   -5.02087e+05    3.00237e+02
 Pres. DC (bar) Pressure (bar)   Constr. rmsd
   -2.20704e+02    6.36054e+01    0.00000e+00

           Step           Time
         340000      680.00000

   Energies (kJ/mol)
           Bond          Angle    Proper Dih. Per. Imp. Dih.          LJ-14
    2.92934e+03    7.87717e+03    1.25098e+04    4.79297e+02    3.72876e+03
     Coulomb-14        LJ (SR)  Disper. corr.   Coulomb (SR)   Coul. recip.
    4.70671e+04    8.72023e+04   -6.18161e+03   -7.99906e+05    4.37962e+03
      Potential    Kinetic En.   Total Energy  Conserved En.    Temperature
   -6.39914e+05    1.19184e+05   -5.20730e+05   -5.01806e+05    2.97787e+02
 Pres. DC (bar) Pressure (bar)   Constr. rmsd
   -2.16973e+02    1.89536e+01    0.00000e+00

           Step           Time
         345000      690.00000

   Energies (kJ/mol)
           Bond          Angle    Proper Dih. Per. Imp. Dih.          LJ-14
    3.02758e+03    7.49401e+03    1.24964e+04    4.68591e+02    3.75522e+03
     Coulomb-14        LJ (SR)  Disper. corr.   Coulomb (SR)   Coul. recip.
    4.70221e+04    8.58651e+04   -6.22159e+03   -7.99686e+05    4.24279e+03
      Potential    Kinetic En.   Total Energy  Conserved En.    Temperature
   -6.41536e+05    1.20883e+05   -5.20653e+05   -5.01697e+05    3.02032e+02
 Pres. DC (bar) Pressure (bar)   Constr. rmsd
   -2.19786e+02    6.28591e+01    0.00000e+00

           Step           Time
         350000      700.00000

   Energies (kJ/mol)
           Bond          Angle    Proper Dih. Per. Imp. Dih.          LJ-14
    3.05160e+03    7.79230e+03    1.23854e+04    4.71599e+02    3.71143e+03
     Coulomb-14        LJ (SR)  Disper. corr.   Coulomb (SR)   Coul. recip.
    4.70999e+04    8.53451e+04   -6.21391e+03   -7.99624e+05    4.27469e+03
      Potential    Kinetic En.   Total Energy  Conserved En.    Temperature
   -6.41706e+05    1.19917e+05   -5.21789e+05   -5.01384e+05    2.99619e+02
 Pres. DC (bar) Pressure (bar)   Constr. rmsd
   -2.19244e+02   -1.17877e+02    0.00000e+00

           Step           Time
         355000      710.00000

   Energies (kJ/mol)
           Bond          Angle    Proper Dih. Per. Imp. Dih.          LJ-14
    3.09538e+03    7.61050e+03    1.25741e+04    4.49481e+02    3.69582e+03
     Coulomb-14        LJ (SR)  Disper. corr.   Coulomb (SR)   Coul. recip.
    4.69949e+04    8.45100e+04   -6.22667e+03   -7.97877e+05    4.18446e+03
      Potential    Kinetic En.   Total Energy  Conserved En.    Temperature
   -6.40989e+05    1.19800e+05   -5.21189e+05   -5.01149e+05    2.99326e+02
 Pres. DC (bar) Pressure (bar)   Constr. rmsd
   -2.20144e+02   -1.50875e+02    0.00000e+00

           Step           Time
         360000      720.00000

   Energies (kJ/mol)
           Bond          Angle    Proper Dih. Per. Imp. Dih.          LJ-14
    3.08251e+03    7.85256e+03    1.25164e+04    4.78414e+02    3.64605e+03
     Coulomb-14        LJ (SR)  Disper. corr.   Coulomb (SR)   Coul. recip.
    4.67636e+04    8.61363e+04   -6.22004e+03   -7.99167e+05    4.33011e+03
      Potential    Kinetic En.   Total Energy  Conserved En.    Temperature
   -6.40581e+05    1.19852e+05   -5.20729e+05   -5.00904e+05    2.99456e+02
 Pres. DC (bar) Pressure (bar)   Constr. rmsd
   -2.19676e+02   -4.52766e+01    0.00000e+00

           Step           Time
         365000      730.00000

   Energies (kJ/mol)
           Bond          Angle    Proper Dih. Per. Imp. Dih.          LJ-14
    2.91627e+03    7.86211e+03    1.24212e+04    4.82279e+02    3.75993e+03
     Coulomb-14        LJ (SR)  Disper. corr.   Coulomb (SR)   Coul. recip.
    4.69177e+04    8.57070e+04   -6.22938e+03   -8.00538e+05    4.32503e+03
      Potential    Kinetic En.   Total Energy  Conserved En.    Temperature
   -6.42376e+05    1.19903e+05   -5.22473e+05   -5.00774e+05    2.99583e+02
 Pres. DC (bar) Pressure (bar)   Constr. rmsd
   -2.20335e+02    1.18537e+01    0.00000e+00

           Step           Time
         370000      740.00000

   Energies (kJ/mol)
           Bond          Angle    Proper Dih. Per. Imp. Dih.          LJ-14
    2.89091e+03    7.92867e+03    1.26211e+04    4.44636e+02    3.71872e+03
     Coulomb-14        LJ (SR)  Disper. corr.   Coulomb (SR)   Coul. recip.
    4.71858e+04    8.58977e+04   -6.21970e+03   -7.97965e+05    4.37571e+03
      Potential    Kinetic En.   Total Energy  Conserved En.    Temperature
   -6.39121e+05    1.19966e+05   -5.19155e+05   -5.00494e+05    2.99741e+02
 Pres. DC (bar) Pressure (bar)   Constr. rmsd
   -2.19652e+02    8.50347e+01    0.00000e+00

           Step           Time
         375000      750.00000

   Energies (kJ/mol)
           Bond          Angle    Proper Dih. Per. Imp. Dih.          LJ-14
    2.98540e+03    7.76767e+03    1.25097e+04    4.44012e+02    3.81417e+03
     Coulomb-14        LJ (SR)  Disper. corr.   Coulomb (SR)   Coul. recip.
    4.70706e+04    8.53895e+04   -6.21425e+03   -7.99057e+05    4.30413e+03
      Potential    Kinetic En.   Total Energy  Conserved En.    Temperature
   -6.40986e+05    1.20917e+05   -5.20069e+05   -5.00061e+05    3.02116e+02
 Pres. DC (bar) Pressure (bar)   Constr. rmsd
   -2.19268e+02   -1.69714e+01    0.00000e+00

           Step           Time
         380000      760.00000

   Energies (kJ/mol)
           Bond          Angle    Proper Dih. Per. Imp. Dih.          LJ-14
    3.05624e+03    7.78418e+03    1.25548e+04    4.70544e+02    3.70043e+03
     Coulomb-14        LJ (SR)  Disper. corr.   Coulomb (SR)   Coul. recip.
    4.70633e+04    8.56610e+04   -6.22144e+03   -7.98266e+05    4.34619e+03
      Potential    Kinetic En.   Total Energy  Conserved En.    Temperature
   -6.39850e+05    1.20815e+05   -5.19035e+05   -4.99783e+05    3.01861e+02
 Pres. DC (bar) Pressure (bar)   Constr. rmsd
   -2.19775e+02    5.79746e+01    0.00000e+00

           Step           Time
         385000      770.00000

   Energies (kJ/mol)
           Bond          Angle    Proper Dih. Per. Imp. Dih.          LJ-14
    2.89248e+03    7.77169e+03    1.25247e+04    4.75889e+02    3.81369e+03
     Coulomb-14        LJ (SR)  Disper. corr.   Coulomb (SR)   Coul. recip.
    4.69876e+04    8.53628e+04   -6.21235e+03   -7.98200e+05    4.17184e+03
      Potential    Kinetic En.   Total Energy  Conserved En.    Temperature
   -6.40412e+05    1.20039e+05   -5.20373e+05   -4.99655e+05    2.99923e+02
 Pres. DC (bar) Pressure (bar)   Constr. rmsd
   -2.19134e+02    4.19314e+01    0.00000e+00

           Step           Time
         390000      780.00000

   Energies (kJ/mol)
           Bond          Angle    Proper Dih. Per. Imp. Dih.          LJ-14
    2.84214e+03    7.83368e+03    1.25162e+04    4.51985e+02    3.77387e+03
     Coulomb-14        LJ (SR)  Disper. corr.   Coulomb (SR)   Coul. recip.
    4.68945e+04    8.46625e+04   -6.23598e+03   -7.98743e+05    4.26092e+03
      Potential    Kinetic En.   Total Energy  Conserved En.    Temperature
   -6.41743e+05    1.20860e+05   -5.20882e+05   -4.99279e+05    3.01975e+02
 Pres. DC (bar) Pressure (bar)   Constr. rmsd
   -2.20802e+02   -3.40690e+01    0.00000e+00

           Step           Time
         395000      790.00000

   Energies (kJ/mol)
           Bond          Angle    Proper Dih. Per. Imp. Dih.          LJ-14
    2.87897e+03    7.51009e+03    1.26044e+04    4.49718e+02    3.71649e+03
     Coulomb-14        LJ (SR)  Disper. corr.   Coulomb (SR)   Coul. recip.
    4.69588e+04    8.57485e+04   -6.21374e+03   -7.98841e+05    4.37734e+03
      Potential    Kinetic En.   Total Energy  Conserved En.    Temperature
   -6.40811e+05    1.19272e+05   -5.21539e+05   -4.98979e+05    2.98007e+02
 Pres. DC (bar) Pressure (bar)   Constr. rmsd
   -2.19232e+02    1.09435e+02    0.00000e+00

           Step           Time
         400000      800.00000

   Energies (kJ/mol)
           Bond          Angle    Proper Dih. Per. Imp. Dih.          LJ-14
    3.08145e+03    8.03308e+03    1.25290e+04    4.44396e+02    3.81482e+03
     Coulomb-14        LJ (SR)  Disper. corr.   Coulomb (SR)   Coul. recip.
    4.69319e+04    8.50449e+04   -6.19148e+03   -7.96579e+05    4.34675e+03
      Potential    Kinetic En.   Total Energy  Conserved En.    Temperature
   -6.38544e+05    1.20589e+05   -5.17955e+05   -4.98769e+05    3.01297e+02
 Pres. DC (bar) Pressure (bar)   Constr. rmsd
   -2.17665e+02    1.46337e+01    0.00000e+00

           Step           Time
         405000      810.00000

   Energies (kJ/mol)
           Bond          Angle    Proper Dih. Per. Imp. Dih.          LJ-14
    3.06589e+03    8.05026e+03    1.24740e+04    4.72296e+02    3.72798e+03
     Coulomb-14        LJ (SR)  Disper. corr.   Coulomb (SR)   Coul. recip.
    4.67535e+04    8.44728e+04   -6.22213e+03   -7.96368e+05    4.46353e+03
      Potential    Kinetic En.   Total Energy  Conserved En.    Temperature
   -6.39110e+05    1.19938e+05   -5.19172e+05   -4.98532e+05    2.99669e+02
 Pres. DC (bar) Pressure (bar)   Constr. rmsd
   -2.19823e+02   -1.27234e+02    0.00000e+00

           Step           Time
         410000      820.00000

   Energies (kJ/mol)
           Bond          Angle    Proper Dih. Per. Imp. Dih.          LJ-14
    3.16854e+03    7.88944e+03    1.26851e+04    4.96700e+02    3.81003e+03
     Coulomb-14        LJ (SR)  Disper. corr.   Coulomb (SR)   Coul. recip.
    4.70730e+04    8.50199e+04   -6.21217e+03   -7.96282e+05    4.25042e+03
      Potential    Kinetic En.   Total Energy  Conserved En.    Temperature
   -6.38101e+05    1.20788e+05   -5.17313e+05   -4.98343e+05    3.01793e+02
 Pres. DC (bar) Pressure (bar)   Constr. rmsd
   -2.19121e+02    1.35590e+01    0.00000e+00

           Step           Time
         415000      830.00000

   Energies (kJ/mol)
           Bond          Angle    Proper Dih. Per. Imp. Dih.          LJ-14
    2.92069e+03    7.65459e+03    1.25944e+04    4.41377e+02    3.73848e+03
     Coulomb-14        LJ (SR)  Disper. corr.   Coulomb (SR)   Coul. recip.
    4.67772e+04    8.62857e+04   -6.25226e+03   -7.98963e+05    4.40156e+03
      Potential    Kinetic En.   Total Energy  Conserved En.    Temperature
   -6.40401e+05    1.19723e+05   -5.20677e+05   -4.97778e+05    2.99134e+02
 Pres. DC (bar) Pressure (bar)   Constr. rmsd
   -2.21955e+02    2.65710e+02    0.00000e+00

           Step           Time
         420000      840.00000

   Energies (kJ/mol)
           Bond          Angle    Proper Dih. Per. Imp. Dih.          LJ-14
    2.96085e+03    7.67508e+03    1.24269e+04    4.37847e+02    3.66017e+03
     Coulomb-14        LJ (SR)  Disper. corr.   Coulomb (SR)   Coul. recip.
    4.68541e+04    8.49694e+04   -6.22631e+03   -7.97615e+05    4.41455e+03
      Potential    Kinetic En.   Total Energy  Conserved En.    Temperature
   -6.40442e+05    1.19242e+05   -5.21200e+05   -4.97625e+05    2.97930e+02
 Pres. DC (bar) Pressure (bar)   Constr. rmsd
   -2.20118e+02   -8.72367e+01    0.00000e+00

           Step           Time
         425000      850.00000

   Energies (kJ/mol)
           Bond          Angle    Proper Dih. Per. Imp. Dih.          LJ-14
    2.89001e+03    7.87171e+03    1.24934e+04    4.10196e+02    3.85517e+03
     Coulomb-14        LJ (SR)  Disper. corr.   Coulomb (SR)   Coul. recip.
    4.70707e+04    8.49576e+04   -6.24351e+03   -7.97608e+05    4.25913e+03
      Potential    Kinetic En.   Total Energy  Conserved En.    Temperature
   -6.40043e+05    1.21852e+05   -5.18192e+05   -4.97282e+05    3.04451e+02
 Pres. DC (bar) Pressure (bar)   Constr. rmsd
   -2.21335e+02    1.64108e+02    0.00000e+00

           Step           Time
         430000      860.00000

   Energies (kJ/mol)
           Bond          Angle    Proper Dih. Per. Imp. Dih.          LJ-14
    3.12841e+03    7.68420e+03    1.24792e+04    4.44142e+02    3.76931e+03
     Coulomb-14        LJ (SR)  Disper. corr.   Coulomb (SR)   Coul. recip.
    4.68381e+04    8.53640e+04   -6.21644e+03   -7.98067e+05    4.42750e+03
      Potential    Kinetic En.   Total Energy  Conserved En.    Temperature
   -6.40148e+05    1.20784e+05   -5.19364e+05   -4.97126e+05    3.01785e+02
 Pres. DC (bar) Pressure (bar)   Constr. rmsd
   -2.19422e+02   -8.85790e+01    0.00000e+00

           Step           Time
         435000      870.00000

   Energies (kJ/mol)
           Bond          Angle    Proper Dih. Per. Imp. Dih.          LJ-14
    2.96208e+03    7.69174e+03    1.24314e+04    4.73895e+02    3.71567e+03
     Coulomb-14        LJ (SR)  Disper. corr.   Coulomb (SR)   Coul. recip.
    4.70092e+04    8.62758e+04   -6.22934e+03   -7.99643e+05    4.32118e+03
      Potential    Kinetic En.   Total Energy  Conserved En.    Temperature
   -6.40991e+05    1.20054e+05   -5.20937e+05   -4.96853e+05    2.99960e+02
 Pres. DC (bar) Pressure (bar)   Constr. rmsd
   -2.20332e+02    1.70624e+02    0.00000e+00

           Step           Time
         440000      880.00000

   Energies (kJ/mol)
           Bond          Angle    Proper Dih. Per. Imp. Dih.          LJ-14
    3.15847e+03    7.67082e+03    1.25880e+04    5.34278e+02    3.66506e+03
     Coulomb-14        LJ (SR)  Disper. corr.   Coulomb (SR)   Coul. recip.
    4.68071e+04    8.60392e+04   -6.23225e+03   -7.97934e+05    4.27738e+03
      Potential    Kinetic En.   Total Energy  Conserved En.    Temperature
   -6.39426e+05    1.20892e+05   -5.18534e+05   -4.96743e+05    3.02054e+02
 Pres. DC (bar) Pressure (bar)   Constr. rmsd
   -2.20538e+02    8.11341e+00    0.00000e+00

           Step           Time
         445000      890.00000

   Energies (kJ/mol)
           Bond          Angle    Proper Dih. Per. Imp. Dih.          LJ-14
    3.02504e+03    7.82637e+03    1.26004e+04    4.50391e+02    3.74911e+03
     Coulomb-14        LJ (SR)  Disper. corr.   Coulomb (SR)   Coul. recip.
    4.68101e+04    8.53712e+04   -6.22338e+03   -7.97224e+05    4.38102e+03
      Potential    Kinetic En.   Total Energy  Conserved En.    Temperature
   -6.39233e+05    1.19276e+05   -5.19957e+05   -4.96341e+05    2.98017e+02
 Pres. DC (bar) Pressure (bar)   Constr. rmsd
   -2.19911e+02    5.79960e+01    0.00000e+00

           Step           Time
         450000      900.00000

   Energies (kJ/mol)
           Bond          Angle    Proper Dih. Per. Imp. Dih.          LJ-14
    3.08341e+03    7.72500e+03    1.24991e+04    4.37660e+02    3.79979e+03
     Coulomb-14        LJ (SR)  Disper. corr.   Coulomb (SR)   Coul. recip.
    4.67039e+04    8.65399e+04   -6.23736e+03   -7.99388e+05    4.39525e+03
      Potential    Kinetic En.   Total Energy  Conserved En.    Temperature
   -6.40441e+05    1.20493e+05   -5.19948e+05   -4.96103e+05    3.01057e+02
 Pres. DC (bar) Pressure (bar)   Constr. rmsd
   -2.20899e+02    1.97090e+02    0.00000e+00

           Step           Time
         455000      910.00000

   Energies (kJ/mol)
           Bond          Angle    Proper Dih. Per. Imp. Dih.          LJ-14
    2.97392e+03    7.91983e+03    1.24424e+04    4.14097e+02    3.74629e+03
     Coulomb-14        LJ (SR)  Disper. corr.   Coulomb (SR)   Coul. recip.
    4.68802e+04    8.71637e+04   -6.23942e+03   -8.01403e+05    4.22498e+03
      Potential    Kinetic En.   Total Energy  Conserved En.    Temperature
   -6.41877e+05    1.20537e+05   -5.21340e+05   -4.95870e+05    3.01167e+02
 Pres. DC (bar) Pressure (bar)   Constr. rmsd
   -2.21045e+02    1.57295e+02    0.00000e+00

           Step           Time
         460000      920.00000

   Energies (kJ/mol)
           Bond          Angle    Proper Dih. Per. Imp. Dih.          LJ-14
    2.95748e+03    7.67457e+03    1.26724e+04    4.99883e+02    3.79486e+03
     Coulomb-14        LJ (SR)  Disper. corr.   Coulomb (SR)   Coul. recip.
    4.67117e+04    8.61687e+04   -6.22437e+03   -7.99458e+05    4.21718e+03
      Potential    Kinetic En.   Total Energy  Conserved En.    Temperature
   -6.40986e+05    1.19484e+05   -5.21502e+05   -4.95510e+05    2.98535e+02
 Pres. DC (bar) Pressure (bar)   Constr. rmsd
   -2.19981e+02    4.88036e+01    0.00000e+00

           Step           Time
         465000      930.00000

   Energies (kJ/mol)
           Bond          Angle    Proper Dih. Per. Imp. Dih.          LJ-14
    2.98075e+03    7.64365e+03    1.25057e+04    4.75209e+02    3.78013e+03
     Coulomb-14        LJ (SR)  Disper. corr.   Coulomb (SR)   Coul. recip.
    4.67715e+04    8.46301e+04   -6.17161e+03   -7.96603e+05    4.37337e+03
      Potential    Kinetic En.   Total Energy  Conserved En.    Temperature
   -6.39614e+05    1.20277e+05   -5.19336e+05   -4.95077e+05    3.00518e+02
 Pres. DC (bar) Pressure (bar)   Constr. rmsd
   -2.16273e+02   -2.04594e+02    0.00000e+00

           Step           Time
         470000      940.00000

   Energies (kJ/mol)
           Bond          Angle    Proper Dih. Per. Imp. Dih.          LJ-14
    2.91819e+03    7.93041e+03    1.24295e+04    4.34866e+02    3.77653e+03
     Coulomb-14        LJ (SR)  Disper. corr.   Coulomb (SR)   Coul. recip.
    4.70938e+04    8.46598e+04   -6.22992e+03   -7.97790e+05    4.37220e+03
      Potential    Kinetic En.   Total Energy  Conserved En.    Temperature
   -6.40404e+05    1.20580e+05   -5.19824e+05   -4.94790e+05    3.01274e+02
 Pres. DC (bar) Pressure (bar)   Constr. rmsd
   -2.20373e+02   -1.14293e+01    0.00000e+00

           Step           Time
         475000      950.00000

   Energies (kJ/mol)
           Bond          Angle    Proper Dih. Per. Imp. Dih.          LJ-14
    3.00786e+03    7.69871e+03    1.24875e+04    4.79557e+02    3.77996e+03
     Coulomb-14        LJ (SR)  Disper. corr.   Coulomb (SR)   Coul. recip.
    4.65492e+04    8.46833e+04   -6.24181e+03   -7.97760e+05    4.25506e+03
      Potential    Kinetic En.   Total Energy  Conserved En.    Temperature
   -6.41061e+05    1.21487e+05   -5.19575e+05   -4.94691e+05    3.03540e+02
 Pres. DC (bar) Pressure (bar)   Constr. rmsd
   -2.21215e+02    9.91498e+01    0.00000e+00

           Step           Time
         480000      960.00000

   Energies (kJ/mol)
           Bond          Angle    Proper Dih. Per. Imp. Dih.          LJ-14
    3.03573e+03    7.74287e+03    1.25145e+04    4.40696e+02    3.69177e+03
     Coulomb-14        LJ (SR)  Disper. corr.   Coulomb (SR)   Coul. recip.
    4.67452e+04    8.48062e+04   -6.20694e+03   -7.97748e+05    4.26499e+03
      Potential    Kinetic En.   Total Energy  Conserved En.    Temperature
   -6.40714e+05    1.20838e+05   -5.19876e+05   -4.94394e+05    3.01918e+02
 Pres. DC (bar) Pressure (bar)   Constr. rmsd
   -2.18753e+02   -5.62004e+01    0.00000e+00

           Step           Time
         485000      970.00000

   Energies (kJ/mol)
           Bond          Angle    Proper Dih. Per. Imp. Dih.          LJ-14
    2.89740e+03    7.63313e+03    1.23906e+04    4.30219e+02    3.80589e+03
     Coulomb-14        LJ (SR)  Disper. corr.   Coulomb (SR)   Coul. recip.
    4.68813e+04    8.54556e+04   -6.21781e+03   -7.98671e+05    4.28805e+03
      Potential    Kinetic En.   Total Energy  Conserved En.    Temperature
   -6.41107e+05    1.19694e+05   -5.21413e+05   -4.94137e+05    2.99059e+02
 Pres. DC (bar) Pressure (bar)   Constr. rmsd
   -2.19518e+02    3.97651e+01    0.00000e+00

           Step           Time
         490000      980.00000

   Energies (kJ/mol)
           Bond          Angle    Proper Dih. Per. Imp. Dih.          LJ-14
    2.88578e+03    7.70814e+03    1.24917e+04    5.04297e+02    3.77902e+03
     Coulomb-14        LJ (SR)  Disper. corr.   Coulomb (SR)   Coul. recip.
    4.68485e+04    8.53401e+04   -6.23281e+03   -7.98946e+05    4.27296e+03
      Potential    Kinetic En.   Total Energy  Conserved En.    Temperature
   -6.41349e+05    1.20106e+05   -5.21243e+05   -4.93994e+05    3.00090e+02
 Pres. DC (bar) Pressure (bar)   Constr. rmsd
   -2.20578e+02    1.45219e+02    0.00000e+00

           Step           Time
         495000      990.00000

   Energies (kJ/mol)
           Bond          Angle    Proper Dih. Per. Imp. Dih.          LJ-14
    3.11413e+03    8.11508e+03    1.24162e+04    5.05950e+02    3.74853e+03
     Coulomb-14        LJ (SR)  Disper. corr.   Coulomb (SR)   Coul. recip.
    4.68013e+04    8.38083e+04   -6.19406e+03   -7.95909e+05    4.17292e+03
      Potential    Kinetic En.   Total Energy  Conserved En.    Temperature
   -6.39421e+05    1.19650e+05   -5.19770e+05   -4.93712e+05    2.98951e+02
 Pres. DC (bar) Pressure (bar)   Constr. rmsd
   -2.17847e+02   -2.36302e+02    0.00000e+00

           Step           Time
         500000     1000.00000

Writing checkpoint, step 500000 at Thu Aug 10 13:34:53 2023


   Energies (kJ/mol)
           Bond          Angle    Proper Dih. Per. Imp. Dih.          LJ-14
    2.96030e+03    7.68509e+03    1.26191e+04    4.37973e+02    3.72361e+03
     Coulomb-14        LJ (SR)  Disper. corr.   Coulomb (SR)   Coul. recip.
    4.68002e+04    8.55674e+04   -6.19003e+03   -7.97396e+05    4.41737e+03
      Potential    Kinetic En.   Total Energy  Conserved En.    Temperature
   -6.39375e+05    1.20113e+05   -5.19262e+05   -4.93447e+05    3.00108e+02
 Pres. DC (bar) Pressure (bar)   Constr. rmsd
   -2.17564e+02    1.43734e+01    0.00000e+00


Energy conservation over simulation part #1 of length 1000 ps, time 0 to 1000 ps
  Conserved energy drift: 5.69e-04 kJ/mol/ps per atom


	<======  ###############  ==>
	<====  A V E R A G E S  ====>
	<==  ###############  ======>

	Statistics over 500001 steps using 5001 frames

   Energies (kJ/mol)
           Bond          Angle    Proper Dih. Per. Imp. Dih.          LJ-14
    2.96943e+03    7.74622e+03    1.25222e+04    4.64607e+02    3.75661e+03
     Coulomb-14        LJ (SR)  Disper. corr.   Coulomb (SR)   Coul. recip.
    4.69129e+04    8.53582e+04   -6.21531e+03   -7.98141e+05    4.31366e+03
      Potential    Kinetic En.   Total Energy  Conserved En.    Temperature
   -6.40312e+05    1.20073e+05   -5.20239e+05   -5.06816e+05    3.00007e+02
 Pres. DC (bar) Pressure (bar)   Constr. rmsd
   -2.19346e+02    2.28621e+00    0.00000e+00

          Box-X          Box-Y          Box-Z
    7.78104e+00    7.78104e+00    7.78104e+00

   Total Virial (kJ/mol)
    4.00011e+04    4.88586e+01   -7.72309e+01
    4.88596e+01    4.00015e+04   -7.83059e+00
   -7.72335e+01   -7.83451e+00    3.99873e+04

   Pressure (bar)
    1.87230e+00   -2.99348e+00    9.23942e-01
   -2.99355e+00    2.97122e+00    9.69580e-01
    9.24123e-01    9.69855e-01    2.01510e+00

      T-Protein  T-non-Protein
    3.00090e+02    2.99997e+02


       P P   -   P M E   L O A D   B A L A N C I N G

 PP/PME load balancing changed the cut-off and PME settings:
           particle-particle                    PME
            rcoulomb  rlist            grid      spacing   1/beta
   initial  1.000 nm  1.006 nm      52  52  52   0.149 nm  0.320 nm
   final    1.012 nm  1.018 nm      48  48  48   0.162 nm  0.324 nm
 cost-ratio           1.04             0.79
 (note that these numbers concern only part of the total PP and PME load)


	M E G A - F L O P S   A C C O U N T I N G

 NB=Group-cutoff nonbonded kernels    NxN=N-by-N cluster Verlet kernels
 RF=Reaction-Field  VdW=Van der Waals  QSTab=quadratic-spline table
 W3=SPC/TIP3p  W4=TIP4p (single or pairs)
 V&F=Potential and force  V=Potential only  F=Force only

 Computing:                               M-Number         M-Flops  % Flops
-----------------------------------------------------------------------------
 Pair Search distance check           22085.790768      198772.117     0.0
 NxN Ewald Elec. + LJ [F]          22856190.325056  1508508561.454    98.2
 NxN Ewald Elec. + LJ [V&F]          230916.763520    24708093.697     1.6
 1,4 nonbonded interactions            5110.010220      459900.920     0.0
 Shift-X                                235.672125        1414.033     0.0
 Bonds                                  990.501981       58439.617     0.0
 Angles                                3541.007082      594889.190     0.0
 Propers                               6303.512607     1443504.387     0.1
 Impropers                              382.500765       79560.159     0.0
 Virial                                 471.747170        8491.449     0.0
 Stop-CM                                235.672125        2356.721     0.0
 Calc-Ekin                             4712.594250      127240.045     0.0
-----------------------------------------------------------------------------
 Total                                              1536191223.788   100.0
-----------------------------------------------------------------------------


      R E A L   C Y C L E   A N D   T I M E   A C C O U N T I N G

On 1 MPI rank, each using 20 OpenMP threads

 Activity:              Num   Num      Call    Wall time         Giga-Cycles
                        Ranks Threads  Count      (s)         total sum    %
--------------------------------------------------------------------------------
 Neighbor search           1   20       5001       6.598        476.311   2.2
 Launch PP GPU ops.        1   20     995001      13.572        979.781   4.4
 Force                     1   20     500001      40.872       2950.616  13.4
 PME GPU mesh              1   20     500001       8.446        609.714   2.8
 Wait GPU NB local         1   20     490000       0.480         34.656   0.2
 Wait GPU state copy       1   20     620003     223.972      16169.035  73.3
 NB X/F buffer ops.        1   20      10001       0.407         29.388   0.1
 Write traj.               1   20        101       0.227         16.392   0.1
 Rest                                             10.870        784.711   3.6
--------------------------------------------------------------------------------
 Total                                           305.443      22050.605 100.0
--------------------------------------------------------------------------------
 Breakdown of PME mesh activities
--------------------------------------------------------------------------------
 Wait PME GPU gather       1   20     500001       0.497         35.905   0.2
 Reduce GPU PME F          1   20     500001       0.180         13.009   0.1
 Launch PME GPU ops.       1   20    4500009       7.491        540.760   2.5
--------------------------------------------------------------------------------

               Core t (s)   Wall t (s)        (%)
       Time:     6108.832      305.443     2000.0
                 (ns/day)    (hour/ns)
Performance:      282.868        0.085
Finished mdrun on rank 0 Thu Aug 10 13:34:53 2023

