                      :-) GROMACS - gmx mdrun, 2023.2 (-:

Copyright 1991-2023 The GROMACS Authors.
GROMACS is free software; you can redistribute it and/or modify it
under the terms of the GNU Lesser General Public License
as published by the Free Software Foundation; either version 2.1
of the License, or (at your option) any later version.

                         Current GROMACS contributors:
       Mark Abraham           Andrey Alekseenko           Cathrine Bergh      
      Christian Blau            Eliane Briand             Mahesh Doijade      
    Stefan Fleischmann           Vytas Gapsys              Gaurav Garg        
      Sergey Gorelov         Gilles Gouaillardet            Alan Gray         
     M. Eric Irrgang         Farzaneh Jalalypour            Joe Jordan        
    Christoph Junghans        Prashanth Kanduri          Sebastian Keller     
     Carsten Kutzner           Justin A. Lemkul          Magnus Lundborg      
       Pascal Merz              Vedran Miletic            Dmitry Morozov      
       Szilard Pall             Roland Schulz             Michael Shirts      
     Alexey Shvetsov            Balint Soproni         David van der Spoel    
      Philip Turner             Carsten Uphoff           Alessandra Villa     
 Sebastian Wingbermuehle        Artem Zhmurov       

                         Previous GROMACS contributors:
        Emile Apol             Rossen Apostolov           James Barnett       
  Herman J.C. Berendsen          Par Bjelkmar           Viacheslav Bolnykh    
        Kevin Boyd            Aldert van Buuren          Carlo Camilloni      
     Rudi van Drunen            Anton Feenstra           Oliver Fleetwood     
     Gerrit Groenhof            Bert de Groot             Anca Hamuraru       
    Vincent Hindriksen          Victor Holanda           Aleksei Iupinov      
   Dimitrios Karkoulis           Peter Kasson             Sebastian Kehl      
        Jiri Kraus               Per Larsson              Viveca Lindahl      
      Erik Marklund           Pieter Meulenhoff           Teemu Murtola       
       Sander Pronk             Alfons Sijbers            Peter Tieleman      
       Jon Vincent             Teemu Virolainen         Christian Wennberg    
       Maarten Wolf       

                  Coordinated by the GROMACS project leaders:
                    Paul Bauer, Berk Hess, and Erik Lindahl

GROMACS:      gmx mdrun, version 2023.2
Executable:   /usr/local/gromacs/bin/gmx
Data prefix:  /usr/local/gromacs
Working dir:  /home/alexi/Documents/SBL_MD_CovDock
Process ID:   1555340
Command line:
  gmx mdrun -deffnm prod_structures/APO/amber14/APO_1K55_npt

GROMACS version:    2023.2
Precision:          mixed
Memory model:       64 bit
MPI library:        thread_mpi
OpenMP support:     enabled (GMX_OPENMP_MAX_THREADS = 128)
GPU support:        CUDA
NB cluster size:    8
SIMD instructions:  AVX2_256
CPU FFT library:    fftw-3.3.8-sse2-avx-avx2-avx2_128
GPU FFT library:    cuFFT
Multi-GPU FFT:      none
RDTSCP usage:       enabled
TNG support:        enabled
Hwloc support:      disabled
Tracing support:    disabled
C compiler:         /usr/bin/cc GNU 11.3.0
C compiler flags:   -fexcess-precision=fast -funroll-all-loops -mavx2 -mfma -Wno-missing-field-initializers -O3 -DNDEBUG
C++ compiler:       /usr/bin/c++ GNU 11.3.0
C++ compiler flags: -fexcess-precision=fast -funroll-all-loops -mavx2 -mfma -Wno-missing-field-initializers -Wno-cast-function-type-strict -fopenmp -O3 -DNDEBUG
BLAS library:       
LAPACK library:     
CUDA compiler:      /home/alexi/miniconda3/envs/cuda_martini/bin/nvcc nvcc: NVIDIA (R) Cuda compiler driver;Copyright (c) 2005-2022 NVIDIA Corporation;Built on Wed_Sep_21_10:33:58_PDT_2022;Cuda compilation tools, release 11.8, V11.8.89;Build cuda_11.8.r11.8/compiler.31833905_0
CUDA compiler flags:-std=c++17;--generate-code=arch=compute_35,code=sm_35;--generate-code=arch=compute_37,code=sm_37;--generate-code=arch=compute_50,code=sm_50;--generate-code=arch=compute_52,code=sm_52;--generate-code=arch=compute_60,code=sm_60;--generate-code=arch=compute_61,code=sm_61;--generate-code=arch=compute_70,code=sm_70;--generate-code=arch=compute_75,code=sm_75;--generate-code=arch=compute_80,code=sm_80;--generate-code=arch=compute_86,code=sm_86;--generate-code=arch=compute_89,code=sm_89;--generate-code=arch=compute_90,code=sm_90;-Wno-deprecated-gpu-targets;--generate-code=arch=compute_53,code=sm_53;--generate-code=arch=compute_80,code=sm_80;-use_fast_math;-Xptxas;-warn-double-usage;-Xptxas;-Werror;-D_FORCE_INLINES;-fexcess-precision=fast -funroll-all-loops -mavx2 -mfma -Wno-missing-field-initializers -Wno-cast-function-type-strict -fopenmp -O3 -DNDEBUG
CUDA driver:        12.20
CUDA runtime:       11.80


Running on 1 node with total 12 cores, 20 processing units, 1 compatible GPU
Hardware detected on host Celeste:
  CPU info:
    Vendor: Intel
    Brand:  12th Gen Intel(R) Core(TM) i7-12700KF
    Family: 6   Model: 151   Stepping: 2
    Features: aes apic avx avx2 clfsh cmov cx8 cx16 f16c fma htt intel lahf mmx msr nonstop_tsc pcid pclmuldq pdcm pdpe1gb popcnt pse rdrnd rdtscp sha sse2 sse3 sse4.1 sse4.2 ssse3 tdt x2apic
  Hardware topology: Basic
    Packages, cores, and logical processors:
    [indices refer to OS logical processors]
      Package  0: [   0   1] [   2   3] [   4   5] [   6   7] [   8   9] [  10  11] [  12  13] [  14  15] [  16] [  17] [  18] [  19]
    CPU limit set by OS: -1   Recommended max number of threads: 20
  GPU info:
    Number of GPUs detected: 1
    #0: NVIDIA NVIDIA GeForce RTX 3060, compute cap.: 8.6, ECC:  no, stat: compatible


++++ PLEASE READ AND CITE THE FOLLOWING REFERENCE ++++
M. J. Abraham, T. Murtola, R. Schulz, S. Páll, J. C. Smith, B. Hess, E.
Lindahl
GROMACS: High performance molecular simulations through multi-level
parallelism from laptops to supercomputers
SoftwareX 1 (2015) pp. 19-25
-------- -------- --- Thank You --- -------- --------


++++ PLEASE READ AND CITE THE FOLLOWING REFERENCE ++++
S. Páll, M. J. Abraham, C. Kutzner, B. Hess, E. Lindahl
Tackling Exascale Software Challenges in Molecular Dynamics Simulations with
GROMACS
In S. Markidis & E. Laure (Eds.), Solving Software Challenges for Exascale 8759 (2015) pp. 3-27
-------- -------- --- Thank You --- -------- --------


++++ PLEASE READ AND CITE THE FOLLOWING REFERENCE ++++
S. Pronk, S. Páll, R. Schulz, P. Larsson, P. Bjelkmar, R. Apostolov, M. R.
Shirts, J. C. Smith, P. M. Kasson, D. van der Spoel, B. Hess, and E. Lindahl
GROMACS 4.5: a high-throughput and highly parallel open source molecular
simulation toolkit
Bioinformatics 29 (2013) pp. 845-54
-------- -------- --- Thank You --- -------- --------


++++ PLEASE READ AND CITE THE FOLLOWING REFERENCE ++++
B. Hess and C. Kutzner and D. van der Spoel and E. Lindahl
GROMACS 4: Algorithms for highly efficient, load-balanced, and scalable
molecular simulation
J. Chem. Theory Comput. 4 (2008) pp. 435-447
-------- -------- --- Thank You --- -------- --------


++++ PLEASE READ AND CITE THE FOLLOWING REFERENCE ++++
D. van der Spoel, E. Lindahl, B. Hess, G. Groenhof, A. E. Mark and H. J. C.
Berendsen
GROMACS: Fast, Flexible and Free
J. Comp. Chem. 26 (2005) pp. 1701-1719
-------- -------- --- Thank You --- -------- --------


++++ PLEASE READ AND CITE THE FOLLOWING REFERENCE ++++
E. Lindahl and B. Hess and D. van der Spoel
GROMACS 3.0: A package for molecular simulation and trajectory analysis
J. Mol. Mod. 7 (2001) pp. 306-317
-------- -------- --- Thank You --- -------- --------


++++ PLEASE READ AND CITE THE FOLLOWING REFERENCE ++++
H. J. C. Berendsen, D. van der Spoel and R. van Drunen
GROMACS: A message-passing parallel molecular dynamics implementation
Comp. Phys. Comm. 91 (1995) pp. 43-56
-------- -------- --- Thank You --- -------- --------


++++ PLEASE CITE THE DOI FOR THIS VERSION OF GROMACS ++++
https://doi.org/10.5281/zenodo.8134397
-------- -------- --- Thank You --- -------- --------

Input Parameters:
   integrator                     = md
   tinit                          = 0
   dt                             = 0.002
   nsteps                         = 50000
   init-step                      = 0
   simulation-part                = 1
   mts                            = false
   comm-mode                      = Linear
   nstcomm                        = 100
   bd-fric                        = 0
   ld-seed                        = 1052741501
   emtol                          = 10
   emstep                         = 0.01
   niter                          = 20
   fcstep                         = 0
   nstcgsteep                     = 1000
   nbfgscorr                      = 10
   rtpi                           = 0.05
   nstxout                        = 500
   nstvout                        = 500
   nstfout                        = 0
   nstlog                         = 500
   nstcalcenergy                  = 100
   nstenergy                      = 500
   nstxout-compressed             = 0
   compressed-x-precision         = 1000
   cutoff-scheme                  = Verlet
   nstlist                        = 10
   pbc                            = xyz
   periodic-molecules             = false
   verlet-buffer-tolerance        = 0.005
   rlist                          = 1
   coulombtype                    = PME
   coulomb-modifier               = Potential-shift
   rcoulomb-switch                = 0
   rcoulomb                       = 1
   epsilon-r                      = 1
   epsilon-rf                     = inf
   vdw-type                       = Cut-off
   vdw-modifier                   = Potential-shift
   rvdw-switch                    = 0
   rvdw                           = 1
   DispCorr                       = EnerPres
   table-extension                = 1
   fourierspacing                 = 0.16
   fourier-nx                     = 52
   fourier-ny                     = 52
   fourier-nz                     = 52
   pme-order                      = 4
   ewald-rtol                     = 1e-05
   ewald-rtol-lj                  = 0.001
   lj-pme-comb-rule               = Geometric
   ewald-geometry                 = 3d
   epsilon-surface                = 0
   ensemble-temperature-setting   = constant
   ensemble-temperature           = 300
   tcoupl                         = V-rescale
   nsttcouple                     = 10
   nh-chain-length                = 0
   print-nose-hoover-chain-variables = false
   pcoupl                         = Parrinello-Rahman
   pcoupltype                     = Isotropic
   nstpcouple                     = 50
   tau-p                          = 2
   compressibility (3x3):
      compressibility[    0]={ 4.50000e-05,  0.00000e+00,  0.00000e+00}
      compressibility[    1]={ 0.00000e+00,  4.50000e-05,  0.00000e+00}
      compressibility[    2]={ 0.00000e+00,  0.00000e+00,  4.50000e-05}
   ref-p (3x3):
      ref-p[    0]={ 1.00000e+00,  0.00000e+00,  0.00000e+00}
      ref-p[    1]={ 0.00000e+00,  1.00000e+00,  0.00000e+00}
      ref-p[    2]={ 0.00000e+00,  0.00000e+00,  1.00000e+00}
   refcoord-scaling               = COM
   posres-com (3):
      posres-com[0]= 5.01612e-01
      posres-com[1]= 4.97658e-01
      posres-com[2]= 5.01502e-01
   posres-comB (3):
      posres-comB[0]= 5.01612e-01
      posres-comB[1]= 4.97658e-01
      posres-comB[2]= 5.01502e-01
   QMMM                           = false
qm-opts:
   ngQM                           = 0
   constraint-algorithm           = Lincs
   continuation                   = true
   Shake-SOR                      = false
   shake-tol                      = 0.0001
   lincs-order                    = 4
   lincs-iter                     = 1
   lincs-warnangle                = 30
   nwall                          = 0
   wall-type                      = 9-3
   wall-r-linpot                  = -1
   wall-atomtype[0]               = -1
   wall-atomtype[1]               = -1
   wall-density[0]                = 0
   wall-density[1]                = 0
   wall-ewald-zfac                = 3
   pull                           = false
   awh                            = false
   rotation                       = false
   interactiveMD                  = false
   disre                          = No
   disre-weighting                = Conservative
   disre-mixed                    = false
   dr-fc                          = 1000
   dr-tau                         = 0
   nstdisreout                    = 100
   orire-fc                       = 0
   orire-tau                      = 0
   nstorireout                    = 100
   free-energy                    = no
   cos-acceleration               = 0
   deform (3x3):
      deform[    0]={ 0.00000e+00,  0.00000e+00,  0.00000e+00}
      deform[    1]={ 0.00000e+00,  0.00000e+00,  0.00000e+00}
      deform[    2]={ 0.00000e+00,  0.00000e+00,  0.00000e+00}
   simulated-tempering            = false
   swapcoords                     = no
   userint1                       = 0
   userint2                       = 0
   userint3                       = 0
   userint4                       = 0
   userreal1                      = 0
   userreal2                      = 0
   userreal3                      = 0
   userreal4                      = 0
   applied-forces:
     electric-field:
       x:
         E0                       = 0
         omega                    = 0
         t0                       = 0
         sigma                    = 0
       y:
         E0                       = 0
         omega                    = 0
         t0                       = 0
         sigma                    = 0
       z:
         E0                       = 0
         omega                    = 0
         t0                       = 0
         sigma                    = 0
     density-guided-simulation:
       active                     = false
       group                      = protein
       similarity-measure         = inner-product
       atom-spreading-weight      = unity
       force-constant             = 1e+09
       gaussian-transform-spreading-width = 0.2
       gaussian-transform-spreading-range-in-multiples-of-width = 4
       reference-density-filename = reference.mrc
       nst                        = 1
       normalize-densities        = true
       adaptive-force-scaling     = false
       adaptive-force-scaling-time-constant = 4
       shift-vector               = 
       transformation-matrix      = 
     qmmm-cp2k:
       active                     = false
       qmgroup                    = System
       qmmethod                   = PBE
       qmfilenames                = 
       qmcharge                   = 0
       qmmultiplicity             = 1
grpopts:
   nrdf:      9678.7     86595.3
   ref-t:         300         300
   tau-t:         0.1         0.1
annealing:          No          No
annealing-npoints:           0           0
   acc:	           0           0           0
   nfreeze:           N           N           N
   energygrp-flags[  0]: 0

Changing nstlist from 10 to 100, rlist from 1 to 1.155

Update groups can not be used for this system because atoms that are (in)directly constrained together are interdispersed with other atoms

1 GPU selected for this run.
Mapping of GPU IDs to the 2 GPU tasks in the 1 rank on this node:
  PP:0,PME:0
PP tasks will do (non-perturbed) short-ranged interactions on the GPU
PP task will update and constrain coordinates on the GPU
PME tasks will do all aspects on the GPU
Using 1 MPI thread
Using 20 OpenMP threads 

System total charge: 0.000
Will do PME sum in reciprocal space for electrostatic interactions.

++++ PLEASE READ AND CITE THE FOLLOWING REFERENCE ++++
U. Essmann, L. Perera, M. L. Berkowitz, T. Darden, H. Lee and L. G. Pedersen 
A smooth particle mesh Ewald method
J. Chem. Phys. 103 (1995) pp. 8577-8592
-------- -------- --- Thank You --- -------- --------

Using a Gaussian width (1/beta) of 0.320163 nm for Ewald
Potential shift: LJ r^-12: -1.000e+00 r^-6: -1.000e+00, Ewald -1.000e-05
Initialized non-bonded Coulomb Ewald tables, spacing: 9.33e-04 size: 1073

Generated table with 1077 data points for 1-4 COUL.
Tabscale = 500 points/nm
Generated table with 1077 data points for 1-4 LJ6.
Tabscale = 500 points/nm
Generated table with 1077 data points for 1-4 LJ12.
Tabscale = 500 points/nm
Long Range LJ corr.: <C6> 3.1514e-04


Using GPU 8x8 nonbonded short-range kernels

Using a dual 8x8 pair-list setup updated with dynamic, rolling pruning:
  outer list: updated every 100 steps, buffer 0.155 nm, rlist 1.155 nm
  inner list: updated every  12 steps, buffer 0.006 nm, rlist 1.006 nm
At tolerance 0.005 kJ/mol/ps per atom, equivalent classical 1x1 list would be:
  outer list: updated every 100 steps, buffer 0.304 nm, rlist 1.304 nm
  inner list: updated every  12 steps, buffer 0.054 nm, rlist 1.054 nm

Using Lorentz-Berthelot Lennard-Jones combination rule

Pinning threads with an auto-selected logical cpu stride of 1

Initializing LINear Constraint Solver

++++ PLEASE READ AND CITE THE FOLLOWING REFERENCE ++++
B. Hess and H. Bekker and H. J. C. Berendsen and J. G. E. M. Fraaije
LINCS: A Linear Constraint Solver for molecular simulations
J. Comp. Chem. 18 (1997) pp. 1463-1472
-------- -------- --- Thank You --- -------- --------

The number of constraints is 1931

++++ PLEASE READ AND CITE THE FOLLOWING REFERENCE ++++
S. Miyamoto and P. A. Kollman
SETTLE: An Analytical Version of the SHAKE and RATTLE Algorithms for Rigid
Water Models
J. Comp. Chem. 13 (1992) pp. 952-962
-------- -------- --- Thank You --- -------- --------


++++ PLEASE READ AND CITE THE FOLLOWING REFERENCE ++++
G. Bussi, D. Donadio and M. Parrinello
Canonical sampling through velocity rescaling
J. Chem. Phys. 126 (2007) pp. 014101
-------- -------- --- Thank You --- -------- --------

There are: 47125 Atoms

Updating coordinates and applying constraints on the GPU.
Center of mass motion removal mode is Linear
We have the following groups for center of mass motion removal:
  0:  rest

Started mdrun on rank 0 Mon Aug 28 14:58:21 2023

           Step           Time
              0        0.00000

   Energies (kJ/mol)
           Bond          Angle    Proper Dih. Per. Imp. Dih.          LJ-14
    3.10371e+03    7.87323e+03    1.26708e+04    4.91155e+02    3.75548e+03
     Coulomb-14        LJ (SR)  Disper. corr.   Coulomb (SR)   Coul. recip.
    4.70919e+04    8.45346e+04   -6.14769e+03   -7.95874e+05    4.50272e+03
 Position Rest.      Potential    Kinetic En.   Total Energy  Conserved En.
    8.17053e-08   -6.37999e+05    1.21008e+05   -5.16990e+05   -5.16962e+05
    Temperature Pres. DC (bar) Pressure (bar)   Constr. rmsd
    3.02344e+02   -2.14601e+02   -1.64456e+01    0.00000e+00

           Step           Time
            500        1.00000

   Energies (kJ/mol)
           Bond          Angle    Proper Dih. Per. Imp. Dih.          LJ-14
    2.92079e+03    7.74109e+03    1.25088e+04    4.18133e+02    3.78442e+03
     Coulomb-14        LJ (SR)  Disper. corr.   Coulomb (SR)   Coul. recip.
    4.72199e+04    8.56758e+04   -6.26078e+03   -8.00460e+05    4.43030e+03
 Position Rest.      Potential    Kinetic En.   Total Energy  Conserved En.
    8.25719e+02   -6.41196e+05    1.19619e+05   -5.21577e+05   -5.17367e+05
    Temperature Pres. DC (bar) Pressure (bar)   Constr. rmsd
    2.98874e+02   -2.22560e+02    1.27625e+02    0.00000e+00

           Step           Time
           1000        2.00000

   Energies (kJ/mol)
           Bond          Angle    Proper Dih. Per. Imp. Dih.          LJ-14
    2.94712e+03    7.62251e+03    1.26864e+04    4.66915e+02    3.82686e+03
     Coulomb-14        LJ (SR)  Disper. corr.   Coulomb (SR)   Coul. recip.
    4.69898e+04    8.51152e+04   -6.24347e+03   -7.98945e+05    4.52383e+03
 Position Rest.      Potential    Kinetic En.   Total Energy  Conserved En.
    8.02224e+02   -6.40207e+05    1.19218e+05   -5.20989e+05   -5.17339e+05
    Temperature Pres. DC (bar) Pressure (bar)   Constr. rmsd
    2.97872e+02   -2.21332e+02    1.47271e+01    0.00000e+00

           Step           Time
           1500        3.00000

   Energies (kJ/mol)
           Bond          Angle    Proper Dih. Per. Imp. Dih.          LJ-14
    2.99249e+03    7.52202e+03    1.25903e+04    4.23157e+02    3.77264e+03
     Coulomb-14        LJ (SR)  Disper. corr.   Coulomb (SR)   Coul. recip.
    4.70671e+04    8.51353e+04   -6.19166e+03   -7.97924e+05    4.52110e+03
 Position Rest.      Potential    Kinetic En.   Total Energy  Conserved En.
    8.90654e+02   -6.39201e+05    1.19814e+05   -5.19387e+05   -5.17352e+05
    Temperature Pres. DC (bar) Pressure (bar)   Constr. rmsd
    2.99361e+02   -2.17678e+02   -1.91445e+02    0.00000e+00

           Step           Time
           2000        4.00000

   Energies (kJ/mol)
           Bond          Angle    Proper Dih. Per. Imp. Dih.          LJ-14
    2.98382e+03    7.53432e+03    1.26406e+04    4.77777e+02    3.83976e+03
     Coulomb-14        LJ (SR)  Disper. corr.   Coulomb (SR)   Coul. recip.
    4.71798e+04    8.50664e+04   -6.26075e+03   -7.98885e+05    4.50889e+03
 Position Rest.      Potential    Kinetic En.   Total Energy  Conserved En.
    9.36269e+02   -6.39979e+05    1.19789e+05   -5.20190e+05   -5.17272e+05
    Temperature Pres. DC (bar) Pressure (bar)   Constr. rmsd
    2.99297e+02   -2.22558e+02    8.45446e+01    0.00000e+00

           Step           Time
           2500        5.00000

   Energies (kJ/mol)
           Bond          Angle    Proper Dih. Per. Imp. Dih.          LJ-14
    2.87458e+03    7.68467e+03    1.25798e+04    4.72433e+02    3.81019e+03
     Coulomb-14        LJ (SR)  Disper. corr.   Coulomb (SR)   Coul. recip.
    4.73224e+04    8.46059e+04   -6.22204e+03   -7.98720e+05    4.50894e+03
 Position Rest.      Potential    Kinetic En.   Total Energy  Conserved En.
    8.66187e+02   -6.40217e+05    1.20301e+05   -5.19916e+05   -5.17214e+05
    Temperature Pres. DC (bar) Pressure (bar)   Constr. rmsd
    3.00578e+02   -2.19817e+02   -1.39818e+02    0.00000e+00

           Step           Time
           3000        6.00000

   Energies (kJ/mol)
           Bond          Angle    Proper Dih. Per. Imp. Dih.          LJ-14
    2.88937e+03    7.86636e+03    1.25990e+04    4.31932e+02    3.77422e+03
     Coulomb-14        LJ (SR)  Disper. corr.   Coulomb (SR)   Coul. recip.
    4.72776e+04    8.43518e+04   -6.22149e+03   -7.97237e+05    4.60259e+03
 Position Rest.      Potential    Kinetic En.   Total Energy  Conserved En.
    8.88813e+02   -6.38776e+05    1.20351e+05   -5.18426e+05   -5.17245e+05
    Temperature Pres. DC (bar) Pressure (bar)   Constr. rmsd
    3.00702e+02   -2.19779e+02   -1.39212e+02    0.00000e+00

           Step           Time
           3500        7.00000

   Energies (kJ/mol)
           Bond          Angle    Proper Dih. Per. Imp. Dih.          LJ-14
    2.89239e+03    7.70814e+03    1.25869e+04    4.42657e+02    3.79814e+03
     Coulomb-14        LJ (SR)  Disper. corr.   Coulomb (SR)   Coul. recip.
    4.71413e+04    8.53583e+04   -6.26672e+03   -7.99841e+05    4.47596e+03
 Position Rest.      Potential    Kinetic En.   Total Energy  Conserved En.
    8.75378e+02   -6.40829e+05    1.20538e+05   -5.20291e+05   -5.17180e+05
    Temperature Pres. DC (bar) Pressure (bar)   Constr. rmsd
    3.01170e+02   -2.22981e+02    8.21656e+01    0.00000e+00

           Step           Time
           4000        8.00000

   Energies (kJ/mol)
           Bond          Angle    Proper Dih. Per. Imp. Dih.          LJ-14
    2.95050e+03    7.72992e+03    1.25546e+04    4.65273e+02    3.77746e+03
     Coulomb-14        LJ (SR)  Disper. corr.   Coulomb (SR)   Coul. recip.
    4.70356e+04    8.53572e+04   -6.20913e+03   -7.98954e+05    4.44218e+03
 Position Rest.      Potential    Kinetic En.   Total Energy  Conserved En.
    8.83626e+02   -6.39967e+05    1.19768e+05   -5.20199e+05   -5.17116e+05
    Temperature Pres. DC (bar) Pressure (bar)   Constr. rmsd
    2.99245e+02   -2.18907e+02   -1.12784e+02    0.00000e+00

           Step           Time
           4500        9.00000

   Energies (kJ/mol)
           Bond          Angle    Proper Dih. Per. Imp. Dih.          LJ-14
    2.93863e+03    7.63776e+03    1.26041e+04    4.25348e+02    3.77633e+03
     Coulomb-14        LJ (SR)  Disper. corr.   Coulomb (SR)   Coul. recip.
    4.72162e+04    8.55471e+04   -6.22543e+03   -7.99213e+05    4.51934e+03
 Position Rest.      Potential    Kinetic En.   Total Energy  Conserved En.
    8.79221e+02   -6.39895e+05    1.20011e+05   -5.19884e+05   -5.17042e+05
    Temperature Pres. DC (bar) Pressure (bar)   Constr. rmsd
    2.99853e+02   -2.20056e+02    1.20206e+01    0.00000e+00

           Step           Time
           5000       10.00000

   Energies (kJ/mol)
           Bond          Angle    Proper Dih. Per. Imp. Dih.          LJ-14
    3.05247e+03    7.59606e+03    1.24969e+04    4.87201e+02    3.79170e+03
     Coulomb-14        LJ (SR)  Disper. corr.   Coulomb (SR)   Coul. recip.
    4.69066e+04    8.47150e+04   -6.21904e+03   -7.97918e+05    4.48219e+03
 Position Rest.      Potential    Kinetic En.   Total Energy  Conserved En.
    9.15411e+02   -6.39694e+05    1.20359e+05   -5.19335e+05   -5.17010e+05
    Temperature Pres. DC (bar) Pressure (bar)   Constr. rmsd
    3.00723e+02   -2.19606e+02   -1.06939e+02    0.00000e+00

           Step           Time
           5500       11.00000

   Energies (kJ/mol)
           Bond          Angle    Proper Dih. Per. Imp. Dih.          LJ-14
    3.05880e+03    7.54085e+03    1.24807e+04    4.62870e+02    3.80991e+03
     Coulomb-14        LJ (SR)  Disper. corr.   Coulomb (SR)   Coul. recip.
    4.73678e+04    8.55730e+04   -6.24391e+03   -8.00412e+05    4.42173e+03
 Position Rest.      Potential    Kinetic En.   Total Energy  Conserved En.
    9.02867e+02   -6.41037e+05    1.20142e+05   -5.20895e+05   -5.16995e+05
    Temperature Pres. DC (bar) Pressure (bar)   Constr. rmsd
    3.00179e+02   -2.21363e+02   -1.09935e+02    0.00000e+00

           Step           Time
           6000       12.00000

   Energies (kJ/mol)
           Bond          Angle    Proper Dih. Per. Imp. Dih.          LJ-14
    2.85072e+03    7.63843e+03    1.25552e+04    4.43009e+02    3.80445e+03
     Coulomb-14        LJ (SR)  Disper. corr.   Coulomb (SR)   Coul. recip.
    4.71427e+04    8.62256e+04   -6.22200e+03   -8.00472e+05    4.48905e+03
 Position Rest.      Potential    Kinetic En.   Total Energy  Conserved En.
    9.39119e+02   -6.40605e+05    1.20472e+05   -5.20133e+05   -5.16999e+05
    Temperature Pres. DC (bar) Pressure (bar)   Constr. rmsd
    3.01005e+02   -2.19814e+02    1.50882e+02    0.00000e+00

           Step           Time
           6500       13.00000

   Energies (kJ/mol)
           Bond          Angle    Proper Dih. Per. Imp. Dih.          LJ-14
    3.04218e+03    7.70896e+03    1.25325e+04    4.54730e+02    3.79705e+03
     Coulomb-14        LJ (SR)  Disper. corr.   Coulomb (SR)   Coul. recip.
    4.70477e+04    8.39660e+04   -6.20455e+03   -7.96674e+05    4.50041e+03
 Position Rest.      Potential    Kinetic En.   Total Energy  Conserved En.
    8.99907e+02   -6.38929e+05    1.19823e+05   -5.19106e+05   -5.16924e+05
    Temperature Pres. DC (bar) Pressure (bar)   Constr. rmsd
    2.99383e+02   -2.18585e+02   -1.81151e+02    0.00000e+00

           Step           Time
           7000       14.00000

   Energies (kJ/mol)
           Bond          Angle    Proper Dih. Per. Imp. Dih.          LJ-14
    2.87856e+03    7.71123e+03    1.25582e+04    4.59150e+02    3.81434e+03
     Coulomb-14        LJ (SR)  Disper. corr.   Coulomb (SR)   Coul. recip.
    4.73054e+04    8.62727e+04   -6.22957e+03   -7.99872e+05    4.57346e+03
 Position Rest.      Potential    Kinetic En.   Total Energy  Conserved En.
    9.40870e+02   -6.39588e+05    1.20705e+05   -5.18883e+05   -5.16943e+05
    Temperature Pres. DC (bar) Pressure (bar)   Constr. rmsd
    3.01587e+02   -2.20349e+02    7.48124e+01    0.00000e+00

           Step           Time
           7500       15.00000

   Energies (kJ/mol)
           Bond          Angle    Proper Dih. Per. Imp. Dih.          LJ-14
    2.96575e+03    7.69326e+03    1.26533e+04    4.70149e+02    3.80580e+03
     Coulomb-14        LJ (SR)  Disper. corr.   Coulomb (SR)   Coul. recip.
    4.69525e+04    8.60091e+04   -6.24555e+03   -7.99987e+05    4.52097e+03
 Position Rest.      Potential    Kinetic En.   Total Energy  Conserved En.
    9.09995e+02   -6.40252e+05    1.20707e+05   -5.19545e+05   -5.16938e+05
    Temperature Pres. DC (bar) Pressure (bar)   Constr. rmsd
    3.01592e+02   -2.21479e+02    1.35775e+02    0.00000e+00

           Step           Time
           8000       16.00000

   Energies (kJ/mol)
           Bond          Angle    Proper Dih. Per. Imp. Dih.          LJ-14
    3.14382e+03    7.48347e+03    1.23774e+04    4.38019e+02    3.76896e+03
     Coulomb-14        LJ (SR)  Disper. corr.   Coulomb (SR)   Coul. recip.
    4.68699e+04    8.47488e+04   -6.21055e+03   -7.97169e+05    4.52265e+03
 Position Rest.      Potential    Kinetic En.   Total Energy  Conserved En.
    8.98055e+02   -6.39129e+05    1.20038e+05   -5.19091e+05   -5.16924e+05
    Temperature Pres. DC (bar) Pressure (bar)   Constr. rmsd
    2.99920e+02   -2.19007e+02   -9.84975e+00    0.00000e+00

step 8300: timed with pme grid 52 52 52, coulomb cutoff 1.000: 202.7 M-cycles
step 8500: timed with pme grid 44 44 44, coulomb cutoff 1.109: 236.5 M-cycles
           Step           Time
           8500       17.00000

   Energies (kJ/mol)
           Bond          Angle    Proper Dih. Per. Imp. Dih.          LJ-14
    2.97149e+03    7.74502e+03    1.26176e+04    4.83540e+02    3.78859e+03
     Coulomb-14        LJ (SR)  Disper. corr.   Coulomb (SR)   Coul. recip.
    4.72513e+04    8.46325e+04   -6.25556e+03   -7.99717e+05    4.21779e+03
 Position Rest.      Potential    Kinetic En.   Total Energy  Conserved En.
    9.53449e+02   -6.41311e+05    1.20193e+05   -5.21118e+05   -5.16897e+05
    Temperature Pres. DC (bar) Pressure (bar)   Constr. rmsd
    3.00308e+02   -2.22189e+02   -1.69377e+02    0.00000e+00

step 8700: timed with pme grid 48 48 48, coulomb cutoff 1.017: 387.6 M-cycles
step 8900: timed with pme grid 52 52 52, coulomb cutoff 1.000: 420.6 M-cycles
              optimal pme grid 52 52 52, coulomb cutoff 1.000
           Step           Time
           9000       18.00000

   Energies (kJ/mol)
           Bond          Angle    Proper Dih. Per. Imp. Dih.          LJ-14
    2.96560e+03    7.69001e+03    1.25234e+04    5.19728e+02    3.84628e+03
     Coulomb-14        LJ (SR)  Disper. corr.   Coulomb (SR)   Coul. recip.
    4.70521e+04    8.49926e+04   -6.21771e+03   -7.97246e+05    4.46143e+03
 Position Rest.      Potential    Kinetic En.   Total Energy  Conserved En.
    9.38889e+02   -6.38474e+05    1.20691e+05   -5.17783e+05   -5.16877e+05
    Temperature Pres. DC (bar) Pressure (bar)   Constr. rmsd
    3.01550e+02   -2.19512e+02   -8.80449e+01    0.00000e+00

           Step           Time
           9500       19.00000

   Energies (kJ/mol)
           Bond          Angle    Proper Dih. Per. Imp. Dih.          LJ-14
    3.06320e+03    7.75936e+03    1.25822e+04    4.70507e+02    3.83267e+03
     Coulomb-14        LJ (SR)  Disper. corr.   Coulomb (SR)   Coul. recip.
    4.70347e+04    8.43309e+04   -6.22992e+03   -7.97694e+05    4.42402e+03
 Position Rest.      Potential    Kinetic En.   Total Energy  Conserved En.
    9.28447e+02   -6.39497e+05    1.20216e+05   -5.19281e+05   -5.16840e+05
    Temperature Pres. DC (bar) Pressure (bar)   Constr. rmsd
    3.00366e+02   -2.20373e+02   -5.59423e+01    0.00000e+00

           Step           Time
          10000       20.00000

   Energies (kJ/mol)
           Bond          Angle    Proper Dih. Per. Imp. Dih.          LJ-14
    2.91355e+03    7.78557e+03    1.25163e+04    4.10270e+02    3.86025e+03
     Coulomb-14        LJ (SR)  Disper. corr.   Coulomb (SR)   Coul. recip.
    4.74145e+04    8.45914e+04   -6.18650e+03   -7.96038e+05    4.51287e+03
 Position Rest.      Potential    Kinetic En.   Total Energy  Conserved En.
    9.40046e+02   -6.37280e+05    1.20142e+05   -5.17138e+05   -5.16836e+05
    Temperature Pres. DC (bar) Pressure (bar)   Constr. rmsd
    3.00179e+02   -2.17316e+02   -1.80754e+00    0.00000e+00

           Step           Time
          10500       21.00000

   Energies (kJ/mol)
           Bond          Angle    Proper Dih. Per. Imp. Dih.          LJ-14
    2.84448e+03    7.59144e+03    1.25940e+04    4.57800e+02    3.76991e+03
     Coulomb-14        LJ (SR)  Disper. corr.   Coulomb (SR)   Coul. recip.
    4.72280e+04    8.56672e+04   -6.21134e+03   -7.98885e+05    4.52487e+03
 Position Rest.      Potential    Kinetic En.   Total Energy  Conserved En.
    9.40558e+02   -6.39478e+05    1.20746e+05   -5.18732e+05   -5.16870e+05
    Temperature Pres. DC (bar) Pressure (bar)   Constr. rmsd
    3.01689e+02   -2.19062e+02   -1.22050e+02    0.00000e+00

           Step           Time
          11000       22.00000

   Energies (kJ/mol)
           Bond          Angle    Proper Dih. Per. Imp. Dih.          LJ-14
    2.87219e+03    7.88450e+03    1.25002e+04    4.52991e+02    3.76023e+03
     Coulomb-14        LJ (SR)  Disper. corr.   Coulomb (SR)   Coul. recip.
    4.72431e+04    8.66385e+04   -6.25732e+03   -8.00634e+05    4.50310e+03
 Position Rest.      Potential    Kinetic En.   Total Energy  Conserved En.
    9.35817e+02   -6.40101e+05    1.20502e+05   -5.19598e+05   -5.16822e+05
    Temperature Pres. DC (bar) Pressure (bar)   Constr. rmsd
    3.01080e+02   -2.22314e+02    3.23534e+02    0.00000e+00

           Step           Time
          11500       23.00000

   Energies (kJ/mol)
           Bond          Angle    Proper Dih. Per. Imp. Dih.          LJ-14
    3.02038e+03    7.78075e+03    1.26228e+04    4.63153e+02    3.81116e+03
     Coulomb-14        LJ (SR)  Disper. corr.   Coulomb (SR)   Coul. recip.
    4.72542e+04    8.43113e+04   -6.15647e+03   -7.96631e+05    4.65062e+03
 Position Rest.      Potential    Kinetic En.   Total Energy  Conserved En.
    9.43776e+02   -6.37929e+05    1.19534e+05   -5.18395e+05   -5.16733e+05
    Temperature Pres. DC (bar) Pressure (bar)   Constr. rmsd
    2.98661e+02   -2.15214e+02   -3.04958e+02    0.00000e+00

           Step           Time
          12000       24.00000

   Energies (kJ/mol)
           Bond          Angle    Proper Dih. Per. Imp. Dih.          LJ-14
    3.06527e+03    7.57264e+03    1.26243e+04    5.30953e+02    3.70366e+03
     Coulomb-14        LJ (SR)  Disper. corr.   Coulomb (SR)   Coul. recip.
    4.70540e+04    8.75003e+04   -6.30032e+03   -8.03456e+05    4.48395e+03
 Position Rest.      Potential    Kinetic En.   Total Energy  Conserved En.
    8.99516e+02   -6.42322e+05    1.20629e+05   -5.21693e+05   -5.16539e+05
    Temperature Pres. DC (bar) Pressure (bar)   Constr. rmsd
    3.01396e+02   -2.25377e+02    1.74389e+02    0.00000e+00

           Step           Time
          12500       25.00000

   Energies (kJ/mol)
           Bond          Angle    Proper Dih. Per. Imp. Dih.          LJ-14
    2.82042e+03    7.57534e+03    1.25068e+04    4.86435e+02    3.78195e+03
     Coulomb-14        LJ (SR)  Disper. corr.   Coulomb (SR)   Coul. recip.
    4.72350e+04    8.51775e+04   -6.21292e+03   -7.98960e+05    4.50039e+03
 Position Rest.      Potential    Kinetic En.   Total Energy  Conserved En.
    9.36173e+02   -6.40153e+05    1.19597e+05   -5.20556e+05   -5.16480e+05
    Temperature Pres. DC (bar) Pressure (bar)   Constr. rmsd
    2.98819e+02   -2.19174e+02   -1.03103e+02    0.00000e+00

           Step           Time
          13000       26.00000

   Energies (kJ/mol)
           Bond          Angle    Proper Dih. Per. Imp. Dih.          LJ-14
    3.06301e+03    7.55706e+03    1.25558e+04    4.32894e+02    3.76187e+03
     Coulomb-14        LJ (SR)  Disper. corr.   Coulomb (SR)   Coul. recip.
    4.71925e+04    8.59264e+04   -6.24319e+03   -7.99899e+05    4.54745e+03
 Position Rest.      Potential    Kinetic En.   Total Energy  Conserved En.
    9.21683e+02   -6.40184e+05    1.20275e+05   -5.19909e+05   -5.16462e+05
    Temperature Pres. DC (bar) Pressure (bar)   Constr. rmsd
    3.00513e+02   -2.21312e+02   -4.52913e+01    0.00000e+00

           Step           Time
          13500       27.00000

   Energies (kJ/mol)
           Bond          Angle    Proper Dih. Per. Imp. Dih.          LJ-14
    2.82504e+03    7.39816e+03    1.25847e+04    4.52745e+02    3.85274e+03
     Coulomb-14        LJ (SR)  Disper. corr.   Coulomb (SR)   Coul. recip.
    4.73323e+04    8.36872e+04   -6.22392e+03   -7.97910e+05    4.50872e+03
 Position Rest.      Potential    Kinetic En.   Total Energy  Conserved En.
    9.27035e+02   -6.40566e+05    1.20469e+05   -5.20097e+05   -5.16486e+05
    Temperature Pres. DC (bar) Pressure (bar)   Constr. rmsd
    3.00997e+02   -2.19950e+02   -1.19493e+02    0.00000e+00

           Step           Time
          14000       28.00000

   Energies (kJ/mol)
           Bond          Angle    Proper Dih. Per. Imp. Dih.          LJ-14
    2.89342e+03    7.65697e+03    1.26272e+04    4.60026e+02    3.85988e+03
     Coulomb-14        LJ (SR)  Disper. corr.   Coulomb (SR)   Coul. recip.
    4.72193e+04    8.42997e+04   -6.22733e+03   -7.97332e+05    4.41900e+03
 Position Rest.      Potential    Kinetic En.   Total Energy  Conserved En.
    9.21594e+02   -6.39202e+05    1.20802e+05   -5.18400e+05   -5.16457e+05
    Temperature Pres. DC (bar) Pressure (bar)   Constr. rmsd
    3.01830e+02   -2.20191e+02   -4.98499e+01    0.00000e+00

           Step           Time
          14500       29.00000

   Energies (kJ/mol)
           Bond          Angle    Proper Dih. Per. Imp. Dih.          LJ-14
    2.93276e+03    7.40886e+03    1.26332e+04    4.68258e+02    3.74892e+03
     Coulomb-14        LJ (SR)  Disper. corr.   Coulomb (SR)   Coul. recip.
    4.73011e+04    8.51403e+04   -6.21279e+03   -7.97762e+05    4.55577e+03
 Position Rest.      Potential    Kinetic En.   Total Energy  Conserved En.
    9.45144e+02   -6.38840e+05    1.19377e+05   -5.19464e+05   -5.16481e+05
    Temperature Pres. DC (bar) Pressure (bar)   Constr. rmsd
    2.98268e+02   -2.19165e+02   -2.21951e+02    0.00000e+00

           Step           Time
          15000       30.00000

   Energies (kJ/mol)
           Bond          Angle    Proper Dih. Per. Imp. Dih.          LJ-14
    2.94380e+03    7.47472e+03    1.25810e+04    4.51347e+02    3.75971e+03
     Coulomb-14        LJ (SR)  Disper. corr.   Coulomb (SR)   Coul. recip.
    4.71469e+04    8.47854e+04   -6.21509e+03   -7.98366e+05    4.45147e+03
 Position Rest.      Potential    Kinetic En.   Total Energy  Conserved En.
    8.98523e+02   -6.40089e+05    1.19354e+05   -5.20734e+05   -5.16451e+05
    Temperature Pres. DC (bar) Pressure (bar)   Constr. rmsd
    2.98212e+02   -2.19327e+02   -1.59413e+02    0.00000e+00

           Step           Time
          15500       31.00000

   Energies (kJ/mol)
           Bond          Angle    Proper Dih. Per. Imp. Dih.          LJ-14
    3.12696e+03    7.66386e+03    1.25451e+04    4.63078e+02    3.75929e+03
     Coulomb-14        LJ (SR)  Disper. corr.   Coulomb (SR)   Coul. recip.
    4.71158e+04    8.43859e+04   -6.25094e+03   -7.97805e+05    4.50359e+03
 Position Rest.      Potential    Kinetic En.   Total Energy  Conserved En.
    9.30550e+02   -6.39562e+05    1.20224e+05   -5.19337e+05   -5.16416e+05
    Temperature Pres. DC (bar) Pressure (bar)   Constr. rmsd
    3.00386e+02   -2.21862e+02   -8.43915e+01    0.00000e+00

           Step           Time
          16000       32.00000

   Energies (kJ/mol)
           Bond          Angle    Proper Dih. Per. Imp. Dih.          LJ-14
    2.94723e+03    7.59590e+03    1.26318e+04    4.30923e+02    3.83115e+03
     Coulomb-14        LJ (SR)  Disper. corr.   Coulomb (SR)   Coul. recip.
    4.73527e+04    8.35324e+04   -6.21917e+03   -7.96242e+05    4.54894e+03
 Position Rest.      Potential    Kinetic En.   Total Energy  Conserved En.
    9.00527e+02   -6.38690e+05    1.19526e+05   -5.19164e+05   -5.16399e+05
    Temperature Pres. DC (bar) Pressure (bar)   Constr. rmsd
    2.98642e+02   -2.19615e+02   -2.95925e+02    0.00000e+00

           Step           Time
          16500       33.00000

   Energies (kJ/mol)
           Bond          Angle    Proper Dih. Per. Imp. Dih.          LJ-14
    2.96818e+03    7.80467e+03    1.25447e+04    5.06448e+02    3.72181e+03
     Coulomb-14        LJ (SR)  Disper. corr.   Coulomb (SR)   Coul. recip.
    4.70617e+04    8.50635e+04   -6.20703e+03   -7.99529e+05    4.47868e+03
 Position Rest.      Potential    Kinetic En.   Total Energy  Conserved En.
    9.36014e+02   -6.40650e+05    1.19466e+05   -5.21184e+05   -5.16384e+05
    Temperature Pres. DC (bar) Pressure (bar)   Constr. rmsd
    2.98490e+02   -2.18759e+02   -1.99470e+02    0.00000e+00

           Step           Time
          17000       34.00000

   Energies (kJ/mol)
           Bond          Angle    Proper Dih. Per. Imp. Dih.          LJ-14
    2.97667e+03    7.44363e+03    1.26009e+04    4.55372e+02    3.78727e+03
     Coulomb-14        LJ (SR)  Disper. corr.   Coulomb (SR)   Coul. recip.
    4.71943e+04    8.49839e+04   -6.26909e+03   -7.99634e+05    4.31267e+03
 Position Rest.      Potential    Kinetic En.   Total Energy  Conserved En.
    9.04709e+02   -6.41244e+05    1.20616e+05   -5.20627e+05   -5.16380e+05
    Temperature Pres. DC (bar) Pressure (bar)   Constr. rmsd
    3.01364e+02   -2.23150e+02    5.19499e+01    0.00000e+00

           Step           Time
          17500       35.00000

   Energies (kJ/mol)
           Bond          Angle    Proper Dih. Per. Imp. Dih.          LJ-14
    2.86529e+03    7.47219e+03    1.26117e+04    4.54147e+02    3.87041e+03
     Coulomb-14        LJ (SR)  Disper. corr.   Coulomb (SR)   Coul. recip.
    4.72102e+04    8.54383e+04   -6.24429e+03   -7.97956e+05    4.44085e+03
 Position Rest.      Potential    Kinetic En.   Total Energy  Conserved En.
    9.15407e+02   -6.38921e+05    1.20572e+05   -5.18350e+05   -5.16351e+05
    Temperature Pres. DC (bar) Pressure (bar)   Constr. rmsd
    3.01254e+02   -2.21391e+02    1.12931e+02    0.00000e+00

           Step           Time
          18000       36.00000

   Energies (kJ/mol)
           Bond          Angle    Proper Dih. Per. Imp. Dih.          LJ-14
    2.91404e+03    7.65072e+03    1.25040e+04    4.66465e+02    3.81415e+03
     Coulomb-14        LJ (SR)  Disper. corr.   Coulomb (SR)   Coul. recip.
    4.73291e+04    8.53942e+04   -6.23217e+03   -7.97945e+05    4.57168e+03
 Position Rest.      Potential    Kinetic En.   Total Energy  Conserved En.
    9.56065e+02   -6.38577e+05    1.19861e+05   -5.18716e+05   -5.16300e+05
    Temperature Pres. DC (bar) Pressure (bar)   Constr. rmsd
    2.99477e+02   -2.20533e+02    1.02086e+01    0.00000e+00

           Step           Time
          18500       37.00000

   Energies (kJ/mol)
           Bond          Angle    Proper Dih. Per. Imp. Dih.          LJ-14
    2.84196e+03    8.16500e+03    1.25412e+04    4.56069e+02    3.86318e+03
     Coulomb-14        LJ (SR)  Disper. corr.   Coulomb (SR)   Coul. recip.
    4.72770e+04    8.53318e+04   -6.22127e+03   -7.99221e+05    4.55280e+03
 Position Rest.      Potential    Kinetic En.   Total Energy  Conserved En.
    9.46053e+02   -6.39467e+05    1.20287e+05   -5.19180e+05   -5.16273e+05
    Temperature Pres. DC (bar) Pressure (bar)   Constr. rmsd
    3.00543e+02   -2.19763e+02    6.43043e+01    0.00000e+00

           Step           Time
          19000       38.00000

   Energies (kJ/mol)
           Bond          Angle    Proper Dih. Per. Imp. Dih.          LJ-14
    2.92113e+03    7.85228e+03    1.25223e+04    4.39357e+02    3.88533e+03
     Coulomb-14        LJ (SR)  Disper. corr.   Coulomb (SR)   Coul. recip.
    4.72137e+04    8.37812e+04   -6.16966e+03   -7.95556e+05    4.65836e+03
 Position Rest.      Potential    Kinetic En.   Total Energy  Conserved En.
    8.93848e+02   -6.37558e+05    1.19994e+05   -5.17564e+05   -5.16271e+05
    Temperature Pres. DC (bar) Pressure (bar)   Constr. rmsd
    2.99810e+02   -2.16136e+02   -1.31466e+02    0.00000e+00

           Step           Time
          19500       39.00000

   Energies (kJ/mol)
           Bond          Angle    Proper Dih. Per. Imp. Dih.          LJ-14
    2.83006e+03    7.79479e+03    1.24622e+04    4.54747e+02    3.70130e+03
     Coulomb-14        LJ (SR)  Disper. corr.   Coulomb (SR)   Coul. recip.
    4.70359e+04    8.60791e+04   -6.28741e+03   -8.00248e+05    4.39509e+03
 Position Rest.      Potential    Kinetic En.   Total Energy  Conserved En.
    9.30483e+02   -6.40851e+05    1.18217e+05   -5.22635e+05   -5.16140e+05
    Temperature Pres. DC (bar) Pressure (bar)   Constr. rmsd
    2.95370e+02   -2.24455e+02    1.11918e+02    0.00000e+00

           Step           Time
          20000       40.00000

   Energies (kJ/mol)
           Bond          Angle    Proper Dih. Per. Imp. Dih.          LJ-14
    2.78646e+03    7.67838e+03    1.25014e+04    5.18664e+02    3.74547e+03
     Coulomb-14        LJ (SR)  Disper. corr.   Coulomb (SR)   Coul. recip.
    4.72133e+04    8.43628e+04   -6.21034e+03   -7.97935e+05    4.56746e+03
 Position Rest.      Potential    Kinetic En.   Total Energy  Conserved En.
    8.96267e+02   -6.39875e+05    1.20449e+05   -5.19426e+05   -5.16113e+05
    Temperature Pres. DC (bar) Pressure (bar)   Constr. rmsd
    3.00946e+02   -2.18992e+02   -1.12348e+02    0.00000e+00

           Step           Time
          20500       41.00000

   Energies (kJ/mol)
           Bond          Angle    Proper Dih. Per. Imp. Dih.          LJ-14
    2.90831e+03    7.54440e+03    1.25928e+04    5.14533e+02    3.86014e+03
     Coulomb-14        LJ (SR)  Disper. corr.   Coulomb (SR)   Coul. recip.
    4.72314e+04    8.54128e+04   -6.22602e+03   -7.98680e+05    4.35080e+03
 Position Rest.      Potential    Kinetic En.   Total Energy  Conserved En.
    9.35397e+02   -6.39556e+05    1.20136e+05   -5.19420e+05   -5.16110e+05
    Temperature Pres. DC (bar) Pressure (bar)   Constr. rmsd
    3.00166e+02   -2.20098e+02    1.32023e+02    0.00000e+00

           Step           Time
          21000       42.00000

   Energies (kJ/mol)
           Bond          Angle    Proper Dih. Per. Imp. Dih.          LJ-14
    3.03231e+03    7.47428e+03    1.24466e+04    4.66665e+02    3.72967e+03
     Coulomb-14        LJ (SR)  Disper. corr.   Coulomb (SR)   Coul. recip.
    4.72171e+04    8.65654e+04   -6.25635e+03   -8.01284e+05    4.43570e+03
 Position Rest.      Potential    Kinetic En.   Total Energy  Conserved En.
    9.41114e+02   -6.41232e+05    1.19966e+05   -5.21265e+05   -5.16055e+05
    Temperature Pres. DC (bar) Pressure (bar)   Constr. rmsd
    2.99741e+02   -2.22245e+02   -8.02945e+01    0.00000e+00

           Step           Time
          21500       43.00000

   Energies (kJ/mol)
           Bond          Angle    Proper Dih. Per. Imp. Dih.          LJ-14
    2.86654e+03    7.43713e+03    1.25983e+04    4.70586e+02    3.87535e+03
     Coulomb-14        LJ (SR)  Disper. corr.   Coulomb (SR)   Coul. recip.
    4.72835e+04    8.40510e+04   -6.19497e+03   -7.98042e+05    4.51015e+03
 Position Rest.      Potential    Kinetic En.   Total Energy  Conserved En.
    9.62529e+02   -6.40182e+05    1.20443e+05   -5.19739e+05   -5.16003e+05
    Temperature Pres. DC (bar) Pressure (bar)   Constr. rmsd
    3.00932e+02   -2.17911e+02   -1.24882e+02    0.00000e+00

           Step           Time
          22000       44.00000

   Energies (kJ/mol)
           Bond          Angle    Proper Dih. Per. Imp. Dih.          LJ-14
    2.80967e+03    7.64512e+03    1.26990e+04    4.77124e+02    3.76302e+03
     Coulomb-14        LJ (SR)  Disper. corr.   Coulomb (SR)   Coul. recip.
    4.72957e+04    8.69806e+04   -6.21771e+03   -8.00246e+05    4.49257e+03
 Position Rest.      Potential    Kinetic En.   Total Energy  Conserved En.
    9.04458e+02   -6.39397e+05    1.19695e+05   -5.19702e+05   -5.15968e+05
    Temperature Pres. DC (bar) Pressure (bar)   Constr. rmsd
    2.99063e+02   -2.19512e+02    2.40788e+02    0.00000e+00

           Step           Time
          22500       45.00000

   Energies (kJ/mol)
           Bond          Angle    Proper Dih. Per. Imp. Dih.          LJ-14
    2.99133e+03    7.58793e+03    1.25433e+04    4.48529e+02    3.78233e+03
     Coulomb-14        LJ (SR)  Disper. corr.   Coulomb (SR)   Coul. recip.
    4.72012e+04    8.53597e+04   -6.24519e+03   -7.98836e+05    4.49772e+03
 Position Rest.      Potential    Kinetic En.   Total Energy  Conserved En.
    8.96231e+02   -6.39773e+05    1.19630e+05   -5.20143e+05   -5.15972e+05
    Temperature Pres. DC (bar) Pressure (bar)   Constr. rmsd
    2.98900e+02   -2.21454e+02   -3.35315e+01    0.00000e+00

           Step           Time
          23000       46.00000

   Energies (kJ/mol)
           Bond          Angle    Proper Dih. Per. Imp. Dih.          LJ-14
    2.83268e+03    7.57720e+03    1.24849e+04    4.16435e+02    3.79764e+03
     Coulomb-14        LJ (SR)  Disper. corr.   Coulomb (SR)   Coul. recip.
    4.73773e+04    8.61390e+04   -6.24353e+03   -8.01236e+05    4.45038e+03
 Position Rest.      Potential    Kinetic En.   Total Energy  Conserved En.
    8.77744e+02   -6.41526e+05    1.19635e+05   -5.21891e+05   -5.15936e+05
    Temperature Pres. DC (bar) Pressure (bar)   Constr. rmsd
    2.98913e+02   -2.21336e+02    7.92889e+01    0.00000e+00

           Step           Time
          23500       47.00000

   Energies (kJ/mol)
           Bond          Angle    Proper Dih. Per. Imp. Dih.          LJ-14
    2.94536e+03    7.66166e+03    1.26067e+04    4.59604e+02    3.83508e+03
     Coulomb-14        LJ (SR)  Disper. corr.   Coulomb (SR)   Coul. recip.
    4.72404e+04    8.55419e+04   -6.24655e+03   -7.99502e+05    4.42383e+03
 Position Rest.      Potential    Kinetic En.   Total Energy  Conserved En.
    9.17772e+02   -6.40117e+05    1.20958e+05   -5.19159e+05   -5.15835e+05
    Temperature Pres. DC (bar) Pressure (bar)   Constr. rmsd
    3.02218e+02   -2.21550e+02   -2.26004e+01    0.00000e+00

           Step           Time
          24000       48.00000

   Energies (kJ/mol)
           Bond          Angle    Proper Dih. Per. Imp. Dih.          LJ-14
    3.03789e+03    7.50378e+03    1.25763e+04    4.23405e+02    3.87361e+03
     Coulomb-14        LJ (SR)  Disper. corr.   Coulomb (SR)   Coul. recip.
    4.72557e+04    8.46187e+04   -6.18107e+03   -7.96726e+05    4.56677e+03
 Position Rest.      Potential    Kinetic En.   Total Energy  Conserved En.
    9.60240e+02   -6.38091e+05    1.21035e+05   -5.17056e+05   -5.15796e+05
    Temperature Pres. DC (bar) Pressure (bar)   Constr. rmsd
    3.02410e+02   -2.16935e+02   -2.05980e+02    0.00000e+00

           Step           Time
          24500       49.00000

   Energies (kJ/mol)
           Bond          Angle    Proper Dih. Per. Imp. Dih.          LJ-14
    2.97035e+03    7.43469e+03    1.24646e+04    4.59927e+02    3.76613e+03
     Coulomb-14        LJ (SR)  Disper. corr.   Coulomb (SR)   Coul. recip.
    4.70726e+04    8.64179e+04   -6.24710e+03   -7.99739e+05    4.60030e+03
 Position Rest.      Potential    Kinetic En.   Total Energy  Conserved En.
    9.97731e+02   -6.39802e+05    1.19938e+05   -5.19864e+05   -5.15746e+05
    Temperature Pres. DC (bar) Pressure (bar)   Constr. rmsd
    2.99671e+02   -2.21590e+02    2.84519e+02    0.00000e+00

           Step           Time
          25000       50.00000

   Energies (kJ/mol)
           Bond          Angle    Proper Dih. Per. Imp. Dih.          LJ-14
    3.00234e+03    7.78638e+03    1.24574e+04    4.51025e+02    3.78580e+03
     Coulomb-14        LJ (SR)  Disper. corr.   Coulomb (SR)   Coul. recip.
    4.70800e+04    8.47172e+04   -6.19617e+03   -7.97829e+05    4.55484e+03
 Position Rest.      Potential    Kinetic En.   Total Energy  Conserved En.
    9.41571e+02   -6.39249e+05    1.20233e+05   -5.19016e+05   -5.15718e+05
    Temperature Pres. DC (bar) Pressure (bar)   Constr. rmsd
    3.00408e+02   -2.17995e+02   -1.01357e+02    0.00000e+00

           Step           Time
          25500       51.00000

   Energies (kJ/mol)
           Bond          Angle    Proper Dih. Per. Imp. Dih.          LJ-14
    3.18454e+03    7.70187e+03    1.25396e+04    4.45937e+02    3.69244e+03
     Coulomb-14        LJ (SR)  Disper. corr.   Coulomb (SR)   Coul. recip.
    4.71950e+04    8.66189e+04   -6.24419e+03   -7.99748e+05    4.48452e+03
 Position Rest.      Potential    Kinetic En.   Total Energy  Conserved En.
    9.27583e+02   -6.39202e+05    1.20357e+05   -5.18845e+05   -5.15704e+05
    Temperature Pres. DC (bar) Pressure (bar)   Constr. rmsd
    3.00716e+02   -2.21383e+02    1.98536e+02    0.00000e+00

           Step           Time
          26000       52.00000

   Energies (kJ/mol)
           Bond          Angle    Proper Dih. Per. Imp. Dih.          LJ-14
    2.93264e+03    7.49221e+03    1.25165e+04    4.61847e+02    3.89515e+03
     Coulomb-14        LJ (SR)  Disper. corr.   Coulomb (SR)   Coul. recip.
    4.72444e+04    8.48707e+04   -6.22336e+03   -7.97829e+05    4.59351e+03
 Position Rest.      Potential    Kinetic En.   Total Energy  Conserved En.
    9.35944e+02   -6.39109e+05    1.20695e+05   -5.18414e+05   -5.15710e+05
    Temperature Pres. DC (bar) Pressure (bar)   Constr. rmsd
    3.01562e+02   -2.19911e+02    1.60005e+02    0.00000e+00

           Step           Time
          26500       53.00000

   Energies (kJ/mol)
           Bond          Angle    Proper Dih. Per. Imp. Dih.          LJ-14
    2.81608e+03    7.86498e+03    1.25370e+04    4.51467e+02    3.71744e+03
     Coulomb-14        LJ (SR)  Disper. corr.   Coulomb (SR)   Coul. recip.
    4.70843e+04    8.52021e+04   -6.21053e+03   -7.98411e+05    4.66418e+03
 Position Rest.      Potential    Kinetic En.   Total Energy  Conserved En.
    9.07505e+02   -6.39377e+05    1.20255e+05   -5.19122e+05   -5.15707e+05
    Temperature Pres. DC (bar) Pressure (bar)   Constr. rmsd
    3.00462e+02   -2.19006e+02   -1.30505e+02    0.00000e+00

           Step           Time
          27000       54.00000

   Energies (kJ/mol)
           Bond          Angle    Proper Dih. Per. Imp. Dih.          LJ-14
    2.90036e+03    7.50899e+03    1.26552e+04    4.81373e+02    3.75344e+03
     Coulomb-14        LJ (SR)  Disper. corr.   Coulomb (SR)   Coul. recip.
    4.73104e+04    8.27261e+04   -6.18870e+03   -7.95781e+05    4.60442e+03
 Position Rest.      Potential    Kinetic En.   Total Energy  Conserved En.
    9.07097e+02   -6.39122e+05    1.19285e+05   -5.19838e+05   -5.15701e+05
    Temperature Pres. DC (bar) Pressure (bar)   Constr. rmsd
    2.98038e+02   -2.17471e+02   -2.15658e+02    0.00000e+00

           Step           Time
          27500       55.00000

   Energies (kJ/mol)
           Bond          Angle    Proper Dih. Per. Imp. Dih.          LJ-14
    2.90903e+03    7.48582e+03    1.25779e+04    4.94516e+02    3.77585e+03
     Coulomb-14        LJ (SR)  Disper. corr.   Coulomb (SR)   Coul. recip.
    4.69168e+04    8.72852e+04   -6.31592e+03   -8.02946e+05    4.37766e+03
 Position Rest.      Potential    Kinetic En.   Total Energy  Conserved En.
    9.29869e+02   -6.42509e+05    1.20337e+05   -5.22172e+05   -5.15594e+05
    Temperature Pres. DC (bar) Pressure (bar)   Constr. rmsd
    3.00667e+02   -2.26492e+02    3.44473e+02    0.00000e+00

           Step           Time
          28000       56.00000

   Energies (kJ/mol)
           Bond          Angle    Proper Dih. Per. Imp. Dih.          LJ-14
    2.94997e+03    7.86656e+03    1.25291e+04    4.61390e+02    3.80896e+03
     Coulomb-14        LJ (SR)  Disper. corr.   Coulomb (SR)   Coul. recip.
    4.71883e+04    8.31295e+04   -6.15962e+03   -7.95430e+05    4.55871e+03
 Position Rest.      Potential    Kinetic En.   Total Energy  Conserved En.
    8.82577e+02   -6.38215e+05    1.21388e+05   -5.16826e+05   -5.15405e+05
    Temperature Pres. DC (bar) Pressure (bar)   Constr. rmsd
    3.03294e+02   -2.15434e+02   -3.10761e+02    0.00000e+00

           Step           Time
          28500       57.00000

   Energies (kJ/mol)
           Bond          Angle    Proper Dih. Per. Imp. Dih.          LJ-14
    2.87293e+03    7.51200e+03    1.25378e+04    4.40533e+02    3.81383e+03
     Coulomb-14        LJ (SR)  Disper. corr.   Coulomb (SR)   Coul. recip.
    4.72187e+04    8.77395e+04   -6.28601e+03   -8.01372e+05    4.48187e+03
 Position Rest.      Potential    Kinetic En.   Total Energy  Conserved En.
    9.44860e+02   -6.40096e+05    1.19209e+05   -5.20887e+05   -5.15148e+05
    Temperature Pres. DC (bar) Pressure (bar)   Constr. rmsd
    2.97849e+02   -2.24355e+02    5.73338e+02    0.00000e+00

           Step           Time
          29000       58.00000

   Energies (kJ/mol)
           Bond          Angle    Proper Dih. Per. Imp. Dih.          LJ-14
    3.01134e+03    7.64528e+03    1.25313e+04    4.31511e+02    3.72832e+03
     Coulomb-14        LJ (SR)  Disper. corr.   Coulomb (SR)   Coul. recip.
    4.70618e+04    8.46903e+04   -6.21647e+03   -7.97869e+05    4.60262e+03
 Position Rest.      Potential    Kinetic En.   Total Energy  Conserved En.
    9.51153e+02   -6.39432e+05    1.20444e+05   -5.18988e+05   -5.15127e+05
    Temperature Pres. DC (bar) Pressure (bar)   Constr. rmsd
    3.00935e+02   -2.19424e+02   -5.28584e+01    0.00000e+00

           Step           Time
          29500       59.00000

   Energies (kJ/mol)
           Bond          Angle    Proper Dih. Per. Imp. Dih.          LJ-14
    2.79355e+03    7.69455e+03    1.25943e+04    4.48380e+02    3.79976e+03
     Coulomb-14        LJ (SR)  Disper. corr.   Coulomb (SR)   Coul. recip.
    4.71911e+04    8.69871e+04   -6.23563e+03   -8.00431e+05    4.47488e+03
 Position Rest.      Potential    Kinetic En.   Total Energy  Conserved En.
    9.56804e+02   -6.39726e+05    1.19543e+05   -5.20183e+05   -5.15118e+05
    Temperature Pres. DC (bar) Pressure (bar)   Constr. rmsd
    2.98682e+02   -2.20777e+02    2.75023e+02    0.00000e+00

           Step           Time
          30000       60.00000

   Energies (kJ/mol)
           Bond          Angle    Proper Dih. Per. Imp. Dih.          LJ-14
    2.85861e+03    7.27769e+03    1.25655e+04    4.52658e+02    3.75575e+03
     Coulomb-14        LJ (SR)  Disper. corr.   Coulomb (SR)   Coul. recip.
    4.70382e+04    8.65842e+04   -6.23059e+03   -8.01042e+05    4.35286e+03
 Position Rest.      Potential    Kinetic En.   Total Energy  Conserved En.
    8.86213e+02   -6.41501e+05    1.18843e+05   -5.22657e+05   -5.15165e+05
    Temperature Pres. DC (bar) Pressure (bar)   Constr. rmsd
    2.96935e+02   -2.20421e+02    9.13524e+01    0.00000e+00

           Step           Time
          30500       61.00000

   Energies (kJ/mol)
           Bond          Angle    Proper Dih. Per. Imp. Dih.          LJ-14
    3.06711e+03    7.74862e+03    1.26109e+04    4.81035e+02    3.80254e+03
     Coulomb-14        LJ (SR)  Disper. corr.   Coulomb (SR)   Coul. recip.
    4.71593e+04    8.52255e+04   -6.19359e+03   -7.98532e+05    4.50453e+03
 Position Rest.      Potential    Kinetic En.   Total Energy  Conserved En.
    9.64759e+02   -6.39161e+05    1.20303e+05   -5.18858e+05   -5.15075e+05
    Temperature Pres. DC (bar) Pressure (bar)   Constr. rmsd
    3.00583e+02   -2.17814e+02   -7.82135e+01    0.00000e+00

           Step           Time
          31000       62.00000

   Energies (kJ/mol)
           Bond          Angle    Proper Dih. Per. Imp. Dih.          LJ-14
    3.02896e+03    7.42771e+03    1.25663e+04    4.57121e+02    3.80955e+03
     Coulomb-14        LJ (SR)  Disper. corr.   Coulomb (SR)   Coul. recip.
    4.69337e+04    8.47065e+04   -6.22415e+03   -7.97120e+05    4.54764e+03
 Position Rest.      Potential    Kinetic En.   Total Energy  Conserved En.
    9.26835e+02   -6.38939e+05    1.19757e+05   -5.19183e+05   -5.15064e+05
    Temperature Pres. DC (bar) Pressure (bar)   Constr. rmsd
    2.99218e+02   -2.19966e+02   -9.29300e+00    0.00000e+00

           Step           Time
          31500       63.00000

   Energies (kJ/mol)
           Bond          Angle    Proper Dih. Per. Imp. Dih.          LJ-14
    3.04419e+03    7.38668e+03    1.24873e+04    4.56479e+02    3.91184e+03
     Coulomb-14        LJ (SR)  Disper. corr.   Coulomb (SR)   Coul. recip.
    4.71343e+04    8.44410e+04   -6.18210e+03   -7.97177e+05    4.52566e+03
 Position Rest.      Potential    Kinetic En.   Total Energy  Conserved En.
    9.01346e+02   -6.39070e+05    1.20439e+05   -5.18632e+05   -5.15058e+05
    Temperature Pres. DC (bar) Pressure (bar)   Constr. rmsd
    3.00921e+02   -2.17007e+02    4.89101e+01    0.00000e+00

           Step           Time
          32000       64.00000

   Energies (kJ/mol)
           Bond          Angle    Proper Dih. Per. Imp. Dih.          LJ-14
    3.12154e+03    7.77455e+03    1.24535e+04    4.52989e+02    3.78337e+03
     Coulomb-14        LJ (SR)  Disper. corr.   Coulomb (SR)   Coul. recip.
    4.70641e+04    8.67502e+04   -6.23632e+03   -8.00212e+05    4.43819e+03
 Position Rest.      Potential    Kinetic En.   Total Energy  Conserved En.
    9.51152e+02   -6.39659e+05    1.20113e+05   -5.19545e+05   -5.15002e+05
    Temperature Pres. DC (bar) Pressure (bar)   Constr. rmsd
    3.00109e+02   -2.20826e+02    4.47395e+01    0.00000e+00

           Step           Time
          32500       65.00000

   Energies (kJ/mol)
           Bond          Angle    Proper Dih. Per. Imp. Dih.          LJ-14
    3.03791e+03    7.66705e+03    1.25970e+04    4.65710e+02    3.82882e+03
     Coulomb-14        LJ (SR)  Disper. corr.   Coulomb (SR)   Coul. recip.
    4.73028e+04    8.43772e+04   -6.20579e+03   -7.96118e+05    4.63058e+03
 Position Rest.      Potential    Kinetic En.   Total Energy  Conserved En.
    9.37816e+02   -6.37479e+05    1.20462e+05   -5.17016e+05   -5.14992e+05
    Temperature Pres. DC (bar) Pressure (bar)   Constr. rmsd
    3.00980e+02   -2.18672e+02   -4.49496e+01    0.00000e+00

           Step           Time
          33000       66.00000

   Energies (kJ/mol)
           Bond          Angle    Proper Dih. Per. Imp. Dih.          LJ-14
    2.90860e+03    7.68800e+03    1.26640e+04    4.77339e+02    3.71460e+03
     Coulomb-14        LJ (SR)  Disper. corr.   Coulomb (SR)   Coul. recip.
    4.71747e+04    8.53971e+04   -6.21287e+03   -7.98333e+05    4.61784e+03
 Position Rest.      Potential    Kinetic En.   Total Energy  Conserved En.
    9.79521e+02   -6.38924e+05    1.20831e+05   -5.18093e+05   -5.15016e+05
    Temperature Pres. DC (bar) Pressure (bar)   Constr. rmsd
    3.01902e+02   -2.19170e+02    3.99522e+01    0.00000e+00

           Step           Time
          33500       67.00000

   Energies (kJ/mol)
           Bond          Angle    Proper Dih. Per. Imp. Dih.          LJ-14
    2.96111e+03    7.59573e+03    1.24672e+04    4.47603e+02    3.81424e+03
     Coulomb-14        LJ (SR)  Disper. corr.   Coulomb (SR)   Coul. recip.
    4.72315e+04    8.58218e+04   -6.23682e+03   -7.99521e+05    4.45386e+03
 Position Rest.      Potential    Kinetic En.   Total Energy  Conserved En.
    8.96336e+02   -6.40069e+05    1.19780e+05   -5.20288e+05   -5.15007e+05
    Temperature Pres. DC (bar) Pressure (bar)   Constr. rmsd
    2.99276e+02   -2.20862e+02    1.03185e+02    0.00000e+00

           Step           Time
          34000       68.00000

   Energies (kJ/mol)
           Bond          Angle    Proper Dih. Per. Imp. Dih.          LJ-14
    3.02986e+03    7.65037e+03    1.25928e+04    5.10212e+02    3.86710e+03
     Coulomb-14        LJ (SR)  Disper. corr.   Coulomb (SR)   Coul. recip.
    4.71812e+04    8.57328e+04   -6.22525e+03   -7.98082e+05    4.57188e+03
 Position Rest.      Potential    Kinetic En.   Total Energy  Conserved En.
    9.19168e+02   -6.38252e+05    1.20263e+05   -5.17989e+05   -5.14959e+05
    Temperature Pres. DC (bar) Pressure (bar)   Constr. rmsd
    3.00483e+02   -2.20044e+02    6.46354e+01    0.00000e+00

           Step           Time
          34500       69.00000

   Energies (kJ/mol)
           Bond          Angle    Proper Dih. Per. Imp. Dih.          LJ-14
    2.94654e+03    7.43762e+03    1.26199e+04    4.81610e+02    3.72046e+03
     Coulomb-14        LJ (SR)  Disper. corr.   Coulomb (SR)   Coul. recip.
    4.69149e+04    8.55148e+04   -6.24177e+03   -7.99688e+05    4.52144e+03
 Position Rest.      Potential    Kinetic En.   Total Energy  Conserved En.
    9.12970e+02   -6.40859e+05    1.19431e+05   -5.21428e+05   -5.14999e+05
    Temperature Pres. DC (bar) Pressure (bar)   Constr. rmsd
    2.98403e+02   -2.21211e+02    7.23333e+01    0.00000e+00

           Step           Time
          35000       70.00000

   Energies (kJ/mol)
           Bond          Angle    Proper Dih. Per. Imp. Dih.          LJ-14
    2.96718e+03    7.93081e+03    1.25263e+04    4.47530e+02    3.80070e+03
     Coulomb-14        LJ (SR)  Disper. corr.   Coulomb (SR)   Coul. recip.
    4.71611e+04    8.41171e+04   -6.22848e+03   -7.97530e+05    4.45213e+03
 Position Rest.      Potential    Kinetic En.   Total Energy  Conserved En.
    8.97678e+02   -6.39458e+05    1.20295e+05   -5.19163e+05   -5.14965e+05
    Temperature Pres. DC (bar) Pressure (bar)   Constr. rmsd
    3.00561e+02   -2.20272e+02   -1.76263e+02    0.00000e+00

           Step           Time
          35500       71.00000

   Energies (kJ/mol)
           Bond          Angle    Proper Dih. Per. Imp. Dih.          LJ-14
    2.93134e+03    7.61291e+03    1.25243e+04    4.34372e+02    3.86114e+03
     Coulomb-14        LJ (SR)  Disper. corr.   Coulomb (SR)   Coul. recip.
    4.71512e+04    8.46265e+04   -6.19658e+03   -7.97522e+05    4.52710e+03
 Position Rest.      Potential    Kinetic En.   Total Energy  Conserved En.
    9.62749e+02   -6.39087e+05    1.19912e+05   -5.19175e+05   -5.14975e+05
    Temperature Pres. DC (bar) Pressure (bar)   Constr. rmsd
    2.99605e+02   -2.18024e+02   -4.90246e+01    0.00000e+00

           Step           Time
          36000       72.00000

   Energies (kJ/mol)
           Bond          Angle    Proper Dih. Per. Imp. Dih.          LJ-14
    2.88755e+03    7.45992e+03    1.25109e+04    4.43312e+02    3.86540e+03
     Coulomb-14        LJ (SR)  Disper. corr.   Coulomb (SR)   Coul. recip.
    4.73571e+04    8.71287e+04   -6.26389e+03   -8.00836e+05    4.56588e+03
 Position Rest.      Potential    Kinetic En.   Total Energy  Conserved En.
    9.98000e+02   -6.39883e+05    1.20549e+05   -5.19334e+05   -5.14951e+05
    Temperature Pres. DC (bar) Pressure (bar)   Constr. rmsd
    3.01197e+02   -2.22780e+02    3.07702e+02    0.00000e+00

           Step           Time
          36500       73.00000

   Energies (kJ/mol)
           Bond          Angle    Proper Dih. Per. Imp. Dih.          LJ-14
    2.91196e+03    7.64830e+03    1.25291e+04    3.92131e+02    3.79557e+03
     Coulomb-14        LJ (SR)  Disper. corr.   Coulomb (SR)   Coul. recip.
    4.70590e+04    8.58575e+04   -6.19000e+03   -7.99421e+05    4.47100e+03
 Position Rest.      Potential    Kinetic En.   Total Energy  Conserved En.
    8.97738e+02   -6.40048e+05    1.18412e+05   -5.21637e+05   -5.14916e+05
    Temperature Pres. DC (bar) Pressure (bar)   Constr. rmsd
    2.95857e+02   -2.17562e+02   -4.18538e+01    0.00000e+00

           Step           Time
          37000       74.00000

   Energies (kJ/mol)
           Bond          Angle    Proper Dih. Per. Imp. Dih.          LJ-14
    2.94726e+03    7.65666e+03    1.24409e+04    4.34571e+02    3.86392e+03
     Coulomb-14        LJ (SR)  Disper. corr.   Coulomb (SR)   Coul. recip.
    4.71156e+04    8.65305e+04   -6.24565e+03   -8.01391e+05    4.52691e+03
 Position Rest.      Potential    Kinetic En.   Total Energy  Conserved En.
    9.27932e+02   -6.41192e+05    1.20962e+05   -5.20230e+05   -5.14867e+05
    Temperature Pres. DC (bar) Pressure (bar)   Constr. rmsd
    3.02229e+02   -2.21486e+02    1.83625e+02    0.00000e+00

           Step           Time
          37500       75.00000

   Energies (kJ/mol)
           Bond          Angle    Proper Dih. Per. Imp. Dih.          LJ-14
    2.82728e+03    7.41724e+03    1.26347e+04    4.60788e+02    3.81506e+03
     Coulomb-14        LJ (SR)  Disper. corr.   Coulomb (SR)   Coul. recip.
    4.74534e+04    8.56714e+04   -6.18998e+03   -7.98461e+05    4.57334e+03
 Position Rest.      Potential    Kinetic En.   Total Energy  Conserved En.
    8.72106e+02   -6.38926e+05    1.19023e+05   -5.19902e+05   -5.14856e+05
    Temperature Pres. DC (bar) Pressure (bar)   Constr. rmsd
    2.97384e+02   -2.17560e+02    8.35717e+01    0.00000e+00

           Step           Time
          38000       76.00000

   Energies (kJ/mol)
           Bond          Angle    Proper Dih. Per. Imp. Dih.          LJ-14
    2.89125e+03    7.67729e+03    1.26284e+04    4.71660e+02    3.76866e+03
     Coulomb-14        LJ (SR)  Disper. corr.   Coulomb (SR)   Coul. recip.
    4.73177e+04    8.51365e+04   -6.23209e+03   -7.99318e+05    4.39189e+03
 Position Rest.      Potential    Kinetic En.   Total Energy  Conserved En.
    8.18464e+02   -6.40448e+05    1.19962e+05   -5.20486e+05   -5.14853e+05
    Temperature Pres. DC (bar) Pressure (bar)   Constr. rmsd
    2.99731e+02   -2.20527e+02   -7.12726e+01    0.00000e+00

           Step           Time
          38500       77.00000

   Energies (kJ/mol)
           Bond          Angle    Proper Dih. Per. Imp. Dih.          LJ-14
    2.90743e+03    7.63659e+03    1.25471e+04    4.44070e+02    3.75142e+03
     Coulomb-14        LJ (SR)  Disper. corr.   Coulomb (SR)   Coul. recip.
    4.72125e+04    8.38537e+04   -6.20861e+03   -7.97345e+05    4.47750e+03
 Position Rest.      Potential    Kinetic En.   Total Energy  Conserved En.
    9.39909e+02   -6.39784e+05    1.19760e+05   -5.20024e+05   -5.14835e+05
    Temperature Pres. DC (bar) Pressure (bar)   Constr. rmsd
    2.99226e+02   -2.18870e+02   -2.02735e+02    0.00000e+00

           Step           Time
          39000       78.00000

   Energies (kJ/mol)
           Bond          Angle    Proper Dih. Per. Imp. Dih.          LJ-14
    3.03380e+03    7.67181e+03    1.25644e+04    4.43426e+02    3.72655e+03
     Coulomb-14        LJ (SR)  Disper. corr.   Coulomb (SR)   Coul. recip.
    4.71052e+04    8.58385e+04   -6.21965e+03   -7.98804e+05    4.55230e+03
 Position Rest.      Potential    Kinetic En.   Total Energy  Conserved En.
    8.93338e+02   -6.39194e+05    1.20482e+05   -5.18712e+05   -5.14839e+05
    Temperature Pres. DC (bar) Pressure (bar)   Constr. rmsd
    3.01030e+02   -2.19648e+02    6.44696e+01    0.00000e+00

           Step           Time
          39500       79.00000

   Energies (kJ/mol)
           Bond          Angle    Proper Dih. Per. Imp. Dih.          LJ-14
    3.08194e+03    7.45840e+03    1.24875e+04    4.37819e+02    3.75009e+03
     Coulomb-14        LJ (SR)  Disper. corr.   Coulomb (SR)   Coul. recip.
    4.72704e+04    8.33647e+04   -6.24720e+03   -7.95999e+05    4.58693e+03
 Position Rest.      Potential    Kinetic En.   Total Energy  Conserved En.
    8.60092e+02   -6.38948e+05    1.19625e+05   -5.19324e+05   -5.14797e+05
    Temperature Pres. DC (bar) Pressure (bar)   Constr. rmsd
    2.98887e+02   -2.21596e+02   -2.17802e+02    0.00000e+00

           Step           Time
          40000       80.00000

   Energies (kJ/mol)
           Bond          Angle    Proper Dih. Per. Imp. Dih.          LJ-14
    2.88994e+03    7.57671e+03    1.24670e+04    4.36640e+02    3.83263e+03
     Coulomb-14        LJ (SR)  Disper. corr.   Coulomb (SR)   Coul. recip.
    4.73280e+04    8.45848e+04   -6.19595e+03   -7.96276e+05    4.55145e+03
 Position Rest.      Potential    Kinetic En.   Total Energy  Conserved En.
    9.37255e+02   -6.37867e+05    1.19000e+05   -5.18867e+05   -5.14750e+05
    Temperature Pres. DC (bar) Pressure (bar)   Constr. rmsd
    2.97327e+02   -2.17979e+02   -8.71014e+01    0.00000e+00

           Step           Time
          40500       81.00000

   Energies (kJ/mol)
           Bond          Angle    Proper Dih. Per. Imp. Dih.          LJ-14
    2.87266e+03    7.39002e+03    1.24999e+04    4.58246e+02    3.88284e+03
     Coulomb-14        LJ (SR)  Disper. corr.   Coulomb (SR)   Coul. recip.
    4.75064e+04    8.66477e+04   -6.23469e+03   -8.00322e+05    4.58552e+03
 Position Rest.      Potential    Kinetic En.   Total Energy  Conserved En.
    8.88294e+02   -6.39826e+05    1.19622e+05   -5.20203e+05   -5.14743e+05
    Temperature Pres. DC (bar) Pressure (bar)   Constr. rmsd
    2.98881e+02   -2.20711e+02    2.34560e+02    0.00000e+00

           Step           Time
          41000       82.00000

   Energies (kJ/mol)
           Bond          Angle    Proper Dih. Per. Imp. Dih.          LJ-14
    2.95554e+03    7.49125e+03    1.25783e+04    4.44534e+02    3.79126e+03
     Coulomb-14        LJ (SR)  Disper. corr.   Coulomb (SR)   Coul. recip.
    4.71636e+04    8.50192e+04   -6.23184e+03   -7.97979e+05    4.47083e+03
 Position Rest.      Potential    Kinetic En.   Total Energy  Conserved En.
    9.17585e+02   -6.39379e+05    1.19609e+05   -5.19769e+05   -5.14762e+05
    Temperature Pres. DC (bar) Pressure (bar)   Constr. rmsd
    2.98849e+02   -2.20509e+02   -3.67528e+01    0.00000e+00

           Step           Time
          41500       83.00000

   Energies (kJ/mol)
           Bond          Angle    Proper Dih. Per. Imp. Dih.          LJ-14
    2.94792e+03    7.53602e+03    1.25176e+04    4.73692e+02    3.76621e+03
     Coulomb-14        LJ (SR)  Disper. corr.   Coulomb (SR)   Coul. recip.
    4.72420e+04    8.47570e+04   -6.21882e+03   -7.98985e+05    4.48123e+03
 Position Rest.      Potential    Kinetic En.   Total Energy  Conserved En.
    8.63515e+02   -6.40619e+05    1.19564e+05   -5.21055e+05   -5.14745e+05
    Temperature Pres. DC (bar) Pressure (bar)   Constr. rmsd
    2.98735e+02   -2.19590e+02   -4.82057e+01    0.00000e+00

           Step           Time
          42000       84.00000

   Energies (kJ/mol)
           Bond          Angle    Proper Dih. Per. Imp. Dih.          LJ-14
    2.92235e+03    7.42677e+03    1.24843e+04    4.25458e+02    3.75706e+03
     Coulomb-14        LJ (SR)  Disper. corr.   Coulomb (SR)   Coul. recip.
    4.71213e+04    8.58104e+04   -6.26556e+03   -8.00587e+05    4.51426e+03
 Position Rest.      Potential    Kinetic En.   Total Energy  Conserved En.
    9.23032e+02   -6.41468e+05    1.18775e+05   -5.22693e+05   -5.14738e+05
    Temperature Pres. DC (bar) Pressure (bar)   Constr. rmsd
    2.96764e+02   -2.22899e+02   -3.48711e+01    0.00000e+00

           Step           Time
          42500       85.00000

   Energies (kJ/mol)
           Bond          Angle    Proper Dih. Per. Imp. Dih.          LJ-14
    2.83661e+03    7.73579e+03    1.25237e+04    4.40754e+02    3.79075e+03
     Coulomb-14        LJ (SR)  Disper. corr.   Coulomb (SR)   Coul. recip.
    4.71358e+04    8.58109e+04   -6.18477e+03   -7.98823e+05    4.56006e+03
 Position Rest.      Potential    Kinetic En.   Total Energy  Conserved En.
    9.59031e+02   -6.39214e+05    1.19755e+05   -5.19459e+05   -5.14696e+05
    Temperature Pres. DC (bar) Pressure (bar)   Constr. rmsd
    2.99213e+02   -2.17195e+02    1.70605e+02    0.00000e+00

           Step           Time
          43000       86.00000

   Energies (kJ/mol)
           Bond          Angle    Proper Dih. Per. Imp. Dih.          LJ-14
    2.91160e+03    7.48133e+03    1.25795e+04    4.18887e+02    3.75382e+03
     Coulomb-14        LJ (SR)  Disper. corr.   Coulomb (SR)   Coul. recip.
    4.70875e+04    8.61156e+04   -6.24932e+03   -8.00067e+05    4.50248e+03
 Position Rest.      Potential    Kinetic En.   Total Energy  Conserved En.
    9.55202e+02   -6.40510e+05    1.20050e+05   -5.20460e+05   -5.14644e+05
    Temperature Pres. DC (bar) Pressure (bar)   Constr. rmsd
    2.99951e+02   -2.21747e+02    1.83669e+02    0.00000e+00

           Step           Time
          43500       87.00000

   Energies (kJ/mol)
           Bond          Angle    Proper Dih. Per. Imp. Dih.          LJ-14
    3.02059e+03    7.67703e+03    1.26090e+04    4.32000e+02    3.81572e+03
     Coulomb-14        LJ (SR)  Disper. corr.   Coulomb (SR)   Coul. recip.
    4.67884e+04    8.59679e+04   -6.21093e+03   -7.97953e+05    4.57910e+03
 Position Rest.      Potential    Kinetic En.   Total Energy  Conserved En.
    9.69213e+02   -6.38305e+05    1.19677e+05   -5.18628e+05   -5.14657e+05
    Temperature Pres. DC (bar) Pressure (bar)   Constr. rmsd
    2.99017e+02   -2.19034e+02    1.22202e+02    0.00000e+00

           Step           Time
          44000       88.00000

   Energies (kJ/mol)
           Bond          Angle    Proper Dih. Per. Imp. Dih.          LJ-14
    2.96360e+03    7.74409e+03    1.25863e+04    4.55299e+02    3.76231e+03
     Coulomb-14        LJ (SR)  Disper. corr.   Coulomb (SR)   Coul. recip.
    4.72354e+04    8.52734e+04   -6.25009e+03   -7.98874e+05    4.45201e+03
 Position Rest.      Potential    Kinetic En.   Total Energy  Conserved En.
    9.10322e+02   -6.39741e+05    1.18749e+05   -5.20992e+05   -5.14610e+05
    Temperature Pres. DC (bar) Pressure (bar)   Constr. rmsd
    2.96700e+02   -2.21801e+02   -1.53034e+01    0.00000e+00

           Step           Time
          44500       89.00000

   Energies (kJ/mol)
           Bond          Angle    Proper Dih. Per. Imp. Dih.          LJ-14
    2.84806e+03    7.68158e+03    1.25181e+04    5.03493e+02    3.82875e+03
     Coulomb-14        LJ (SR)  Disper. corr.   Coulomb (SR)   Coul. recip.
    4.70136e+04    8.60974e+04   -6.20236e+03   -7.98194e+05    4.46715e+03
 Position Rest.      Potential    Kinetic En.   Total Energy  Conserved En.
    8.57458e+02   -6.38580e+05    1.20396e+05   -5.18184e+05   -5.14599e+05
    Temperature Pres. DC (bar) Pressure (bar)   Constr. rmsd
    3.00815e+02   -2.18430e+02    1.87005e+02    0.00000e+00

           Step           Time
          45000       90.00000

   Energies (kJ/mol)
           Bond          Angle    Proper Dih. Per. Imp. Dih.          LJ-14
    2.99571e+03    7.60066e+03    1.25493e+04    4.43837e+02    3.80801e+03
     Coulomb-14        LJ (SR)  Disper. corr.   Coulomb (SR)   Coul. recip.
    4.70874e+04    8.48006e+04   -6.18337e+03   -7.97233e+05    4.65200e+03
 Position Rest.      Potential    Kinetic En.   Total Energy  Conserved En.
    9.94061e+02   -6.38484e+05    1.20611e+05   -5.17873e+05   -5.14591e+05
    Temperature Pres. DC (bar) Pressure (bar)   Constr. rmsd
    3.01353e+02   -2.17096e+02   -1.04766e+02    0.00000e+00

           Step           Time
          45500       91.00000

   Energies (kJ/mol)
           Bond          Angle    Proper Dih. Per. Imp. Dih.          LJ-14
    3.09415e+03    7.55795e+03    1.26075e+04    4.87787e+02    3.74942e+03
     Coulomb-14        LJ (SR)  Disper. corr.   Coulomb (SR)   Coul. recip.
    4.72744e+04    8.60102e+04   -6.28708e+03   -8.00319e+05    4.44343e+03
 Position Rest.      Potential    Kinetic En.   Total Energy  Conserved En.
    9.62953e+02   -6.40419e+05    1.20555e+05   -5.19863e+05   -5.14500e+05
    Temperature Pres. DC (bar) Pressure (bar)   Constr. rmsd
    3.01212e+02   -2.24431e+02    4.80348e+01    0.00000e+00

           Step           Time
          46000       92.00000

   Energies (kJ/mol)
           Bond          Angle    Proper Dih. Per. Imp. Dih.          LJ-14
    2.78482e+03    7.65179e+03    1.24991e+04    4.96779e+02    3.70284e+03
     Coulomb-14        LJ (SR)  Disper. corr.   Coulomb (SR)   Coul. recip.
    4.68997e+04    8.59894e+04   -6.23013e+03   -7.99944e+05    4.52926e+03
 Position Rest.      Potential    Kinetic En.   Total Energy  Conserved En.
    9.99423e+02   -6.40621e+05    1.19775e+05   -5.20846e+05   -5.14453e+05
    Temperature Pres. DC (bar) Pressure (bar)   Constr. rmsd
    2.99263e+02   -2.20388e+02    3.99517e+01    0.00000e+00

           Step           Time
          46500       93.00000

   Energies (kJ/mol)
           Bond          Angle    Proper Dih. Per. Imp. Dih.          LJ-14
    2.95721e+03    7.51382e+03    1.25445e+04    4.97496e+02    3.75941e+03
     Coulomb-14        LJ (SR)  Disper. corr.   Coulomb (SR)   Coul. recip.
    4.71688e+04    8.43829e+04   -6.22034e+03   -7.97493e+05    4.49886e+03
 Position Rest.      Potential    Kinetic En.   Total Energy  Conserved En.
    9.34770e+02   -6.39456e+05    1.19217e+05   -5.20239e+05   -5.14447e+05
    Temperature Pres. DC (bar) Pressure (bar)   Constr. rmsd
    2.97869e+02   -2.19697e+02   -5.59037e+01    0.00000e+00

           Step           Time
          47000       94.00000

   Energies (kJ/mol)
           Bond          Angle    Proper Dih. Per. Imp. Dih.          LJ-14
    2.76157e+03    7.87379e+03    1.25942e+04    4.43298e+02    3.82832e+03
     Coulomb-14        LJ (SR)  Disper. corr.   Coulomb (SR)   Coul. recip.
    4.71184e+04    8.54946e+04   -6.24942e+03   -7.98898e+05    4.48181e+03
 Position Rest.      Potential    Kinetic En.   Total Energy  Conserved En.
    9.78546e+02   -6.39573e+05    1.20468e+05   -5.19104e+05   -5.14427e+05
    Temperature Pres. DC (bar) Pressure (bar)   Constr. rmsd
    3.00996e+02   -2.21753e+02    2.07764e+02    0.00000e+00

           Step           Time
          47500       95.00000

   Energies (kJ/mol)
           Bond          Angle    Proper Dih. Per. Imp. Dih.          LJ-14
    2.84515e+03    7.46774e+03    1.25664e+04    4.48836e+02    3.81697e+03
     Coulomb-14        LJ (SR)  Disper. corr.   Coulomb (SR)   Coul. recip.
    4.71727e+04    8.41800e+04   -6.21414e+03   -7.97344e+05    4.48473e+03
 Position Rest.      Potential    Kinetic En.   Total Energy  Conserved En.
    8.93636e+02   -6.39682e+05    1.20849e+05   -5.18833e+05   -5.14394e+05
    Temperature Pres. DC (bar) Pressure (bar)   Constr. rmsd
    3.01946e+02   -2.19260e+02   -1.05983e+01    0.00000e+00

           Step           Time
          48000       96.00000

   Energies (kJ/mol)
           Bond          Angle    Proper Dih. Per. Imp. Dih.          LJ-14
    2.86733e+03    7.44556e+03    1.26238e+04    4.54518e+02    3.79418e+03
     Coulomb-14        LJ (SR)  Disper. corr.   Coulomb (SR)   Coul. recip.
    4.71568e+04    8.61083e+04   -6.24819e+03   -8.00762e+05    4.40087e+03
 Position Rest.      Potential    Kinetic En.   Total Energy  Conserved En.
    9.29824e+02   -6.41229e+05    1.19375e+05   -5.21854e+05   -5.14342e+05
    Temperature Pres. DC (bar) Pressure (bar)   Constr. rmsd
    2.98263e+02   -2.21666e+02    1.11695e+02    0.00000e+00

           Step           Time
          48500       97.00000

   Energies (kJ/mol)
           Bond          Angle    Proper Dih. Per. Imp. Dih.          LJ-14
    2.88229e+03    7.55908e+03    1.26729e+04    4.72044e+02    3.86933e+03
     Coulomb-14        LJ (SR)  Disper. corr.   Coulomb (SR)   Coul. recip.
    4.70761e+04    8.45911e+04   -6.21564e+03   -7.97698e+05    4.52203e+03
 Position Rest.      Potential    Kinetic En.   Total Energy  Conserved En.
    9.21352e+02   -6.39348e+05    1.20162e+05   -5.19185e+05   -5.14336e+05
    Temperature Pres. DC (bar) Pressure (bar)   Constr. rmsd
    3.00231e+02   -2.19366e+02    2.84140e+01    0.00000e+00

           Step           Time
          49000       98.00000

   Energies (kJ/mol)
           Bond          Angle    Proper Dih. Per. Imp. Dih.          LJ-14
    2.89014e+03    7.61736e+03    1.25354e+04    4.51751e+02    3.84120e+03
     Coulomb-14        LJ (SR)  Disper. corr.   Coulomb (SR)   Coul. recip.
    4.71244e+04    8.62039e+04   -6.25623e+03   -7.99554e+05    4.45176e+03
 Position Rest.      Potential    Kinetic En.   Total Energy  Conserved En.
    8.88299e+02   -6.39806e+05    1.20903e+05   -5.18902e+05   -5.14308e+05
    Temperature Pres. DC (bar) Pressure (bar)   Constr. rmsd
    3.02082e+02   -2.22237e+02    1.90650e+02    0.00000e+00

           Step           Time
          49500       99.00000

   Energies (kJ/mol)
           Bond          Angle    Proper Dih. Per. Imp. Dih.          LJ-14
    2.93617e+03    7.69121e+03    1.26838e+04    4.77405e+02    3.80469e+03
     Coulomb-14        LJ (SR)  Disper. corr.   Coulomb (SR)   Coul. recip.
    4.72298e+04    8.70591e+04   -6.22221e+03   -8.00751e+05    4.52969e+03
 Position Rest.      Potential    Kinetic En.   Total Energy  Conserved En.
    9.22946e+02   -6.39638e+05    1.19751e+05   -5.19887e+05   -5.14261e+05
    Temperature Pres. DC (bar) Pressure (bar)   Constr. rmsd
    2.99204e+02   -2.19829e+02    3.68246e+02    0.00000e+00

           Step           Time
          50000      100.00000

Writing checkpoint, step 50000 at Mon Aug 28 14:58:53 2023


   Energies (kJ/mol)
           Bond          Angle    Proper Dih. Per. Imp. Dih.          LJ-14
    2.93643e+03    7.80341e+03    1.25333e+04    4.56727e+02    3.75039e+03
     Coulomb-14        LJ (SR)  Disper. corr.   Coulomb (SR)   Coul. recip.
    4.70304e+04    8.62376e+04   -6.23051e+03   -7.99346e+05    4.43298e+03
 Position Rest.      Potential    Kinetic En.   Total Energy  Conserved En.
    9.23139e+02   -6.39472e+05    1.20284e+05   -5.19188e+05   -5.14192e+05
    Temperature Pres. DC (bar) Pressure (bar)   Constr. rmsd
    3.00535e+02   -2.20415e+02    1.82231e+00    0.00000e+00


Energy conservation over simulation part #1 of length 100 ps, time 0 to 100 ps
  Conserved energy drift: 5.88e-04 kJ/mol/ps per atom


	<======  ###############  ==>
	<====  A V E R A G E S  ====>
	<==  ###############  ======>

	Statistics over 50001 steps using 501 frames

   Energies (kJ/mol)
           Bond          Angle    Proper Dih. Per. Imp. Dih.          LJ-14
    2.93024e+03    7.62703e+03    1.25559e+04    4.62049e+02    3.79946e+03
     Coulomb-14        LJ (SR)  Disper. corr.   Coulomb (SR)   Coul. recip.
    4.71542e+04    8.52103e+04   -6.22625e+03   -7.98575e+05    4.50151e+03
 Position Rest.      Potential    Kinetic En.   Total Energy  Conserved En.
    9.17395e+02   -6.39643e+05    1.20099e+05   -5.19544e+05   -5.15747e+05
    Temperature Pres. DC (bar) Pressure (bar)   Constr. rmsd
    3.00074e+02   -2.20118e+02    4.64013e+00    0.00000e+00

          Box-X          Box-Y          Box-Z
    7.77649e+00    7.77649e+00    7.77649e+00

   Total Virial (kJ/mol)
    3.98436e+04   -2.36886e+02    6.78259e+01
   -2.36889e+02    4.00577e+04    5.98277e+01
    6.78177e+01    5.98322e+01    4.00179e+04

   Pressure (bar)
    1.46656e+01    1.58469e+01   -8.41899e+00
    1.58471e+01   -1.82692e-01   -3.34375e+00
   -8.41841e+00   -3.34406e+00   -5.62549e-01

      T-Protein  T-non-Protein
    3.00201e+02    3.00059e+02


	M E G A - F L O P S   A C C O U N T I N G

 NB=Group-cutoff nonbonded kernels    NxN=N-by-N cluster Verlet kernels
 RF=Reaction-Field  VdW=Van der Waals  QSTab=quadratic-spline table
 W3=SPC/TIP3p  W4=TIP4p (single or pairs)
 V&F=Potential and force  V=Potential only  F=Force only

 Computing:                               M-Number         M-Flops  % Flops
-----------------------------------------------------------------------------
 Pair Search distance check            2189.099600       19701.896     0.0
 NxN Ewald Elec. + LJ [F]           2243710.833408   148084915.005    98.2
 NxN Ewald Elec. + LJ [V&F]           22709.113536     2429875.148     1.6
 1,4 nonbonded interactions             511.010220       45990.920     0.0
 Shift-X                                 23.609625         141.658     0.0
 Bonds                                   99.051981        5844.067     0.0
 Angles                                 354.107082       59489.990     0.0
 Propers                                630.362607      144353.037     0.1
 Impropers                               38.250765        7956.159     0.0
 Pos. Restr.                             96.901938        4845.097     0.0
 Virial                                  47.217170         849.909     0.0
 Stop-CM                                 23.609625         236.096     0.0
 Calc-Ekin                              471.344250       12726.295     0.0
-----------------------------------------------------------------------------
 Total                                               150816925.277   100.0
-----------------------------------------------------------------------------


      R E A L   C Y C L E   A N D   T I M E   A C C O U N T I N G

On 1 MPI rank, each using 20 OpenMP threads

 Activity:              Num   Num      Call    Wall time         Giga-Cycles
                        Ranks Threads  Count      (s)         total sum    %
--------------------------------------------------------------------------------
 Neighbor search           1   20        501       0.655         47.257   2.0
 Launch PP GPU ops.        1   20      99501       1.341         96.830   4.2
 Force                     1   20      50001       6.553        473.090  20.4
 PME GPU mesh              1   20      50001       1.261         91.054   3.9
 Wait GPU NB local         1   20      49000       0.061          4.426   0.2
 Wait GPU state copy       1   20      62003      19.097       1378.660  59.5
 NB X/F buffer ops.        1   20       1001       0.041          2.969   0.1
 Write traj.               1   20        101       1.183         85.409   3.7
 Rest                                              1.912        138.049   6.0
--------------------------------------------------------------------------------
 Total                                            32.105       2317.743 100.0
--------------------------------------------------------------------------------
 Breakdown of PME mesh activities
--------------------------------------------------------------------------------
 Wait PME GPU gather       1   20      50001       0.062          4.495   0.2
 Reduce GPU PME F          1   20      50001       0.027          1.966   0.1
 Launch PME GPU ops.       1   20     450009       1.142         82.461   3.6
--------------------------------------------------------------------------------

               Core t (s)   Wall t (s)        (%)
       Time:      642.075       32.105     1999.9
                 (ns/day)    (hour/ns)
Performance:      269.121        0.089
Finished mdrun on rank 0 Mon Aug 28 14:58:54 2023

